<?xml version="1.0" encoding="UTF-8"?>
<testsuite name="net.corda.examples.pingpong.flows.FlowParallelMessagingTests" tests="6" skipped="0" failures="0" errors="0" timestamp="2020-07-01T14:47:42" hostname="LAPTOP-NHU66QIP" time="1.475">
  <properties/>
  <testcase name="initial session messages and existing session messages can be sent together using sendAll" classname="net.corda.examples.pingpong.flows.FlowParallelMessagingTests" time="0.573"/>
  <testcase name="messages can be exchanged successfully even between anonymous parties" classname="net.corda.examples.pingpong.flows.FlowParallelMessagingTests" time="0.141"/>
  <testcase name="messages can be exchanged in parallel using sendAll &amp; receiveAll between multiple parties successfully" classname="net.corda.examples.pingpong.flows.FlowParallelMessagingTests" time="0.079"/>
  <testcase name="a flow cannot invoke receiveAll with duplicate sessions" classname="net.corda.examples.pingpong.flows.FlowParallelMessagingTests" time="0.321"/>
  <testcase name="runtime exceptions from counterparties during receiveAll are handled properly" classname="net.corda.examples.pingpong.flows.FlowParallelMessagingTests" time="0.18"/>
  <testcase name="flow exceptions from counterparties during receiveAll are handled properly" classname="net.corda.examples.pingpong.flows.FlowParallelMessagingTests" time="0.181"/>
  <system-out><![CDATA[?[37m[INFO] 23:47:25,192 [Test worker] cordapp.JarScanningCordappLoader. - Looking for CorDapps in [build\mock-network\20200701-144717.967\nodes\0\cordapps]
?[m?[37m[INFO] 23:47:25,216 [Test worker] cordapp.JarScanningCordappLoader. - Loading CorDapps from RestrictedURL(url=file:/E:/workspace/corda/samples-kotlin/Basic/pingpong/workflows-kotlin/build/mock-network/20200701-144717.967/nodes/0/cordapps/net.corda.examples.pingpong.flows.FlowParallelMessagingTests_1_7_94baeabf-1013-426c-a853-fe9265425153.jar, rootPackageName=null)
?[m?[37m[INFO] 23:47:25,231 [Test worker] cordapp.JarScanningCordappLoader. - Scanning CorDapp in file:/E:/workspace/corda/samples-kotlin/Basic/pingpong/workflows-kotlin/build/mock-network/20200701-144717.967/nodes/0/cordapps/net.corda.examples.pingpong.flows.FlowParallelMessagingTests_1_7_94baeabf-1013-426c-a853-fe9265425153.jar
?[m?[37m[INFO] 23:47:26,438 [Test worker] internal.InternalMockNetwork$MockNode. - MessagingService active change to: false
?[m?[37m[INFO] 23:47:26,663 [Test worker] internal.InternalMockNetwork$MockNode. - Flow external operation executor has a max of 2 threads
?[m?[37m[INFO] 23:47:26,736 [Test worker] internal.InternalMockNetwork$MockNode. - Node starting up ...
?[m?[37m[INFO] 23:47:26,844 [Test worker] internal.NodeFlowManager. - Registered net.corda.examples.pingpong.flows.FlowParallelMessagingTests$SenderFlow to initiate net.corda.examples.pingpong.flows.FlowParallelMessagingTests$RecipientFlow (version 1)
?[m?[37m[INFO] 23:47:26,845 [Test worker] internal.NodeFlowManager. - Registered net.corda.examples.pingpong.flows.FlowParallelMessagingTests$StagedSenderFlow to initiate net.corda.examples.pingpong.flows.FlowParallelMessagingTests$StagedRecipientFlow (version 1)
?[m?[37m[INFO] 23:47:27,083 [Test worker] internal.InternalMockNetwork$MockNode. - Loaded network parameters: NetworkParameters {
      minimumPlatformVersion=1
      notaries=[NotaryInfo(identity=O=Notary Service, L=Zurich, C=CH, validating=true)]
      maxMessageSize=10485760
      maxTransactionSize=524288000
      whitelistedContractImplementations {
        
      }
      eventHorizon=PT720H
      packageOwnership {
        
      }
      modifiedTime=2020-07-01T14:47:17.967Z
      epoch=1
  }
?[m?[37m[INFO] 23:47:27,175 [Test worker] hikari.HikariDataSource. - HikariPool-1 - Starting...
?[m?[37m[INFO] 23:47:28,123 [Test worker] hikari.HikariDataSource. - HikariPool-1 - Start completed.
?[m?[37m[INFO] 23:47:31,980 [Test worker] changelog.StandardChangeLogHistoryService. - Creating database history table with name: PUBLIC.DATABASECHANGELOG
?[m?[37m[INFO] 23:47:31,985 [Test worker] jvm.JdbcExecutor. - CREATE TABLE PUBLIC.DATABASECHANGELOG (ID VARCHAR(255) NOT NULL, AUTHOR VARCHAR(255) NOT NULL, FILENAME VARCHAR(255) NOT NULL, DATEEXECUTED TIMESTAMP NOT NULL, ORDEREXECUTED INT NOT NULL, EXECTYPE VARCHAR(10) NOT NULL, MD5SUM VARCHAR(35), DESCRIPTION VARCHAR(255), COMMENTS VARCHAR(255), TAG VARCHAR(255), LIQUIBASE VARCHAR(20), CONTEXTS VARCHAR(255), LABELS VARCHAR(255), DEPLOYMENT_ID VARCHAR(10))
?[m?[37m[INFO] 23:47:31,989 [Test worker] jvm.JdbcExecutor. - SELECT COUNT(*) FROM PUBLIC.DATABASECHANGELOG
?[m?[37m[INFO] 23:47:31,993 [Test worker] changelog.StandardChangeLogHistoryService. - Reading from PUBLIC.DATABASECHANGELOG
?[m?[37m[INFO] 23:47:31,993 [Test worker] jvm.JdbcExecutor. - SELECT * FROM PUBLIC.DATABASECHANGELOG ORDER BY DATEEXECUTED ASC, ORDEREXECUTED ASC
?[m?[37m[INFO] 23:47:31,995 [Test worker] jvm.JdbcExecutor. - SELECT COUNT(*) FROM PUBLIC.DATABASECHANGELOGLOCK
?[m?[37m[INFO] 23:47:31,997 [Test worker] jvm.JdbcExecutor. - CREATE TABLE PUBLIC.DATABASECHANGELOGLOCK (ID INT NOT NULL, LOCKED BOOLEAN NOT NULL, LOCKGRANTED TIMESTAMP, LOCKEDBY VARCHAR(255), CONSTRAINT PK_DATABASECHANGELOGLOCK PRIMARY KEY (ID))
?[m?[37m[INFO] 23:47:32,011 [Test worker] jvm.JdbcExecutor. - SELECT COUNT(*) FROM PUBLIC.DATABASECHANGELOGLOCK
?[m?[37m[INFO] 23:47:32,012 [Test worker] jvm.JdbcExecutor. - DELETE FROM PUBLIC.DATABASECHANGELOGLOCK
?[m?[37m[INFO] 23:47:32,014 [Test worker] jvm.JdbcExecutor. - INSERT INTO PUBLIC.DATABASECHANGELOGLOCK (ID, LOCKED) VALUES (1, FALSE)
?[m?[37m[INFO] 23:47:32,062 [Test worker] visitor.ValidatingVisitor. - Skipping change set migration/vault-schema.changelog-pkey.xml::non-clustered_pk-11::R3.Corda due to validation error(s): clustered is not allowed on h2 {changeSet=migration/vault-schema.changelog-pkey.xml::non-clustered_pk-11::R3.Corda, databaseChangeLog=master.changelog.json}
?[m?[37m[INFO] 23:47:32,063 [Test worker] visitor.ValidatingVisitor. - Skipping change set migration/vault-schema.changelog-pkey.xml::non-clustered_pk-12::R3.Corda due to validation error(s): clustered is not allowed on h2 {changeSet=migration/vault-schema.changelog-pkey.xml::non-clustered_pk-12::R3.Corda, databaseChangeLog=master.changelog.json}
?[m?[37m[INFO] 23:47:32,064 [Test worker] visitor.ValidatingVisitor. - Skipping change set migration/vault-schema.changelog-pkey.xml::non-clustered_pk-13::R3.Corda due to validation error(s): clustered is not allowed on h2 {changeSet=migration/vault-schema.changelog-pkey.xml::non-clustered_pk-13::R3.Corda, databaseChangeLog=master.changelog.json}
?[m?[37m[INFO] 23:47:32,119 [Test worker] visitor.ValidatingVisitor. - Skipping change set migration/node-core.changelog-pkey.xml::non-clustered_pk-1::R3.Corda due to validation error(s): clustered is not allowed on h2 {changeSet=migration/node-core.changelog-pkey.xml::non-clustered_pk-1::R3.Corda, databaseChangeLog=master.changelog.json}
?[m?[37m[INFO] 23:47:32,119 [Test worker] visitor.ValidatingVisitor. - Skipping change set migration/node-core.changelog-pkey.xml::non-clustered_pk-2::R3.Corda due to validation error(s): clustered is not allowed on h2 {changeSet=migration/node-core.changelog-pkey.xml::non-clustered_pk-2::R3.Corda, databaseChangeLog=master.changelog.json}
?[m?[37m[INFO] 23:47:32,124 [Test worker] visitor.ValidatingVisitor. - Skipping change set migration/node-core.changelog-pkey.xml::non-clustered_pk-3::R3.Corda due to validation error(s): clustered is not allowed on h2 {changeSet=migration/node-core.changelog-pkey.xml::non-clustered_pk-3::R3.Corda, databaseChangeLog=master.changelog.json}
?[m?[37m[INFO] 23:47:32,127 [Test worker] visitor.ValidatingVisitor. - Skipping change set migration/node-core.changelog-pkey.xml::non-clustered_pk-4::R3.Corda due to validation error(s): clustered is not allowed on h2 {changeSet=migration/node-core.changelog-pkey.xml::non-clustered_pk-4::R3.Corda, databaseChangeLog=master.changelog.json}
?[m?[37m[INFO] 23:47:32,132 [Test worker] visitor.ValidatingVisitor. - Skipping change set migration/node-core.changelog-pkey.xml::non-clustered_pk-5::R3.Corda due to validation error(s): clustered is not allowed on h2 {changeSet=migration/node-core.changelog-pkey.xml::non-clustered_pk-5::R3.Corda, databaseChangeLog=master.changelog.json}
?[m?[37m[INFO] 23:47:32,136 [Test worker] visitor.ValidatingVisitor. - Skipping change set migration/node-core.changelog-pkey.xml::non-clustered_pk-6::R3.Corda due to validation error(s): clustered is not allowed on h2 {changeSet=migration/node-core.changelog-pkey.xml::non-clustered_pk-6::R3.Corda, databaseChangeLog=master.changelog.json}
?[m?[37m[INFO] 23:47:32,136 [Test worker] visitor.ValidatingVisitor. - Skipping change set migration/node-core.changelog-pkey.xml::non-clustered_pk-7::R3.Corda due to validation error(s): clustered is not allowed on h2 {changeSet=migration/node-core.changelog-pkey.xml::non-clustered_pk-7::R3.Corda, databaseChangeLog=master.changelog.json}
?[m?[37m[INFO] 23:47:32,166 [Test worker] visitor.ValidatingVisitor. - Skipping change set migration/node-notary.changelog-pkey.xml::non-clustered_pk-notary_state::R3.Corda due to validation error(s): clustered is not allowed on h2 {changeSet=migration/node-notary.changelog-pkey.xml::non-clustered_pk-notary_state::R3.Corda, databaseChangeLog=master.changelog.json}
?[m?[37m[INFO] 23:47:32,169 [Test worker] jvm.JdbcExecutor. - SELECT COUNT(*) FROM PUBLIC.DATABASECHANGELOGLOCK
?[m?[37m[INFO] 23:47:32,170 [Test worker] jvm.JdbcExecutor. - SELECT LOCKED FROM PUBLIC.DATABASECHANGELOGLOCK WHERE ID=1
?[m?[37m[INFO] 23:47:32,183 [Test worker] lockservice.StandardLockService. - Successfully acquired change log lock
?[m?[37m[INFO] 23:47:32,190 [Test worker] visitor.ValidatingVisitor. - Skipping change set migration/vault-schema.changelog-pkey.xml::non-clustered_pk-11::R3.Corda due to validation error(s): clustered is not allowed on h2 {changeSet=migration/vault-schema.changelog-pkey.xml::non-clustered_pk-11::R3.Corda, databaseChangeLog=master.changelog.json}
?[m?[37m[INFO] 23:47:32,191 [Test worker] visitor.ValidatingVisitor. - Skipping change set migration/vault-schema.changelog-pkey.xml::non-clustered_pk-12::R3.Corda due to validation error(s): clustered is not allowed on h2 {changeSet=migration/vault-schema.changelog-pkey.xml::non-clustered_pk-12::R3.Corda, databaseChangeLog=master.changelog.json}
?[m?[37m[INFO] 23:47:32,191 [Test worker] visitor.ValidatingVisitor. - Skipping change set migration/vault-schema.changelog-pkey.xml::non-clustered_pk-13::R3.Corda due to validation error(s): clustered is not allowed on h2 {changeSet=migration/vault-schema.changelog-pkey.xml::non-clustered_pk-13::R3.Corda, databaseChangeLog=master.changelog.json}
?[m?[37m[INFO] 23:47:32,200 [Test worker] visitor.ValidatingVisitor. - Skipping change set migration/node-core.changelog-pkey.xml::non-clustered_pk-1::R3.Corda due to validation error(s): clustered is not allowed on h2 {changeSet=migration/node-core.changelog-pkey.xml::non-clustered_pk-1::R3.Corda, databaseChangeLog=master.changelog.json}
?[m?[37m[INFO] 23:47:32,201 [Test worker] visitor.ValidatingVisitor. - Skipping change set migration/node-core.changelog-pkey.xml::non-clustered_pk-2::R3.Corda due to validation error(s): clustered is not allowed on h2 {changeSet=migration/node-core.changelog-pkey.xml::non-clustered_pk-2::R3.Corda, databaseChangeLog=master.changelog.json}
?[m?[37m[INFO] 23:47:32,201 [Test worker] visitor.ValidatingVisitor. - Skipping change set migration/node-core.changelog-pkey.xml::non-clustered_pk-3::R3.Corda due to validation error(s): clustered is not allowed on h2 {changeSet=migration/node-core.changelog-pkey.xml::non-clustered_pk-3::R3.Corda, databaseChangeLog=master.changelog.json}
?[m?[37m[INFO] 23:47:32,201 [Test worker] visitor.ValidatingVisitor. - Skipping change set migration/node-core.changelog-pkey.xml::non-clustered_pk-4::R3.Corda due to validation error(s): clustered is not allowed on h2 {changeSet=migration/node-core.changelog-pkey.xml::non-clustered_pk-4::R3.Corda, databaseChangeLog=master.changelog.json}
?[m?[37m[INFO] 23:47:32,201 [Test worker] visitor.ValidatingVisitor. - Skipping change set migration/node-core.changelog-pkey.xml::non-clustered_pk-5::R3.Corda due to validation error(s): clustered is not allowed on h2 {changeSet=migration/node-core.changelog-pkey.xml::non-clustered_pk-5::R3.Corda, databaseChangeLog=master.changelog.json}
?[m?[37m[INFO] 23:47:32,201 [Test worker] visitor.ValidatingVisitor. - Skipping change set migration/node-core.changelog-pkey.xml::non-clustered_pk-6::R3.Corda due to validation error(s): clustered is not allowed on h2 {changeSet=migration/node-core.changelog-pkey.xml::non-clustered_pk-6::R3.Corda, databaseChangeLog=master.changelog.json}
?[m?[37m[INFO] 23:47:32,201 [Test worker] visitor.ValidatingVisitor. - Skipping change set migration/node-core.changelog-pkey.xml::non-clustered_pk-7::R3.Corda due to validation error(s): clustered is not allowed on h2 {changeSet=migration/node-core.changelog-pkey.xml::non-clustered_pk-7::R3.Corda, databaseChangeLog=master.changelog.json}
?[m?[37m[INFO] 23:47:32,205 [Test worker] visitor.ValidatingVisitor. - Skipping change set migration/node-notary.changelog-pkey.xml::non-clustered_pk-notary_state::R3.Corda due to validation error(s): clustered is not allowed on h2 {changeSet=migration/node-notary.changelog-pkey.xml::non-clustered_pk-notary_state::R3.Corda, databaseChangeLog=master.changelog.json}
?[m?[37m[INFO] 23:47:32,207 [Test worker] jvm.JdbcExecutor. - SELECT SEQUENCE_NAME FROM INFORMATION_SCHEMA.SEQUENCES WHERE SEQUENCE_SCHEMA = 'null' AND IS_GENERATED=FALSE {changeSet=migration/common.changelog-init.xml::1511451595465-1.1::R3.Corda, databaseChangeLog=master.changelog.json}
?[m?[37m[INFO] 23:47:32,211 [Test worker] jvm.JdbcExecutor. - SELECT SEQUENCE_NAME FROM INFORMATION_SCHEMA.SEQUENCES WHERE SEQUENCE_SCHEMA = 'PUBLIC' AND IS_GENERATED=FALSE {changeSet=migration/common.changelog-init.xml::1511451595465-1.1::R3.Corda, databaseChangeLog=master.changelog.json}
?[m?[37m[INFO] 23:47:32,213 [Test worker] jvm.JdbcExecutor. - CREATE SEQUENCE PUBLIC.hibernate_sequence {changeSet=migration/common.changelog-init.xml::1511451595465-1.1::R3.Corda, databaseChangeLog=master.changelog.json}
?[m?[37m[INFO] 23:47:32,217 [Test worker] changelog.ChangeSet. - Sequence hibernate_sequence created {changeSet=migration/common.changelog-init.xml::1511451595465-1.1::R3.Corda, databaseChangeLog=master.changelog.json}
?[m?[37m[INFO] 23:47:32,218 [Test worker] changelog.ChangeSet. - ChangeSet migration/common.changelog-init.xml::1511451595465-1.1::R3.Corda ran successfully in 11ms {changeSet=migration/common.changelog-init.xml::1511451595465-1.1::R3.Corda, databaseChangeLog=master.changelog.json}
?[m?[37m[INFO] 23:47:32,218 [Test worker] jvm.JdbcExecutor. - SELECT MAX(ORDEREXECUTED) FROM PUBLIC.DATABASECHANGELOG {changeSet=migration/common.changelog-init.xml::1511451595465-1.1::R3.Corda, databaseChangeLog=master.changelog.json}
?[m?[37m[INFO] 23:47:32,237 [Test worker] jvm.JdbcExecutor. - INSERT INTO PUBLIC.DATABASECHANGELOG (ID, AUTHOR, FILENAME, DATEEXECUTED, ORDEREXECUTED, MD5SUM, DESCRIPTION, COMMENTS, EXECTYPE, CONTEXTS, LABELS, LIQUIBASE, DEPLOYMENT_ID) VALUES ('1511451595465-1.1', 'R3.Corda', 'migration/common.changelog-init.xml', NOW(), 1, '8:9df4ee4464a4a10dfcf2717c73a52620', 'createSequence sequenceName=hibernate_sequence', '', 'EXECUTED', NULL, NULL, '3.6.3', '3614852183') {changeSet=migration/common.changelog-init.xml::1511451595465-1.1::R3.Corda, databaseChangeLog=master.changelog.json}
?[m?[37m[INFO] 23:47:32,240 [Test worker] jvm.JdbcExecutor. - CREATE TABLE PUBLIC.vault_fungible_states (output_index INT NOT NULL, transaction_id NVARCHAR(64) NOT NULL, issuer_name NVARCHAR(255), issuer_ref VARBINARY(512), owner_name NVARCHAR(255), quantity BIGINT) {changeSet=migration/vault-schema.changelog-init.xml::1511451595465-22::R3.Corda, databaseChangeLog=master.changelog.json}
?[m?[37m[INFO] 23:47:32,240 [Test worker] changelog.ChangeSet. - Table vault_fungible_states created {changeSet=migration/vault-schema.changelog-init.xml::1511451595465-22::R3.Corda, databaseChangeLog=master.changelog.json}
?[m?[37m[INFO] 23:47:32,241 [Test worker] changelog.ChangeSet. - ChangeSet migration/vault-schema.changelog-init.xml::1511451595465-22::R3.Corda ran successfully in 2ms {changeSet=migration/vault-schema.changelog-init.xml::1511451595465-22::R3.Corda, databaseChangeLog=master.changelog.json}
?[m?[37m[INFO] 23:47:32,242 [Test worker] jvm.JdbcExecutor. - INSERT INTO PUBLIC.DATABASECHANGELOG (ID, AUTHOR, FILENAME, DATEEXECUTED, ORDEREXECUTED, MD5SUM, DESCRIPTION, COMMENTS, EXECTYPE, CONTEXTS, LABELS, LIQUIBASE, DEPLOYMENT_ID) VALUES ('1511451595465-22', 'R3.Corda', 'migration/vault-schema.changelog-init.xml', NOW(), 2, '8:4ae481f11ac84744a4392bbfd533fa75', 'createTable tableName=vault_fungible_states', '', 'EXECUTED', NULL, NULL, '3.6.3', '3614852183') {changeSet=migration/vault-schema.changelog-init.xml::1511451595465-22::R3.Corda, databaseChangeLog=master.changelog.json}
?[m?[37m[INFO] 23:47:32,243 [Test worker] jvm.JdbcExecutor. - CREATE TABLE PUBLIC.vault_fungible_states_parts (output_index INT NOT NULL, transaction_id NVARCHAR(64) NOT NULL, participants NVARCHAR(255)) {changeSet=migration/vault-schema.changelog-init.xml::1511451595465-23::R3.Corda, databaseChangeLog=master.changelog.json}
?[m?[37m[INFO] 23:47:32,245 [Test worker] changelog.ChangeSet. - Table vault_fungible_states_parts created {changeSet=migration/vault-schema.changelog-init.xml::1511451595465-23::R3.Corda, databaseChangeLog=master.changelog.json}
?[m?[37m[INFO] 23:47:32,246 [Test worker] changelog.ChangeSet. - ChangeSet migration/vault-schema.changelog-init.xml::1511451595465-23::R3.Corda ran successfully in 3ms {changeSet=migration/vault-schema.changelog-init.xml::1511451595465-23::R3.Corda, databaseChangeLog=master.changelog.json}
?[m?[37m[INFO] 23:47:32,247 [Test worker] jvm.JdbcExecutor. - INSERT INTO PUBLIC.DATABASECHANGELOG (ID, AUTHOR, FILENAME, DATEEXECUTED, ORDEREXECUTED, MD5SUM, DESCRIPTION, COMMENTS, EXECTYPE, CONTEXTS, LABELS, LIQUIBASE, DEPLOYMENT_ID) VALUES ('1511451595465-23', 'R3.Corda', 'migration/vault-schema.changelog-init.xml', NOW(), 3, '8:3222255d3b2e04b9dfad42d9acab103e', 'createTable tableName=vault_fungible_states_parts', '', 'EXECUTED', NULL, NULL, '3.6.3', '3614852183') {changeSet=migration/vault-schema.changelog-init.xml::1511451595465-23::R3.Corda, databaseChangeLog=master.changelog.json}
?[m?[37m[INFO] 23:47:32,251 [Test worker] jvm.JdbcExecutor. - CREATE TABLE PUBLIC.vault_linear_states (output_index INT NOT NULL, transaction_id NVARCHAR(64) NOT NULL, external_id NVARCHAR(255), uuid VARCHAR(255) NOT NULL) {changeSet=migration/vault-schema.changelog-init.xml::1511451595465-24::R3.Corda, databaseChangeLog=master.changelog.json}
?[m?[37m[INFO] 23:47:32,252 [Test worker] changelog.ChangeSet. - Table vault_linear_states created {changeSet=migration/vault-schema.changelog-init.xml::1511451595465-24::R3.Corda, databaseChangeLog=master.changelog.json}
?[m?[37m[INFO] 23:47:32,252 [Test worker] changelog.ChangeSet. - ChangeSet migration/vault-schema.changelog-init.xml::1511451595465-24::R3.Corda ran successfully in 2ms {changeSet=migration/vault-schema.changelog-init.xml::1511451595465-24::R3.Corda, databaseChangeLog=master.changelog.json}
?[m?[37m[INFO] 23:47:32,255 [Test worker] jvm.JdbcExecutor. - INSERT INTO PUBLIC.DATABASECHANGELOG (ID, AUTHOR, FILENAME, DATEEXECUTED, ORDEREXECUTED, MD5SUM, DESCRIPTION, COMMENTS, EXECTYPE, CONTEXTS, LABELS, LIQUIBASE, DEPLOYMENT_ID) VALUES ('1511451595465-24', 'R3.Corda', 'migration/vault-schema.changelog-init.xml', NOW(), 4, '8:fb2c5b52213239424320d137dc22059b', 'createTable tableName=vault_linear_states', '', 'EXECUTED', NULL, NULL, '3.6.3', '3614852183') {changeSet=migration/vault-schema.changelog-init.xml::1511451595465-24::R3.Corda, databaseChangeLog=master.changelog.json}
?[m?[37m[INFO] 23:47:32,257 [Test worker] jvm.JdbcExecutor. - CREATE TABLE PUBLIC.vault_linear_states_parts (output_index INT NOT NULL, transaction_id NVARCHAR(64) NOT NULL, participants NVARCHAR(255)) {changeSet=migration/vault-schema.changelog-init.xml::1511451595465-25::R3.Corda, databaseChangeLog=master.changelog.json}
?[m?[37m[INFO] 23:47:32,257 [Test worker] changelog.ChangeSet. - Table vault_linear_states_parts created {changeSet=migration/vault-schema.changelog-init.xml::1511451595465-25::R3.Corda, databaseChangeLog=master.changelog.json}
?[m?[37m[INFO] 23:47:32,257 [Test worker] changelog.ChangeSet. - ChangeSet migration/vault-schema.changelog-init.xml::1511451595465-25::R3.Corda ran successfully in 1ms {changeSet=migration/vault-schema.changelog-init.xml::1511451595465-25::R3.Corda, databaseChangeLog=master.changelog.json}
?[m?[37m[INFO] 23:47:32,259 [Test worker] jvm.JdbcExecutor. - INSERT INTO PUBLIC.DATABASECHANGELOG (ID, AUTHOR, FILENAME, DATEEXECUTED, ORDEREXECUTED, MD5SUM, DESCRIPTION, COMMENTS, EXECTYPE, CONTEXTS, LABELS, LIQUIBASE, DEPLOYMENT_ID) VALUES ('1511451595465-25', 'R3.Corda', 'migration/vault-schema.changelog-init.xml', NOW(), 5, '8:ccb2ca1b37c0eeb2ac12506f17bc8ee0', 'createTable tableName=vault_linear_states_parts', '', 'EXECUTED', NULL, NULL, '3.6.3', '3614852183') {changeSet=migration/vault-schema.changelog-init.xml::1511451595465-25::R3.Corda, databaseChangeLog=master.changelog.json}
?[m?[37m[INFO] 23:47:32,261 [Test worker] jvm.JdbcExecutor. - CREATE TABLE PUBLIC.vault_states (output_index INT NOT NULL, transaction_id NVARCHAR(64) NOT NULL, consumed_timestamp TIMESTAMP, contract_state_class_name NVARCHAR(255), lock_id NVARCHAR(255), lock_timestamp TIMESTAMP, notary_name NVARCHAR(255), recorded_timestamp TIMESTAMP, state_status INT) {changeSet=migration/vault-schema.changelog-init.xml::1511451595465-26::R3.Corda, databaseChangeLog=master.changelog.json}
?[m?[37m[INFO] 23:47:32,262 [Test worker] changelog.ChangeSet. - Table vault_states created {changeSet=migration/vault-schema.changelog-init.xml::1511451595465-26::R3.Corda, databaseChangeLog=master.changelog.json}
?[m?[37m[INFO] 23:47:32,262 [Test worker] changelog.ChangeSet. - ChangeSet migration/vault-schema.changelog-init.xml::1511451595465-26::R3.Corda ran successfully in 2ms {changeSet=migration/vault-schema.changelog-init.xml::1511451595465-26::R3.Corda, databaseChangeLog=master.changelog.json}
?[m?[37m[INFO] 23:47:32,263 [Test worker] jvm.JdbcExecutor. - INSERT INTO PUBLIC.DATABASECHANGELOG (ID, AUTHOR, FILENAME, DATEEXECUTED, ORDEREXECUTED, MD5SUM, DESCRIPTION, COMMENTS, EXECTYPE, CONTEXTS, LABELS, LIQUIBASE, DEPLOYMENT_ID) VALUES ('1511451595465-26', 'R3.Corda', 'migration/vault-schema.changelog-init.xml', NOW(), 6, '8:971edadc2af9e847ed490f418530d40b', 'createTable tableName=vault_states', '', 'EXECUTED', NULL, NULL, '3.6.3', '3614852183') {changeSet=migration/vault-schema.changelog-init.xml::1511451595465-26::R3.Corda, databaseChangeLog=master.changelog.json}
?[m?[37m[INFO] 23:47:32,265 [Test worker] jvm.JdbcExecutor. - CREATE TABLE PUBLIC.vault_transaction_notes (seq_no INT NOT NULL, note NVARCHAR(255), transaction_id NVARCHAR(64)) {changeSet=migration/vault-schema.changelog-init.xml::1511451595465-27::R3.Corda, databaseChangeLog=master.changelog.json}
?[m?[37m[INFO] 23:47:32,266 [Test worker] changelog.ChangeSet. - Table vault_transaction_notes created {changeSet=migration/vault-schema.changelog-init.xml::1511451595465-27::R3.Corda, databaseChangeLog=master.changelog.json}
?[m?[37m[INFO] 23:47:32,266 [Test worker] changelog.ChangeSet. - ChangeSet migration/vault-schema.changelog-init.xml::1511451595465-27::R3.Corda ran successfully in 2ms {changeSet=migration/vault-schema.changelog-init.xml::1511451595465-27::R3.Corda, databaseChangeLog=master.changelog.json}
?[m?[37m[INFO] 23:47:32,267 [Test worker] jvm.JdbcExecutor. - INSERT INTO PUBLIC.DATABASECHANGELOG (ID, AUTHOR, FILENAME, DATEEXECUTED, ORDEREXECUTED, MD5SUM, DESCRIPTION, COMMENTS, EXECTYPE, CONTEXTS, LABELS, LIQUIBASE, DEPLOYMENT_ID) VALUES ('1511451595465-27', 'R3.Corda', 'migration/vault-schema.changelog-init.xml', NOW(), 7, '8:7a8064e58d100a02ed56e538122296e4', 'createTable tableName=vault_transaction_notes', '', 'EXECUTED', NULL, NULL, '3.6.3', '3614852183') {changeSet=migration/vault-schema.changelog-init.xml::1511451595465-27::R3.Corda, databaseChangeLog=master.changelog.json}
?[m?[37m[INFO] 23:47:32,269 [Test worker] jvm.JdbcExecutor. - ALTER TABLE PUBLIC.vault_fungible_states ADD CONSTRAINT vault_fungible_states_pkey PRIMARY KEY (output_index, transaction_id) {changeSet=migration/vault-schema.changelog-init.xml::1511451595465-47::R3.Corda, databaseChangeLog=master.changelog.json}
?[m?[37m[INFO] 23:47:32,272 [Test worker] changelog.ChangeSet. - Primary key added to vault_fungible_states (output_index, transaction_id) {changeSet=migration/vault-schema.changelog-init.xml::1511451595465-47::R3.Corda, databaseChangeLog=master.changelog.json}
?[m?[37m[INFO] 23:47:32,272 [Test worker] changelog.ChangeSet. - ChangeSet migration/vault-schema.changelog-init.xml::1511451595465-47::R3.Corda ran successfully in 4ms {changeSet=migration/vault-schema.changelog-init.xml::1511451595465-47::R3.Corda, databaseChangeLog=master.changelog.json}
?[m?[37m[INFO] 23:47:32,273 [Test worker] jvm.JdbcExecutor. - INSERT INTO PUBLIC.DATABASECHANGELOG (ID, AUTHOR, FILENAME, DATEEXECUTED, ORDEREXECUTED, MD5SUM, DESCRIPTION, COMMENTS, EXECTYPE, CONTEXTS, LABELS, LIQUIBASE, DEPLOYMENT_ID) VALUES ('1511451595465-47', 'R3.Corda', 'migration/vault-schema.changelog-init.xml', NOW(), 8, '8:4eddd48de14b69bdd265a4b0c438f070', 'addPrimaryKey constraintName=vault_fungible_states_pkey, tableName=vault_fungible_states', '', 'EXECUTED', NULL, NULL, '3.6.3', '3614852183') {changeSet=migration/vault-schema.changelog-init.xml::1511451595465-47::R3.Corda, databaseChangeLog=master.changelog.json}
?[m?[37m[INFO] 23:47:32,274 [Test worker] jvm.JdbcExecutor. - ALTER TABLE PUBLIC.vault_linear_states ADD CONSTRAINT vault_linear_states_pkey PRIMARY KEY (output_index, transaction_id) {changeSet=migration/vault-schema.changelog-init.xml::1511451595465-48::R3.Corda, databaseChangeLog=master.changelog.json}
?[m?[37m[INFO] 23:47:32,275 [Test worker] changelog.ChangeSet. - Primary key added to vault_linear_states (output_index, transaction_id) {changeSet=migration/vault-schema.changelog-init.xml::1511451595465-48::R3.Corda, databaseChangeLog=master.changelog.json}
?[m?[37m[INFO] 23:47:32,275 [Test worker] changelog.ChangeSet. - ChangeSet migration/vault-schema.changelog-init.xml::1511451595465-48::R3.Corda ran successfully in 1ms {changeSet=migration/vault-schema.changelog-init.xml::1511451595465-48::R3.Corda, databaseChangeLog=master.changelog.json}
?[m?[37m[INFO] 23:47:32,276 [Test worker] jvm.JdbcExecutor. - INSERT INTO PUBLIC.DATABASECHANGELOG (ID, AUTHOR, FILENAME, DATEEXECUTED, ORDEREXECUTED, MD5SUM, DESCRIPTION, COMMENTS, EXECTYPE, CONTEXTS, LABELS, LIQUIBASE, DEPLOYMENT_ID) VALUES ('1511451595465-48', 'R3.Corda', 'migration/vault-schema.changelog-init.xml', NOW(), 9, '8:3695c44ddebef2dde359dec253a5969a', 'addPrimaryKey constraintName=vault_linear_states_pkey, tableName=vault_linear_states', '', 'EXECUTED', NULL, NULL, '3.6.3', '3614852183') {changeSet=migration/vault-schema.changelog-init.xml::1511451595465-48::R3.Corda, databaseChangeLog=master.changelog.json}
?[m?[37m[INFO] 23:47:32,279 [Test worker] jvm.JdbcExecutor. - ALTER TABLE PUBLIC.vault_states ADD CONSTRAINT vault_states_pkey PRIMARY KEY (output_index, transaction_id) {changeSet=migration/vault-schema.changelog-init.xml::1511451595465-49::R3.Corda, databaseChangeLog=master.changelog.json}
?[m?[37m[INFO] 23:47:32,279 [Test worker] changelog.ChangeSet. - Primary key added to vault_states (output_index, transaction_id) {changeSet=migration/vault-schema.changelog-init.xml::1511451595465-49::R3.Corda, databaseChangeLog=master.changelog.json}
?[m?[37m[INFO] 23:47:32,280 [Test worker] changelog.ChangeSet. - ChangeSet migration/vault-schema.changelog-init.xml::1511451595465-49::R3.Corda ran successfully in 1ms {changeSet=migration/vault-schema.changelog-init.xml::1511451595465-49::R3.Corda, databaseChangeLog=master.changelog.json}
?[m?[37m[INFO] 23:47:32,281 [Test worker] jvm.JdbcExecutor. - INSERT INTO PUBLIC.DATABASECHANGELOG (ID, AUTHOR, FILENAME, DATEEXECUTED, ORDEREXECUTED, MD5SUM, DESCRIPTION, COMMENTS, EXECTYPE, CONTEXTS, LABELS, LIQUIBASE, DEPLOYMENT_ID) VALUES ('1511451595465-49', 'R3.Corda', 'migration/vault-schema.changelog-init.xml', NOW(), 10, '8:5d21dc3c09051ea30475250d25178892', 'addPrimaryKey constraintName=vault_states_pkey, tableName=vault_states', '', 'EXECUTED', NULL, NULL, '3.6.3', '3614852183') {changeSet=migration/vault-schema.changelog-init.xml::1511451595465-49::R3.Corda, databaseChangeLog=master.changelog.json}
?[m?[37m[INFO] 23:47:32,282 [Test worker] jvm.JdbcExecutor. - ALTER TABLE PUBLIC.vault_transaction_notes ADD CONSTRAINT vault_transaction_notes_pkey PRIMARY KEY (seq_no) {changeSet=migration/vault-schema.changelog-init.xml::1511451595465-50::R3.Corda, databaseChangeLog=master.changelog.json}
?[m?[37m[INFO] 23:47:32,283 [Test worker] changelog.ChangeSet. - Primary key added to vault_transaction_notes (seq_no) {changeSet=migration/vault-schema.changelog-init.xml::1511451595465-50::R3.Corda, databaseChangeLog=master.changelog.json}
?[m?[37m[INFO] 23:47:32,283 [Test worker] changelog.ChangeSet. - ChangeSet migration/vault-schema.changelog-init.xml::1511451595465-50::R3.Corda ran successfully in 1ms {changeSet=migration/vault-schema.changelog-init.xml::1511451595465-50::R3.Corda, databaseChangeLog=master.changelog.json}
?[m?[37m[INFO] 23:47:32,284 [Test worker] jvm.JdbcExecutor. - INSERT INTO PUBLIC.DATABASECHANGELOG (ID, AUTHOR, FILENAME, DATEEXECUTED, ORDEREXECUTED, MD5SUM, DESCRIPTION, COMMENTS, EXECTYPE, CONTEXTS, LABELS, LIQUIBASE, DEPLOYMENT_ID) VALUES ('1511451595465-50', 'R3.Corda', 'migration/vault-schema.changelog-init.xml', NOW(), 11, '8:2bf545e5d7593a3456708426c3686ebb', 'addPrimaryKey constraintName=vault_transaction_notes_pkey, tableName=vault_transaction_notes', '', 'EXECUTED', NULL, NULL, '3.6.3', '3614852183') {changeSet=migration/vault-schema.changelog-init.xml::1511451595465-50::R3.Corda, databaseChangeLog=master.changelog.json}
?[m?[37m[INFO] 23:47:32,286 [Test worker] jvm.JdbcExecutor. - CREATE INDEX PUBLIC.external_id_index ON PUBLIC.vault_linear_states(external_id) {changeSet=migration/vault-schema.changelog-init.xml::1511451595465-53::R3.Corda, databaseChangeLog=master.changelog.json}
?[m?[37m[INFO] 23:47:32,288 [Test worker] changelog.ChangeSet. - Index external_id_index created {changeSet=migration/vault-schema.changelog-init.xml::1511451595465-53::R3.Corda, databaseChangeLog=master.changelog.json}
?[m?[37m[INFO] 23:47:32,288 [Test worker] changelog.ChangeSet. - ChangeSet migration/vault-schema.changelog-init.xml::1511451595465-53::R3.Corda ran successfully in 3ms {changeSet=migration/vault-schema.changelog-init.xml::1511451595465-53::R3.Corda, databaseChangeLog=master.changelog.json}
?[m?[37m[INFO] 23:47:32,289 [Test worker] jvm.JdbcExecutor. - INSERT INTO PUBLIC.DATABASECHANGELOG (ID, AUTHOR, FILENAME, DATEEXECUTED, ORDEREXECUTED, MD5SUM, DESCRIPTION, COMMENTS, EXECTYPE, CONTEXTS, LABELS, LIQUIBASE, DEPLOYMENT_ID) VALUES ('1511451595465-53', 'R3.Corda', 'migration/vault-schema.changelog-init.xml', NOW(), 12, '8:b1272090dcd2325b0382f829ce13a1ff', 'createIndex indexName=external_id_index, tableName=vault_linear_states', '', 'EXECUTED', NULL, NULL, '3.6.3', '3614852183') {changeSet=migration/vault-schema.changelog-init.xml::1511451595465-53::R3.Corda, databaseChangeLog=master.changelog.json}
?[m?[37m[INFO] 23:47:32,291 [Test worker] jvm.JdbcExecutor. - CREATE INDEX PUBLIC.lock_id_idx ON PUBLIC.vault_states(lock_id, state_status) {changeSet=migration/vault-schema.changelog-init.xml::1511451595465-55::R3.Corda, databaseChangeLog=master.changelog.json}
?[m?[37m[INFO] 23:47:32,293 [Test worker] changelog.ChangeSet. - Index lock_id_idx created {changeSet=migration/vault-schema.changelog-init.xml::1511451595465-55::R3.Corda, databaseChangeLog=master.changelog.json}
?[m?[37m[INFO] 23:47:32,293 [Test worker] changelog.ChangeSet. - ChangeSet migration/vault-schema.changelog-init.xml::1511451595465-55::R3.Corda ran successfully in 2ms {changeSet=migration/vault-schema.changelog-init.xml::1511451595465-55::R3.Corda, databaseChangeLog=master.changelog.json}
?[m?[37m[INFO] 23:47:32,294 [Test worker] jvm.JdbcExecutor. - INSERT INTO PUBLIC.DATABASECHANGELOG (ID, AUTHOR, FILENAME, DATEEXECUTED, ORDEREXECUTED, MD5SUM, DESCRIPTION, COMMENTS, EXECTYPE, CONTEXTS, LABELS, LIQUIBASE, DEPLOYMENT_ID) VALUES ('1511451595465-55', 'R3.Corda', 'migration/vault-schema.changelog-init.xml', NOW(), 13, '8:0b77fbedaccc2eed4b8efd6fddf6581b', 'createIndex indexName=lock_id_idx, tableName=vault_states', '', 'EXECUTED', NULL, NULL, '3.6.3', '3614852183') {changeSet=migration/vault-schema.changelog-init.xml::1511451595465-55::R3.Corda, databaseChangeLog=master.changelog.json}
?[m?[37m[INFO] 23:47:32,296 [Test worker] jvm.JdbcExecutor. - CREATE INDEX PUBLIC.state_status_idx ON PUBLIC.vault_states(state_status) {changeSet=migration/vault-schema.changelog-init.xml::1511451595465-58::R3.Corda, databaseChangeLog=master.changelog.json}
?[m?[37m[INFO] 23:47:32,297 [Test worker] changelog.ChangeSet. - Index state_status_idx created {changeSet=migration/vault-schema.changelog-init.xml::1511451595465-58::R3.Corda, databaseChangeLog=master.changelog.json}
?[m?[37m[INFO] 23:47:32,297 [Test worker] changelog.ChangeSet. - ChangeSet migration/vault-schema.changelog-init.xml::1511451595465-58::R3.Corda ran successfully in 1ms {changeSet=migration/vault-schema.changelog-init.xml::1511451595465-58::R3.Corda, databaseChangeLog=master.changelog.json}
?[m?[37m[INFO] 23:47:32,300 [Test worker] jvm.JdbcExecutor. - INSERT INTO PUBLIC.DATABASECHANGELOG (ID, AUTHOR, FILENAME, DATEEXECUTED, ORDEREXECUTED, MD5SUM, DESCRIPTION, COMMENTS, EXECTYPE, CONTEXTS, LABELS, LIQUIBASE, DEPLOYMENT_ID) VALUES ('1511451595465-58', 'R3.Corda', 'migration/vault-schema.changelog-init.xml', NOW(), 14, '8:7a1bbb20835907728df143e4cc1bfc04', 'createIndex indexName=state_status_idx, tableName=vault_states', '', 'EXECUTED', NULL, NULL, '3.6.3', '3614852183') {changeSet=migration/vault-schema.changelog-init.xml::1511451595465-58::R3.Corda, databaseChangeLog=master.changelog.json}
?[m?[37m[INFO] 23:47:32,303 [Test worker] jvm.JdbcExecutor. - CREATE INDEX PUBLIC.transaction_id_index ON PUBLIC.vault_transaction_notes(transaction_id) {changeSet=migration/vault-schema.changelog-init.xml::1511451595465-59::R3.Corda, databaseChangeLog=master.changelog.json}
?[m?[37m[INFO] 23:47:32,303 [Test worker] changelog.ChangeSet. - Index transaction_id_index created {changeSet=migration/vault-schema.changelog-init.xml::1511451595465-59::R3.Corda, databaseChangeLog=master.changelog.json}
?[m?[37m[INFO] 23:47:32,303 [Test worker] changelog.ChangeSet. - ChangeSet migration/vault-schema.changelog-init.xml::1511451595465-59::R3.Corda ran successfully in 1ms {changeSet=migration/vault-schema.changelog-init.xml::1511451595465-59::R3.Corda, databaseChangeLog=master.changelog.json}
?[m?[37m[INFO] 23:47:32,305 [Test worker] jvm.JdbcExecutor. - INSERT INTO PUBLIC.DATABASECHANGELOG (ID, AUTHOR, FILENAME, DATEEXECUTED, ORDEREXECUTED, MD5SUM, DESCRIPTION, COMMENTS, EXECTYPE, CONTEXTS, LABELS, LIQUIBASE, DEPLOYMENT_ID) VALUES ('1511451595465-59', 'R3.Corda', 'migration/vault-schema.changelog-init.xml', NOW(), 15, '8:2bfe64cedfc8120dc219d42dc19d49f6', 'createIndex indexName=transaction_id_index, tableName=vault_transaction_notes', '', 'EXECUTED', NULL, NULL, '3.6.3', '3614852183') {changeSet=migration/vault-schema.changelog-init.xml::1511451595465-59::R3.Corda, databaseChangeLog=master.changelog.json}
?[m?[37m[INFO] 23:47:32,306 [Test worker] jvm.JdbcExecutor. - CREATE INDEX PUBLIC.uuid_index ON PUBLIC.vault_linear_states(uuid) {changeSet=migration/vault-schema.changelog-init.xml::1511451595465-60::R3.Corda, databaseChangeLog=master.changelog.json}
?[m?[37m[INFO] 23:47:32,307 [Test worker] changelog.ChangeSet. - Index uuid_index created {changeSet=migration/vault-schema.changelog-init.xml::1511451595465-60::R3.Corda, databaseChangeLog=master.changelog.json}
?[m?[37m[INFO] 23:47:32,307 [Test worker] changelog.ChangeSet. - ChangeSet migration/vault-schema.changelog-init.xml::1511451595465-60::R3.Corda ran successfully in 1ms {changeSet=migration/vault-schema.changelog-init.xml::1511451595465-60::R3.Corda, databaseChangeLog=master.changelog.json}
?[m?[37m[INFO] 23:47:32,308 [Test worker] jvm.JdbcExecutor. - INSERT INTO PUBLIC.DATABASECHANGELOG (ID, AUTHOR, FILENAME, DATEEXECUTED, ORDEREXECUTED, MD5SUM, DESCRIPTION, COMMENTS, EXECTYPE, CONTEXTS, LABELS, LIQUIBASE, DEPLOYMENT_ID) VALUES ('1511451595465-60', 'R3.Corda', 'migration/vault-schema.changelog-init.xml', NOW(), 16, '8:4cffb289ce33d922274cc829175a2a55', 'createIndex indexName=uuid_index, tableName=vault_linear_states', '', 'EXECUTED', NULL, NULL, '3.6.3', '3614852183') {changeSet=migration/vault-schema.changelog-init.xml::1511451595465-60::R3.Corda, databaseChangeLog=master.changelog.json}
?[m?[37m[INFO] 23:47:32,311 [Test worker] jvm.JdbcExecutor. - ALTER TABLE PUBLIC.vault_fungible_states_parts ADD CONSTRAINT FK__fung_st_parts__fung_st FOREIGN KEY (output_index, transaction_id) REFERENCES PUBLIC.vault_fungible_states (output_index, transaction_id) {changeSet=migration/vault-schema.changelog-init.xml::1511451595465-64::R3.Corda, databaseChangeLog=master.changelog.json}
?[m?[37m[INFO] 23:47:32,317 [Test worker] changelog.ChangeSet. - Foreign key constraint added to vault_fungible_states_parts (output_index,transaction_id) {changeSet=migration/vault-schema.changelog-init.xml::1511451595465-64::R3.Corda, databaseChangeLog=master.changelog.json}
?[m?[37m[INFO] 23:47:32,317 [Test worker] changelog.ChangeSet. - ChangeSet migration/vault-schema.changelog-init.xml::1511451595465-64::R3.Corda ran successfully in 8ms {changeSet=migration/vault-schema.changelog-init.xml::1511451595465-64::R3.Corda, databaseChangeLog=master.changelog.json}
?[m?[37m[INFO] 23:47:32,318 [Test worker] jvm.JdbcExecutor. - INSERT INTO PUBLIC.DATABASECHANGELOG (ID, AUTHOR, FILENAME, DATEEXECUTED, ORDEREXECUTED, MD5SUM, DESCRIPTION, COMMENTS, EXECTYPE, CONTEXTS, LABELS, LIQUIBASE, DEPLOYMENT_ID) VALUES ('1511451595465-64', 'R3.Corda', 'migration/vault-schema.changelog-init.xml', NOW(), 17, '8:1bde72346badbbe52e74b189ce1d079c', 'addForeignKeyConstraint baseTableName=vault_fungible_states_parts, constraintName=FK__fung_st_parts__fung_st, referencedTableName=vault_fungible_states', '', 'EXECUTED', NULL, NULL, '3.6.3', '3614852183') {changeSet=migration/vault-schema.changelog-init.xml::1511451595465-64::R3.Corda, databaseChangeLog=master.changelog.json}
?[m?[37m[INFO] 23:47:32,319 [Test worker] jvm.JdbcExecutor. - ALTER TABLE PUBLIC.vault_linear_states_parts ADD CONSTRAINT FK__lin_stat_parts__lin_stat FOREIGN KEY (output_index, transaction_id) REFERENCES PUBLIC.vault_linear_states (output_index, transaction_id) {changeSet=migration/vault-schema.changelog-init.xml::1511451595465-65::R3.Corda, databaseChangeLog=master.changelog.json}
?[m?[37m[INFO] 23:47:32,324 [Test worker] changelog.ChangeSet. - Foreign key constraint added to vault_linear_states_parts (output_index,transaction_id) {changeSet=migration/vault-schema.changelog-init.xml::1511451595465-65::R3.Corda, databaseChangeLog=master.changelog.json}
?[m?[37m[INFO] 23:47:32,324 [Test worker] changelog.ChangeSet. - ChangeSet migration/vault-schema.changelog-init.xml::1511451595465-65::R3.Corda ran successfully in 5ms {changeSet=migration/vault-schema.changelog-init.xml::1511451595465-65::R3.Corda, databaseChangeLog=master.changelog.json}
?[m?[37m[INFO] 23:47:32,325 [Test worker] jvm.JdbcExecutor. - INSERT INTO PUBLIC.DATABASECHANGELOG (ID, AUTHOR, FILENAME, DATEEXECUTED, ORDEREXECUTED, MD5SUM, DESCRIPTION, COMMENTS, EXECTYPE, CONTEXTS, LABELS, LIQUIBASE, DEPLOYMENT_ID) VALUES ('1511451595465-65', 'R3.Corda', 'migration/vault-schema.changelog-init.xml', NOW(), 18, '8:9a5d0106c45f631cb60a3e2f9542d2c2', 'addForeignKeyConstraint baseTableName=vault_linear_states_parts, constraintName=FK__lin_stat_parts__lin_stat, referencedTableName=vault_linear_states', '', 'EXECUTED', NULL, NULL, '3.6.3', '3614852183') {changeSet=migration/vault-schema.changelog-init.xml::1511451595465-65::R3.Corda, databaseChangeLog=master.changelog.json}
?[m?[37m[INFO] 23:47:32,326 [Test worker] jvm.JdbcExecutor. - DELETE FROM PUBLIC.vault_fungible_states_parts {changeSet=migration/vault-schema.changelog-v3.xml::clean_vault::R3.Corda, databaseChangeLog=master.changelog.json}
?[m?[37m[INFO] 23:47:32,327 [Test worker] changelog.ChangeSet. - Data deleted from vault_fungible_states_parts {changeSet=migration/vault-schema.changelog-v3.xml::clean_vault::R3.Corda, databaseChangeLog=master.changelog.json}
?[m?[37m[INFO] 23:47:32,327 [Test worker] jvm.JdbcExecutor. - DELETE FROM PUBLIC.vault_fungible_states {changeSet=migration/vault-schema.changelog-v3.xml::clean_vault::R3.Corda, databaseChangeLog=master.changelog.json}
?[m?[37m[INFO] 23:47:32,327 [Test worker] changelog.ChangeSet. - Data deleted from vault_fungible_states {changeSet=migration/vault-schema.changelog-v3.xml::clean_vault::R3.Corda, databaseChangeLog=master.changelog.json}
?[m?[37m[INFO] 23:47:32,327 [Test worker] jvm.JdbcExecutor. - DELETE FROM PUBLIC.vault_linear_states_parts {changeSet=migration/vault-schema.changelog-v3.xml::clean_vault::R3.Corda, databaseChangeLog=master.changelog.json}
?[m?[37m[INFO] 23:47:32,328 [Test worker] changelog.ChangeSet. - Data deleted from vault_linear_states_parts {changeSet=migration/vault-schema.changelog-v3.xml::clean_vault::R3.Corda, databaseChangeLog=master.changelog.json}
?[m?[37m[INFO] 23:47:32,328 [Test worker] jvm.JdbcExecutor. - DELETE FROM PUBLIC.vault_linear_states {changeSet=migration/vault-schema.changelog-v3.xml::clean_vault::R3.Corda, databaseChangeLog=master.changelog.json}
?[m?[37m[INFO] 23:47:32,328 [Test worker] changelog.ChangeSet. - Data deleted from vault_linear_states {changeSet=migration/vault-schema.changelog-v3.xml::clean_vault::R3.Corda, databaseChangeLog=master.changelog.json}
?[m?[37m[INFO] 23:47:32,328 [Test worker] jvm.JdbcExecutor. - DELETE FROM PUBLIC.vault_states {changeSet=migration/vault-schema.changelog-v3.xml::clean_vault::R3.Corda, databaseChangeLog=master.changelog.json}
?[m?[37m[INFO] 23:47:32,328 [Test worker] changelog.ChangeSet. - Data deleted from vault_states {changeSet=migration/vault-schema.changelog-v3.xml::clean_vault::R3.Corda, databaseChangeLog=master.changelog.json}
?[m?[37m[INFO] 23:47:32,329 [Test worker] jvm.JdbcExecutor. - DELETE FROM PUBLIC.vault_transaction_notes {changeSet=migration/vault-schema.changelog-v3.xml::clean_vault::R3.Corda, databaseChangeLog=master.changelog.json}
?[m?[37m[INFO] 23:47:32,329 [Test worker] changelog.ChangeSet. - Data deleted from vault_transaction_notes {changeSet=migration/vault-schema.changelog-v3.xml::clean_vault::R3.Corda, databaseChangeLog=master.changelog.json}
?[m?[37m[INFO] 23:47:32,329 [Test worker] changelog.ChangeSet. - ChangeSet migration/vault-schema.changelog-v3.xml::clean_vault::R3.Corda ran successfully in 3ms {changeSet=migration/vault-schema.changelog-v3.xml::clean_vault::R3.Corda, databaseChangeLog=master.changelog.json}
?[m?[37m[INFO] 23:47:32,330 [Test worker] jvm.JdbcExecutor. - INSERT INTO PUBLIC.DATABASECHANGELOG (ID, AUTHOR, FILENAME, DATEEXECUTED, ORDEREXECUTED, MD5SUM, DESCRIPTION, COMMENTS, EXECTYPE, CONTEXTS, LABELS, LIQUIBASE, DEPLOYMENT_ID) VALUES ('clean_vault', 'R3.Corda', 'migration/vault-schema.changelog-v3.xml', NOW(), 19, '8:0701d37bf9b322ada2323cea6db9393c', 'delete tableName=vault_fungible_states_parts; delete tableName=vault_fungible_states; delete tableName=vault_linear_states_parts; delete tableName=vault_linear_states; delete tableName=vault_states; delete tableName=vault_transaction_notes', '', 'EXECUTED', NULL, NULL, '3.6.3', '3614852183') {changeSet=migration/vault-schema.changelog-v3.xml::clean_vault::R3.Corda, databaseChangeLog=master.changelog.json}
?[m?[37m[INFO] 23:47:32,333 [Test worker] jvm.JdbcExecutor. - ALTER TABLE PUBLIC.vault_fungible_states ALTER COLUMN quantity SET NOT NULL {changeSet=migration/vault-schema.changelog-v4.xml::nullability::R3.Corda, databaseChangeLog=master.changelog.json}
?[m?[37m[INFO] 23:47:32,336 [Test worker] changelog.ChangeSet. - NOT NULL constraint has been added to vault_fungible_states.quantity {changeSet=migration/vault-schema.changelog-v4.xml::nullability::R3.Corda, databaseChangeLog=master.changelog.json}
?[m?[37m[INFO] 23:47:32,336 [Test worker] jvm.JdbcExecutor. - ALTER TABLE PUBLIC.vault_states ALTER COLUMN contract_state_class_name SET NOT NULL {changeSet=migration/vault-schema.changelog-v4.xml::nullability::R3.Corda, databaseChangeLog=master.changelog.json}
?[m?[37m[INFO] 23:47:32,337 [Test worker] changelog.ChangeSet. - NOT NULL constraint has been added to vault_states.contract_state_class_name {changeSet=migration/vault-schema.changelog-v4.xml::nullability::R3.Corda, databaseChangeLog=master.changelog.json}
?[m?[37m[INFO] 23:47:32,337 [Test worker] jvm.JdbcExecutor. - ALTER TABLE PUBLIC.vault_states ALTER COLUMN notary_name SET NOT NULL {changeSet=migration/vault-schema.changelog-v4.xml::nullability::R3.Corda, databaseChangeLog=master.changelog.json}
?[m?[37m[INFO] 23:47:32,338 [Test worker] changelog.ChangeSet. - NOT NULL constraint has been added to vault_states.notary_name {changeSet=migration/vault-schema.changelog-v4.xml::nullability::R3.Corda, databaseChangeLog=master.changelog.json}
?[m?[37m[INFO] 23:47:32,339 [Test worker] jvm.JdbcExecutor. - ALTER TABLE PUBLIC.vault_states ALTER COLUMN recorded_timestamp SET NOT NULL {changeSet=migration/vault-schema.changelog-v4.xml::nullability::R3.Corda, databaseChangeLog=master.changelog.json}
?[m?[37m[INFO] 23:47:32,339 [Test worker] changelog.ChangeSet. - NOT NULL constraint has been added to vault_states.recorded_timestamp {changeSet=migration/vault-schema.changelog-v4.xml::nullability::R3.Corda, databaseChangeLog=master.changelog.json}
?[m?[37m[INFO] 23:47:32,340 [Test worker] jvm.JdbcExecutor. - DROP INDEX PUBLIC.state_status_idx {changeSet=migration/vault-schema.changelog-v4.xml::nullability::R3.Corda, databaseChangeLog=master.changelog.json}
?[m?[37m[INFO] 23:47:32,344 [Test worker] changelog.ChangeSet. - Index state_status_idx dropped from table vault_states {changeSet=migration/vault-schema.changelog-v4.xml::nullability::R3.Corda, databaseChangeLog=master.changelog.json}
?[m?[37m[INFO] 23:47:32,344 [Test worker] jvm.JdbcExecutor. - DROP INDEX PUBLIC.lock_id_idx {changeSet=migration/vault-schema.changelog-v4.xml::nullability::R3.Corda, databaseChangeLog=master.changelog.json}
?[m?[37m[INFO] 23:47:32,345 [Test worker] changelog.ChangeSet. - Index lock_id_idx dropped from table vault_states {changeSet=migration/vault-schema.changelog-v4.xml::nullability::R3.Corda, databaseChangeLog=master.changelog.json}
?[m?[37m[INFO] 23:47:32,345 [Test worker] jvm.JdbcExecutor. - ALTER TABLE PUBLIC.vault_states ALTER COLUMN state_status SET NOT NULL {changeSet=migration/vault-schema.changelog-v4.xml::nullability::R3.Corda, databaseChangeLog=master.changelog.json}
?[m?[37m[INFO] 23:47:32,346 [Test worker] changelog.ChangeSet. - NOT NULL constraint has been added to vault_states.state_status {changeSet=migration/vault-schema.changelog-v4.xml::nullability::R3.Corda, databaseChangeLog=master.changelog.json}
?[m?[37m[INFO] 23:47:32,346 [Test worker] jvm.JdbcExecutor. - CREATE INDEX PUBLIC.state_status_idx ON PUBLIC.vault_states(state_status) {changeSet=migration/vault-schema.changelog-v4.xml::nullability::R3.Corda, databaseChangeLog=master.changelog.json}
?[m?[37m[INFO] 23:47:32,347 [Test worker] changelog.ChangeSet. - Index state_status_idx created {changeSet=migration/vault-schema.changelog-v4.xml::nullability::R3.Corda, databaseChangeLog=master.changelog.json}
?[m?[37m[INFO] 23:47:32,347 [Test worker] jvm.JdbcExecutor. - CREATE INDEX PUBLIC.lock_id_idx ON PUBLIC.vault_states(lock_id, state_status) {changeSet=migration/vault-schema.changelog-v4.xml::nullability::R3.Corda, databaseChangeLog=master.changelog.json}
?[m?[37m[INFO] 23:47:32,349 [Test worker] changelog.ChangeSet. - Index lock_id_idx created {changeSet=migration/vault-schema.changelog-v4.xml::nullability::R3.Corda, databaseChangeLog=master.changelog.json}
?[m?[37m[INFO] 23:47:32,349 [Test worker] jvm.JdbcExecutor. - DROP INDEX PUBLIC.transaction_id_index {changeSet=migration/vault-schema.changelog-v4.xml::nullability::R3.Corda, databaseChangeLog=master.changelog.json}
?[m?[37m[INFO] 23:47:32,350 [Test worker] changelog.ChangeSet. - Index transaction_id_index dropped from table vault_transaction_notes {changeSet=migration/vault-schema.changelog-v4.xml::nullability::R3.Corda, databaseChangeLog=master.changelog.json}
?[m?[37m[INFO] 23:47:32,350 [Test worker] jvm.JdbcExecutor. - ALTER TABLE PUBLIC.vault_transaction_notes ALTER COLUMN note SET NOT NULL {changeSet=migration/vault-schema.changelog-v4.xml::nullability::R3.Corda, databaseChangeLog=master.changelog.json}
?[m?[37m[INFO] 23:47:32,351 [Test worker] changelog.ChangeSet. - NOT NULL constraint has been added to vault_transaction_notes.note {changeSet=migration/vault-schema.changelog-v4.xml::nullability::R3.Corda, databaseChangeLog=master.changelog.json}
?[m?[37m[INFO] 23:47:32,351 [Test worker] jvm.JdbcExecutor. - ALTER TABLE PUBLIC.vault_transaction_notes ALTER COLUMN transaction_id SET NOT NULL {changeSet=migration/vault-schema.changelog-v4.xml::nullability::R3.Corda, databaseChangeLog=master.changelog.json}
?[m?[37m[INFO] 23:47:32,352 [Test worker] changelog.ChangeSet. - NOT NULL constraint has been added to vault_transaction_notes.transaction_id {changeSet=migration/vault-schema.changelog-v4.xml::nullability::R3.Corda, databaseChangeLog=master.changelog.json}
?[m?[37m[INFO] 23:47:32,352 [Test worker] jvm.JdbcExecutor. - CREATE INDEX PUBLIC.transaction_id_index ON PUBLIC.vault_transaction_notes(transaction_id) {changeSet=migration/vault-schema.changelog-v4.xml::nullability::R3.Corda, databaseChangeLog=master.changelog.json}
?[m?[37m[INFO] 23:47:32,353 [Test worker] changelog.ChangeSet. - Index transaction_id_index created {changeSet=migration/vault-schema.changelog-v4.xml::nullability::R3.Corda, databaseChangeLog=master.changelog.json}
?[m?[37m[INFO] 23:47:32,353 [Test worker] changelog.ChangeSet. - ChangeSet migration/vault-schema.changelog-v4.xml::nullability::R3.Corda ran successfully in 21ms {changeSet=migration/vault-schema.changelog-v4.xml::nullability::R3.Corda, databaseChangeLog=master.changelog.json}
?[m?[37m[INFO] 23:47:32,355 [Test worker] jvm.JdbcExecutor. - INSERT INTO PUBLIC.DATABASECHANGELOG (ID, AUTHOR, FILENAME, DATEEXECUTED, ORDEREXECUTED, MD5SUM, DESCRIPTION, COMMENTS, EXECTYPE, CONTEXTS, LABELS, LIQUIBASE, DEPLOYMENT_ID) VALUES ('nullability', 'R3.Corda', 'migration/vault-schema.changelog-v4.xml', NOW(), 20, '8:853fd1e24b974ff22712322ebb2860bf', 'addNotNullConstraint columnName=quantity, tableName=vault_fungible_states; addNotNullConstraint columnName=contract_state_class_name, tableName=vault_states; addNotNullConstraint columnName=notary_name, tableName=vault_states; addNotNullConstraint...', '', 'EXECUTED', NULL, NULL, '3.6.3', '3614852183') {changeSet=migration/vault-schema.changelog-v4.xml::nullability::R3.Corda, databaseChangeLog=master.changelog.json}
?[m?[37m[INFO] 23:47:32,360 [Test worker] jvm.JdbcExecutor. - INSERT INTO PUBLIC.DATABASECHANGELOG (ID, AUTHOR, FILENAME, DATEEXECUTED, ORDEREXECUTED, MD5SUM, DESCRIPTION, COMMENTS, EXECTYPE, CONTEXTS, LABELS, LIQUIBASE, DEPLOYMENT_ID) VALUES ('non-clustered_pk-11', 'R3.Corda', 'migration/vault-schema.changelog-pkey.xml', NOW(), 21, '8:7fca5375330f0b3b62de65b84274dd6e', 'dropForeignKeyConstraint baseTableName=vault_fungible_states_parts, constraintName=FK__fung_st_parts__fung_st; dropPrimaryKey constraintName=vault_fungible_states_pkey, tableName=vault_fungible_states; addPrimaryKey constraintName=vault_fungible_s...', '', 'MARK_RAN', NULL, NULL, '3.6.3', '3614852183') {changeSet=migration/vault-schema.changelog-pkey.xml::non-clustered_pk-11::R3.Corda, databaseChangeLog=master.changelog.json}
?[m?[37m[INFO] 23:47:32,362 [Test worker] jvm.JdbcExecutor. - INSERT INTO PUBLIC.DATABASECHANGELOG (ID, AUTHOR, FILENAME, DATEEXECUTED, ORDEREXECUTED, MD5SUM, DESCRIPTION, COMMENTS, EXECTYPE, CONTEXTS, LABELS, LIQUIBASE, DEPLOYMENT_ID) VALUES ('non-clustered_pk-12', 'R3.Corda', 'migration/vault-schema.changelog-pkey.xml', NOW(), 22, '8:8469058af292b08d108fcf1b3eb8fca4', 'dropForeignKeyConstraint baseTableName=vault_linear_states_parts, constraintName=FK__lin_stat_parts__lin_stat; dropPrimaryKey constraintName=vault_linear_states_pkey, tableName=vault_linear_states; addPrimaryKey constraintName=vault_linear_states_...', '', 'MARK_RAN', NULL, NULL, '3.6.3', '3614852183') {changeSet=migration/vault-schema.changelog-pkey.xml::non-clustered_pk-12::R3.Corda, databaseChangeLog=master.changelog.json}
?[m?[37m[INFO] 23:47:32,367 [Test worker] jvm.JdbcExecutor. - INSERT INTO PUBLIC.DATABASECHANGELOG (ID, AUTHOR, FILENAME, DATEEXECUTED, ORDEREXECUTED, MD5SUM, DESCRIPTION, COMMENTS, EXECTYPE, CONTEXTS, LABELS, LIQUIBASE, DEPLOYMENT_ID) VALUES ('non-clustered_pk-13', 'R3.Corda', 'migration/vault-schema.changelog-pkey.xml', NOW(), 23, '8:e0ccce8941c28a45870d60f5bf54cd50', 'dropPrimaryKey constraintName=vault_states_pkey, tableName=vault_states; addPrimaryKey constraintName=vault_states_pkey, tableName=vault_states', '', 'MARK_RAN', NULL, NULL, '3.6.3', '3614852183') {changeSet=migration/vault-schema.changelog-pkey.xml::non-clustered_pk-13::R3.Corda, databaseChangeLog=master.changelog.json}
?[m?[37m[INFO] 23:47:32,370 [Test worker] jvm.JdbcExecutor. - ALTER TABLE PUBLIC.vault_states ADD relevancy_status INT {changeSet=migration/vault-schema.changelog-v5.xml::add_relevancy_status_column::R3.Corda, databaseChangeLog=master.changelog.json}
?[m?[37m[INFO] 23:47:32,385 [Test worker] changelog.ChangeSet. - Columns relevancy_status(INT) added to vault_states {changeSet=migration/vault-schema.changelog-v5.xml::add_relevancy_status_column::R3.Corda, databaseChangeLog=master.changelog.json}
?[m?[37m[INFO] 23:47:32,385 [Test worker] jvm.JdbcExecutor. - UPDATE PUBLIC.vault_states SET relevancy_status = 0 {changeSet=migration/vault-schema.changelog-v5.xml::add_relevancy_status_column::R3.Corda, databaseChangeLog=master.changelog.json}
?[m?[37m[INFO] 23:47:32,385 [Test worker] changelog.ChangeSet. - Data updated in vault_states {changeSet=migration/vault-schema.changelog-v5.xml::add_relevancy_status_column::R3.Corda, databaseChangeLog=master.changelog.json}
?[m?[37m[INFO] 23:47:32,386 [Test worker] jvm.JdbcExecutor. - ALTER TABLE PUBLIC.vault_states ALTER COLUMN relevancy_status SET NOT NULL {changeSet=migration/vault-schema.changelog-v5.xml::add_relevancy_status_column::R3.Corda, databaseChangeLog=master.changelog.json}
?[m?[37m[INFO] 23:47:32,386 [Test worker] changelog.ChangeSet. - NOT NULL constraint has been added to vault_states.relevancy_status {changeSet=migration/vault-schema.changelog-v5.xml::add_relevancy_status_column::R3.Corda, databaseChangeLog=master.changelog.json}
?[m?[37m[INFO] 23:47:32,386 [Test worker] changelog.ChangeSet. - ChangeSet migration/vault-schema.changelog-v5.xml::add_relevancy_status_column::R3.Corda ran successfully in 18ms {changeSet=migration/vault-schema.changelog-v5.xml::add_relevancy_status_column::R3.Corda, databaseChangeLog=master.changelog.json}
?[m?[37m[INFO] 23:47:32,387 [Test worker] jvm.JdbcExecutor. - INSERT INTO PUBLIC.DATABASECHANGELOG (ID, AUTHOR, FILENAME, DATEEXECUTED, ORDEREXECUTED, MD5SUM, DESCRIPTION, COMMENTS, EXECTYPE, CONTEXTS, LABELS, LIQUIBASE, DEPLOYMENT_ID) VALUES ('add_relevancy_status_column', 'R3.Corda', 'migration/vault-schema.changelog-v5.xml', NOW(), 24, '8:93c5dcaf00387d4d643def4355a54b56', 'addColumn tableName=vault_states; update tableName=vault_states; addNotNullConstraint columnName=relevancy_status, tableName=vault_states', '', 'EXECUTED', NULL, NULL, '3.6.3', '3614852183') {changeSet=migration/vault-schema.changelog-v5.xml::add_relevancy_status_column::R3.Corda, databaseChangeLog=master.changelog.json}
?[m?[37m[INFO] 23:47:32,393 [Test worker] jvm.JdbcExecutor. - ALTER TABLE PUBLIC.vault_states ADD constraint_type INT DEFAULT '0' NOT NULL {changeSet=migration/vault-schema.changelog-v6.xml::add_is_constraint_information_columns::R3.Corda, databaseChangeLog=master.changelog.json}
?[m?[37m[INFO] 23:47:32,400 [Test worker] changelog.ChangeSet. - Columns constraint_type(INT) added to vault_states {changeSet=migration/vault-schema.changelog-v6.xml::add_is_constraint_information_columns::R3.Corda, databaseChangeLog=master.changelog.json}
?[m?[37m[INFO] 23:47:32,401 [Test worker] jvm.JdbcExecutor. - ALTER TABLE PUBLIC.vault_states ADD constraint_data VARBINARY(563) {changeSet=migration/vault-schema.changelog-v6.xml::add_is_constraint_information_columns::R3.Corda, databaseChangeLog=master.changelog.json}
?[m?[37m[INFO] 23:47:32,410 [Test worker] changelog.ChangeSet. - Columns constraint_data(varbinary(563)) added to vault_states {changeSet=migration/vault-schema.changelog-v6.xml::add_is_constraint_information_columns::R3.Corda, databaseChangeLog=master.changelog.json}
?[m?[37m[INFO] 23:47:32,410 [Test worker] changelog.ChangeSet. - ChangeSet migration/vault-schema.changelog-v6.xml::add_is_constraint_information_columns::R3.Corda ran successfully in 21ms {changeSet=migration/vault-schema.changelog-v6.xml::add_is_constraint_information_columns::R3.Corda, databaseChangeLog=master.changelog.json}
?[m?[37m[INFO] 23:47:32,412 [Test worker] jvm.JdbcExecutor. - INSERT INTO PUBLIC.DATABASECHANGELOG (ID, AUTHOR, FILENAME, DATEEXECUTED, ORDEREXECUTED, MD5SUM, DESCRIPTION, COMMENTS, EXECTYPE, CONTEXTS, LABELS, LIQUIBASE, DEPLOYMENT_ID) VALUES ('add_is_constraint_information_columns', 'R3.Corda', 'migration/vault-schema.changelog-v6.xml', NOW(), 25, '8:acf60bd84f648e157d402de8f8e22f3a', 'addColumn tableName=vault_states; addColumn tableName=vault_states', '', 'EXECUTED', NULL, NULL, '3.6.3', '3614852183') {changeSet=migration/vault-schema.changelog-v6.xml::add_is_constraint_information_columns::R3.Corda, databaseChangeLog=master.changelog.json}
?[m?[37m[INFO] 23:47:32,413 [Test worker] jvm.JdbcExecutor. - ALTER TABLE PUBLIC.vault_fungible_states ALTER COLUMN issuer_ref SET NULL {changeSet=migration/vault-schema.changelog-v7.xml::make_issuer_ref_nullable::R3.Corda, databaseChangeLog=master.changelog.json}
?[m?[37m[INFO] 23:47:32,414 [Test worker] changelog.ChangeSet. - Null constraint dropped from vault_fungible_states.issuer_ref {changeSet=migration/vault-schema.changelog-v7.xml::make_issuer_ref_nullable::R3.Corda, databaseChangeLog=master.changelog.json}
?[m?[37m[INFO] 23:47:32,414 [Test worker] changelog.ChangeSet. - ChangeSet migration/vault-schema.changelog-v7.xml::make_issuer_ref_nullable::R3.Corda ran successfully in 1ms {changeSet=migration/vault-schema.changelog-v7.xml::make_issuer_ref_nullable::R3.Corda, databaseChangeLog=master.changelog.json}
?[m?[37m[INFO] 23:47:32,416 [Test worker] jvm.JdbcExecutor. - INSERT INTO PUBLIC.DATABASECHANGELOG (ID, AUTHOR, FILENAME, DATEEXECUTED, ORDEREXECUTED, MD5SUM, DESCRIPTION, COMMENTS, EXECTYPE, CONTEXTS, LABELS, LIQUIBASE, DEPLOYMENT_ID) VALUES ('make_issuer_ref_nullable', 'R3.Corda', 'migration/vault-schema.changelog-v7.xml', NOW(), 26, '8:58039722b4808e90a7711d3c82e5fc95', 'dropNotNullConstraint columnName=issuer_ref, tableName=vault_fungible_states', '', 'EXECUTED', NULL, NULL, '3.6.3', '3614852183') {changeSet=migration/vault-schema.changelog-v7.xml::make_issuer_ref_nullable::R3.Corda, databaseChangeLog=master.changelog.json}
?[m?[37m[INFO] 23:47:32,417 [Test worker] jvm.JdbcExecutor. - CREATE TABLE PUBLIC.state_party (output_index INT, transaction_id NVARCHAR(64), public_key_hash NVARCHAR(255) NOT NULL, x500_name NVARCHAR(255)) {changeSet=migration/vault-schema.changelog-v8.xml::create-external-id-to-state-party-view::R3.Corda, databaseChangeLog=master.changelog.json}
?[m?[37m[INFO] 23:47:32,418 [Test worker] changelog.ChangeSet. - Table state_party created {changeSet=migration/vault-schema.changelog-v8.xml::create-external-id-to-state-party-view::R3.Corda, databaseChangeLog=master.changelog.json}
?[m?[37m[INFO] 23:47:32,418 [Test worker] jvm.JdbcExecutor. - CREATE INDEX PUBLIC.state_pk_hash_idx ON PUBLIC.state_party(public_key_hash) {changeSet=migration/vault-schema.changelog-v8.xml::create-external-id-to-state-party-view::R3.Corda, databaseChangeLog=master.changelog.json}
?[m?[37m[INFO] 23:47:32,419 [Test worker] changelog.ChangeSet. - Index state_pk_hash_idx created {changeSet=migration/vault-schema.changelog-v8.xml::create-external-id-to-state-party-view::R3.Corda, databaseChangeLog=master.changelog.json}
?[m?[37m[INFO] 23:47:32,419 [Test worker] jvm.JdbcExecutor. - CREATE TABLE PUBLIC.pk_hash_to_ext_id_map (id BIGINT NOT NULL, external_id VARCHAR(255) NOT NULL, public_key_hash NVARCHAR(255) NOT NULL) {changeSet=migration/vault-schema.changelog-v8.xml::create-external-id-to-state-party-view::R3.Corda, databaseChangeLog=master.changelog.json}
?[m?[37m[INFO] 23:47:32,420 [Test worker] changelog.ChangeSet. - Table pk_hash_to_ext_id_map created {changeSet=migration/vault-schema.changelog-v8.xml::create-external-id-to-state-party-view::R3.Corda, databaseChangeLog=master.changelog.json}
?[m?[37m[INFO] 23:47:32,420 [Test worker] jvm.JdbcExecutor. - CREATE INDEX PUBLIC.pk_hash_to_xid_idx ON PUBLIC.pk_hash_to_ext_id_map(public_key_hash) {changeSet=migration/vault-schema.changelog-v8.xml::create-external-id-to-state-party-view::R3.Corda, databaseChangeLog=master.changelog.json}
?[m?[37m[INFO] 23:47:32,421 [Test worker] changelog.ChangeSet. - Index pk_hash_to_xid_idx created {changeSet=migration/vault-schema.changelog-v8.xml::create-external-id-to-state-party-view::R3.Corda, databaseChangeLog=master.changelog.json}
?[m?[37m[INFO] 23:47:32,423 [Test worker] jvm.JdbcExecutor. - CREATE VIEW PUBLIC.v_pkey_hash_ex_id_map AS select
                state_party.public_key_hash,
                state_party.transaction_id,
                state_party.output_index,
                pk_hash_to_ext_id_map.external_id
            from state_party
            join pk_hash_to_ext_id_map
            on state_party.public_key_hash = pk_hash_to_ext_id_map.public_key_hash {changeSet=migration/vault-schema.changelog-v8.xml::create-external-id-to-state-party-view::R3.Corda, databaseChangeLog=master.changelog.json}
?[m?[37m[INFO] 23:47:32,426 [Test worker] changelog.ChangeSet. - View v_pkey_hash_ex_id_map created {changeSet=migration/vault-schema.changelog-v8.xml::create-external-id-to-state-party-view::R3.Corda, databaseChangeLog=master.changelog.json}
?[m?[37m[INFO] 23:47:32,426 [Test worker] changelog.ChangeSet. - ChangeSet migration/vault-schema.changelog-v8.xml::create-external-id-to-state-party-view::R3.Corda ran successfully in 10ms {changeSet=migration/vault-schema.changelog-v8.xml::create-external-id-to-state-party-view::R3.Corda, databaseChangeLog=master.changelog.json}
?[m?[37m[INFO] 23:47:32,427 [Test worker] jvm.JdbcExecutor. - INSERT INTO PUBLIC.DATABASECHANGELOG (ID, AUTHOR, FILENAME, DATEEXECUTED, ORDEREXECUTED, MD5SUM, DESCRIPTION, COMMENTS, EXECTYPE, CONTEXTS, LABELS, LIQUIBASE, DEPLOYMENT_ID) VALUES ('create-external-id-to-state-party-view', 'R3.Corda', 'migration/vault-schema.changelog-v8.xml', NOW(), 27, '8:9a5b20f7b7367bb3b86f600bccaa423b', 'createTable tableName=state_party; createIndex indexName=state_pk_hash_idx, tableName=state_party; createTable tableName=pk_hash_to_ext_id_map; createIndex indexName=pk_hash_to_xid_idx, tableName=pk_hash_to_ext_id_map; createView viewName=v_pkey_h...', '', 'EXECUTED', NULL, NULL, '3.6.3', '3614852183') {changeSet=migration/vault-schema.changelog-v8.xml::create-external-id-to-state-party-view::R3.Corda, databaseChangeLog=master.changelog.json}
?[m?[37m[INFO] 23:47:32,428 [Test worker] jvm.JdbcExecutor. - ALTER TABLE PUBLIC.vault_states ALTER COLUMN constraint_data VARBINARY(20000) {changeSet=migration/vault-schema.changelog-v11.xml::expand_constraint_data_size::R3.Corda, databaseChangeLog=master.changelog.json}
?[m?[37m[INFO] 23:47:32,434 [Test worker] changelog.ChangeSet. - vault_states.constraint_data datatype was changed to varbinary(20000) {changeSet=migration/vault-schema.changelog-v11.xml::expand_constraint_data_size::R3.Corda, databaseChangeLog=master.changelog.json}
?[m?[37m[INFO] 23:47:32,434 [Test worker] changelog.ChangeSet. - ChangeSet migration/vault-schema.changelog-v11.xml::expand_constraint_data_size::R3.Corda ran successfully in 6ms {changeSet=migration/vault-schema.changelog-v11.xml::expand_constraint_data_size::R3.Corda, databaseChangeLog=master.changelog.json}
?[m?[37m[INFO] 23:47:32,435 [Test worker] jvm.JdbcExecutor. - INSERT INTO PUBLIC.DATABASECHANGELOG (ID, AUTHOR, FILENAME, DATEEXECUTED, ORDEREXECUTED, MD5SUM, DESCRIPTION, COMMENTS, EXECTYPE, CONTEXTS, LABELS, LIQUIBASE, DEPLOYMENT_ID) VALUES ('expand_constraint_data_size', 'R3.Corda', 'migration/vault-schema.changelog-v11.xml', NOW(), 28, '8:0bd51f3d930d4b03d7b1075454bb2d70', 'modifyDataType columnName=constraint_data, tableName=vault_states', '', 'EXECUTED', NULL, NULL, '3.6.3', '3614852183') {changeSet=migration/vault-schema.changelog-v11.xml::expand_constraint_data_size::R3.Corda, databaseChangeLog=master.changelog.json}
?[m?[37m[INFO] 23:47:32,437 [Test worker] jvm.JdbcExecutor. - CREATE TABLE PUBLIC.node_link_nodeinfo_party (node_info_id INT NOT NULL, party_name NVARCHAR(255) NOT NULL) {changeSet=migration/node-info.changelog-init.xml::1511451595465-4::R3.Corda, databaseChangeLog=master.changelog.json}
?[m?[37m[INFO] 23:47:32,437 [Test worker] changelog.ChangeSet. - Table node_link_nodeinfo_party created {changeSet=migration/node-info.changelog-init.xml::1511451595465-4::R3.Corda, databaseChangeLog=master.changelog.json}
?[m?[37m[INFO] 23:47:32,437 [Test worker] changelog.ChangeSet. - ChangeSet migration/node-info.changelog-init.xml::1511451595465-4::R3.Corda ran successfully in 1ms {changeSet=migration/node-info.changelog-init.xml::1511451595465-4::R3.Corda, databaseChangeLog=master.changelog.json}
?[m?[37m[INFO] 23:47:32,438 [Test worker] jvm.JdbcExecutor. - INSERT INTO PUBLIC.DATABASECHANGELOG (ID, AUTHOR, FILENAME, DATEEXECUTED, ORDEREXECUTED, MD5SUM, DESCRIPTION, COMMENTS, EXECTYPE, CONTEXTS, LABELS, LIQUIBASE, DEPLOYMENT_ID) VALUES ('1511451595465-4', 'R3.Corda', 'migration/node-info.changelog-init.xml', NOW(), 29, '8:cbf3edf78266c3bd22738eaf20c7c111', 'createTable tableName=node_link_nodeinfo_party', '', 'EXECUTED', NULL, NULL, '3.6.3', '3614852183') {changeSet=migration/node-info.changelog-init.xml::1511451595465-4::R3.Corda, databaseChangeLog=master.changelog.json}
?[m?[37m[INFO] 23:47:32,439 [Test worker] jvm.JdbcExecutor. - CREATE TABLE PUBLIC.node_info_hosts (host NVARCHAR(255) NOT NULL, port INT NOT NULL, node_info_id INT) {changeSet=migration/node-info.changelog-init.xml::1511451595465-10::R3.Corda, databaseChangeLog=master.changelog.json}
?[m?[37m[INFO] 23:47:32,440 [Test worker] changelog.ChangeSet. - Table node_info_hosts created {changeSet=migration/node-info.changelog-init.xml::1511451595465-10::R3.Corda, databaseChangeLog=master.changelog.json}
?[m?[37m[INFO] 23:47:32,440 [Test worker] changelog.ChangeSet. - ChangeSet migration/node-info.changelog-init.xml::1511451595465-10::R3.Corda ran successfully in 1ms {changeSet=migration/node-info.changelog-init.xml::1511451595465-10::R3.Corda, databaseChangeLog=master.changelog.json}
?[m?[37m[INFO] 23:47:32,441 [Test worker] jvm.JdbcExecutor. - INSERT INTO PUBLIC.DATABASECHANGELOG (ID, AUTHOR, FILENAME, DATEEXECUTED, ORDEREXECUTED, MD5SUM, DESCRIPTION, COMMENTS, EXECTYPE, CONTEXTS, LABELS, LIQUIBASE, DEPLOYMENT_ID) VALUES ('1511451595465-10', 'R3.Corda', 'migration/node-info.changelog-init.xml', NOW(), 30, '8:f0b2c5a77ffde6aaa3c417095fc220a9', 'createTable tableName=node_info_hosts', '', 'EXECUTED', NULL, NULL, '3.6.3', '3614852183') {changeSet=migration/node-info.changelog-init.xml::1511451595465-10::R3.Corda, databaseChangeLog=master.changelog.json}
?[m?[37m[INFO] 23:47:32,442 [Test worker] jvm.JdbcExecutor. - CREATE TABLE PUBLIC.node_info_party_cert (party_name NVARCHAR(255) NOT NULL, ismain BOOLEAN NOT NULL, owning_key_hash NVARCHAR(130), party_cert_binary BLOB) {changeSet=migration/node-info.changelog-init.xml::1511451595465-11::R3.Corda, databaseChangeLog=master.changelog.json}
?[m?[37m[INFO] 23:47:32,444 [Test worker] changelog.ChangeSet. - Table node_info_party_cert created {changeSet=migration/node-info.changelog-init.xml::1511451595465-11::R3.Corda, databaseChangeLog=master.changelog.json}
?[m?[37m[INFO] 23:47:32,444 [Test worker] changelog.ChangeSet. - ChangeSet migration/node-info.changelog-init.xml::1511451595465-11::R3.Corda ran successfully in 2ms {changeSet=migration/node-info.changelog-init.xml::1511451595465-11::R3.Corda, databaseChangeLog=master.changelog.json}
?[m?[37m[INFO] 23:47:32,445 [Test worker] jvm.JdbcExecutor. - INSERT INTO PUBLIC.DATABASECHANGELOG (ID, AUTHOR, FILENAME, DATEEXECUTED, ORDEREXECUTED, MD5SUM, DESCRIPTION, COMMENTS, EXECTYPE, CONTEXTS, LABELS, LIQUIBASE, DEPLOYMENT_ID) VALUES ('1511451595465-11', 'R3.Corda', 'migration/node-info.changelog-init.xml', NOW(), 31, '8:5eacbf7ce0d85376219f1903b55f5e18', 'createTable tableName=node_info_party_cert', '', 'EXECUTED', NULL, NULL, '3.6.3', '3614852183') {changeSet=migration/node-info.changelog-init.xml::1511451595465-11::R3.Corda, databaseChangeLog=master.changelog.json}
?[m?[37m[INFO] 23:47:32,447 [Test worker] jvm.JdbcExecutor. - CREATE TABLE PUBLIC.node_infos (node_info_id INT NOT NULL, node_info_hash NVARCHAR(64), platform_version INT, serial BIGINT) {changeSet=migration/node-info.changelog-init.xml::1511451595465-12::R3.Corda, databaseChangeLog=master.changelog.json}
?[m?[37m[INFO] 23:47:32,447 [Test worker] changelog.ChangeSet. - Table node_infos created {changeSet=migration/node-info.changelog-init.xml::1511451595465-12::R3.Corda, databaseChangeLog=master.changelog.json}
?[m?[37m[INFO] 23:47:32,447 [Test worker] changelog.ChangeSet. - ChangeSet migration/node-info.changelog-init.xml::1511451595465-12::R3.Corda ran successfully in 1ms {changeSet=migration/node-info.changelog-init.xml::1511451595465-12::R3.Corda, databaseChangeLog=master.changelog.json}
?[m?[37m[INFO] 23:47:32,449 [Test worker] jvm.JdbcExecutor. - INSERT INTO PUBLIC.DATABASECHANGELOG (ID, AUTHOR, FILENAME, DATEEXECUTED, ORDEREXECUTED, MD5SUM, DESCRIPTION, COMMENTS, EXECTYPE, CONTEXTS, LABELS, LIQUIBASE, DEPLOYMENT_ID) VALUES ('1511451595465-12', 'R3.Corda', 'migration/node-info.changelog-init.xml', NOW(), 32, '8:7e30f20cf268860d637ecfb8635f45a3', 'createTable tableName=node_infos', '', 'EXECUTED', NULL, NULL, '3.6.3', '3614852183') {changeSet=migration/node-info.changelog-init.xml::1511451595465-12::R3.Corda, databaseChangeLog=master.changelog.json}
?[m?[37m[INFO] 23:47:32,450 [Test worker] jvm.JdbcExecutor. - ALTER TABLE PUBLIC.node_info_hosts ADD CONSTRAINT node_info_hosts_pkey PRIMARY KEY (host, port) {changeSet=migration/node-info.changelog-init.xml::1511451595465-35::R3.Corda, databaseChangeLog=master.changelog.json}
?[m?[37m[INFO] 23:47:32,451 [Test worker] changelog.ChangeSet. - Primary key added to node_info_hosts (host, port) {changeSet=migration/node-info.changelog-init.xml::1511451595465-35::R3.Corda, databaseChangeLog=master.changelog.json}
?[m?[37m[INFO] 23:47:32,451 [Test worker] changelog.ChangeSet. - ChangeSet migration/node-info.changelog-init.xml::1511451595465-35::R3.Corda ran successfully in 1ms {changeSet=migration/node-info.changelog-init.xml::1511451595465-35::R3.Corda, databaseChangeLog=master.changelog.json}
?[m?[37m[INFO] 23:47:32,452 [Test worker] jvm.JdbcExecutor. - INSERT INTO PUBLIC.DATABASECHANGELOG (ID, AUTHOR, FILENAME, DATEEXECUTED, ORDEREXECUTED, MD5SUM, DESCRIPTION, COMMENTS, EXECTYPE, CONTEXTS, LABELS, LIQUIBASE, DEPLOYMENT_ID) VALUES ('1511451595465-35', 'R3.Corda', 'migration/node-info.changelog-init.xml', NOW(), 33, '8:0d1a734e7350a8278808f540d992fedf', 'addPrimaryKey constraintName=node_info_hosts_pkey, tableName=node_info_hosts', '', 'EXECUTED', NULL, NULL, '3.6.3', '3614852183') {changeSet=migration/node-info.changelog-init.xml::1511451595465-35::R3.Corda, databaseChangeLog=master.changelog.json}
?[m?[37m[INFO] 23:47:32,454 [Test worker] jvm.JdbcExecutor. - ALTER TABLE PUBLIC.node_info_party_cert ADD CONSTRAINT node_info_party_cert_pkey PRIMARY KEY (party_name) {changeSet=migration/node-info.changelog-init.xml::1511451595465-36::R3.Corda, databaseChangeLog=master.changelog.json}
?[m?[37m[INFO] 23:47:32,458 [Test worker] changelog.ChangeSet. - Primary key added to node_info_party_cert (party_name) {changeSet=migration/node-info.changelog-init.xml::1511451595465-36::R3.Corda, databaseChangeLog=master.changelog.json}
?[m?[37m[INFO] 23:47:32,458 [Test worker] changelog.ChangeSet. - ChangeSet migration/node-info.changelog-init.xml::1511451595465-36::R3.Corda ran successfully in 5ms {changeSet=migration/node-info.changelog-init.xml::1511451595465-36::R3.Corda, databaseChangeLog=master.changelog.json}
?[m?[37m[INFO] 23:47:32,460 [Test worker] jvm.JdbcExecutor. - INSERT INTO PUBLIC.DATABASECHANGELOG (ID, AUTHOR, FILENAME, DATEEXECUTED, ORDEREXECUTED, MD5SUM, DESCRIPTION, COMMENTS, EXECTYPE, CONTEXTS, LABELS, LIQUIBASE, DEPLOYMENT_ID) VALUES ('1511451595465-36', 'R3.Corda', 'migration/node-info.changelog-init.xml', NOW(), 34, '8:dc78ba227ce869f406d2645c2064e8dc', 'addPrimaryKey constraintName=node_info_party_cert_pkey, tableName=node_info_party_cert', '', 'EXECUTED', NULL, NULL, '3.6.3', '3614852183') {changeSet=migration/node-info.changelog-init.xml::1511451595465-36::R3.Corda, databaseChangeLog=master.changelog.json}
?[m?[37m[INFO] 23:47:32,462 [Test worker] jvm.JdbcExecutor. - ALTER TABLE PUBLIC.node_infos ADD CONSTRAINT node_infos_pkey PRIMARY KEY (node_info_id) {changeSet=migration/node-info.changelog-init.xml::1511451595465-37::R3.Corda, databaseChangeLog=master.changelog.json}
?[m?[37m[INFO] 23:47:32,462 [Test worker] changelog.ChangeSet. - Primary key added to node_infos (node_info_id) {changeSet=migration/node-info.changelog-init.xml::1511451595465-37::R3.Corda, databaseChangeLog=master.changelog.json}
?[m?[37m[INFO] 23:47:32,462 [Test worker] changelog.ChangeSet. - ChangeSet migration/node-info.changelog-init.xml::1511451595465-37::R3.Corda ran successfully in 1ms {changeSet=migration/node-info.changelog-init.xml::1511451595465-37::R3.Corda, databaseChangeLog=master.changelog.json}
?[m?[37m[INFO] 23:47:32,464 [Test worker] jvm.JdbcExecutor. - INSERT INTO PUBLIC.DATABASECHANGELOG (ID, AUTHOR, FILENAME, DATEEXECUTED, ORDEREXECUTED, MD5SUM, DESCRIPTION, COMMENTS, EXECTYPE, CONTEXTS, LABELS, LIQUIBASE, DEPLOYMENT_ID) VALUES ('1511451595465-37', 'R3.Corda', 'migration/node-info.changelog-init.xml', NOW(), 35, '8:c07cbda2d04c6d77539ac802c66df023', 'addPrimaryKey constraintName=node_infos_pkey, tableName=node_infos', '', 'EXECUTED', NULL, NULL, '3.6.3', '3614852183') {changeSet=migration/node-info.changelog-init.xml::1511451595465-37::R3.Corda, databaseChangeLog=master.changelog.json}
?[m?[37m[INFO] 23:47:32,466 [Test worker] jvm.JdbcExecutor. - ALTER TABLE PUBLIC.node_link_nodeinfo_party ADD CONSTRAINT FK__link_nodeinfo_party__infos FOREIGN KEY (node_info_id) REFERENCES PUBLIC.node_infos (node_info_id) {changeSet=migration/node-info.changelog-init.xml::1511451595465-62::R3.Corda, databaseChangeLog=master.changelog.json}
?[m?[37m[INFO] 23:47:32,469 [Test worker] changelog.ChangeSet. - Foreign key constraint added to node_link_nodeinfo_party (node_info_id) {changeSet=migration/node-info.changelog-init.xml::1511451595465-62::R3.Corda, databaseChangeLog=master.changelog.json}
?[m?[37m[INFO] 23:47:32,469 [Test worker] changelog.ChangeSet. - ChangeSet migration/node-info.changelog-init.xml::1511451595465-62::R3.Corda ran successfully in 4ms {changeSet=migration/node-info.changelog-init.xml::1511451595465-62::R3.Corda, databaseChangeLog=master.changelog.json}
?[m?[37m[INFO] 23:47:32,470 [Test worker] jvm.JdbcExecutor. - INSERT INTO PUBLIC.DATABASECHANGELOG (ID, AUTHOR, FILENAME, DATEEXECUTED, ORDEREXECUTED, MD5SUM, DESCRIPTION, COMMENTS, EXECTYPE, CONTEXTS, LABELS, LIQUIBASE, DEPLOYMENT_ID) VALUES ('1511451595465-62', 'R3.Corda', 'migration/node-info.changelog-init.xml', NOW(), 36, '8:073bbdb8865055a19cde67340a2063e2', 'addForeignKeyConstraint baseTableName=node_link_nodeinfo_party, constraintName=FK__link_nodeinfo_party__infos, referencedTableName=node_infos', '', 'EXECUTED', NULL, NULL, '3.6.3', '3614852183') {changeSet=migration/node-info.changelog-init.xml::1511451595465-62::R3.Corda, databaseChangeLog=master.changelog.json}
?[m?[37m[INFO] 23:47:32,471 [Test worker] jvm.JdbcExecutor. - ALTER TABLE PUBLIC.node_info_hosts ADD CONSTRAINT FK__info_hosts__infos FOREIGN KEY (node_info_id) REFERENCES PUBLIC.node_infos (node_info_id) {changeSet=migration/node-info.changelog-init.xml::1511451595465-63::R3.Corda, databaseChangeLog=master.changelog.json}
?[m?[37m[INFO] 23:47:32,473 [Test worker] changelog.ChangeSet. - Foreign key constraint added to node_info_hosts (node_info_id) {changeSet=migration/node-info.changelog-init.xml::1511451595465-63::R3.Corda, databaseChangeLog=master.changelog.json}
?[m?[37m[INFO] 23:47:32,473 [Test worker] changelog.ChangeSet. - ChangeSet migration/node-info.changelog-init.xml::1511451595465-63::R3.Corda ran successfully in 2ms {changeSet=migration/node-info.changelog-init.xml::1511451595465-63::R3.Corda, databaseChangeLog=master.changelog.json}
?[m?[37m[INFO] 23:47:32,474 [Test worker] jvm.JdbcExecutor. - INSERT INTO PUBLIC.DATABASECHANGELOG (ID, AUTHOR, FILENAME, DATEEXECUTED, ORDEREXECUTED, MD5SUM, DESCRIPTION, COMMENTS, EXECTYPE, CONTEXTS, LABELS, LIQUIBASE, DEPLOYMENT_ID) VALUES ('1511451595465-63', 'R3.Corda', 'migration/node-info.changelog-init.xml', NOW(), 37, '8:fa5ee007de41334ad2ac991b32969076', 'addForeignKeyConstraint baseTableName=node_info_hosts, constraintName=FK__info_hosts__infos, referencedTableName=node_infos', '', 'EXECUTED', NULL, NULL, '3.6.3', '3614852183') {changeSet=migration/node-info.changelog-init.xml::1511451595465-63::R3.Corda, databaseChangeLog=master.changelog.json}
?[m?[37m[INFO] 23:47:32,475 [Test worker] jvm.JdbcExecutor. - DELETE FROM PUBLIC.node_infos {changeSet=migration/node-info.changelog-init.xml::remove_host_port_pk::R3.Corda, databaseChangeLog=master.changelog.json}
?[m?[37m[INFO] 23:47:32,475 [Test worker] changelog.ChangeSet. - Data deleted from node_infos {changeSet=migration/node-info.changelog-init.xml::remove_host_port_pk::R3.Corda, databaseChangeLog=master.changelog.json}
?[m?[37m[INFO] 23:47:32,476 [Test worker] jvm.JdbcExecutor. - DELETE FROM PUBLIC.node_link_nodeinfo_party {changeSet=migration/node-info.changelog-init.xml::remove_host_port_pk::R3.Corda, databaseChangeLog=master.changelog.json}
?[m?[37m[INFO] 23:47:32,476 [Test worker] changelog.ChangeSet. - Data deleted from node_link_nodeinfo_party {changeSet=migration/node-info.changelog-init.xml::remove_host_port_pk::R3.Corda, databaseChangeLog=master.changelog.json}
?[m?[37m[INFO] 23:47:32,476 [Test worker] jvm.JdbcExecutor. - DELETE FROM PUBLIC.node_info_hosts {changeSet=migration/node-info.changelog-init.xml::remove_host_port_pk::R3.Corda, databaseChangeLog=master.changelog.json}
?[m?[37m[INFO] 23:47:32,476 [Test worker] changelog.ChangeSet. - Data deleted from node_info_hosts {changeSet=migration/node-info.changelog-init.xml::remove_host_port_pk::R3.Corda, databaseChangeLog=master.changelog.json}
?[m?[37m[INFO] 23:47:32,476 [Test worker] jvm.JdbcExecutor. - DELETE FROM PUBLIC.node_info_party_cert {changeSet=migration/node-info.changelog-init.xml::remove_host_port_pk::R3.Corda, databaseChangeLog=master.changelog.json}
?[m?[37m[INFO] 23:47:32,476 [Test worker] changelog.ChangeSet. - Data deleted from node_info_party_cert {changeSet=migration/node-info.changelog-init.xml::remove_host_port_pk::R3.Corda, databaseChangeLog=master.changelog.json}
?[m?[37m[INFO] 23:47:32,477 [Test worker] jvm.JdbcExecutor. - ALTER TABLE PUBLIC.node_info_hosts DROP PRIMARY KEY {changeSet=migration/node-info.changelog-init.xml::remove_host_port_pk::R3.Corda, databaseChangeLog=master.changelog.json}
?[m?[37m[INFO] 23:47:32,477 [Test worker] changelog.ChangeSet. - Primary key dropped from node_info_hosts {changeSet=migration/node-info.changelog-init.xml::remove_host_port_pk::R3.Corda, databaseChangeLog=master.changelog.json}
?[m?[37m[INFO] 23:47:32,477 [Test worker] jvm.JdbcExecutor. - ALTER TABLE PUBLIC.node_info_hosts ADD hosts_id INT NOT NULL {changeSet=migration/node-info.changelog-init.xml::remove_host_port_pk::R3.Corda, databaseChangeLog=master.changelog.json}
?[m?[37m[INFO] 23:47:32,496 [Test worker] changelog.ChangeSet. - Columns hosts_id(INT) added to node_info_hosts {changeSet=migration/node-info.changelog-init.xml::remove_host_port_pk::R3.Corda, databaseChangeLog=master.changelog.json}
?[m?[37m[INFO] 23:47:32,496 [Test worker] jvm.JdbcExecutor. - ALTER TABLE PUBLIC.node_info_hosts ADD CONSTRAINT node_info_hosts_pkey_id PRIMARY KEY (hosts_id) {changeSet=migration/node-info.changelog-init.xml::remove_host_port_pk::R3.Corda, databaseChangeLog=master.changelog.json}
?[m?[37m[INFO] 23:47:32,499 [Test worker] changelog.ChangeSet. - Primary key added to node_info_hosts (hosts_id) {changeSet=migration/node-info.changelog-init.xml::remove_host_port_pk::R3.Corda, databaseChangeLog=master.changelog.json}
?[m?[37m[INFO] 23:47:32,499 [Test worker] changelog.ChangeSet. - ChangeSet migration/node-info.changelog-init.xml::remove_host_port_pk::R3.Corda ran successfully in 24ms {changeSet=migration/node-info.changelog-init.xml::remove_host_port_pk::R3.Corda, databaseChangeLog=master.changelog.json}
?[m?[37m[INFO] 23:47:32,501 [Test worker] jvm.JdbcExecutor. - INSERT INTO PUBLIC.DATABASECHANGELOG (ID, AUTHOR, FILENAME, DATEEXECUTED, ORDEREXECUTED, MD5SUM, DESCRIPTION, COMMENTS, EXECTYPE, CONTEXTS, LABELS, LIQUIBASE, DEPLOYMENT_ID) VALUES ('remove_host_port_pk', 'R3.Corda', 'migration/node-info.changelog-init.xml', NOW(), 38, '8:50fa65c10fd9bb3d89e0ad75d29a0e4d', 'delete tableName=node_infos; delete tableName=node_link_nodeinfo_party; delete tableName=node_info_hosts; delete tableName=node_info_party_cert; dropPrimaryKey constraintName=node_info_hosts_pkey, tableName=node_info_hosts; addColumn tableName=nod...', '', 'EXECUTED', NULL, NULL, '3.6.3', '3614852183') {changeSet=migration/node-info.changelog-init.xml::remove_host_port_pk::R3.Corda, databaseChangeLog=master.changelog.json}
?[m?[37m[INFO] 23:47:32,506 [Test worker] jvm.JdbcExecutor. - CREATE TABLE PUBLIC.node_properties (property_key NVARCHAR(255) NOT NULL, property_value NVARCHAR(255)) {changeSet=migration/node-info.changelog-v1.xml::key/value node properties table::R3.Corda, databaseChangeLog=master.changelog.json}
?[m?[37m[INFO] 23:47:32,507 [Test worker] changelog.ChangeSet. - Table node_properties created {changeSet=migration/node-info.changelog-v1.xml::key/value node properties table::R3.Corda, databaseChangeLog=master.changelog.json}
?[m?[37m[INFO] 23:47:32,507 [Test worker] changelog.ChangeSet. - ChangeSet migration/node-info.changelog-v1.xml::key/value node properties table::R3.Corda ran successfully in 1ms {changeSet=migration/node-info.changelog-v1.xml::key/value node properties table::R3.Corda, databaseChangeLog=master.changelog.json}
?[m?[37m[INFO] 23:47:32,508 [Test worker] jvm.JdbcExecutor. - INSERT INTO PUBLIC.DATABASECHANGELOG (ID, AUTHOR, FILENAME, DATEEXECUTED, ORDEREXECUTED, MD5SUM, DESCRIPTION, COMMENTS, EXECTYPE, CONTEXTS, LABELS, LIQUIBASE, DEPLOYMENT_ID) VALUES ('key/value node properties table', 'R3.Corda', 'migration/node-info.changelog-v1.xml', NOW(), 39, '8:39e4c897aa5e893e79a0434af2948a91', 'createTable tableName=node_properties', '', 'EXECUTED', NULL, NULL, '3.6.3', '3614852183') {changeSet=migration/node-info.changelog-v1.xml::key/value node properties table::R3.Corda, databaseChangeLog=master.changelog.json}
?[m?[37m[INFO] 23:47:32,510 [Test worker] jvm.JdbcExecutor. - ALTER TABLE PUBLIC.node_infos ALTER COLUMN node_info_hash SET NOT NULL {changeSet=migration/node-info.changelog-v2.xml::1525962920::R3.Corda, databaseChangeLog=master.changelog.json}
?[m?[37m[INFO] 23:47:32,511 [Test worker] changelog.ChangeSet. - NOT NULL constraint has been added to node_infos.node_info_hash {changeSet=migration/node-info.changelog-v2.xml::1525962920::R3.Corda, databaseChangeLog=master.changelog.json}
?[m?[37m[INFO] 23:47:32,512 [Test worker] jvm.JdbcExecutor. - ALTER TABLE PUBLIC.node_infos ALTER COLUMN platform_version SET NOT NULL {changeSet=migration/node-info.changelog-v2.xml::1525962920::R3.Corda, databaseChangeLog=master.changelog.json}
?[m?[37m[INFO] 23:47:32,512 [Test worker] changelog.ChangeSet. - NOT NULL constraint has been added to node_infos.platform_version {changeSet=migration/node-info.changelog-v2.xml::1525962920::R3.Corda, databaseChangeLog=master.changelog.json}
?[m?[37m[INFO] 23:47:32,513 [Test worker] jvm.JdbcExecutor. - ALTER TABLE PUBLIC.node_infos ALTER COLUMN serial SET NOT NULL {changeSet=migration/node-info.changelog-v2.xml::1525962920::R3.Corda, databaseChangeLog=master.changelog.json}
?[m?[37m[INFO] 23:47:32,513 [Test worker] changelog.ChangeSet. - NOT NULL constraint has been added to node_infos.serial {changeSet=migration/node-info.changelog-v2.xml::1525962920::R3.Corda, databaseChangeLog=master.changelog.json}
?[m?[37m[INFO] 23:47:32,514 [Test worker] jvm.JdbcExecutor. - ALTER TABLE PUBLIC.node_info_hosts ALTER COLUMN host SET NULL {changeSet=migration/node-info.changelog-v2.xml::1525962920::R3.Corda, databaseChangeLog=master.changelog.json}
?[m?[37m[INFO] 23:47:32,515 [Test worker] changelog.ChangeSet. - Null constraint dropped from node_info_hosts.host {changeSet=migration/node-info.changelog-v2.xml::1525962920::R3.Corda, databaseChangeLog=master.changelog.json}
?[m?[37m[INFO] 23:47:32,515 [Test worker] jvm.JdbcExecutor. - ALTER TABLE PUBLIC.node_info_hosts ALTER COLUMN port SET NULL {changeSet=migration/node-info.changelog-v2.xml::1525962920::R3.Corda, databaseChangeLog=master.changelog.json}
?[m?[37m[INFO] 23:47:32,516 [Test worker] changelog.ChangeSet. - Null constraint dropped from node_info_hosts.port {changeSet=migration/node-info.changelog-v2.xml::1525962920::R3.Corda, databaseChangeLog=master.changelog.json}
?[m?[37m[INFO] 23:47:32,516 [Test worker] jvm.JdbcExecutor. - ALTER TABLE PUBLIC.node_info_party_cert ALTER COLUMN owning_key_hash SET NOT NULL {changeSet=migration/node-info.changelog-v2.xml::1525962920::R3.Corda, databaseChangeLog=master.changelog.json}
?[m?[37m[INFO] 23:47:32,518 [Test worker] changelog.ChangeSet. - NOT NULL constraint has been added to node_info_party_cert.owning_key_hash {changeSet=migration/node-info.changelog-v2.xml::1525962920::R3.Corda, databaseChangeLog=master.changelog.json}
?[m?[37m[INFO] 23:47:32,518 [Test worker] jvm.JdbcExecutor. - ALTER TABLE PUBLIC.node_info_party_cert ALTER COLUMN party_cert_binary SET NOT NULL {changeSet=migration/node-info.changelog-v2.xml::1525962920::R3.Corda, databaseChangeLog=master.changelog.json}
?[m?[37m[INFO] 23:47:32,519 [Test worker] changelog.ChangeSet. - NOT NULL constraint has been added to node_info_party_cert.party_cert_binary {changeSet=migration/node-info.changelog-v2.xml::1525962920::R3.Corda, databaseChangeLog=master.changelog.json}
?[m?[37m[INFO] 23:47:32,519 [Test worker] changelog.ChangeSet. - ChangeSet migration/node-info.changelog-v2.xml::1525962920::R3.Corda ran successfully in 9ms {changeSet=migration/node-info.changelog-v2.xml::1525962920::R3.Corda, databaseChangeLog=master.changelog.json}
?[m?[37m[INFO] 23:47:32,520 [Test worker] jvm.JdbcExecutor. - INSERT INTO PUBLIC.DATABASECHANGELOG (ID, AUTHOR, FILENAME, DATEEXECUTED, ORDEREXECUTED, MD5SUM, DESCRIPTION, COMMENTS, EXECTYPE, CONTEXTS, LABELS, LIQUIBASE, DEPLOYMENT_ID) VALUES ('1525962920', 'R3.Corda', 'migration/node-info.changelog-v2.xml', NOW(), 40, '8:cc835e848ed6cc1f4b2a2e8e31fa92f1', 'addNotNullConstraint columnName=node_info_hash, tableName=node_infos; addNotNullConstraint columnName=platform_version, tableName=node_infos; addNotNullConstraint columnName=serial, tableName=node_infos; dropNotNullConstraint columnName=host, tabl...', '', 'EXECUTED', NULL, NULL, '3.6.3', '3614852183') {changeSet=migration/node-info.changelog-v2.xml::1525962920::R3.Corda, databaseChangeLog=master.changelog.json}
?[m?[37m[INFO] 23:47:32,522 [Test worker] jvm.JdbcExecutor. - ALTER TABLE PUBLIC.node_info_hosts ALTER COLUMN host RENAME TO host_name {changeSet=migration/node-info.changelog-v3.xml::column_host_name::R3.Corda, databaseChangeLog=master.changelog.json}
?[m?[37m[INFO] 23:47:32,523 [Test worker] changelog.ChangeSet. - Column node_info_hosts.host renamed to host_name {changeSet=migration/node-info.changelog-v3.xml::column_host_name::R3.Corda, databaseChangeLog=master.changelog.json}
?[m?[37m[INFO] 23:47:32,523 [Test worker] changelog.ChangeSet. - ChangeSet migration/node-info.changelog-v3.xml::column_host_name::R3.Corda ran successfully in 2ms {changeSet=migration/node-info.changelog-v3.xml::column_host_name::R3.Corda, databaseChangeLog=master.changelog.json}
?[m?[37m[INFO] 23:47:32,524 [Test worker] jvm.JdbcExecutor. - INSERT INTO PUBLIC.DATABASECHANGELOG (ID, AUTHOR, FILENAME, DATEEXECUTED, ORDEREXECUTED, MD5SUM, DESCRIPTION, COMMENTS, EXECTYPE, CONTEXTS, LABELS, LIQUIBASE, DEPLOYMENT_ID) VALUES ('column_host_name', 'R3.Corda', 'migration/node-info.changelog-v3.xml', NOW(), 41, '8:e5fb9380221a91515f45ee44c9c30053', 'renameColumn newColumnName=host_name, oldColumnName=host, tableName=node_info_hosts', '', 'EXECUTED', NULL, NULL, '3.6.3', '3614852183') {changeSet=migration/node-info.changelog-v3.xml::column_host_name::R3.Corda, databaseChangeLog=master.changelog.json}
?[m?[37m[INFO] 23:47:32,525 [Test worker] jvm.JdbcExecutor. - CREATE TABLE PUBLIC.node_attachments (att_id NVARCHAR(255) NOT NULL, content BLOB, filename NVARCHAR(255), insertion_date TIMESTAMP NOT NULL, uploader NVARCHAR(255)) {changeSet=migration/node-services.changelog-init.xml::1511451595465-5::R3.Corda, databaseChangeLog=master.changelog.json}
?[m?[37m[INFO] 23:47:32,526 [Test worker] changelog.ChangeSet. - Table node_attachments created {changeSet=migration/node-services.changelog-init.xml::1511451595465-5::R3.Corda, databaseChangeLog=master.changelog.json}
?[m?[37m[INFO] 23:47:32,526 [Test worker] changelog.ChangeSet. - ChangeSet migration/node-services.changelog-init.xml::1511451595465-5::R3.Corda ran successfully in 1ms {changeSet=migration/node-services.changelog-init.xml::1511451595465-5::R3.Corda, databaseChangeLog=master.changelog.json}
?[m?[37m[INFO] 23:47:32,528 [Test worker] jvm.JdbcExecutor. - INSERT INTO PUBLIC.DATABASECHANGELOG (ID, AUTHOR, FILENAME, DATEEXECUTED, ORDEREXECUTED, MD5SUM, DESCRIPTION, COMMENTS, EXECTYPE, CONTEXTS, LABELS, LIQUIBASE, DEPLOYMENT_ID) VALUES ('1511451595465-5', 'R3.Corda', 'migration/node-services.changelog-init.xml', NOW(), 42, '8:380e64788d9896c1166e4c22336d01e4', 'createTable tableName=node_attachments', '', 'EXECUTED', NULL, NULL, '3.6.3', '3614852183') {changeSet=migration/node-services.changelog-init.xml::1511451595465-5::R3.Corda, databaseChangeLog=master.changelog.json}
?[m?[37m[INFO] 23:47:32,529 [Test worker] jvm.JdbcExecutor. - CREATE TABLE PUBLIC.node_checkpoints (checkpoint_id NVARCHAR(64) NOT NULL, checkpoint_value BLOB) {changeSet=migration/node-services.changelog-init.xml::1511451595465-7::R3.Corda, databaseChangeLog=master.changelog.json}
?[m?[37m[INFO] 23:47:32,530 [Test worker] changelog.ChangeSet. - Table node_checkpoints created {changeSet=migration/node-services.changelog-init.xml::1511451595465-7::R3.Corda, databaseChangeLog=master.changelog.json}
?[m?[37m[INFO] 23:47:32,530 [Test worker] changelog.ChangeSet. - ChangeSet migration/node-services.changelog-init.xml::1511451595465-7::R3.Corda ran successfully in 1ms {changeSet=migration/node-services.changelog-init.xml::1511451595465-7::R3.Corda, databaseChangeLog=master.changelog.json}
?[m?[37m[INFO] 23:47:32,532 [Test worker] jvm.JdbcExecutor. - INSERT INTO PUBLIC.DATABASECHANGELOG (ID, AUTHOR, FILENAME, DATEEXECUTED, ORDEREXECUTED, MD5SUM, DESCRIPTION, COMMENTS, EXECTYPE, CONTEXTS, LABELS, LIQUIBASE, DEPLOYMENT_ID) VALUES ('1511451595465-7', 'R3.Corda', 'migration/node-services.changelog-init.xml', NOW(), 43, '8:8aefa1967ed80f8f98b69247c70c9f24', 'createTable tableName=node_checkpoints', '', 'EXECUTED', NULL, NULL, '3.6.3', '3614852183') {changeSet=migration/node-services.changelog-init.xml::1511451595465-7::R3.Corda, databaseChangeLog=master.changelog.json}
?[m?[37m[INFO] 23:47:32,533 [Test worker] jvm.JdbcExecutor. - CREATE TABLE PUBLIC.node_contract_upgrades (state_ref NVARCHAR(96) NOT NULL, contract_class_name NVARCHAR(255)) {changeSet=migration/node-services.changelog-init.xml::1511451595465-8::R3.Corda, databaseChangeLog=master.changelog.json}
?[m?[37m[INFO] 23:47:32,534 [Test worker] changelog.ChangeSet. - Table node_contract_upgrades created {changeSet=migration/node-services.changelog-init.xml::1511451595465-8::R3.Corda, databaseChangeLog=master.changelog.json}
?[m?[37m[INFO] 23:47:32,534 [Test worker] changelog.ChangeSet. - ChangeSet migration/node-services.changelog-init.xml::1511451595465-8::R3.Corda ran successfully in 1ms {changeSet=migration/node-services.changelog-init.xml::1511451595465-8::R3.Corda, databaseChangeLog=master.changelog.json}
?[m?[37m[INFO] 23:47:32,535 [Test worker] jvm.JdbcExecutor. - INSERT INTO PUBLIC.DATABASECHANGELOG (ID, AUTHOR, FILENAME, DATEEXECUTED, ORDEREXECUTED, MD5SUM, DESCRIPTION, COMMENTS, EXECTYPE, CONTEXTS, LABELS, LIQUIBASE, DEPLOYMENT_ID) VALUES ('1511451595465-8', 'R3.Corda', 'migration/node-services.changelog-init.xml', NOW(), 44, '8:6b06fe4c0ef085967f4dbd00dca08533', 'createTable tableName=node_contract_upgrades', '', 'EXECUTED', NULL, NULL, '3.6.3', '3614852183') {changeSet=migration/node-services.changelog-init.xml::1511451595465-8::R3.Corda, databaseChangeLog=master.changelog.json}
?[m?[37m[INFO] 23:47:32,536 [Test worker] jvm.JdbcExecutor. - CREATE TABLE PUBLIC.node_identities (pk_hash NVARCHAR(130) NOT NULL, identity_value BLOB) {changeSet=migration/node-services.changelog-init.xml::1511451595465-9::R3.Corda, databaseChangeLog=master.changelog.json}
?[m?[37m[INFO] 23:47:32,537 [Test worker] changelog.ChangeSet. - Table node_identities created {changeSet=migration/node-services.changelog-init.xml::1511451595465-9::R3.Corda, databaseChangeLog=master.changelog.json}
?[m?[37m[INFO] 23:47:32,537 [Test worker] changelog.ChangeSet. - ChangeSet migration/node-services.changelog-init.xml::1511451595465-9::R3.Corda ran successfully in 2ms {changeSet=migration/node-services.changelog-init.xml::1511451595465-9::R3.Corda, databaseChangeLog=master.changelog.json}
?[m?[37m[INFO] 23:47:32,539 [Test worker] jvm.JdbcExecutor. - INSERT INTO PUBLIC.DATABASECHANGELOG (ID, AUTHOR, FILENAME, DATEEXECUTED, ORDEREXECUTED, MD5SUM, DESCRIPTION, COMMENTS, EXECTYPE, CONTEXTS, LABELS, LIQUIBASE, DEPLOYMENT_ID) VALUES ('1511451595465-9', 'R3.Corda', 'migration/node-services.changelog-init.xml', NOW(), 45, '8:293963c9989772e272e1397c8ae9dfb1', 'createTable tableName=node_identities', '', 'EXECUTED', NULL, NULL, '3.6.3', '3614852183') {changeSet=migration/node-services.changelog-init.xml::1511451595465-9::R3.Corda, databaseChangeLog=master.changelog.json}
?[m?[37m[INFO] 23:47:32,567 [Test worker] jvm.JdbcExecutor. - CREATE TABLE PUBLIC.node_message_ids (message_id NVARCHAR(64) NOT NULL, insertion_time TIMESTAMP) {changeSet=migration/node-services.changelog-init.xml::1511451595465-13::R3.Corda, databaseChangeLog=master.changelog.json}
?[m?[37m[INFO] 23:47:32,570 [Test worker] changelog.ChangeSet. - Table node_message_ids created {changeSet=migration/node-services.changelog-init.xml::1511451595465-13::R3.Corda, databaseChangeLog=master.changelog.json}
?[m?[37m[INFO] 23:47:32,570 [Test worker] changelog.ChangeSet. - ChangeSet migration/node-services.changelog-init.xml::1511451595465-13::R3.Corda ran successfully in 4ms {changeSet=migration/node-services.changelog-init.xml::1511451595465-13::R3.Corda, databaseChangeLog=master.changelog.json}
?[m?[37m[INFO] 23:47:32,573 [Test worker] jvm.JdbcExecutor. - INSERT INTO PUBLIC.DATABASECHANGELOG (ID, AUTHOR, FILENAME, DATEEXECUTED, ORDEREXECUTED, MD5SUM, DESCRIPTION, COMMENTS, EXECTYPE, CONTEXTS, LABELS, LIQUIBASE, DEPLOYMENT_ID) VALUES ('1511451595465-13', 'R3.Corda', 'migration/node-services.changelog-init.xml', NOW(), 46, '8:421bb9432660d6cdf67a18c6f0acdeb4', 'createTable tableName=node_message_ids', '', 'EXECUTED', NULL, NULL, '3.6.3', '3614852183') {changeSet=migration/node-services.changelog-init.xml::1511451595465-13::R3.Corda, databaseChangeLog=master.changelog.json}
?[m?[37m[INFO] 23:47:32,575 [Test worker] jvm.JdbcExecutor. - CREATE TABLE PUBLIC.node_message_retry (message_id BIGINT NOT NULL, message BLOB, recipients BLOB) {changeSet=migration/node-services.changelog-init.xml::1511451595465-14::R3.Corda, databaseChangeLog=master.changelog.json}
?[m?[37m[INFO] 23:47:32,576 [Test worker] changelog.ChangeSet. - Table node_message_retry created {changeSet=migration/node-services.changelog-init.xml::1511451595465-14::R3.Corda, databaseChangeLog=master.changelog.json}
?[m?[37m[INFO] 23:47:32,576 [Test worker] changelog.ChangeSet. - ChangeSet migration/node-services.changelog-init.xml::1511451595465-14::R3.Corda ran successfully in 1ms {changeSet=migration/node-services.changelog-init.xml::1511451595465-14::R3.Corda, databaseChangeLog=master.changelog.json}
?[m?[37m[INFO] 23:47:32,584 [Test worker] jvm.JdbcExecutor. - INSERT INTO PUBLIC.DATABASECHANGELOG (ID, AUTHOR, FILENAME, DATEEXECUTED, ORDEREXECUTED, MD5SUM, DESCRIPTION, COMMENTS, EXECTYPE, CONTEXTS, LABELS, LIQUIBASE, DEPLOYMENT_ID) VALUES ('1511451595465-14', 'R3.Corda', 'migration/node-services.changelog-init.xml', NOW(), 47, '8:ba7acbbe63086c3c9fb627ea948864b2', 'createTable tableName=node_message_retry', '', 'EXECUTED', NULL, NULL, '3.6.3', '3614852183') {changeSet=migration/node-services.changelog-init.xml::1511451595465-14::R3.Corda, databaseChangeLog=master.changelog.json}
?[m?[37m[INFO] 23:47:32,586 [Test worker] jvm.JdbcExecutor. - CREATE TABLE PUBLIC.node_named_identities (name NVARCHAR(128) NOT NULL, pk_hash NVARCHAR(130)) {changeSet=migration/node-services.changelog-init.xml::1511451595465-15::R3.Corda, databaseChangeLog=master.changelog.json}
?[m?[37m[INFO] 23:47:32,587 [Test worker] changelog.ChangeSet. - Table node_named_identities created {changeSet=migration/node-services.changelog-init.xml::1511451595465-15::R3.Corda, databaseChangeLog=master.changelog.json}
?[m?[37m[INFO] 23:47:32,587 [Test worker] changelog.ChangeSet. - ChangeSet migration/node-services.changelog-init.xml::1511451595465-15::R3.Corda ran successfully in 2ms {changeSet=migration/node-services.changelog-init.xml::1511451595465-15::R3.Corda, databaseChangeLog=master.changelog.json}
?[m?[37m[INFO] 23:47:32,589 [Test worker] jvm.JdbcExecutor. - INSERT INTO PUBLIC.DATABASECHANGELOG (ID, AUTHOR, FILENAME, DATEEXECUTED, ORDEREXECUTED, MD5SUM, DESCRIPTION, COMMENTS, EXECTYPE, CONTEXTS, LABELS, LIQUIBASE, DEPLOYMENT_ID) VALUES ('1511451595465-15', 'R3.Corda', 'migration/node-services.changelog-init.xml', NOW(), 48, '8:bf6ca4e45e140b225f6f934935dd2f34', 'createTable tableName=node_named_identities', '', 'EXECUTED', NULL, NULL, '3.6.3', '3614852183') {changeSet=migration/node-services.changelog-init.xml::1511451595465-15::R3.Corda, databaseChangeLog=master.changelog.json}
?[m?[37m[INFO] 23:47:32,591 [Test worker] jvm.JdbcExecutor. - CREATE TABLE PUBLIC.node_our_key_pairs (public_key_hash NVARCHAR(130) NOT NULL, private_key BLOB, public_key BLOB) {changeSet=migration/node-services.changelog-init.xml::1511451595465-17::R3.Corda, databaseChangeLog=master.changelog.json}
?[m?[37m[INFO] 23:47:32,593 [Test worker] changelog.ChangeSet. - Table node_our_key_pairs created {changeSet=migration/node-services.changelog-init.xml::1511451595465-17::R3.Corda, databaseChangeLog=master.changelog.json}
?[m?[37m[INFO] 23:47:32,593 [Test worker] changelog.ChangeSet. - ChangeSet migration/node-services.changelog-init.xml::1511451595465-17::R3.Corda ran successfully in 3ms {changeSet=migration/node-services.changelog-init.xml::1511451595465-17::R3.Corda, databaseChangeLog=master.changelog.json}
?[m?[37m[INFO] 23:47:32,596 [Test worker] jvm.JdbcExecutor. - INSERT INTO PUBLIC.DATABASECHANGELOG (ID, AUTHOR, FILENAME, DATEEXECUTED, ORDEREXECUTED, MD5SUM, DESCRIPTION, COMMENTS, EXECTYPE, CONTEXTS, LABELS, LIQUIBASE, DEPLOYMENT_ID) VALUES ('1511451595465-17', 'R3.Corda', 'migration/node-services.changelog-init.xml', NOW(), 49, '8:e91eb86cb57176d4605d948f694d8441', 'createTable tableName=node_our_key_pairs', '', 'EXECUTED', NULL, NULL, '3.6.3', '3614852183') {changeSet=migration/node-services.changelog-init.xml::1511451595465-17::R3.Corda, databaseChangeLog=master.changelog.json}
?[m?[37m[INFO] 23:47:32,599 [Test worker] jvm.JdbcExecutor. - CREATE TABLE PUBLIC.node_scheduled_states (output_index INT NOT NULL, transaction_id NVARCHAR(64) NOT NULL, scheduled_at TIMESTAMP NOT NULL) {changeSet=migration/node-services.changelog-init.xml::1511451595465-19::R3.Corda, databaseChangeLog=master.changelog.json}
?[m?[37m[INFO] 23:47:32,600 [Test worker] changelog.ChangeSet. - Table node_scheduled_states created {changeSet=migration/node-services.changelog-init.xml::1511451595465-19::R3.Corda, databaseChangeLog=master.changelog.json}
?[m?[37m[INFO] 23:47:32,600 [Test worker] changelog.ChangeSet. - ChangeSet migration/node-services.changelog-init.xml::1511451595465-19::R3.Corda ran successfully in 2ms {changeSet=migration/node-services.changelog-init.xml::1511451595465-19::R3.Corda, databaseChangeLog=master.changelog.json}
?[m?[37m[INFO] 23:47:32,601 [Test worker] jvm.JdbcExecutor. - INSERT INTO PUBLIC.DATABASECHANGELOG (ID, AUTHOR, FILENAME, DATEEXECUTED, ORDEREXECUTED, MD5SUM, DESCRIPTION, COMMENTS, EXECTYPE, CONTEXTS, LABELS, LIQUIBASE, DEPLOYMENT_ID) VALUES ('1511451595465-19', 'R3.Corda', 'migration/node-services.changelog-init.xml', NOW(), 50, '8:55282f9fbfc1cb8f7583a90173e3ff4c', 'createTable tableName=node_scheduled_states', '', 'EXECUTED', NULL, NULL, '3.6.3', '3614852183') {changeSet=migration/node-services.changelog-init.xml::1511451595465-19::R3.Corda, databaseChangeLog=master.changelog.json}
?[m?[37m[INFO] 23:47:32,603 [Test worker] jvm.JdbcExecutor. - CREATE TABLE PUBLIC.node_transaction_mappings (tx_id NVARCHAR(64) NOT NULL, state_machine_run_id NVARCHAR(36)) {changeSet=migration/node-services.changelog-init.xml::1511451595465-20::R3.Corda, databaseChangeLog=master.changelog.json}
?[m?[37m[INFO] 23:47:32,603 [Test worker] changelog.ChangeSet. - Table node_transaction_mappings created {changeSet=migration/node-services.changelog-init.xml::1511451595465-20::R3.Corda, databaseChangeLog=master.changelog.json}
?[m?[37m[INFO] 23:47:32,604 [Test worker] changelog.ChangeSet. - ChangeSet migration/node-services.changelog-init.xml::1511451595465-20::R3.Corda ran successfully in 2ms {changeSet=migration/node-services.changelog-init.xml::1511451595465-20::R3.Corda, databaseChangeLog=master.changelog.json}
?[m?[37m[INFO] 23:47:32,605 [Test worker] jvm.JdbcExecutor. - INSERT INTO PUBLIC.DATABASECHANGELOG (ID, AUTHOR, FILENAME, DATEEXECUTED, ORDEREXECUTED, MD5SUM, DESCRIPTION, COMMENTS, EXECTYPE, CONTEXTS, LABELS, LIQUIBASE, DEPLOYMENT_ID) VALUES ('1511451595465-20', 'R3.Corda', 'migration/node-services.changelog-init.xml', NOW(), 51, '8:cc085b3d33f3d53b75c8866522653f98', 'createTable tableName=node_transaction_mappings', '', 'EXECUTED', NULL, NULL, '3.6.3', '3614852183') {changeSet=migration/node-services.changelog-init.xml::1511451595465-20::R3.Corda, databaseChangeLog=master.changelog.json}
?[m?[37m[INFO] 23:47:32,606 [Test worker] jvm.JdbcExecutor. - CREATE TABLE PUBLIC.node_transactions (tx_id NVARCHAR(64) NOT NULL, transaction_value BLOB) {changeSet=migration/node-services.changelog-init.xml::1511451595465-21::R3.Corda, databaseChangeLog=master.changelog.json}
?[m?[37m[INFO] 23:47:32,607 [Test worker] changelog.ChangeSet. - Table node_transactions created {changeSet=migration/node-services.changelog-init.xml::1511451595465-21::R3.Corda, databaseChangeLog=master.changelog.json}
?[m?[37m[INFO] 23:47:32,607 [Test worker] changelog.ChangeSet. - ChangeSet migration/node-services.changelog-init.xml::1511451595465-21::R3.Corda ran successfully in 1ms {changeSet=migration/node-services.changelog-init.xml::1511451595465-21::R3.Corda, databaseChangeLog=master.changelog.json}
?[m?[37m[INFO] 23:47:32,608 [Test worker] jvm.JdbcExecutor. - INSERT INTO PUBLIC.DATABASECHANGELOG (ID, AUTHOR, FILENAME, DATEEXECUTED, ORDEREXECUTED, MD5SUM, DESCRIPTION, COMMENTS, EXECTYPE, CONTEXTS, LABELS, LIQUIBASE, DEPLOYMENT_ID) VALUES ('1511451595465-21', 'R3.Corda', 'migration/node-services.changelog-init.xml', NOW(), 52, '8:69feb7582f3b77828510a56cb111cfd8', 'createTable tableName=node_transactions', '', 'EXECUTED', NULL, NULL, '3.6.3', '3614852183') {changeSet=migration/node-services.changelog-init.xml::1511451595465-21::R3.Corda, databaseChangeLog=master.changelog.json}
?[m?[37m[INFO] 23:47:32,610 [Test worker] jvm.JdbcExecutor. - ALTER TABLE PUBLIC.node_attachments ADD CONSTRAINT node_attachments_pkey PRIMARY KEY (att_id) {changeSet=migration/node-services.changelog-init.xml::1511451595465-30::R3.Corda, databaseChangeLog=master.changelog.json}
?[m?[37m[INFO] 23:47:32,611 [Test worker] changelog.ChangeSet. - Primary key added to node_attachments (att_id) {changeSet=migration/node-services.changelog-init.xml::1511451595465-30::R3.Corda, databaseChangeLog=master.changelog.json}
?[m?[37m[INFO] 23:47:32,611 [Test worker] changelog.ChangeSet. - ChangeSet migration/node-services.changelog-init.xml::1511451595465-30::R3.Corda ran successfully in 1ms {changeSet=migration/node-services.changelog-init.xml::1511451595465-30::R3.Corda, databaseChangeLog=master.changelog.json}
?[m?[37m[INFO] 23:47:32,612 [Test worker] jvm.JdbcExecutor. - INSERT INTO PUBLIC.DATABASECHANGELOG (ID, AUTHOR, FILENAME, DATEEXECUTED, ORDEREXECUTED, MD5SUM, DESCRIPTION, COMMENTS, EXECTYPE, CONTEXTS, LABELS, LIQUIBASE, DEPLOYMENT_ID) VALUES ('1511451595465-30', 'R3.Corda', 'migration/node-services.changelog-init.xml', NOW(), 53, '8:97c42d4eac368e79f47df345a072b237', 'addPrimaryKey constraintName=node_attachments_pkey, tableName=node_attachments', '', 'EXECUTED', NULL, NULL, '3.6.3', '3614852183') {changeSet=migration/node-services.changelog-init.xml::1511451595465-30::R3.Corda, databaseChangeLog=master.changelog.json}
?[m?[37m[INFO] 23:47:32,613 [Test worker] jvm.JdbcExecutor. - ALTER TABLE PUBLIC.node_checkpoints ADD CONSTRAINT node_checkpoints_pkey PRIMARY KEY (checkpoint_id) {changeSet=migration/node-services.changelog-init.xml::1511451595465-32::R3.Corda, databaseChangeLog=master.changelog.json}
?[m?[37m[INFO] 23:47:32,615 [Test worker] changelog.ChangeSet. - Primary key added to node_checkpoints (checkpoint_id) {changeSet=migration/node-services.changelog-init.xml::1511451595465-32::R3.Corda, databaseChangeLog=master.changelog.json}
?[m?[37m[INFO] 23:47:32,615 [Test worker] changelog.ChangeSet. - ChangeSet migration/node-services.changelog-init.xml::1511451595465-32::R3.Corda ran successfully in 2ms {changeSet=migration/node-services.changelog-init.xml::1511451595465-32::R3.Corda, databaseChangeLog=master.changelog.json}
?[m?[37m[INFO] 23:47:32,616 [Test worker] jvm.JdbcExecutor. - INSERT INTO PUBLIC.DATABASECHANGELOG (ID, AUTHOR, FILENAME, DATEEXECUTED, ORDEREXECUTED, MD5SUM, DESCRIPTION, COMMENTS, EXECTYPE, CONTEXTS, LABELS, LIQUIBASE, DEPLOYMENT_ID) VALUES ('1511451595465-32', 'R3.Corda', 'migration/node-services.changelog-init.xml', NOW(), 54, '8:7224c32660081d3e820e52e2b70b365f', 'addPrimaryKey constraintName=node_checkpoints_pkey, tableName=node_checkpoints', '', 'EXECUTED', NULL, NULL, '3.6.3', '3614852183') {changeSet=migration/node-services.changelog-init.xml::1511451595465-32::R3.Corda, databaseChangeLog=master.changelog.json}
?[m?[37m[INFO] 23:47:32,620 [Test worker] jvm.JdbcExecutor. - ALTER TABLE PUBLIC.node_contract_upgrades ADD CONSTRAINT node_contract_upgrades_pkey PRIMARY KEY (state_ref) {changeSet=migration/node-services.changelog-init.xml::1511451595465-33::R3.Corda, databaseChangeLog=master.changelog.json}
?[m?[37m[INFO] 23:47:32,622 [Test worker] changelog.ChangeSet. - Primary key added to node_contract_upgrades (state_ref) {changeSet=migration/node-services.changelog-init.xml::1511451595465-33::R3.Corda, databaseChangeLog=master.changelog.json}
?[m?[37m[INFO] 23:47:32,622 [Test worker] changelog.ChangeSet. - ChangeSet migration/node-services.changelog-init.xml::1511451595465-33::R3.Corda ran successfully in 2ms {changeSet=migration/node-services.changelog-init.xml::1511451595465-33::R3.Corda, databaseChangeLog=master.changelog.json}
?[m?[37m[INFO] 23:47:32,625 [Test worker] jvm.JdbcExecutor. - INSERT INTO PUBLIC.DATABASECHANGELOG (ID, AUTHOR, FILENAME, DATEEXECUTED, ORDEREXECUTED, MD5SUM, DESCRIPTION, COMMENTS, EXECTYPE, CONTEXTS, LABELS, LIQUIBASE, DEPLOYMENT_ID) VALUES ('1511451595465-33', 'R3.Corda', 'migration/node-services.changelog-init.xml', NOW(), 55, '8:85bcae037a29317065e3b922e0563902', 'addPrimaryKey constraintName=node_contract_upgrades_pkey, tableName=node_contract_upgrades', '', 'EXECUTED', NULL, NULL, '3.6.3', '3614852183') {changeSet=migration/node-services.changelog-init.xml::1511451595465-33::R3.Corda, databaseChangeLog=master.changelog.json}
?[m?[37m[INFO] 23:47:32,627 [Test worker] jvm.JdbcExecutor. - ALTER TABLE PUBLIC.node_identities ADD CONSTRAINT node_identities_pkey PRIMARY KEY (pk_hash) {changeSet=migration/node-services.changelog-init.xml::1511451595465-34::R3.Corda, databaseChangeLog=master.changelog.json}
?[m?[37m[INFO] 23:47:32,628 [Test worker] changelog.ChangeSet. - Primary key added to node_identities (pk_hash) {changeSet=migration/node-services.changelog-init.xml::1511451595465-34::R3.Corda, databaseChangeLog=master.changelog.json}
?[m?[37m[INFO] 23:47:32,628 [Test worker] changelog.ChangeSet. - ChangeSet migration/node-services.changelog-init.xml::1511451595465-34::R3.Corda ran successfully in 1ms {changeSet=migration/node-services.changelog-init.xml::1511451595465-34::R3.Corda, databaseChangeLog=master.changelog.json}
?[m?[37m[INFO] 23:47:32,629 [Test worker] jvm.JdbcExecutor. - INSERT INTO PUBLIC.DATABASECHANGELOG (ID, AUTHOR, FILENAME, DATEEXECUTED, ORDEREXECUTED, MD5SUM, DESCRIPTION, COMMENTS, EXECTYPE, CONTEXTS, LABELS, LIQUIBASE, DEPLOYMENT_ID) VALUES ('1511451595465-34', 'R3.Corda', 'migration/node-services.changelog-init.xml', NOW(), 56, '8:308ffe9985df3029fc05bd41c60010a9', 'addPrimaryKey constraintName=node_identities_pkey, tableName=node_identities', '', 'EXECUTED', NULL, NULL, '3.6.3', '3614852183') {changeSet=migration/node-services.changelog-init.xml::1511451595465-34::R3.Corda, databaseChangeLog=master.changelog.json}
?[m?[37m[INFO] 23:47:32,633 [Test worker] jvm.JdbcExecutor. - ALTER TABLE PUBLIC.node_message_ids ADD CONSTRAINT node_message_ids_pkey PRIMARY KEY (message_id) {changeSet=migration/node-services.changelog-init.xml::1511451595465-38::R3.Corda, databaseChangeLog=master.changelog.json}
?[m?[37m[INFO] 23:47:32,633 [Test worker] changelog.ChangeSet. - Primary key added to node_message_ids (message_id) {changeSet=migration/node-services.changelog-init.xml::1511451595465-38::R3.Corda, databaseChangeLog=master.changelog.json}
?[m?[37m[INFO] 23:47:32,633 [Test worker] changelog.ChangeSet. - ChangeSet migration/node-services.changelog-init.xml::1511451595465-38::R3.Corda ran successfully in 1ms {changeSet=migration/node-services.changelog-init.xml::1511451595465-38::R3.Corda, databaseChangeLog=master.changelog.json}
?[m?[37m[INFO] 23:47:32,634 [Test worker] jvm.JdbcExecutor. - INSERT INTO PUBLIC.DATABASECHANGELOG (ID, AUTHOR, FILENAME, DATEEXECUTED, ORDEREXECUTED, MD5SUM, DESCRIPTION, COMMENTS, EXECTYPE, CONTEXTS, LABELS, LIQUIBASE, DEPLOYMENT_ID) VALUES ('1511451595465-38', 'R3.Corda', 'migration/node-services.changelog-init.xml', NOW(), 57, '8:18b1b83ce2a778af1a8a8c9c56bb9651', 'addPrimaryKey constraintName=node_message_ids_pkey, tableName=node_message_ids', '', 'EXECUTED', NULL, NULL, '3.6.3', '3614852183') {changeSet=migration/node-services.changelog-init.xml::1511451595465-38::R3.Corda, databaseChangeLog=master.changelog.json}
?[m?[37m[INFO] 23:47:32,637 [Test worker] jvm.JdbcExecutor. - ALTER TABLE PUBLIC.node_message_retry ADD CONSTRAINT node_message_retry_pkey PRIMARY KEY (message_id) {changeSet=migration/node-services.changelog-init.xml::1511451595465-39::R3.Corda, databaseChangeLog=master.changelog.json}
?[m?[37m[INFO] 23:47:32,637 [Test worker] changelog.ChangeSet. - Primary key added to node_message_retry (message_id) {changeSet=migration/node-services.changelog-init.xml::1511451595465-39::R3.Corda, databaseChangeLog=master.changelog.json}
?[m?[37m[INFO] 23:47:32,637 [Test worker] changelog.ChangeSet. - ChangeSet migration/node-services.changelog-init.xml::1511451595465-39::R3.Corda ran successfully in 1ms {changeSet=migration/node-services.changelog-init.xml::1511451595465-39::R3.Corda, databaseChangeLog=master.changelog.json}
?[m?[37m[INFO] 23:47:32,638 [Test worker] jvm.JdbcExecutor. - INSERT INTO PUBLIC.DATABASECHANGELOG (ID, AUTHOR, FILENAME, DATEEXECUTED, ORDEREXECUTED, MD5SUM, DESCRIPTION, COMMENTS, EXECTYPE, CONTEXTS, LABELS, LIQUIBASE, DEPLOYMENT_ID) VALUES ('1511451595465-39', 'R3.Corda', 'migration/node-services.changelog-init.xml', NOW(), 58, '8:0359c73c9db723c73ee0171620ff4ac6', 'addPrimaryKey constraintName=node_message_retry_pkey, tableName=node_message_retry', '', 'EXECUTED', NULL, NULL, '3.6.3', '3614852183') {changeSet=migration/node-services.changelog-init.xml::1511451595465-39::R3.Corda, databaseChangeLog=master.changelog.json}
?[m?[37m[INFO] 23:47:32,639 [Test worker] jvm.JdbcExecutor. - ALTER TABLE PUBLIC.node_named_identities ADD CONSTRAINT node_named_identities_pkey PRIMARY KEY (name) {changeSet=migration/node-services.changelog-init.xml::1511451595465-40::R3.Corda, databaseChangeLog=master.changelog.json}
?[m?[37m[INFO] 23:47:32,640 [Test worker] changelog.ChangeSet. - Primary key added to node_named_identities (name) {changeSet=migration/node-services.changelog-init.xml::1511451595465-40::R3.Corda, databaseChangeLog=master.changelog.json}
?[m?[37m[INFO] 23:47:32,640 [Test worker] changelog.ChangeSet. - ChangeSet migration/node-services.changelog-init.xml::1511451595465-40::R3.Corda ran successfully in 1ms {changeSet=migration/node-services.changelog-init.xml::1511451595465-40::R3.Corda, databaseChangeLog=master.changelog.json}
?[m?[37m[INFO] 23:47:32,641 [Test worker] jvm.JdbcExecutor. - INSERT INTO PUBLIC.DATABASECHANGELOG (ID, AUTHOR, FILENAME, DATEEXECUTED, ORDEREXECUTED, MD5SUM, DESCRIPTION, COMMENTS, EXECTYPE, CONTEXTS, LABELS, LIQUIBASE, DEPLOYMENT_ID) VALUES ('1511451595465-40', 'R3.Corda', 'migration/node-services.changelog-init.xml', NOW(), 59, '8:ef3ab101a3e4c5820f575d5adcb85c08', 'addPrimaryKey constraintName=node_named_identities_pkey, tableName=node_named_identities', '', 'EXECUTED', NULL, NULL, '3.6.3', '3614852183') {changeSet=migration/node-services.changelog-init.xml::1511451595465-40::R3.Corda, databaseChangeLog=master.changelog.json}
?[m?[37m[INFO] 23:47:32,656 [Test worker] jvm.JdbcExecutor. - ALTER TABLE PUBLIC.node_our_key_pairs ADD CONSTRAINT node_our_key_pairs_pkey PRIMARY KEY (public_key_hash) {changeSet=migration/node-services.changelog-init.xml::1511451595465-42::R3.Corda, databaseChangeLog=master.changelog.json}
?[m?[37m[INFO] 23:47:32,657 [Test worker] changelog.ChangeSet. - Primary key added to node_our_key_pairs (public_key_hash) {changeSet=migration/node-services.changelog-init.xml::1511451595465-42::R3.Corda, databaseChangeLog=master.changelog.json}
?[m?[37m[INFO] 23:47:32,657 [Test worker] changelog.ChangeSet. - ChangeSet migration/node-services.changelog-init.xml::1511451595465-42::R3.Corda ran successfully in 1ms {changeSet=migration/node-services.changelog-init.xml::1511451595465-42::R3.Corda, databaseChangeLog=master.changelog.json}
?[m?[37m[INFO] 23:47:32,658 [Test worker] jvm.JdbcExecutor. - INSERT INTO PUBLIC.DATABASECHANGELOG (ID, AUTHOR, FILENAME, DATEEXECUTED, ORDEREXECUTED, MD5SUM, DESCRIPTION, COMMENTS, EXECTYPE, CONTEXTS, LABELS, LIQUIBASE, DEPLOYMENT_ID) VALUES ('1511451595465-42', 'R3.Corda', 'migration/node-services.changelog-init.xml', NOW(), 60, '8:d742088fd258d00e0a1fbffcf2e27c61', 'addPrimaryKey constraintName=node_our_key_pairs_pkey, tableName=node_our_key_pairs', '', 'EXECUTED', NULL, NULL, '3.6.3', '3614852183') {changeSet=migration/node-services.changelog-init.xml::1511451595465-42::R3.Corda, databaseChangeLog=master.changelog.json}
?[m?[37m[INFO] 23:47:32,659 [Test worker] jvm.JdbcExecutor. - ALTER TABLE PUBLIC.node_scheduled_states ADD CONSTRAINT node_scheduled_states_pkey PRIMARY KEY (output_index, transaction_id) {changeSet=migration/node-services.changelog-init.xml::1511451595465-44::R3.Corda, databaseChangeLog=master.changelog.json}
?[m?[37m[INFO] 23:47:32,660 [Test worker] changelog.ChangeSet. - Primary key added to node_scheduled_states (output_index, transaction_id) {changeSet=migration/node-services.changelog-init.xml::1511451595465-44::R3.Corda, databaseChangeLog=master.changelog.json}
?[m?[37m[INFO] 23:47:32,660 [Test worker] changelog.ChangeSet. - ChangeSet migration/node-services.changelog-init.xml::1511451595465-44::R3.Corda ran successfully in 1ms {changeSet=migration/node-services.changelog-init.xml::1511451595465-44::R3.Corda, databaseChangeLog=master.changelog.json}
?[m?[37m[INFO] 23:47:32,661 [Test worker] jvm.JdbcExecutor. - INSERT INTO PUBLIC.DATABASECHANGELOG (ID, AUTHOR, FILENAME, DATEEXECUTED, ORDEREXECUTED, MD5SUM, DESCRIPTION, COMMENTS, EXECTYPE, CONTEXTS, LABELS, LIQUIBASE, DEPLOYMENT_ID) VALUES ('1511451595465-44', 'R3.Corda', 'migration/node-services.changelog-init.xml', NOW(), 61, '8:dc8b980de5154038877f6d2e43b97ad1', 'addPrimaryKey constraintName=node_scheduled_states_pkey, tableName=node_scheduled_states', '', 'EXECUTED', NULL, NULL, '3.6.3', '3614852183') {changeSet=migration/node-services.changelog-init.xml::1511451595465-44::R3.Corda, databaseChangeLog=master.changelog.json}
?[m?[37m[INFO] 23:47:32,662 [Test worker] jvm.JdbcExecutor. - ALTER TABLE PUBLIC.node_transaction_mappings ADD CONSTRAINT node_transaction_mappings_pkey PRIMARY KEY (tx_id) {changeSet=migration/node-services.changelog-init.xml::1511451595465-45::R3.Corda, databaseChangeLog=master.changelog.json}
?[m?[37m[INFO] 23:47:32,663 [Test worker] changelog.ChangeSet. - Primary key added to node_transaction_mappings (tx_id) {changeSet=migration/node-services.changelog-init.xml::1511451595465-45::R3.Corda, databaseChangeLog=master.changelog.json}
?[m?[37m[INFO] 23:47:32,663 [Test worker] changelog.ChangeSet. - ChangeSet migration/node-services.changelog-init.xml::1511451595465-45::R3.Corda ran successfully in 1ms {changeSet=migration/node-services.changelog-init.xml::1511451595465-45::R3.Corda, databaseChangeLog=master.changelog.json}
?[m?[37m[INFO] 23:47:32,664 [Test worker] jvm.JdbcExecutor. - INSERT INTO PUBLIC.DATABASECHANGELOG (ID, AUTHOR, FILENAME, DATEEXECUTED, ORDEREXECUTED, MD5SUM, DESCRIPTION, COMMENTS, EXECTYPE, CONTEXTS, LABELS, LIQUIBASE, DEPLOYMENT_ID) VALUES ('1511451595465-45', 'R3.Corda', 'migration/node-services.changelog-init.xml', NOW(), 62, '8:2ae0fa18530e20aa3bcd6109b7d95247', 'addPrimaryKey constraintName=node_transaction_mappings_pkey, tableName=node_transaction_mappings', '', 'EXECUTED', NULL, NULL, '3.6.3', '3614852183') {changeSet=migration/node-services.changelog-init.xml::1511451595465-45::R3.Corda, databaseChangeLog=master.changelog.json}
?[m?[37m[INFO] 23:47:32,666 [Test worker] jvm.JdbcExecutor. - ALTER TABLE PUBLIC.node_transactions ADD CONSTRAINT node_transactions_pkey PRIMARY KEY (tx_id) {changeSet=migration/node-services.changelog-init.xml::1511451595465-46::R3.Corda, databaseChangeLog=master.changelog.json}
?[m?[37m[INFO] 23:47:32,666 [Test worker] changelog.ChangeSet. - Primary key added to node_transactions (tx_id) {changeSet=migration/node-services.changelog-init.xml::1511451595465-46::R3.Corda, databaseChangeLog=master.changelog.json}
?[m?[37m[INFO] 23:47:32,666 [Test worker] changelog.ChangeSet. - ChangeSet migration/node-services.changelog-init.xml::1511451595465-46::R3.Corda ran successfully in 1ms {changeSet=migration/node-services.changelog-init.xml::1511451595465-46::R3.Corda, databaseChangeLog=master.changelog.json}
?[m?[37m[INFO] 23:47:32,667 [Test worker] jvm.JdbcExecutor. - INSERT INTO PUBLIC.DATABASECHANGELOG (ID, AUTHOR, FILENAME, DATEEXECUTED, ORDEREXECUTED, MD5SUM, DESCRIPTION, COMMENTS, EXECTYPE, CONTEXTS, LABELS, LIQUIBASE, DEPLOYMENT_ID) VALUES ('1511451595465-46', 'R3.Corda', 'migration/node-services.changelog-init.xml', NOW(), 63, '8:d5e4dd3dba8e89f77b6eeff0fc5b7a49', 'addPrimaryKey constraintName=node_transactions_pkey, tableName=node_transactions', '', 'EXECUTED', NULL, NULL, '3.6.3', '3614852183') {changeSet=migration/node-services.changelog-init.xml::1511451595465-46::R3.Corda, databaseChangeLog=master.changelog.json}
?[m?[37m[INFO] 23:47:32,669 [Test worker] jvm.JdbcExecutor. - ALTER TABLE PUBLIC.node_link_nodeinfo_party ADD CONSTRAINT FK__link_ni_p__info_p_cert FOREIGN KEY (party_name) REFERENCES PUBLIC.node_info_party_cert (party_name) {changeSet=migration/node-services.changelog-init.xml::1511451595465-61::R3.Corda, databaseChangeLog=master.changelog.json}
?[m?[37m[INFO] 23:47:32,670 [Test worker] changelog.ChangeSet. - Foreign key constraint added to node_link_nodeinfo_party (party_name) {changeSet=migration/node-services.changelog-init.xml::1511451595465-61::R3.Corda, databaseChangeLog=master.changelog.json}
?[m?[37m[INFO] 23:47:32,670 [Test worker] changelog.ChangeSet. - ChangeSet migration/node-services.changelog-init.xml::1511451595465-61::R3.Corda ran successfully in 2ms {changeSet=migration/node-services.changelog-init.xml::1511451595465-61::R3.Corda, databaseChangeLog=master.changelog.json}
?[m?[37m[INFO] 23:47:32,673 [Test worker] jvm.JdbcExecutor. - INSERT INTO PUBLIC.DATABASECHANGELOG (ID, AUTHOR, FILENAME, DATEEXECUTED, ORDEREXECUTED, MD5SUM, DESCRIPTION, COMMENTS, EXECTYPE, CONTEXTS, LABELS, LIQUIBASE, DEPLOYMENT_ID) VALUES ('1511451595465-61', 'R3.Corda', 'migration/node-services.changelog-init.xml', NOW(), 64, '8:1d4e406a8056aa782ccbd978771f1fb9', 'addForeignKeyConstraint baseTableName=node_link_nodeinfo_party, constraintName=FK__link_ni_p__info_p_cert, referencedTableName=node_info_party_cert', '', 'EXECUTED', NULL, NULL, '3.6.3', '3614852183') {changeSet=migration/node-services.changelog-init.xml::1511451595465-61::R3.Corda, databaseChangeLog=master.changelog.json}
?[m?[37m[INFO] 23:47:32,675 [Test worker] jvm.JdbcExecutor. - CREATE INDEX PUBLIC.att_id_idx ON PUBLIC.node_attachments(att_id) {changeSet=migration/node-services.changelog-init.xml::add index att_id::R3.Corda, databaseChangeLog=master.changelog.json}
?[m?[37m[INFO] 23:47:32,675 [Test worker] changelog.ChangeSet. - Index att_id_idx created {changeSet=migration/node-services.changelog-init.xml::add index att_id::R3.Corda, databaseChangeLog=master.changelog.json}
?[m?[37m[INFO] 23:47:32,675 [Test worker] changelog.ChangeSet. - ChangeSet migration/node-services.changelog-init.xml::add index att_id::R3.Corda ran successfully in 2ms {changeSet=migration/node-services.changelog-init.xml::add index att_id::R3.Corda, databaseChangeLog=master.changelog.json}
?[m?[37m[INFO] 23:47:32,676 [Test worker] jvm.JdbcExecutor. - INSERT INTO PUBLIC.DATABASECHANGELOG (ID, AUTHOR, FILENAME, DATEEXECUTED, ORDEREXECUTED, MD5SUM, DESCRIPTION, COMMENTS, EXECTYPE, CONTEXTS, LABELS, LIQUIBASE, DEPLOYMENT_ID) VALUES ('add index att_id', 'R3.Corda', 'migration/node-services.changelog-init.xml', NOW(), 65, '8:ccf9b08f32d685dc60d6e34a3013bffc', 'createIndex indexName=att_id_idx, tableName=node_attachments', '', 'EXECUTED', NULL, NULL, '3.6.3', '3614852183') {changeSet=migration/node-services.changelog-init.xml::add index att_id::R3.Corda, databaseChangeLog=master.changelog.json}
?[m?[37m[INFO] 23:47:32,677 [Test worker] jvm.JdbcExecutor. - CREATE TABLE PUBLIC.node_attchments_contracts (att_id NVARCHAR(255) NOT NULL, contract_class_name NVARCHAR(255)) {changeSet=migration/node-services.changelog-init.xml::add_contract_attachment::R3.Corda, databaseChangeLog=master.changelog.json}
?[m?[37m[INFO] 23:47:32,678 [Test worker] changelog.ChangeSet. - Table node_attchments_contracts created {changeSet=migration/node-services.changelog-init.xml::add_contract_attachment::R3.Corda, databaseChangeLog=master.changelog.json}
?[m?[37m[INFO] 23:47:32,678 [Test worker] jvm.JdbcExecutor. - ALTER TABLE PUBLIC.node_attchments_contracts ADD CONSTRAINT FK__ctr_class__attachments FOREIGN KEY (att_id) REFERENCES PUBLIC.node_attachments (att_id) {changeSet=migration/node-services.changelog-init.xml::add_contract_attachment::R3.Corda, databaseChangeLog=master.changelog.json}
?[m?[37m[INFO] 23:47:32,681 [Test worker] changelog.ChangeSet. - Foreign key constraint added to node_attchments_contracts (att_id) {changeSet=migration/node-services.changelog-init.xml::add_contract_attachment::R3.Corda, databaseChangeLog=master.changelog.json}
?[m?[37m[INFO] 23:47:32,682 [Test worker] jvm.JdbcExecutor. - DELETE FROM PUBLIC.node_attachments {changeSet=migration/node-services.changelog-init.xml::add_contract_attachment::R3.Corda, databaseChangeLog=master.changelog.json}
?[m?[37m[INFO] 23:47:32,682 [Test worker] changelog.ChangeSet. - Data deleted from node_attachments {changeSet=migration/node-services.changelog-init.xml::add_contract_attachment::R3.Corda, databaseChangeLog=master.changelog.json}
?[m?[37m[INFO] 23:47:32,682 [Test worker] changelog.ChangeSet. - ChangeSet migration/node-services.changelog-init.xml::add_contract_attachment::R3.Corda ran successfully in 5ms {changeSet=migration/node-services.changelog-init.xml::add_contract_attachment::R3.Corda, databaseChangeLog=master.changelog.json}
?[m?[37m[INFO] 23:47:32,683 [Test worker] jvm.JdbcExecutor. - INSERT INTO PUBLIC.DATABASECHANGELOG (ID, AUTHOR, FILENAME, DATEEXECUTED, ORDEREXECUTED, MD5SUM, DESCRIPTION, COMMENTS, EXECTYPE, CONTEXTS, LABELS, LIQUIBASE, DEPLOYMENT_ID) VALUES ('add_contract_attachment', 'R3.Corda', 'migration/node-services.changelog-init.xml', NOW(), 66, '8:8898557cf18644883f6f3b0c5e784c0b', 'createTable tableName=node_attchments_contracts; addForeignKeyConstraint baseTableName=node_attchments_contracts, constraintName=FK__ctr_class__attachments, referencedTableName=node_attachments; delete tableName=node_attachments', '', 'EXECUTED', NULL, NULL, '3.6.3', '3614852183') {changeSet=migration/node-services.changelog-init.xml::add_contract_attachment::R3.Corda, databaseChangeLog=master.changelog.json}
?[m?[37m[INFO] 23:47:32,684 [Test worker] jvm.JdbcExecutor. - ALTER TABLE PUBLIC.node_message_ids ADD sender NVARCHAR(64) {changeSet=migration/node-services.changelog-init.xml::add_dedup_columns::R3.Corda, databaseChangeLog=master.changelog.json}
?[m?[37m[INFO] 23:47:32,688 [Test worker] jvm.JdbcExecutor. - ALTER TABLE PUBLIC.node_message_ids ADD sequence_number BIGINT {changeSet=migration/node-services.changelog-init.xml::add_dedup_columns::R3.Corda, databaseChangeLog=master.changelog.json}
?[m?[37m[INFO] 23:47:32,691 [Test worker] changelog.ChangeSet. - Columns sender(NVARCHAR(64)),sequence_number(BIGINT) added to node_message_ids {changeSet=migration/node-services.changelog-init.xml::add_dedup_columns::R3.Corda, databaseChangeLog=master.changelog.json}
?[m?[37m[INFO] 23:47:32,691 [Test worker] changelog.ChangeSet. - ChangeSet migration/node-services.changelog-init.xml::add_dedup_columns::R3.Corda ran successfully in 7ms {changeSet=migration/node-services.changelog-init.xml::add_dedup_columns::R3.Corda, databaseChangeLog=master.changelog.json}
?[m?[37m[INFO] 23:47:32,693 [Test worker] jvm.JdbcExecutor. - INSERT INTO PUBLIC.DATABASECHANGELOG (ID, AUTHOR, FILENAME, DATEEXECUTED, ORDEREXECUTED, MD5SUM, DESCRIPTION, COMMENTS, EXECTYPE, CONTEXTS, LABELS, LIQUIBASE, DEPLOYMENT_ID) VALUES ('add_dedup_columns', 'R3.Corda', 'migration/node-services.changelog-init.xml', NOW(), 67, '8:5924ebdacff695e1f30aa3e0173eccdf', 'addColumn tableName=node_message_ids', '', 'EXECUTED', NULL, NULL, '3.6.3', '3614852183') {changeSet=migration/node-services.changelog-init.xml::add_dedup_columns::R3.Corda, databaseChangeLog=master.changelog.json}
?[m?[37m[INFO] 23:47:32,694 [Test worker] jvm.JdbcExecutor. - ALTER TABLE PUBLIC.node_attchments_contracts RENAME TO node_attachments_contracts {changeSet=migration/node-core.changelog-v4.xml::attchments_rename::R3.Corda, databaseChangeLog=master.changelog.json}
?[m?[37m[INFO] 23:47:32,695 [Test worker] changelog.ChangeSet. - Table node_attchments_contracts renamed to node_attachments_contracts {changeSet=migration/node-core.changelog-v4.xml::attchments_rename::R3.Corda, databaseChangeLog=master.changelog.json}
?[m?[37m[INFO] 23:47:32,695 [Test worker] changelog.ChangeSet. - ChangeSet migration/node-core.changelog-v4.xml::attchments_rename::R3.Corda ran successfully in 2ms {changeSet=migration/node-core.changelog-v4.xml::attchments_rename::R3.Corda, databaseChangeLog=master.changelog.json}
?[m?[37m[INFO] 23:47:32,696 [Test worker] jvm.JdbcExecutor. - INSERT INTO PUBLIC.DATABASECHANGELOG (ID, AUTHOR, FILENAME, DATEEXECUTED, ORDEREXECUTED, MD5SUM, DESCRIPTION, COMMENTS, EXECTYPE, CONTEXTS, LABELS, LIQUIBASE, DEPLOYMENT_ID) VALUES ('attchments_rename', 'R3.Corda', 'migration/node-core.changelog-v4.xml', NOW(), 68, '8:94816d7657264059f2b8da4e97d4b15d', 'renameTable newTableName=node_attachments_contracts, oldTableName=node_attchments_contracts', '', 'EXECUTED', NULL, NULL, '3.6.3', '3614852183') {changeSet=migration/node-core.changelog-v4.xml::attchments_rename::R3.Corda, databaseChangeLog=master.changelog.json}
?[m?[37m[INFO] 23:47:32,697 [Test worker] jvm.JdbcExecutor. - ALTER TABLE PUBLIC.node_identities ALTER COLUMN identity_value SET NOT NULL {changeSet=migration/node-core.changelog-v4.xml::nullability::R3.Corda, databaseChangeLog=master.changelog.json}
?[m?[37m[INFO] 23:47:32,698 [Test worker] changelog.ChangeSet. - NOT NULL constraint has been added to node_identities.identity_value {changeSet=migration/node-core.changelog-v4.xml::nullability::R3.Corda, databaseChangeLog=master.changelog.json}
?[m?[37m[INFO] 23:47:32,698 [Test worker] jvm.JdbcExecutor. - ALTER TABLE PUBLIC.node_attachments ALTER COLUMN content SET NOT NULL {changeSet=migration/node-core.changelog-v4.xml::nullability::R3.Corda, databaseChangeLog=master.changelog.json}
?[m?[37m[INFO] 23:47:32,699 [Test worker] changelog.ChangeSet. - NOT NULL constraint has been added to node_attachments.content {changeSet=migration/node-core.changelog-v4.xml::nullability::R3.Corda, databaseChangeLog=master.changelog.json}
?[m?[37m[INFO] 23:47:32,699 [Test worker] jvm.JdbcExecutor. - ALTER TABLE PUBLIC.node_attachments_contracts ALTER COLUMN contract_class_name SET NOT NULL {changeSet=migration/node-core.changelog-v4.xml::nullability::R3.Corda, databaseChangeLog=master.changelog.json}
?[m?[37m[INFO] 23:47:32,700 [Test worker] changelog.ChangeSet. - NOT NULL constraint has been added to node_attachments_contracts.contract_class_name {changeSet=migration/node-core.changelog-v4.xml::nullability::R3.Corda, databaseChangeLog=master.changelog.json}
?[m?[37m[INFO] 23:47:32,701 [Test worker] jvm.JdbcExecutor. - ALTER TABLE PUBLIC.node_checkpoints ALTER COLUMN checkpoint_value SET NOT NULL {changeSet=migration/node-core.changelog-v4.xml::nullability::R3.Corda, databaseChangeLog=master.changelog.json}
?[m?[37m[INFO] 23:47:32,701 [Test worker] changelog.ChangeSet. - NOT NULL constraint has been added to node_checkpoints.checkpoint_value {changeSet=migration/node-core.changelog-v4.xml::nullability::R3.Corda, databaseChangeLog=master.changelog.json}
?[m?[37m[INFO] 23:47:32,702 [Test worker] jvm.JdbcExecutor. - ALTER TABLE PUBLIC.node_contract_upgrades ALTER COLUMN contract_class_name SET NOT NULL {changeSet=migration/node-core.changelog-v4.xml::nullability::R3.Corda, databaseChangeLog=master.changelog.json}
?[m?[37m[INFO] 23:47:32,702 [Test worker] changelog.ChangeSet. - NOT NULL constraint has been added to node_contract_upgrades.contract_class_name {changeSet=migration/node-core.changelog-v4.xml::nullability::R3.Corda, databaseChangeLog=master.changelog.json}
?[m?[37m[INFO] 23:47:32,703 [Test worker] jvm.JdbcExecutor. - ALTER TABLE PUBLIC.node_message_ids ALTER COLUMN insertion_time SET NOT NULL {changeSet=migration/node-core.changelog-v4.xml::nullability::R3.Corda, databaseChangeLog=master.changelog.json}
?[m?[37m[INFO] 23:47:32,703 [Test worker] changelog.ChangeSet. - NOT NULL constraint has been added to node_message_ids.insertion_time {changeSet=migration/node-core.changelog-v4.xml::nullability::R3.Corda, databaseChangeLog=master.changelog.json}
?[m?[37m[INFO] 23:47:32,704 [Test worker] jvm.JdbcExecutor. - ALTER TABLE PUBLIC.node_message_retry ALTER COLUMN message SET NOT NULL {changeSet=migration/node-core.changelog-v4.xml::nullability::R3.Corda, databaseChangeLog=master.changelog.json}
?[m?[37m[INFO] 23:47:32,705 [Test worker] changelog.ChangeSet. - NOT NULL constraint has been added to node_message_retry.message {changeSet=migration/node-core.changelog-v4.xml::nullability::R3.Corda, databaseChangeLog=master.changelog.json}
?[m?[37m[INFO] 23:47:32,705 [Test worker] jvm.JdbcExecutor. - ALTER TABLE PUBLIC.node_message_retry ALTER COLUMN recipients SET NOT NULL {changeSet=migration/node-core.changelog-v4.xml::nullability::R3.Corda, databaseChangeLog=master.changelog.json}
?[m?[37m[INFO] 23:47:32,706 [Test worker] changelog.ChangeSet. - NOT NULL constraint has been added to node_message_retry.recipients {changeSet=migration/node-core.changelog-v4.xml::nullability::R3.Corda, databaseChangeLog=master.changelog.json}
?[m?[37m[INFO] 23:47:32,706 [Test worker] jvm.JdbcExecutor. - ALTER TABLE PUBLIC.node_named_identities ALTER COLUMN pk_hash SET NOT NULL {changeSet=migration/node-core.changelog-v4.xml::nullability::R3.Corda, databaseChangeLog=master.changelog.json}
?[m?[37m[INFO] 23:47:32,706 [Test worker] changelog.ChangeSet. - NOT NULL constraint has been added to node_named_identities.pk_hash {changeSet=migration/node-core.changelog-v4.xml::nullability::R3.Corda, databaseChangeLog=master.changelog.json}
?[m?[37m[INFO] 23:47:32,707 [Test worker] jvm.JdbcExecutor. - ALTER TABLE PUBLIC.node_our_key_pairs ALTER COLUMN private_key SET NOT NULL {changeSet=migration/node-core.changelog-v4.xml::nullability::R3.Corda, databaseChangeLog=master.changelog.json}
?[m?[37m[INFO] 23:47:32,707 [Test worker] changelog.ChangeSet. - NOT NULL constraint has been added to node_our_key_pairs.private_key {changeSet=migration/node-core.changelog-v4.xml::nullability::R3.Corda, databaseChangeLog=master.changelog.json}
?[m?[37m[INFO] 23:47:32,707 [Test worker] jvm.JdbcExecutor. - ALTER TABLE PUBLIC.node_our_key_pairs ALTER COLUMN public_key SET NOT NULL {changeSet=migration/node-core.changelog-v4.xml::nullability::R3.Corda, databaseChangeLog=master.changelog.json}
?[m?[37m[INFO] 23:47:32,708 [Test worker] changelog.ChangeSet. - NOT NULL constraint has been added to node_our_key_pairs.public_key {changeSet=migration/node-core.changelog-v4.xml::nullability::R3.Corda, databaseChangeLog=master.changelog.json}
?[m?[37m[INFO] 23:47:32,708 [Test worker] jvm.JdbcExecutor. - ALTER TABLE PUBLIC.node_transaction_mappings ALTER COLUMN state_machine_run_id SET NOT NULL {changeSet=migration/node-core.changelog-v4.xml::nullability::R3.Corda, databaseChangeLog=master.changelog.json}
?[m?[37m[INFO] 23:47:32,709 [Test worker] changelog.ChangeSet. - NOT NULL constraint has been added to node_transaction_mappings.state_machine_run_id {changeSet=migration/node-core.changelog-v4.xml::nullability::R3.Corda, databaseChangeLog=master.changelog.json}
?[m?[37m[INFO] 23:47:32,709 [Test worker] jvm.JdbcExecutor. - ALTER TABLE PUBLIC.node_transactions ALTER COLUMN transaction_value SET NOT NULL {changeSet=migration/node-core.changelog-v4.xml::nullability::R3.Corda, databaseChangeLog=master.changelog.json}
?[m?[37m[INFO] 23:47:32,710 [Test worker] changelog.ChangeSet. - NOT NULL constraint has been added to node_transactions.transaction_value {changeSet=migration/node-core.changelog-v4.xml::nullability::R3.Corda, databaseChangeLog=master.changelog.json}
?[m?[37m[INFO] 23:47:32,710 [Test worker] changelog.ChangeSet. - ChangeSet migration/node-core.changelog-v4.xml::nullability::R3.Corda ran successfully in 13ms {changeSet=migration/node-core.changelog-v4.xml::nullability::R3.Corda, databaseChangeLog=master.changelog.json}
?[m?[37m[INFO] 23:47:32,711 [Test worker] jvm.JdbcExecutor. - INSERT INTO PUBLIC.DATABASECHANGELOG (ID, AUTHOR, FILENAME, DATEEXECUTED, ORDEREXECUTED, MD5SUM, DESCRIPTION, COMMENTS, EXECTYPE, CONTEXTS, LABELS, LIQUIBASE, DEPLOYMENT_ID) VALUES ('nullability', 'R3.Corda', 'migration/node-core.changelog-v4.xml', NOW(), 69, '8:62ddcf64aece5dc383fa400ac8ccc392', 'addNotNullConstraint columnName=identity_value, tableName=node_identities; addNotNullConstraint columnName=content, tableName=node_attachments; addNotNullConstraint columnName=contract_class_name, tableName=node_attachments_contracts; addNotNullCo...', '', 'EXECUTED', NULL, NULL, '3.6.3', '3614852183') {changeSet=migration/node-core.changelog-v4.xml::nullability::R3.Corda, databaseChangeLog=master.changelog.json}
?[m?[37m[INFO] 23:47:32,713 [Test worker] jvm.JdbcExecutor. - DROP TABLE PUBLIC.node_message_retry {changeSet=migration/node-core.changelog-v5.xml::remove_unused_node_message_retry::R3.Corda, databaseChangeLog=master.changelog.json}
?[m?[37m[INFO] 23:47:32,717 [Test worker] changelog.ChangeSet. - Table node_message_retry dropped {changeSet=migration/node-core.changelog-v5.xml::remove_unused_node_message_retry::R3.Corda, databaseChangeLog=master.changelog.json}
?[m?[37m[INFO] 23:47:32,717 [Test worker] changelog.ChangeSet. - ChangeSet migration/node-core.changelog-v5.xml::remove_unused_node_message_retry::R3.Corda ran successfully in 5ms {changeSet=migration/node-core.changelog-v5.xml::remove_unused_node_message_retry::R3.Corda, databaseChangeLog=master.changelog.json}
?[m?[37m[INFO] 23:47:32,718 [Test worker] jvm.JdbcExecutor. - INSERT INTO PUBLIC.DATABASECHANGELOG (ID, AUTHOR, FILENAME, DATEEXECUTED, ORDEREXECUTED, MD5SUM, DESCRIPTION, COMMENTS, EXECTYPE, CONTEXTS, LABELS, LIQUIBASE, DEPLOYMENT_ID) VALUES ('remove_unused_node_message_retry', 'R3.Corda', 'migration/node-core.changelog-v5.xml', NOW(), 70, '8:7f43b1a30ed49119520e7d14de6b57bd', 'dropTable tableName=node_message_retry', '', 'EXECUTED', NULL, NULL, '3.6.3', '3614852183') {changeSet=migration/node-core.changelog-v5.xml::remove_unused_node_message_retry::R3.Corda, databaseChangeLog=master.changelog.json}
?[m?[37m[INFO] 23:47:32,721 [Test worker] jvm.JdbcExecutor. - INSERT INTO PUBLIC.DATABASECHANGELOG (ID, AUTHOR, FILENAME, DATEEXECUTED, ORDEREXECUTED, MD5SUM, DESCRIPTION, COMMENTS, EXECTYPE, CONTEXTS, LABELS, LIQUIBASE, DEPLOYMENT_ID) VALUES ('non-clustered_pk-1', 'R3.Corda', 'migration/node-core.changelog-pkey.xml', NOW(), 71, '8:fc341b0d5ff080f0093d8a528299de25', 'dropPrimaryKey constraintName=node_checkpoints_pkey, tableName=node_checkpoints; addPrimaryKey constraintName=node_checkpoints_pkey, tableName=node_checkpoints', '', 'MARK_RAN', NULL, NULL, '3.6.3', '3614852183') {changeSet=migration/node-core.changelog-pkey.xml::non-clustered_pk-1::R3.Corda, databaseChangeLog=master.changelog.json}
?[m?[37m[INFO] 23:47:32,723 [Test worker] jvm.JdbcExecutor. - INSERT INTO PUBLIC.DATABASECHANGELOG (ID, AUTHOR, FILENAME, DATEEXECUTED, ORDEREXECUTED, MD5SUM, DESCRIPTION, COMMENTS, EXECTYPE, CONTEXTS, LABELS, LIQUIBASE, DEPLOYMENT_ID) VALUES ('non-clustered_pk-2', 'R3.Corda', 'migration/node-core.changelog-pkey.xml', NOW(), 72, '8:438db96910ca09a1e8910e74fe31d943', 'dropPrimaryKey constraintName=node_identities_pkey, tableName=node_identities; addPrimaryKey constraintName=node_identities_pkey, tableName=node_identities', '', 'MARK_RAN', NULL, NULL, '3.6.3', '3614852183') {changeSet=migration/node-core.changelog-pkey.xml::non-clustered_pk-2::R3.Corda, databaseChangeLog=master.changelog.json}
?[m?[37m[INFO] 23:47:32,724 [Test worker] jvm.JdbcExecutor. - INSERT INTO PUBLIC.DATABASECHANGELOG (ID, AUTHOR, FILENAME, DATEEXECUTED, ORDEREXECUTED, MD5SUM, DESCRIPTION, COMMENTS, EXECTYPE, CONTEXTS, LABELS, LIQUIBASE, DEPLOYMENT_ID) VALUES ('non-clustered_pk-3', 'R3.Corda', 'migration/node-core.changelog-pkey.xml', NOW(), 73, '8:b02515ba3eb419e880a62ad581d57d9a', 'dropPrimaryKey constraintName=node_message_ids_pkey, tableName=node_message_ids; addPrimaryKey constraintName=node_message_ids_pkey, tableName=node_message_ids', '', 'MARK_RAN', NULL, NULL, '3.6.3', '3614852183') {changeSet=migration/node-core.changelog-pkey.xml::non-clustered_pk-3::R3.Corda, databaseChangeLog=master.changelog.json}
?[m?[37m[INFO] 23:47:32,726 [Test worker] jvm.JdbcExecutor. - INSERT INTO PUBLIC.DATABASECHANGELOG (ID, AUTHOR, FILENAME, DATEEXECUTED, ORDEREXECUTED, MD5SUM, DESCRIPTION, COMMENTS, EXECTYPE, CONTEXTS, LABELS, LIQUIBASE, DEPLOYMENT_ID) VALUES ('non-clustered_pk-4', 'R3.Corda', 'migration/node-core.changelog-pkey.xml', NOW(), 74, '8:9a733c73c5a8ca979384c41d59473644', 'dropPrimaryKey constraintName=node_named_identities_pkey, tableName=node_named_identities; addPrimaryKey constraintName=node_named_identities_pkey, tableName=node_named_identities', '', 'MARK_RAN', NULL, NULL, '3.6.3', '3614852183') {changeSet=migration/node-core.changelog-pkey.xml::non-clustered_pk-4::R3.Corda, databaseChangeLog=master.changelog.json}
?[m?[37m[INFO] 23:47:32,728 [Test worker] jvm.JdbcExecutor. - INSERT INTO PUBLIC.DATABASECHANGELOG (ID, AUTHOR, FILENAME, DATEEXECUTED, ORDEREXECUTED, MD5SUM, DESCRIPTION, COMMENTS, EXECTYPE, CONTEXTS, LABELS, LIQUIBASE, DEPLOYMENT_ID) VALUES ('non-clustered_pk-5', 'R3.Corda', 'migration/node-core.changelog-pkey.xml', NOW(), 75, '8:48cf4a4dad77b6a8f7c3c73c09cc3959', 'dropPrimaryKey constraintName=node_our_key_pairs_pkey, tableName=node_our_key_pairs; addPrimaryKey constraintName=node_our_key_pairs_pkey, tableName=node_our_key_pairs', '', 'MARK_RAN', NULL, NULL, '3.6.3', '3614852183') {changeSet=migration/node-core.changelog-pkey.xml::non-clustered_pk-5::R3.Corda, databaseChangeLog=master.changelog.json}
?[m?[37m[INFO] 23:47:32,730 [Test worker] jvm.JdbcExecutor. - INSERT INTO PUBLIC.DATABASECHANGELOG (ID, AUTHOR, FILENAME, DATEEXECUTED, ORDEREXECUTED, MD5SUM, DESCRIPTION, COMMENTS, EXECTYPE, CONTEXTS, LABELS, LIQUIBASE, DEPLOYMENT_ID) VALUES ('non-clustered_pk-6', 'R3.Corda', 'migration/node-core.changelog-pkey.xml', NOW(), 76, '8:25c5581ce04f688ea83704ffa44bab8e', 'dropPrimaryKey constraintName=node_transaction_mappings_pkey, tableName=node_transaction_mappings; addPrimaryKey constraintName=node_transaction_mappings_pkey, tableName=node_transaction_mappings', '', 'MARK_RAN', NULL, NULL, '3.6.3', '3614852183') {changeSet=migration/node-core.changelog-pkey.xml::non-clustered_pk-6::R3.Corda, databaseChangeLog=master.changelog.json}
?[m?[37m[INFO] 23:47:32,732 [Test worker] jvm.JdbcExecutor. - INSERT INTO PUBLIC.DATABASECHANGELOG (ID, AUTHOR, FILENAME, DATEEXECUTED, ORDEREXECUTED, MD5SUM, DESCRIPTION, COMMENTS, EXECTYPE, CONTEXTS, LABELS, LIQUIBASE, DEPLOYMENT_ID) VALUES ('non-clustered_pk-7', 'R3.Corda', 'migration/node-core.changelog-pkey.xml', NOW(), 77, '8:64773359f27e2f85fe6df6097823ce69', 'dropPrimaryKey constraintName=node_transactions_pkey, tableName=node_transactions; addPrimaryKey constraintName=node_transactions_pkey, tableName=node_transactions', '', 'MARK_RAN', NULL, NULL, '3.6.3', '3614852183') {changeSet=migration/node-core.changelog-pkey.xml::non-clustered_pk-7::R3.Corda, databaseChangeLog=master.changelog.json}
?[m?[37m[INFO] 23:47:32,755 [Test worker] changelog.ChangeSet. - Marking ChangeSet: migration/node-core.changelog-v8.xml::conditional_attchments_rename::R3.Corda ran despite precondition failure due to onFail='MARK_RAN': 
          master.changelog.json : Table PUBLIC.NODE_ATTCHMENTS_CONTRACTS does not exist
 {changeSet=migration/node-core.changelog-v8.xml::conditional_attchments_rename::R3.Corda, databaseChangeLog=master.changelog.json}
?[m?[37m[INFO] 23:47:32,762 [Test worker] jvm.JdbcExecutor. - INSERT INTO PUBLIC.DATABASECHANGELOG (ID, AUTHOR, FILENAME, DATEEXECUTED, ORDEREXECUTED, MD5SUM, DESCRIPTION, COMMENTS, EXECTYPE, CONTEXTS, LABELS, LIQUIBASE, DEPLOYMENT_ID) VALUES ('conditional_attchments_rename', 'R3.Corda', 'migration/node-core.changelog-v8.xml', NOW(), 78, '8:114fc6d1775676ecf274989170741a5b', 'renameTable newTableName=NODE_ATTACHMENTS_CONTRACTS, oldTableName=NODE_ATTCHMENTS_CONTRACTS', '', 'MARK_RAN', NULL, NULL, '3.6.3', '3614852183') {changeSet=migration/node-core.changelog-v8.xml::conditional_attchments_rename::R3.Corda, databaseChangeLog=master.changelog.json}
?[m?[37m[INFO] 23:47:32,774 [Test worker] changelog.ChangeSet. - Marking ChangeSet: migration/node-core.changelog-v8.xml::conditional_attchments_contracts::R3.Corda ran despite precondition failure due to onFail='MARK_RAN': 
          master.changelog.json : Table PUBLIC.NODE_ATTACHMENTS_CONTRACT_CLASS_NAME does not exist
 {changeSet=migration/node-core.changelog-v8.xml::conditional_attchments_contracts::R3.Corda, databaseChangeLog=master.changelog.json}
?[m?[37m[INFO] 23:47:32,775 [Test worker] jvm.JdbcExecutor. - INSERT INTO PUBLIC.DATABASECHANGELOG (ID, AUTHOR, FILENAME, DATEEXECUTED, ORDEREXECUTED, MD5SUM, DESCRIPTION, COMMENTS, EXECTYPE, CONTEXTS, LABELS, LIQUIBASE, DEPLOYMENT_ID) VALUES ('conditional_attchments_contracts', 'R3.Corda', 'migration/node-core.changelog-v8.xml', NOW(), 79, '8:c26d868db33a85bdd25570b094635db5', 'renameTable newTableName=NODE_ATTACHMENTS_CONTRACTS, oldTableName=NODE_ATTACHMENTS_CONTRACT_CLASS_NAME', '', 'MARK_RAN', NULL, NULL, '3.6.3', '3614852183') {changeSet=migration/node-core.changelog-v8.xml::conditional_attchments_contracts::R3.Corda, databaseChangeLog=master.changelog.json}
?[m?[37m[INFO] 23:47:32,777 [Test worker] jvm.JdbcExecutor. - CREATE TABLE PUBLIC.node_attachments_signers (att_id NVARCHAR(255) NOT NULL, signer NVARCHAR(1024)) {changeSet=migration/node-core.changelog-v8.xml::add_signers::R3.Corda, databaseChangeLog=master.changelog.json}
?[m?[37m[INFO] 23:47:32,777 [Test worker] changelog.ChangeSet. - Table node_attachments_signers created {changeSet=migration/node-core.changelog-v8.xml::add_signers::R3.Corda, databaseChangeLog=master.changelog.json}
?[m?[37m[INFO] 23:47:32,777 [Test worker] jvm.JdbcExecutor. - ALTER TABLE PUBLIC.node_attachments_signers ADD CONSTRAINT FK__signers__attachments FOREIGN KEY (att_id) REFERENCES PUBLIC.node_attachments (att_id) {changeSet=migration/node-core.changelog-v8.xml::add_signers::R3.Corda, databaseChangeLog=master.changelog.json}
?[m?[37m[INFO] 23:47:32,779 [Test worker] changelog.ChangeSet. - Foreign key constraint added to node_attachments_signers (att_id) {changeSet=migration/node-core.changelog-v8.xml::add_signers::R3.Corda, databaseChangeLog=master.changelog.json}
?[m?[37m[INFO] 23:47:32,779 [Test worker] changelog.ChangeSet. - ChangeSet migration/node-core.changelog-v8.xml::add_signers::R3.Corda ran successfully in 3ms {changeSet=migration/node-core.changelog-v8.xml::add_signers::R3.Corda, databaseChangeLog=master.changelog.json}
?[m?[37m[INFO] 23:47:32,780 [Test worker] jvm.JdbcExecutor. - INSERT INTO PUBLIC.DATABASECHANGELOG (ID, AUTHOR, FILENAME, DATEEXECUTED, ORDEREXECUTED, MD5SUM, DESCRIPTION, COMMENTS, EXECTYPE, CONTEXTS, LABELS, LIQUIBASE, DEPLOYMENT_ID) VALUES ('add_signers', 'R3.Corda', 'migration/node-core.changelog-v8.xml', NOW(), 80, '8:6a033a579a3a8e11a35846d455833835', 'createTable tableName=node_attachments_signers; addForeignKeyConstraint baseTableName=node_attachments_signers, constraintName=FK__signers__attachments, referencedTableName=node_attachments', '', 'EXECUTED', NULL, NULL, '3.6.3', '3614852183') {changeSet=migration/node-core.changelog-v8.xml::add_signers::R3.Corda, databaseChangeLog=master.changelog.json}
?[m?[37m[INFO] 23:47:32,782 [Test worker] jvm.JdbcExecutor. - ALTER TABLE PUBLIC.node_transactions ADD state_machine_run_id NVARCHAR(36) {changeSet=migration/node-core.changelog-tx-mapping.xml::add_tx_mapping_column::R3.Corda, databaseChangeLog=master.changelog.json}
?[m?[37m[INFO] 23:47:32,786 [Test worker] changelog.ChangeSet. - Columns state_machine_run_id(NVARCHAR(36)) added to node_transactions {changeSet=migration/node-core.changelog-tx-mapping.xml::add_tx_mapping_column::R3.Corda, databaseChangeLog=master.changelog.json}
?[m?[37m[INFO] 23:47:32,789 [Test worker] jvm.JdbcExecutor. - update node_transactions set state_machine_run_id=(select state_machine_run_id from
            node_transaction_mappings where node_transactions.tx_id = node_transaction_mappings.tx_id) {changeSet=migration/node-core.changelog-tx-mapping.xml::add_tx_mapping_column::R3.Corda, databaseChangeLog=master.changelog.json}
?[m?[37m[INFO] 23:47:32,789 [Test worker] changelog.ChangeSet. - Custom SQL executed {changeSet=migration/node-core.changelog-tx-mapping.xml::add_tx_mapping_column::R3.Corda, databaseChangeLog=master.changelog.json}
?[m?[37m[INFO] 23:47:32,824 [Test worker] jvm.JdbcExecutor. - DROP TABLE PUBLIC.node_transaction_mappings {changeSet=migration/node-core.changelog-tx-mapping.xml::add_tx_mapping_column::R3.Corda, databaseChangeLog=master.changelog.json}
?[m?[37m[INFO] 23:47:32,836 [Test worker] changelog.ChangeSet. - Table node_transaction_mappings dropped {changeSet=migration/node-core.changelog-tx-mapping.xml::add_tx_mapping_column::R3.Corda, databaseChangeLog=master.changelog.json}
?[m?[37m[INFO] 23:47:32,836 [Test worker] changelog.ChangeSet. - ChangeSet migration/node-core.changelog-tx-mapping.xml::add_tx_mapping_column::R3.Corda ran successfully in 55ms {changeSet=migration/node-core.changelog-tx-mapping.xml::add_tx_mapping_column::R3.Corda, databaseChangeLog=master.changelog.json}
?[m?[37m[INFO] 23:47:32,838 [Test worker] jvm.JdbcExecutor. - INSERT INTO PUBLIC.DATABASECHANGELOG (ID, AUTHOR, FILENAME, DATEEXECUTED, ORDEREXECUTED, MD5SUM, DESCRIPTION, COMMENTS, EXECTYPE, CONTEXTS, LABELS, LIQUIBASE, DEPLOYMENT_ID) VALUES ('add_tx_mapping_column', 'R3.Corda', 'migration/node-core.changelog-tx-mapping.xml', NOW(), 81, '8:6d9d8484a635e932dd8e8f45db1b3d7e', 'addColumn tableName=node_transactions; sql; dropTable tableName=node_transaction_mappings', '', 'EXECUTED', NULL, NULL, '3.6.3', '3614852183') {changeSet=migration/node-core.changelog-tx-mapping.xml::add_tx_mapping_column::R3.Corda, databaseChangeLog=master.changelog.json}
?[m?[37m[INFO] 23:47:32,840 [Test worker] jvm.JdbcExecutor. - CREATE TABLE PUBLIC.node_network_parameters (hash NVARCHAR(130) NOT NULL, epoch INT NOT NULL, parameters_bytes BLOB NOT NULL, signature_bytes BLOB NOT NULL, cert BLOB NOT NULL, parent_cert_path BLOB NOT NULL) {changeSet=migration/node-services.changelog-init.xml::add_network_parameters_storage::R3.Corda, databaseChangeLog=master.changelog.json}
?[m?[37m[INFO] 23:47:32,840 [Test worker] changelog.ChangeSet. - Table node_network_parameters created {changeSet=migration/node-services.changelog-init.xml::add_network_parameters_storage::R3.Corda, databaseChangeLog=master.changelog.json}
?[m?[37m[INFO] 23:47:32,841 [Test worker] changelog.ChangeSet. - ChangeSet migration/node-services.changelog-init.xml::add_network_parameters_storage::R3.Corda ran successfully in 2ms {changeSet=migration/node-services.changelog-init.xml::add_network_parameters_storage::R3.Corda, databaseChangeLog=master.changelog.json}
?[m?[37m[INFO] 23:47:32,842 [Test worker] jvm.JdbcExecutor. - INSERT INTO PUBLIC.DATABASECHANGELOG (ID, AUTHOR, FILENAME, DATEEXECUTED, ORDEREXECUTED, MD5SUM, DESCRIPTION, COMMENTS, EXECTYPE, CONTEXTS, LABELS, LIQUIBASE, DEPLOYMENT_ID) VALUES ('add_network_parameters_storage', 'R3.Corda', 'migration/node-services.changelog-init.xml', NOW(), 82, '8:b448755ba392674254c59e2b9489140f', 'createTable tableName=node_network_parameters', '', 'EXECUTED', NULL, NULL, '3.6.3', '3614852183') {changeSet=migration/node-services.changelog-init.xml::add_network_parameters_storage::R3.Corda, databaseChangeLog=master.changelog.json}
?[m?[37m[INFO] 23:47:32,843 [Test worker] jvm.JdbcExecutor. - ALTER TABLE PUBLIC.node_network_parameters ADD CONSTRAINT node_network_parameters_pkey PRIMARY KEY (hash) {changeSet=migration/node-services.changelog-init.xml::network_parameters_pk::R3.Corda, databaseChangeLog=master.changelog.json}
?[m?[37m[INFO] 23:47:32,844 [Test worker] changelog.ChangeSet. - Primary key added to node_network_parameters (hash) {changeSet=migration/node-services.changelog-init.xml::network_parameters_pk::R3.Corda, databaseChangeLog=master.changelog.json}
?[m?[37m[INFO] 23:47:32,844 [Test worker] changelog.ChangeSet. - ChangeSet migration/node-services.changelog-init.xml::network_parameters_pk::R3.Corda ran successfully in 2ms {changeSet=migration/node-services.changelog-init.xml::network_parameters_pk::R3.Corda, databaseChangeLog=master.changelog.json}
?[m?[37m[INFO] 23:47:32,845 [Test worker] jvm.JdbcExecutor. - INSERT INTO PUBLIC.DATABASECHANGELOG (ID, AUTHOR, FILENAME, DATEEXECUTED, ORDEREXECUTED, MD5SUM, DESCRIPTION, COMMENTS, EXECTYPE, CONTEXTS, LABELS, LIQUIBASE, DEPLOYMENT_ID) VALUES ('network_parameters_pk', 'R3.Corda', 'migration/node-services.changelog-init.xml', NOW(), 83, '8:fc0358b8cab487b52558cd68d6feaf9e', 'addPrimaryKey constraintName=node_network_parameters_pkey, tableName=node_network_parameters', '', 'EXECUTED', NULL, NULL, '3.6.3', '3614852183') {changeSet=migration/node-services.changelog-init.xml::network_parameters_pk::R3.Corda, databaseChangeLog=master.changelog.json}
?[m?[37m[INFO] 23:47:32,847 [Test worker] jvm.JdbcExecutor. - ALTER TABLE PUBLIC.node_attachments ADD version INT {changeSet=migration/node-services.changelog-init.xml::add_version_column::R3.Corda, databaseChangeLog=master.changelog.json}
?[m?[37m[INFO] 23:47:32,854 [Test worker] changelog.ChangeSet. - Columns version(INT) added to node_attachments {changeSet=migration/node-services.changelog-init.xml::add_version_column::R3.Corda, databaseChangeLog=master.changelog.json}
?[m?[37m[INFO] 23:47:32,854 [Test worker] jvm.JdbcExecutor. - update node_attachments set version = 1 {changeSet=migration/node-services.changelog-init.xml::add_version_column::R3.Corda, databaseChangeLog=master.changelog.json}
?[m?[37m[INFO] 23:47:32,854 [Test worker] changelog.ChangeSet. - Custom SQL executed {changeSet=migration/node-services.changelog-init.xml::add_version_column::R3.Corda, databaseChangeLog=master.changelog.json}
?[m?[37m[INFO] 23:47:32,855 [Test worker] jvm.JdbcExecutor. - ALTER TABLE PUBLIC.node_attachments ALTER COLUMN version SET NOT NULL {changeSet=migration/node-services.changelog-init.xml::add_version_column::R3.Corda, databaseChangeLog=master.changelog.json}
?[m?[37m[INFO] 23:47:32,855 [Test worker] changelog.ChangeSet. - NOT NULL constraint has been added to node_attachments.version {changeSet=migration/node-services.changelog-init.xml::add_version_column::R3.Corda, databaseChangeLog=master.changelog.json}
?[m?[37m[INFO] 23:47:32,855 [Test worker] changelog.ChangeSet. - ChangeSet migration/node-services.changelog-init.xml::add_version_column::R3.Corda ran successfully in 9ms {changeSet=migration/node-services.changelog-init.xml::add_version_column::R3.Corda, databaseChangeLog=master.changelog.json}
?[m?[37m[INFO] 23:47:32,857 [Test worker] jvm.JdbcExecutor. - INSERT INTO PUBLIC.DATABASECHANGELOG (ID, AUTHOR, FILENAME, DATEEXECUTED, ORDEREXECUTED, MD5SUM, DESCRIPTION, COMMENTS, EXECTYPE, CONTEXTS, LABELS, LIQUIBASE, DEPLOYMENT_ID) VALUES ('add_version_column', 'R3.Corda', 'migration/node-services.changelog-init.xml', NOW(), 84, '8:ab6a3101d1da88b0f174ccc06a62feef', 'addColumn tableName=node_attachments; sql; addNotNullConstraint columnName=version, tableName=node_attachments', '', 'EXECUTED', NULL, NULL, '3.6.3', '3614852183') {changeSet=migration/node-services.changelog-init.xml::add_version_column::R3.Corda, databaseChangeLog=master.changelog.json}
?[m?[37m[INFO] 23:47:32,858 [Test worker] persistence.AttachmentVersionNumberMigration. - Start executing... {changeSet=migration/node-services.changelog-init.xml::update-version-of-whitelisted-jars::R3.Corda, databaseChangeLog=master.changelog.json}
?[m?[37m[INFO] 23:47:32,866 [Test worker] persistence.AttachmentVersionNumberMigration. - Attachment version creation from whitelisted JARs using network parameters from build\mock-network\20200701-144717.967\nodes\0\network-parameters, whitelistedContractImplementations: {}. {changeSet=migration/node-services.changelog-init.xml::update-version-of-whitelisted-jars::R3.Corda, databaseChangeLog=master.changelog.json}
?[m?[37m[INFO] 23:47:32,866 [Test worker] persistence.AttachmentVersionNumberMigration. - Attachment version creation from whitelisted JARs skipped, no attachments not found. {changeSet=migration/node-services.changelog-init.xml::update-version-of-whitelisted-jars::R3.Corda, databaseChangeLog=master.changelog.json}
?[m?[37m[INFO] 23:47:32,866 [Test worker] changelog.ChangeSet. - null {changeSet=migration/node-services.changelog-init.xml::update-version-of-whitelisted-jars::R3.Corda, databaseChangeLog=master.changelog.json}
?[m?[37m[INFO] 23:47:32,866 [Test worker] changelog.ChangeSet. - ChangeSet migration/node-services.changelog-init.xml::update-version-of-whitelisted-jars::R3.Corda ran successfully in 8ms {changeSet=migration/node-services.changelog-init.xml::update-version-of-whitelisted-jars::R3.Corda, databaseChangeLog=master.changelog.json}
?[m?[37m[INFO] 23:47:32,867 [Test worker] jvm.JdbcExecutor. - INSERT INTO PUBLIC.DATABASECHANGELOG (ID, AUTHOR, FILENAME, DATEEXECUTED, ORDEREXECUTED, MD5SUM, DESCRIPTION, COMMENTS, EXECTYPE, CONTEXTS, LABELS, LIQUIBASE, DEPLOYMENT_ID) VALUES ('update-version-of-whitelisted-jars', 'R3.Corda', 'migration/node-services.changelog-init.xml', NOW(), 85, '8:1d4174a12a4902070f6bf2ba624b0e97', 'customChange', '', 'EXECUTED', NULL, NULL, '3.6.3', '3614852183') {changeSet=migration/node-services.changelog-init.xml::update-version-of-whitelisted-jars::R3.Corda, databaseChangeLog=master.changelog.json}
?[m?[37m[INFO] 23:47:32,869 [Test worker] jvm.JdbcExecutor. - CREATE TABLE PUBLIC.node_identities_no_cert (pk_hash NVARCHAR(130) NOT NULL, name NVARCHAR(128) NOT NULL) {changeSet=migration/node-services.changelog-init.xml::add-new-persistence-table::R3.Corda, databaseChangeLog=master.changelog.json}
?[m?[37m[INFO] 23:47:32,869 [Test worker] changelog.ChangeSet. - Table node_identities_no_cert created {changeSet=migration/node-services.changelog-init.xml::add-new-persistence-table::R3.Corda, databaseChangeLog=master.changelog.json}
?[m?[37m[INFO] 23:47:32,870 [Test worker] jvm.JdbcExecutor. - ALTER TABLE PUBLIC.node_identities_no_cert ADD CONSTRAINT node_identities_no_cert_pkey PRIMARY KEY (pk_hash) {changeSet=migration/node-services.changelog-init.xml::add-new-persistence-table::R3.Corda, databaseChangeLog=master.changelog.json}
?[m?[37m[INFO] 23:47:32,870 [Test worker] changelog.ChangeSet. - Primary key added to node_identities_no_cert (pk_hash) {changeSet=migration/node-services.changelog-init.xml::add-new-persistence-table::R3.Corda, databaseChangeLog=master.changelog.json}
?[m?[37m[INFO] 23:47:32,870 [Test worker] changelog.ChangeSet. - ChangeSet migration/node-services.changelog-init.xml::add-new-persistence-table::R3.Corda ran successfully in 2ms {changeSet=migration/node-services.changelog-init.xml::add-new-persistence-table::R3.Corda, databaseChangeLog=master.changelog.json}
?[m?[37m[INFO] 23:47:32,872 [Test worker] jvm.JdbcExecutor. - INSERT INTO PUBLIC.DATABASECHANGELOG (ID, AUTHOR, FILENAME, DATEEXECUTED, ORDEREXECUTED, MD5SUM, DESCRIPTION, COMMENTS, EXECTYPE, CONTEXTS, LABELS, LIQUIBASE, DEPLOYMENT_ID) VALUES ('add-new-persistence-table', 'R3.Corda', 'migration/node-services.changelog-init.xml', NOW(), 86, '8:cb3302a80bf346270e0d8f3509c64a9b', 'createTable tableName=node_identities_no_cert; addPrimaryKey constraintName=node_identities_no_cert_pkey, tableName=node_identities_no_cert', '', 'EXECUTED', NULL, NULL, '3.6.3', '3614852183') {changeSet=migration/node-services.changelog-init.xml::add-new-persistence-table::R3.Corda, databaseChangeLog=master.changelog.json}
?[m?[37m[INFO] 23:47:32,873 [Test worker] jvm.JdbcExecutor. - ALTER TABLE PUBLIC.pk_hash_to_ext_id_map DROP COLUMN id {changeSet=migration/node-services.changelog-init.xml::migrate_pk_hash_to_ext_id::R3.Corda, databaseChangeLog=master.changelog.json}
?[m?[37m[INFO] 23:47:32,884 [Test worker] changelog.ChangeSet. - Column pk_hash_to_ext_id_map.id dropped {changeSet=migration/node-services.changelog-init.xml::migrate_pk_hash_to_ext_id::R3.Corda, databaseChangeLog=master.changelog.json}
?[m?[37m[INFO] 23:47:32,884 [Test worker] jvm.JdbcExecutor. - DROP INDEX PUBLIC.pk_hash_to_xid_idx {changeSet=migration/node-services.changelog-init.xml::migrate_pk_hash_to_ext_id::R3.Corda, databaseChangeLog=master.changelog.json}
?[m?[37m[INFO] 23:47:32,885 [Test worker] changelog.ChangeSet. - Index pk_hash_to_xid_idx dropped from table pk_hash_to_ext_id_map {changeSet=migration/node-services.changelog-init.xml::migrate_pk_hash_to_ext_id::R3.Corda, databaseChangeLog=master.changelog.json}
?[m?[37m[INFO] 23:47:32,885 [Test worker] jvm.JdbcExecutor. - ALTER TABLE PUBLIC.pk_hash_to_ext_id_map ADD CONSTRAINT pubkey_hash_to_external_id_pk PRIMARY KEY (public_key_hash) {changeSet=migration/node-services.changelog-init.xml::migrate_pk_hash_to_ext_id::R3.Corda, databaseChangeLog=master.changelog.json}
?[m?[37m[INFO] 23:47:32,886 [Test worker] changelog.ChangeSet. - Primary key added to pk_hash_to_ext_id_map (public_key_hash) {changeSet=migration/node-services.changelog-init.xml::migrate_pk_hash_to_ext_id::R3.Corda, databaseChangeLog=master.changelog.json}
?[m?[37m[INFO] 23:47:32,886 [Test worker] jvm.JdbcExecutor. - CREATE INDEX PUBLIC.ext_id_idx ON PUBLIC.pk_hash_to_ext_id_map(external_id) {changeSet=migration/node-services.changelog-init.xml::migrate_pk_hash_to_ext_id::R3.Corda, databaseChangeLog=master.changelog.json}
?[m?[37m[INFO] 23:47:32,887 [Test worker] changelog.ChangeSet. - Index ext_id_idx created {changeSet=migration/node-services.changelog-init.xml::migrate_pk_hash_to_ext_id::R3.Corda, databaseChangeLog=master.changelog.json}
?[m?[37m[INFO] 23:47:32,887 [Test worker] changelog.ChangeSet. - ChangeSet migration/node-services.changelog-init.xml::migrate_pk_hash_to_ext_id::R3.Corda ran successfully in 15ms {changeSet=migration/node-services.changelog-init.xml::migrate_pk_hash_to_ext_id::R3.Corda, databaseChangeLog=master.changelog.json}
?[m?[37m[INFO] 23:47:32,888 [Test worker] jvm.JdbcExecutor. - INSERT INTO PUBLIC.DATABASECHANGELOG (ID, AUTHOR, FILENAME, DATEEXECUTED, ORDEREXECUTED, MD5SUM, DESCRIPTION, COMMENTS, EXECTYPE, CONTEXTS, LABELS, LIQUIBASE, DEPLOYMENT_ID) VALUES ('migrate_pk_hash_to_ext_id', 'R3.Corda', 'migration/node-services.changelog-init.xml', NOW(), 87, '8:daf9ba8b9522b5ed5e0c474f220a5ef9', 'dropColumn columnName=id, tableName=pk_hash_to_ext_id_map; dropIndex indexName=pk_hash_to_xid_idx, tableName=pk_hash_to_ext_id_map; addPrimaryKey constraintName=pubkey_hash_to_external_id_pk, tableName=pk_hash_to_ext_id_map; createIndex indexName=...', '', 'EXECUTED', NULL, NULL, '3.6.3', '3614852183') {changeSet=migration/node-services.changelog-init.xml::migrate_pk_hash_to_ext_id::R3.Corda, databaseChangeLog=master.changelog.json}
?[m?[37m[INFO] 23:47:32,909 [Test worker] changelog.ChangeSet. - null {changeSet=migration/node-services.changelog-init.xml::migrate_identity_service_to_use_publicKey.toShortString()::R3.Corda, databaseChangeLog=master.changelog.json}
?[m?[37m[INFO] 23:47:32,909 [Test worker] changelog.ChangeSet. - ChangeSet migration/node-services.changelog-init.xml::migrate_identity_service_to_use_publicKey.toShortString()::R3.Corda ran successfully in 20ms {changeSet=migration/node-services.changelog-init.xml::migrate_identity_service_to_use_publicKey.toShortString()::R3.Corda, databaseChangeLog=master.changelog.json}
?[m?[37m[INFO] 23:47:32,910 [Test worker] jvm.JdbcExecutor. - INSERT INTO PUBLIC.DATABASECHANGELOG (ID, AUTHOR, FILENAME, DATEEXECUTED, ORDEREXECUTED, MD5SUM, DESCRIPTION, COMMENTS, EXECTYPE, CONTEXTS, LABELS, LIQUIBASE, DEPLOYMENT_ID) VALUES ('migrate_identity_service_to_use_publicKey.toShortString()', 'R3.Corda', 'migration/node-services.changelog-init.xml', NOW(), 88, '8:51a17ecff2c7f17e1502992fdda4356d', 'customChange', '', 'EXECUTED', NULL, NULL, '3.6.3', '3614852183') {changeSet=migration/node-services.changelog-init.xml::migrate_identity_service_to_use_publicKey.toShortString()::R3.Corda, databaseChangeLog=master.changelog.json}
?[m?[37m[INFO] 23:47:32,912 [Test worker] jvm.JdbcExecutor. - ALTER TABLE PUBLIC.node_transactions ADD status NVARCHAR(1) DEFAULT 'V' NOT NULL {changeSet=migration/node-services.changelog-init.xml::add_status_column::R3.Corda, databaseChangeLog=master.changelog.json}
?[m?[37m[INFO] 23:47:32,918 [Test worker] changelog.ChangeSet. - Columns status(NVARCHAR(1)) added to node_transactions {changeSet=migration/node-services.changelog-init.xml::add_status_column::R3.Corda, databaseChangeLog=master.changelog.json}
?[m?[37m[INFO] 23:47:32,918 [Test worker] changelog.ChangeSet. - ChangeSet migration/node-services.changelog-init.xml::add_status_column::R3.Corda ran successfully in 7ms {changeSet=migration/node-services.changelog-init.xml::add_status_column::R3.Corda, databaseChangeLog=master.changelog.json}
?[m?[37m[INFO] 23:47:32,919 [Test worker] jvm.JdbcExecutor. - INSERT INTO PUBLIC.DATABASECHANGELOG (ID, AUTHOR, FILENAME, DATEEXECUTED, ORDEREXECUTED, MD5SUM, DESCRIPTION, COMMENTS, EXECTYPE, CONTEXTS, LABELS, LIQUIBASE, DEPLOYMENT_ID) VALUES ('add_status_column', 'R3.Corda', 'migration/node-services.changelog-init.xml', NOW(), 89, '8:163dc66ab97910470ce080cd4c4d33ef', 'addColumn tableName=node_transactions', '', 'EXECUTED', NULL, NULL, '3.6.3', '3614852183') {changeSet=migration/node-services.changelog-init.xml::add_status_column::R3.Corda, databaseChangeLog=master.changelog.json}
?[m?[37m[INFO] 23:47:32,920 [Test worker] jvm.JdbcExecutor. - CREATE TABLE PUBLIC.node_hash_to_key (pk_hash NVARCHAR(130) NOT NULL, public_key BLOB NOT NULL) {changeSet=migration/node-services.changelog-init.xml::add-new-pk-hash-to-pk-table::R3.Corda, databaseChangeLog=master.changelog.json}
?[m?[37m[INFO] 23:47:32,921 [Test worker] changelog.ChangeSet. - Table node_hash_to_key created {changeSet=migration/node-services.changelog-init.xml::add-new-pk-hash-to-pk-table::R3.Corda, databaseChangeLog=master.changelog.json}
?[m?[37m[INFO] 23:47:32,921 [Test worker] jvm.JdbcExecutor. - ALTER TABLE PUBLIC.node_hash_to_key ADD CONSTRAINT node_hash_to_key_pk_hash PRIMARY KEY (pk_hash) {changeSet=migration/node-services.changelog-init.xml::add-new-pk-hash-to-pk-table::R3.Corda, databaseChangeLog=master.changelog.json}
?[m?[37m[INFO] 23:47:32,922 [Test worker] changelog.ChangeSet. - Primary key added to node_hash_to_key (pk_hash) {changeSet=migration/node-services.changelog-init.xml::add-new-pk-hash-to-pk-table::R3.Corda, databaseChangeLog=master.changelog.json}
?[m?[37m[INFO] 23:47:32,922 [Test worker] changelog.ChangeSet. - ChangeSet migration/node-services.changelog-init.xml::add-new-pk-hash-to-pk-table::R3.Corda ran successfully in 2ms {changeSet=migration/node-services.changelog-init.xml::add-new-pk-hash-to-pk-table::R3.Corda, databaseChangeLog=master.changelog.json}
?[m?[37m[INFO] 23:47:32,923 [Test worker] jvm.JdbcExecutor. - INSERT INTO PUBLIC.DATABASECHANGELOG (ID, AUTHOR, FILENAME, DATEEXECUTED, ORDEREXECUTED, MD5SUM, DESCRIPTION, COMMENTS, EXECTYPE, CONTEXTS, LABELS, LIQUIBASE, DEPLOYMENT_ID) VALUES ('add-new-pk-hash-to-pk-table', 'R3.Corda', 'migration/node-services.changelog-init.xml', NOW(), 90, '8:90ed8145a19f497b5c95a5c9542917f0', 'createTable tableName=node_hash_to_key; addPrimaryKey constraintName=node_hash_to_key_pk_hash, tableName=node_hash_to_key', '', 'EXECUTED', NULL, NULL, '3.6.3', '3614852183') {changeSet=migration/node-services.changelog-init.xml::add-new-pk-hash-to-pk-table::R3.Corda, databaseChangeLog=master.changelog.json}
?[m?[37m[INFO] 23:47:32,924 [Test worker] jvm.JdbcExecutor. - ALTER TABLE PUBLIC.node_transactions ADD timestamp TIMESTAMP DEFAULT '2000-01-01 12:00:00' NOT NULL {changeSet=migration/node-services.changelog-init.xml::add_timestamp_column_to_node_transactions::R3.Corda, databaseChangeLog=master.changelog.json}
?[m?[37m[INFO] 23:47:32,929 [Test worker] changelog.ChangeSet. - Columns timestamp(TIMESTAMP) added to node_transactions {changeSet=migration/node-services.changelog-init.xml::add_timestamp_column_to_node_transactions::R3.Corda, databaseChangeLog=master.changelog.json}
?[m?[37m[INFO] 23:47:32,929 [Test worker] changelog.ChangeSet. - ChangeSet migration/node-services.changelog-init.xml::add_timestamp_column_to_node_transactions::R3.Corda ran successfully in 5ms {changeSet=migration/node-services.changelog-init.xml::add_timestamp_column_to_node_transactions::R3.Corda, databaseChangeLog=master.changelog.json}
?[m?[37m[INFO] 23:47:32,930 [Test worker] jvm.JdbcExecutor. - INSERT INTO PUBLIC.DATABASECHANGELOG (ID, AUTHOR, FILENAME, DATEEXECUTED, ORDEREXECUTED, MD5SUM, DESCRIPTION, COMMENTS, EXECTYPE, CONTEXTS, LABELS, LIQUIBASE, DEPLOYMENT_ID) VALUES ('add_timestamp_column_to_node_transactions', 'R3.Corda', 'migration/node-services.changelog-init.xml', NOW(), 91, '8:bc308c6c38c83b58a03f11f0943a944f', 'addColumn tableName=node_transactions', '', 'EXECUTED', NULL, NULL, '3.6.3', '3614852183') {changeSet=migration/node-services.changelog-init.xml::add_timestamp_column_to_node_transactions::R3.Corda, databaseChangeLog=master.changelog.json}
?[m?[37m[INFO] 23:47:32,933 [Test worker] migration.VaultStateMigration. - Migrating vault state data to V4 tables {changeSet=migration/vault-schema.changelog-v9.xml::update-vault-states::R3.Corda, databaseChangeLog=master.changelog.json}
?[m?[37m[INFO] 23:47:33,042 [Test worker] persistence.HibernateConfiguration. - Init HibernateConfiguration for schemas: [VaultMigrationSchemaV1(name=net.corda.node.migration.VaultMigrationSchema, version=1), VaultSchemaV1(name=net.corda.node.services.vault.VaultSchema, version=1)] {changeSet=migration/vault-schema.changelog-v9.xml::update-vault-states::R3.Corda, databaseChangeLog=master.changelog.json}
?[m?[37m[INFO] 23:47:33,049 [Test worker] factory.BaseSessionFactoryFactory. - Creating session factory for schemas: [VaultMigrationSchemaV1(name=net.corda.node.migration.VaultMigrationSchema, version=1), VaultSchemaV1(name=net.corda.node.services.vault.VaultSchema, version=1)] {changeSet=migration/vault-schema.changelog-v9.xml::update-vault-states::R3.Corda, databaseChangeLog=master.changelog.json}
?[m?[37m[INFO] 23:47:33,434 [Test worker] hibernate.Version. - HHH000412: Hibernate Core {5.4.3.Final} {changeSet=migration/vault-schema.changelog-v9.xml::update-vault-states::R3.Corda, databaseChangeLog=master.changelog.json}
?[m?[37m[INFO] 23:47:33,616 [Test worker] common.Version. - HCANN000001: Hibernate Commons Annotations {5.1.0.Final} {changeSet=migration/vault-schema.changelog-v9.xml::update-vault-states::R3.Corda, databaseChangeLog=master.changelog.json}
?[m?[37m[INFO] 23:47:33,883 [Test worker] internal.ConnectionProviderInitiator. - HHH000130: Instantiating explicit connection provider: net.corda.nodeapi.internal.persistence.HibernateConfiguration$NodeDatabaseConnectionProvider {changeSet=migration/vault-schema.changelog-v9.xml::update-vault-states::R3.Corda, databaseChangeLog=master.changelog.json}
?[m?[37m[INFO] 23:47:33,925 [Test worker] dialect.Dialect. - HHH000400: Using dialect: org.hibernate.dialect.H2Dialect {changeSet=migration/vault-schema.changelog-v9.xml::update-vault-states::R3.Corda, databaseChangeLog=master.changelog.json}
?[m?[37m[INFO] 23:47:35,608 [Test worker] connections.access. - HHH10001501: Connection obtained from JdbcConnectionAccess [org.hibernate.engine.jdbc.env.internal.JdbcEnvironmentInitiator$ConnectionProviderJdbcConnectionAccess@56291f60] for (non-JTA) DDL execution was not in auto-commit mode; the Connection 'local transaction' will be committed and the Connection will be set into auto-commit mode. {changeSet=migration/vault-schema.changelog-v9.xml::update-vault-states::R3.Corda, databaseChangeLog=master.changelog.json}
?[m?[37m[INFO] 23:47:35,701 [Test worker] internal.JtaPlatformInitiator. - HHH000490: Using JtaPlatform implementation: [org.hibernate.engine.transaction.jta.platform.internal.NoJtaPlatform] {changeSet=migration/vault-schema.changelog-v9.xml::update-vault-states::R3.Corda, databaseChangeLog=master.changelog.json}
?[m?[37m[INFO] 23:47:35,710 [Test worker] factory.BaseSessionFactoryFactory. - Created session factory for schemas: [VaultMigrationSchemaV1(name=net.corda.node.migration.VaultMigrationSchema, version=1), VaultSchemaV1(name=net.corda.node.services.vault.VaultSchema, version=1)] {changeSet=migration/vault-schema.changelog-v9.xml::update-vault-states::R3.Corda, databaseChangeLog=master.changelog.json}
?[m?[37m[INFO] 23:47:36,383 [Test worker] migration.VaultStateMigration. - Finished performing vault state data migration for 0 states {changeSet=migration/vault-schema.changelog-v9.xml::update-vault-states::R3.Corda, databaseChangeLog=master.changelog.json}
?[m?[37m[INFO] 23:47:36,383 [Test worker] changelog.ChangeSet. - null {changeSet=migration/vault-schema.changelog-v9.xml::update-vault-states::R3.Corda, databaseChangeLog=master.changelog.json}
?[m?[37m[INFO] 23:47:36,383 [Test worker] changelog.ChangeSet. - ChangeSet migration/vault-schema.changelog-v9.xml::update-vault-states::R3.Corda ran successfully in 3450ms {changeSet=migration/vault-schema.changelog-v9.xml::update-vault-states::R3.Corda, databaseChangeLog=master.changelog.json}
?[m?[37m[INFO] 23:47:36,385 [Test worker] jvm.JdbcExecutor. - INSERT INTO PUBLIC.DATABASECHANGELOG (ID, AUTHOR, FILENAME, DATEEXECUTED, ORDEREXECUTED, MD5SUM, DESCRIPTION, COMMENTS, EXECTYPE, CONTEXTS, LABELS, LIQUIBASE, DEPLOYMENT_ID) VALUES ('update-vault-states', 'R3.Corda', 'migration/vault-schema.changelog-v9.xml', NOW(), 92, '8:f8f4c73846280164daf6855e1ecf3cc6', 'customChange', '', 'EXECUTED', NULL, NULL, '3.6.3', '3614852183') {changeSet=migration/vault-schema.changelog-v9.xml::update-vault-states::R3.Corda, databaseChangeLog=master.changelog.json}
?[m?[37m[INFO] 23:47:36,386 [Test worker] migration.PersistentIdentityMigrationNewTable. - Migrating persistent identities with certificates table into persistent table with no certificate data. {changeSet=migration/node-services.changelog-init.xml::transfer-to-new-persistence-table::R3.Corda, databaseChangeLog=master.changelog.json}
?[m?[37m[INFO] 23:47:36,391 [Test worker] persistence.HibernateConfiguration. - Init HibernateConfiguration for schemas: [MappedSchema(name=net.corda.node.migration.PersistentIdentitiesMigrationSchema, version=1)] {changeSet=migration/node-services.changelog-init.xml::transfer-to-new-persistence-table::R3.Corda, databaseChangeLog=master.changelog.json}
?[m?[37m[INFO] 23:47:36,391 [Test worker] factory.BaseSessionFactoryFactory. - Creating session factory for schemas: [MappedSchema(name=net.corda.node.migration.PersistentIdentitiesMigrationSchema, version=1)] {changeSet=migration/node-services.changelog-init.xml::transfer-to-new-persistence-table::R3.Corda, databaseChangeLog=master.changelog.json}
?[m?[37m[INFO] 23:47:36,399 [Test worker] internal.ConnectionProviderInitiator. - HHH000130: Instantiating explicit connection provider: net.corda.nodeapi.internal.persistence.HibernateConfiguration$NodeDatabaseConnectionProvider {changeSet=migration/node-services.changelog-init.xml::transfer-to-new-persistence-table::R3.Corda, databaseChangeLog=master.changelog.json}
?[m?[37m[INFO] 23:47:36,400 [Test worker] dialect.Dialect. - HHH000400: Using dialect: org.hibernate.dialect.H2Dialect {changeSet=migration/node-services.changelog-init.xml::transfer-to-new-persistence-table::R3.Corda, databaseChangeLog=master.changelog.json}
?[m?[37m[INFO] 23:47:36,435 [Test worker] connections.access. - HHH10001501: Connection obtained from JdbcConnectionAccess [org.hibernate.engine.jdbc.env.internal.JdbcEnvironmentInitiator$ConnectionProviderJdbcConnectionAccess@56415cbc] for (non-JTA) DDL execution was not in auto-commit mode; the Connection 'local transaction' will be committed and the Connection will be set into auto-commit mode. {changeSet=migration/node-services.changelog-init.xml::transfer-to-new-persistence-table::R3.Corda, databaseChangeLog=master.changelog.json}
?[m?[37m[INFO] 23:47:36,474 [Test worker] internal.JtaPlatformInitiator. - HHH000490: Using JtaPlatform implementation: [org.hibernate.engine.transaction.jta.platform.internal.NoJtaPlatform] {changeSet=migration/node-services.changelog-init.xml::transfer-to-new-persistence-table::R3.Corda, databaseChangeLog=master.changelog.json}
?[m?[37m[INFO] 23:47:36,474 [Test worker] factory.BaseSessionFactoryFactory. - Created session factory for schemas: [MappedSchema(name=net.corda.node.migration.PersistentIdentitiesMigrationSchema, version=1)] {changeSet=migration/node-services.changelog-init.xml::transfer-to-new-persistence-table::R3.Corda, databaseChangeLog=master.changelog.json}
?[m?[37m[INFO] 23:47:36,479 [Test worker] changelog.ChangeSet. - null {changeSet=migration/node-services.changelog-init.xml::transfer-to-new-persistence-table::R3.Corda, databaseChangeLog=master.changelog.json}
?[m?[37m[INFO] 23:47:36,479 [Test worker] changelog.ChangeSet. - ChangeSet migration/node-services.changelog-init.xml::transfer-to-new-persistence-table::R3.Corda ran successfully in 93ms {changeSet=migration/node-services.changelog-init.xml::transfer-to-new-persistence-table::R3.Corda, databaseChangeLog=master.changelog.json}
?[m?[37m[INFO] 23:47:36,480 [Test worker] jvm.JdbcExecutor. - INSERT INTO PUBLIC.DATABASECHANGELOG (ID, AUTHOR, FILENAME, DATEEXECUTED, ORDEREXECUTED, MD5SUM, DESCRIPTION, COMMENTS, EXECTYPE, CONTEXTS, LABELS, LIQUIBASE, DEPLOYMENT_ID) VALUES ('transfer-to-new-persistence-table', 'R3.Corda', 'migration/node-services.changelog-init.xml', NOW(), 93, '8:dc5c1913b593f4a2b95ddca810da11ba', 'customChange', '', 'EXECUTED', NULL, NULL, '3.6.3', '3614852183') {changeSet=migration/node-services.changelog-init.xml::transfer-to-new-persistence-table::R3.Corda, databaseChangeLog=master.changelog.json}
?[m?[37m[INFO] 23:47:36,481 [Test worker] jvm.JdbcExecutor. - CREATE TABLE PUBLIC.node_notary_committed_states (output_index INT NOT NULL, transaction_id NVARCHAR(64) NOT NULL, consuming_transaction_id NVARCHAR(64)) {changeSet=migration/node-services.changelog-init.xml::1511451595465-16::R3.Corda, databaseChangeLog=master.changelog.json}
?[m?[37m[INFO] 23:47:36,481 [Test worker] changelog.ChangeSet. - Table node_notary_committed_states created {changeSet=migration/node-services.changelog-init.xml::1511451595465-16::R3.Corda, databaseChangeLog=master.changelog.json}
?[m?[37m[INFO] 23:47:36,481 [Test worker] changelog.ChangeSet. - ChangeSet migration/node-services.changelog-init.xml::1511451595465-16::R3.Corda ran successfully in 1ms {changeSet=migration/node-services.changelog-init.xml::1511451595465-16::R3.Corda, databaseChangeLog=master.changelog.json}
?[m?[37m[INFO] 23:47:36,483 [Test worker] jvm.JdbcExecutor. - INSERT INTO PUBLIC.DATABASECHANGELOG (ID, AUTHOR, FILENAME, DATEEXECUTED, ORDEREXECUTED, MD5SUM, DESCRIPTION, COMMENTS, EXECTYPE, CONTEXTS, LABELS, LIQUIBASE, DEPLOYMENT_ID) VALUES ('1511451595465-16', 'R3.Corda', 'migration/node-services.changelog-init.xml', NOW(), 94, '8:202eb6144ca2ddf982810c5b333117b8', 'createTable tableName=node_notary_committed_states', '', 'EXECUTED', NULL, NULL, '3.6.3', '3614852183') {changeSet=migration/node-services.changelog-init.xml::1511451595465-16::R3.Corda, databaseChangeLog=master.changelog.json}
?[m?[37m[INFO] 23:47:36,484 [Test worker] jvm.JdbcExecutor. - CREATE TABLE PUBLIC.node_notary_request_log (id INT NOT NULL, consuming_transaction_id NVARCHAR(64) NOT NULL, requesting_party_name NVARCHAR(255) NOT NULL, request_timestamp TIMESTAMP NOT NULL, request_signature BLOB NOT NULL) {changeSet=migration/node-services.changelog-init.xml::1521131680317-17::R3.Corda, databaseChangeLog=master.changelog.json}
?[m?[37m[INFO] 23:47:36,484 [Test worker] changelog.ChangeSet. - Table node_notary_request_log created {changeSet=migration/node-services.changelog-init.xml::1521131680317-17::R3.Corda, databaseChangeLog=master.changelog.json}
?[m?[37m[INFO] 23:47:36,485 [Test worker] changelog.ChangeSet. - ChangeSet migration/node-services.changelog-init.xml::1521131680317-17::R3.Corda ran successfully in 2ms {changeSet=migration/node-services.changelog-init.xml::1521131680317-17::R3.Corda, databaseChangeLog=master.changelog.json}
?[m?[37m[INFO] 23:47:36,486 [Test worker] jvm.JdbcExecutor. - INSERT INTO PUBLIC.DATABASECHANGELOG (ID, AUTHOR, FILENAME, DATEEXECUTED, ORDEREXECUTED, MD5SUM, DESCRIPTION, COMMENTS, EXECTYPE, CONTEXTS, LABELS, LIQUIBASE, DEPLOYMENT_ID) VALUES ('1521131680317-17', 'R3.Corda', 'migration/node-services.changelog-init.xml', NOW(), 95, '8:da67caf796d1a61c253ac38815a6fa6b', 'createTable tableName=node_notary_request_log', '', 'EXECUTED', NULL, NULL, '3.6.3', '3614852183') {changeSet=migration/node-services.changelog-init.xml::1521131680317-17::R3.Corda, databaseChangeLog=master.changelog.json}
?[m?[37m[INFO] 23:47:36,487 [Test worker] jvm.JdbcExecutor. - ALTER TABLE PUBLIC.node_notary_committed_states ADD CONSTRAINT node_notary_states_pkey PRIMARY KEY (output_index, transaction_id) {changeSet=migration/node-services.changelog-init.xml::1511451595465-41::R3.Corda, databaseChangeLog=master.changelog.json}
?[m?[37m[INFO] 23:47:36,488 [Test worker] changelog.ChangeSet. - Primary key added to node_notary_committed_states (output_index, transaction_id) {changeSet=migration/node-services.changelog-init.xml::1511451595465-41::R3.Corda, databaseChangeLog=master.changelog.json}
?[m?[37m[INFO] 23:47:36,488 [Test worker] changelog.ChangeSet. - ChangeSet migration/node-services.changelog-init.xml::1511451595465-41::R3.Corda ran successfully in 2ms {changeSet=migration/node-services.changelog-init.xml::1511451595465-41::R3.Corda, databaseChangeLog=master.changelog.json}
?[m?[37m[INFO] 23:47:36,489 [Test worker] jvm.JdbcExecutor. - INSERT INTO PUBLIC.DATABASECHANGELOG (ID, AUTHOR, FILENAME, DATEEXECUTED, ORDEREXECUTED, MD5SUM, DESCRIPTION, COMMENTS, EXECTYPE, CONTEXTS, LABELS, LIQUIBASE, DEPLOYMENT_ID) VALUES ('1511451595465-41', 'R3.Corda', 'migration/node-services.changelog-init.xml', NOW(), 96, '8:73a5b14473602a38c02858208ef2af9d', 'addPrimaryKey constraintName=node_notary_states_pkey, tableName=node_notary_committed_states', '', 'EXECUTED', NULL, NULL, '3.6.3', '3614852183') {changeSet=migration/node-services.changelog-init.xml::1511451595465-41::R3.Corda, databaseChangeLog=master.changelog.json}
?[m?[37m[INFO] 23:47:36,490 [Test worker] jvm.JdbcExecutor. - ALTER TABLE PUBLIC.node_notary_request_log ADD CONSTRAINT node_notary_request_log_pkey PRIMARY KEY (id) {changeSet=migration/node-services.changelog-init.xml::1521131680317-48::R3.Corda, databaseChangeLog=master.changelog.json}
?[m?[37m[INFO] 23:47:36,491 [Test worker] changelog.ChangeSet. - Primary key added to node_notary_request_log (id) {changeSet=migration/node-services.changelog-init.xml::1521131680317-48::R3.Corda, databaseChangeLog=master.changelog.json}
?[m?[37m[INFO] 23:47:36,491 [Test worker] changelog.ChangeSet. - ChangeSet migration/node-services.changelog-init.xml::1521131680317-48::R3.Corda ran successfully in 1ms {changeSet=migration/node-services.changelog-init.xml::1521131680317-48::R3.Corda, databaseChangeLog=master.changelog.json}
?[m?[37m[INFO] 23:47:36,492 [Test worker] jvm.JdbcExecutor. - INSERT INTO PUBLIC.DATABASECHANGELOG (ID, AUTHOR, FILENAME, DATEEXECUTED, ORDEREXECUTED, MD5SUM, DESCRIPTION, COMMENTS, EXECTYPE, CONTEXTS, LABELS, LIQUIBASE, DEPLOYMENT_ID) VALUES ('1521131680317-48', 'R3.Corda', 'migration/node-services.changelog-init.xml', NOW(), 97, '8:7b2392b8e69fe748f22e678d1e8b1d3e', 'addPrimaryKey constraintName=node_notary_request_log_pkey, tableName=node_notary_request_log', '', 'EXECUTED', NULL, NULL, '3.6.3', '3614852183') {changeSet=migration/node-services.changelog-init.xml::1521131680317-48::R3.Corda, databaseChangeLog=master.changelog.json}
?[m?[37m[INFO] 23:47:36,493 [Test worker] jvm.JdbcExecutor. - ALTER TABLE PUBLIC.node_notary_committed_states ALTER COLUMN consuming_transaction_id SET NOT NULL {changeSet=migration/node-services.changelog-init.xml::nullability::R3.Corda, databaseChangeLog=master.changelog.json}
?[m?[37m[INFO] 23:47:36,493 [Test worker] changelog.ChangeSet. - NOT NULL constraint has been added to node_notary_committed_states.consuming_transaction_id {changeSet=migration/node-services.changelog-init.xml::nullability::R3.Corda, databaseChangeLog=master.changelog.json}
?[m?[37m[INFO] 23:47:36,493 [Test worker] changelog.ChangeSet. - ChangeSet migration/node-services.changelog-init.xml::nullability::R3.Corda ran successfully in 1ms {changeSet=migration/node-services.changelog-init.xml::nullability::R3.Corda, databaseChangeLog=master.changelog.json}
?[m?[37m[INFO] 23:47:36,495 [Test worker] jvm.JdbcExecutor. - INSERT INTO PUBLIC.DATABASECHANGELOG (ID, AUTHOR, FILENAME, DATEEXECUTED, ORDEREXECUTED, MD5SUM, DESCRIPTION, COMMENTS, EXECTYPE, CONTEXTS, LABELS, LIQUIBASE, DEPLOYMENT_ID) VALUES ('nullability', 'R3.Corda', 'migration/node-services.changelog-init.xml', NOW(), 98, '8:3a26bc5f7d8e2feba54946ed0460d0a6', 'addNotNullConstraint columnName=consuming_transaction_id, tableName=node_notary_committed_states', '', 'EXECUTED', NULL, NULL, '3.6.3', '3614852183') {changeSet=migration/node-services.changelog-init.xml::nullability::R3.Corda, databaseChangeLog=master.changelog.json}
?[m?[37m[INFO] 23:47:36,504 [Test worker] changelog.ChangeSet. - Marking ChangeSet: migration/node-notary.changelog-v2.xml::rename-table-notary-commit-log::R3.Corda ran despite precondition failure due to onFail='MARK_RAN': 
          master.changelog.json : Table PUBLIC.node_notary_commit_log does not exist
 {changeSet=migration/node-notary.changelog-v2.xml::rename-table-notary-commit-log::R3.Corda, databaseChangeLog=master.changelog.json}
?[m?[37m[INFO] 23:47:36,506 [Test worker] jvm.JdbcExecutor. - INSERT INTO PUBLIC.DATABASECHANGELOG (ID, AUTHOR, FILENAME, DATEEXECUTED, ORDEREXECUTED, MD5SUM, DESCRIPTION, COMMENTS, EXECTYPE, CONTEXTS, LABELS, LIQUIBASE, DEPLOYMENT_ID) VALUES ('rename-table-notary-commit-log', 'R3.Corda', 'migration/node-notary.changelog-v2.xml', NOW(), 99, '8:18c525e013adbd6f729983990933c4f4', 'renameTable newTableName=node_notary_committed_states, oldTableName=node_notary_commit_log', '', 'MARK_RAN', NULL, NULL, '3.6.3', '3614852183') {changeSet=migration/node-notary.changelog-v2.xml::rename-table-notary-commit-log::R3.Corda, databaseChangeLog=master.changelog.json}
?[m?[37m[INFO] 23:47:36,508 [Test worker] changelog.ChangeSet. - Marking ChangeSet: migration/node-notary.changelog-v2.xml::create-notary-request-log-table::R3.Corda ran despite precondition failure due to onFail='MARK_RAN': 
          master.changelog.json : Not precondition failed
 {changeSet=migration/node-notary.changelog-v2.xml::create-notary-request-log-table::R3.Corda, databaseChangeLog=master.changelog.json}
?[m?[37m[INFO] 23:47:36,509 [Test worker] jvm.JdbcExecutor. - INSERT INTO PUBLIC.DATABASECHANGELOG (ID, AUTHOR, FILENAME, DATEEXECUTED, ORDEREXECUTED, MD5SUM, DESCRIPTION, COMMENTS, EXECTYPE, CONTEXTS, LABELS, LIQUIBASE, DEPLOYMENT_ID) VALUES ('create-notary-request-log-table', 'R3.Corda', 'migration/node-notary.changelog-v2.xml', NOW(), 100, '8:d25c67b0275b7f205b89a85407bf51d0', 'createTable tableName=node_notary_request_log; addPrimaryKey constraintName=node_notary_request_log_pkey, tableName=node_notary_request_log', '', 'MARK_RAN', NULL, NULL, '3.6.3', '3614852183') {changeSet=migration/node-notary.changelog-v2.xml::create-notary-request-log-table::R3.Corda, databaseChangeLog=master.changelog.json}
?[m?[37m[INFO] 23:47:36,512 [Test worker] jvm.JdbcExecutor. - INSERT INTO PUBLIC.DATABASECHANGELOG (ID, AUTHOR, FILENAME, DATEEXECUTED, ORDEREXECUTED, MD5SUM, DESCRIPTION, COMMENTS, EXECTYPE, CONTEXTS, LABELS, LIQUIBASE, DEPLOYMENT_ID) VALUES ('non-clustered_pk-notary_state', 'R3.Corda', 'migration/node-notary.changelog-pkey.xml', NOW(), 101, '8:5b30922594a05dde8768e8af608451f5', 'dropPrimaryKey constraintName=node_notary_states_pkey, tableName=node_notary_committed_states; addPrimaryKey constraintName=node_notary_states_pkey, tableName=node_notary_committed_states', '', 'MARK_RAN', NULL, NULL, '3.6.3', '3614852183') {changeSet=migration/node-notary.changelog-pkey.xml::non-clustered_pk-notary_state::R3.Corda, databaseChangeLog=master.changelog.json}
?[m?[37m[INFO] 23:47:36,513 [Test worker] jvm.JdbcExecutor. - CREATE TABLE PUBLIC.node_notary_committed_txs (transaction_id NVARCHAR(64) NOT NULL) {changeSet=migration/node-notary.changelog-committed-transactions-table.xml::create-notary-committed-transactions-table::R3.Corda, databaseChangeLog=master.changelog.json}
?[m?[37m[INFO] 23:47:36,513 [Test worker] changelog.ChangeSet. - Table node_notary_committed_txs created {changeSet=migration/node-notary.changelog-committed-transactions-table.xml::create-notary-committed-transactions-table::R3.Corda, databaseChangeLog=master.changelog.json}
?[m?[37m[INFO] 23:47:36,514 [Test worker] jvm.JdbcExecutor. - ALTER TABLE PUBLIC.node_notary_committed_txs ADD CONSTRAINT node_notary_transactions_pkey PRIMARY KEY (transaction_id) {changeSet=migration/node-notary.changelog-committed-transactions-table.xml::create-notary-committed-transactions-table::R3.Corda, databaseChangeLog=master.changelog.json}
?[m?[37m[INFO] 23:47:36,514 [Test worker] changelog.ChangeSet. - Primary key added to node_notary_committed_txs (transaction_id) {changeSet=migration/node-notary.changelog-committed-transactions-table.xml::create-notary-committed-transactions-table::R3.Corda, databaseChangeLog=master.changelog.json}
?[m?[37m[INFO] 23:47:36,514 [Test worker] changelog.ChangeSet. - ChangeSet migration/node-notary.changelog-committed-transactions-table.xml::create-notary-committed-transactions-table::R3.Corda ran successfully in 1ms {changeSet=migration/node-notary.changelog-committed-transactions-table.xml::create-notary-committed-transactions-table::R3.Corda, databaseChangeLog=master.changelog.json}
?[m?[37m[INFO] 23:47:36,515 [Test worker] jvm.JdbcExecutor. - INSERT INTO PUBLIC.DATABASECHANGELOG (ID, AUTHOR, FILENAME, DATEEXECUTED, ORDEREXECUTED, MD5SUM, DESCRIPTION, COMMENTS, EXECTYPE, CONTEXTS, LABELS, LIQUIBASE, DEPLOYMENT_ID) VALUES ('create-notary-committed-transactions-table', 'R3.Corda', 'migration/node-notary.changelog-committed-transactions-table.xml', NOW(), 102, '8:ab59160cd3f0ceb591177364f90aa039', 'createTable tableName=node_notary_committed_txs; addPrimaryKey constraintName=node_notary_transactions_pkey, tableName=node_notary_committed_txs', '', 'EXECUTED', NULL, NULL, '3.6.3', '3614852183') {changeSet=migration/node-notary.changelog-committed-transactions-table.xml::create-notary-committed-transactions-table::R3.Corda, databaseChangeLog=master.changelog.json}
?[m?[37m[INFO] 23:47:36,517 [Test worker] lockservice.StandardLockService. - Successfully released change log lock
?[m?[37m[INFO] 23:47:36,521 [Test worker] internal.InternalMockNetwork$MockNode. - Connected to H2 database.
?[m?[37m[INFO] 23:47:36,549 [Test worker] persistence.HibernateConfiguration. - Init HibernateConfiguration for schemas: [CommonSchemaV1(name=net.corda.core.schemas.CommonSchema, version=1), VaultSchemaV1(name=net.corda.node.services.vault.VaultSchema, version=1), NodeInfoSchemaV1(name=net.corda.node.internal.schemas.NodeInfoSchema, version=1), NodeCoreV1(name=net.corda.node.services.schema.NodeSchemaService$NodeCore, version=1), NodeNotarySchemaV1(name=net.corda.node.services.transactions.NodeNotarySchema, version=1)]
?[m?[37m[INFO] 23:47:36,549 [Test worker] factory.BaseSessionFactoryFactory. - Creating session factory for schemas: [CommonSchemaV1(name=net.corda.core.schemas.CommonSchema, version=1), VaultSchemaV1(name=net.corda.node.services.vault.VaultSchema, version=1), NodeInfoSchemaV1(name=net.corda.node.internal.schemas.NodeInfoSchema, version=1), NodeCoreV1(name=net.corda.node.services.schema.NodeSchemaService$NodeCore, version=1), NodeNotarySchemaV1(name=net.corda.node.services.transactions.NodeNotarySchema, version=1)]
?[m?[37m[INFO] 23:47:36,558 [Test worker] internal.ConnectionProviderInitiator. - HHH000130: Instantiating explicit connection provider: net.corda.nodeapi.internal.persistence.HibernateConfiguration$NodeDatabaseConnectionProvider
?[m?[37m[INFO] 23:47:36,559 [Test worker] dialect.Dialect. - HHH000400: Using dialect: org.hibernate.dialect.H2Dialect
?[m?[37m[INFO] 23:47:36,766 [Test worker] connections.access. - HHH10001501: Connection obtained from JdbcConnectionAccess [org.hibernate.engine.jdbc.env.internal.JdbcEnvironmentInitiator$ConnectionProviderJdbcConnectionAccess@13e0f186] for (non-JTA) DDL execution was not in auto-commit mode; the Connection 'local transaction' will be committed and the Connection will be set into auto-commit mode.
?[m?[37m[INFO] 23:47:36,827 [Test worker] internal.JtaPlatformInitiator. - HHH000490: Using JtaPlatform implementation: [org.hibernate.engine.transaction.jta.platform.internal.NoJtaPlatform]
?[m?[37m[INFO] 23:47:36,827 [Test worker] factory.BaseSessionFactoryFactory. - Created session factory for schemas: [CommonSchemaV1(name=net.corda.core.schemas.CommonSchema, version=1), VaultSchemaV1(name=net.corda.node.services.vault.VaultSchema, version=1), NodeInfoSchemaV1(name=net.corda.node.internal.schemas.NodeInfoSchema, version=1), NodeCoreV1(name=net.corda.node.services.schema.NodeSchemaService$NodeCore, version=1), NodeNotarySchemaV1(name=net.corda.node.services.transactions.NodeNotarySchema, version=1)]
?[m?[37m[INFO] 23:47:36,841 [Test worker] internal.InternalMockNetwork$MockNode. - Node-info has changed so submitting update. Old node-info was null
?[m?[37m[INFO] 23:47:36,841 [Test worker] network.PersistentNetworkMapCache. - Adding node with info: NodeInfo(addresses=[mock.node:1000], legalIdentitiesAndCerts=[O=Notary Service, L=Zurich, C=CH], platformVersion=7, serial=1593614856841)
?[m?[37m[INFO] 23:47:36,848 [Test worker] network.PersistentNetworkMapCache. - No previous node found for O=Notary Service, L=Zurich, C=CH
?[m?[37m[INFO] 23:47:37,017 [Test worker] internal.InternalMockNetwork$MockNode. - New node-info: NodeInfo(addresses=[mock.node:1000], legalIdentitiesAndCerts=[O=Notary Service, L=Zurich, C=CH], platformVersion=7, serial=1593614856841)
?[m?[37m[INFO] 23:47:37,072 [Test worker] network.NetworkMapUpdater. - Auto-accept enabled for network parameter changes which modify only: [epoch, modifiedTime, packageOwnership, whitelistedContractImplementations]
?[m?[37m[INFO] 23:47:37,088 [Test worker] internal.MockNodeMessagingService. - Status change to true
?[m?[37m[INFO] 23:47:37,091 [Test worker] internal.InternalMockNetwork$MockNode. - MessagingService active change to: true
?[m?[37m[INFO] 23:47:37,099 [MockNode-1-2] network.PersistentNetworkMapCache. - Adding node with info: NodeInfo(addresses=[mock.node:1000], legalIdentitiesAndCerts=[O=Notary Service, L=Zurich, C=CH], platformVersion=7, serial=1593614856841)
?[m?[37m[INFO] 23:47:37,134 [MockNode-1-2] network.PersistentNetworkMapCache. - Previous node was identical to incoming one - doing nothing
?[m?[37m[INFO] 23:47:37,145 [Test worker] utilities.NotaryLoader. - Starting notary service: class net.corda.node.services.transactions.SimpleNotaryService
?[m?[37m[INFO] 23:47:37,149 [Test worker] notary.SinglePartyNotaryService. - Starting notary in validating mode
?[m?[37m[INFO] 23:47:37,629 [Test worker] statemachine.SingleThreadedStateMachineManager. - Node ready, info: NodeInfo(addresses=[mock.node:1000], legalIdentitiesAndCerts=[O=Notary Service, L=Zurich, C=CH], platformVersion=7, serial=1593614856841)
?[m?[37m[INFO] 23:47:37,666 [Test worker] network.PersistentNetworkMapCache. - Adding node with info: NodeInfo(addresses=[mock.node:1000], legalIdentitiesAndCerts=[O=Notary Service, L=Zurich, C=CH], platformVersion=7, serial=1593614856841)
?[m?[37m[INFO] 23:47:37,670 [Test worker] network.PersistentNetworkMapCache. - Previous node was identical to incoming one - doing nothing
?[m?[37m[INFO] 23:47:37,671 [Test worker] network.PersistentNetworkMapCache. - Adding node with info: NodeInfo(addresses=[mock.node:1000], legalIdentitiesAndCerts=[O=Notary Service, L=Zurich, C=CH], platformVersion=7, serial=1593614856841)
?[m?[37m[INFO] 23:47:37,671 [Test worker] network.PersistentNetworkMapCache. - Previous node was identical to incoming one - doing nothing
?[m?[37m[INFO] 23:47:37,683 [Test worker] cordapp.JarScanningCordappLoader. - Looking for CorDapps in [build\mock-network\20200701-144717.967\nodes\1\cordapps]
?[m?[37m[INFO] 23:47:37,683 [Test worker] cordapp.JarScanningCordappLoader. - Loading CorDapps from RestrictedURL(url=file:/E:/workspace/corda/samples-kotlin/Basic/pingpong/workflows-kotlin/build/mock-network/20200701-144717.967/nodes/1/cordapps/net.corda.examples.pingpong.flows.FlowParallelMessagingTests_1_7_94baeabf-1013-426c-a853-fe9265425153.jar, rootPackageName=null)
?[m?[37m[INFO] 23:47:37,683 [Test worker] cordapp.JarScanningCordappLoader. - Scanning CorDapp in file:/E:/workspace/corda/samples-kotlin/Basic/pingpong/workflows-kotlin/build/mock-network/20200701-144717.967/nodes/1/cordapps/net.corda.examples.pingpong.flows.FlowParallelMessagingTests_1_7_94baeabf-1013-426c-a853-fe9265425153.jar
?[m?[37m[INFO] 23:47:37,718 [Test worker] internal.InternalMockNetwork$MockNode. - MessagingService active change to: false
?[m?[37m[INFO] 23:47:37,720 [Test worker] internal.InternalMockNetwork$MockNode. - Flow external operation executor has a max of 2 threads
?[m?[37m[INFO] 23:47:37,722 [Test worker] internal.InternalMockNetwork$MockNode. - Node starting up ...
?[m?[37m[INFO] 23:47:37,772 [Test worker] internal.NodeFlowManager. - Registered net.corda.examples.pingpong.flows.FlowParallelMessagingTests$SenderFlow to initiate net.corda.examples.pingpong.flows.FlowParallelMessagingTests$RecipientFlow (version 1)
?[m?[37m[INFO] 23:47:37,772 [Test worker] internal.NodeFlowManager. - Registered net.corda.examples.pingpong.flows.FlowParallelMessagingTests$StagedSenderFlow to initiate net.corda.examples.pingpong.flows.FlowParallelMessagingTests$StagedRecipientFlow (version 1)
?[m?[37m[INFO] 23:47:37,777 [Test worker] internal.InternalMockNetwork$MockNode. - Loaded network parameters: NetworkParameters {
      minimumPlatformVersion=1
      notaries=[NotaryInfo(identity=O=Notary Service, L=Zurich, C=CH, validating=true)]
      maxMessageSize=10485760
      maxTransactionSize=524288000
      whitelistedContractImplementations {
        
      }
      eventHorizon=PT720H
      packageOwnership {
        
      }
      modifiedTime=2020-07-01T14:47:17.967Z
      epoch=1
  }
?[m?[37m[INFO] 23:47:37,778 [Test worker] hikari.HikariDataSource. - HikariPool-2 - Starting...
?[m?[37m[INFO] 23:47:37,779 [Test worker] hikari.HikariDataSource. - HikariPool-2 - Start completed.
?[m?[37m[INFO] 23:47:38,046 [Test worker] changelog.StandardChangeLogHistoryService. - Creating database history table with name: PUBLIC.DATABASECHANGELOG
?[m?[37m[INFO] 23:47:38,047 [Test worker] jvm.JdbcExecutor. - CREATE TABLE PUBLIC.DATABASECHANGELOG (ID VARCHAR(255) NOT NULL, AUTHOR VARCHAR(255) NOT NULL, FILENAME VARCHAR(255) NOT NULL, DATEEXECUTED TIMESTAMP NOT NULL, ORDEREXECUTED INT NOT NULL, EXECTYPE VARCHAR(10) NOT NULL, MD5SUM VARCHAR(35), DESCRIPTION VARCHAR(255), COMMENTS VARCHAR(255), TAG VARCHAR(255), LIQUIBASE VARCHAR(20), CONTEXTS VARCHAR(255), LABELS VARCHAR(255), DEPLOYMENT_ID VARCHAR(10))
?[m?[37m[INFO] 23:47:38,048 [Test worker] jvm.JdbcExecutor. - SELECT COUNT(*) FROM PUBLIC.DATABASECHANGELOG
?[m?[37m[INFO] 23:47:38,049 [Test worker] changelog.StandardChangeLogHistoryService. - Reading from PUBLIC.DATABASECHANGELOG
?[m?[37m[INFO] 23:47:38,049 [Test worker] jvm.JdbcExecutor. - SELECT * FROM PUBLIC.DATABASECHANGELOG ORDER BY DATEEXECUTED ASC, ORDEREXECUTED ASC
?[m?[37m[INFO] 23:47:38,049 [Test worker] jvm.JdbcExecutor. - SELECT COUNT(*) FROM PUBLIC.DATABASECHANGELOGLOCK
?[m?[37m[INFO] 23:47:38,050 [Test worker] jvm.JdbcExecutor. - CREATE TABLE PUBLIC.DATABASECHANGELOGLOCK (ID INT NOT NULL, LOCKED BOOLEAN NOT NULL, LOCKGRANTED TIMESTAMP, LOCKEDBY VARCHAR(255), CONSTRAINT PK_DATABASECHANGELOGLOCK PRIMARY KEY (ID))
?[m?[37m[INFO] 23:47:38,051 [Test worker] jvm.JdbcExecutor. - SELECT COUNT(*) FROM PUBLIC.DATABASECHANGELOGLOCK
?[m?[37m[INFO] 23:47:38,052 [Test worker] jvm.JdbcExecutor. - DELETE FROM PUBLIC.DATABASECHANGELOGLOCK
?[m?[37m[INFO] 23:47:38,052 [Test worker] jvm.JdbcExecutor. - INSERT INTO PUBLIC.DATABASECHANGELOGLOCK (ID, LOCKED) VALUES (1, FALSE)
?[m?[37m[INFO] 23:47:38,075 [Test worker] visitor.ValidatingVisitor. - Skipping change set migration/vault-schema.changelog-pkey.xml::non-clustered_pk-11::R3.Corda due to validation error(s): clustered is not allowed on h2 {changeSet=migration/vault-schema.changelog-pkey.xml::non-clustered_pk-11::R3.Corda, databaseChangeLog=master.changelog.json}
?[m?[37m[INFO] 23:47:38,077 [Test worker] visitor.ValidatingVisitor. - Skipping change set migration/vault-schema.changelog-pkey.xml::non-clustered_pk-12::R3.Corda due to validation error(s): clustered is not allowed on h2 {changeSet=migration/vault-schema.changelog-pkey.xml::non-clustered_pk-12::R3.Corda, databaseChangeLog=master.changelog.json}
?[m?[37m[INFO] 23:47:38,078 [Test worker] visitor.ValidatingVisitor. - Skipping change set migration/vault-schema.changelog-pkey.xml::non-clustered_pk-13::R3.Corda due to validation error(s): clustered is not allowed on h2 {changeSet=migration/vault-schema.changelog-pkey.xml::non-clustered_pk-13::R3.Corda, databaseChangeLog=master.changelog.json}
?[m?[37m[INFO] 23:47:38,121 [Test worker] visitor.ValidatingVisitor. - Skipping change set migration/node-core.changelog-pkey.xml::non-clustered_pk-1::R3.Corda due to validation error(s): clustered is not allowed on h2 {changeSet=migration/node-core.changelog-pkey.xml::non-clustered_pk-1::R3.Corda, databaseChangeLog=master.changelog.json}
?[m?[37m[INFO] 23:47:38,122 [Test worker] visitor.ValidatingVisitor. - Skipping change set migration/node-core.changelog-pkey.xml::non-clustered_pk-2::R3.Corda due to validation error(s): clustered is not allowed on h2 {changeSet=migration/node-core.changelog-pkey.xml::non-clustered_pk-2::R3.Corda, databaseChangeLog=master.changelog.json}
?[m?[37m[INFO] 23:47:38,122 [Test worker] visitor.ValidatingVisitor. - Skipping change set migration/node-core.changelog-pkey.xml::non-clustered_pk-3::R3.Corda due to validation error(s): clustered is not allowed on h2 {changeSet=migration/node-core.changelog-pkey.xml::non-clustered_pk-3::R3.Corda, databaseChangeLog=master.changelog.json}
?[m?[37m[INFO] 23:47:38,122 [Test worker] visitor.ValidatingVisitor. - Skipping change set migration/node-core.changelog-pkey.xml::non-clustered_pk-4::R3.Corda due to validation error(s): clustered is not allowed on h2 {changeSet=migration/node-core.changelog-pkey.xml::non-clustered_pk-4::R3.Corda, databaseChangeLog=master.changelog.json}
?[m?[37m[INFO] 23:47:38,123 [Test worker] visitor.ValidatingVisitor. - Skipping change set migration/node-core.changelog-pkey.xml::non-clustered_pk-5::R3.Corda due to validation error(s): clustered is not allowed on h2 {changeSet=migration/node-core.changelog-pkey.xml::non-clustered_pk-5::R3.Corda, databaseChangeLog=master.changelog.json}
?[m?[37m[INFO] 23:47:38,123 [Test worker] visitor.ValidatingVisitor. - Skipping change set migration/node-core.changelog-pkey.xml::non-clustered_pk-6::R3.Corda due to validation error(s): clustered is not allowed on h2 {changeSet=migration/node-core.changelog-pkey.xml::non-clustered_pk-6::R3.Corda, databaseChangeLog=master.changelog.json}
?[m?[37m[INFO] 23:47:38,124 [Test worker] visitor.ValidatingVisitor. - Skipping change set migration/node-core.changelog-pkey.xml::non-clustered_pk-7::R3.Corda due to validation error(s): clustered is not allowed on h2 {changeSet=migration/node-core.changelog-pkey.xml::non-clustered_pk-7::R3.Corda, databaseChangeLog=master.changelog.json}
?[m?[37m[INFO] 23:47:38,137 [Test worker] jvm.JdbcExecutor. - SELECT COUNT(*) FROM PUBLIC.DATABASECHANGELOGLOCK
?[m?[37m[INFO] 23:47:38,137 [Test worker] jvm.JdbcExecutor. - SELECT LOCKED FROM PUBLIC.DATABASECHANGELOGLOCK WHERE ID=1
?[m?[37m[INFO] 23:47:38,138 [Test worker] lockservice.StandardLockService. - Successfully acquired change log lock
?[m?[37m[INFO] 23:47:38,142 [Test worker] visitor.ValidatingVisitor. - Skipping change set migration/vault-schema.changelog-pkey.xml::non-clustered_pk-11::R3.Corda due to validation error(s): clustered is not allowed on h2 {changeSet=migration/vault-schema.changelog-pkey.xml::non-clustered_pk-11::R3.Corda, databaseChangeLog=master.changelog.json}
?[m?[37m[INFO] 23:47:38,144 [Test worker] visitor.ValidatingVisitor. - Skipping change set migration/vault-schema.changelog-pkey.xml::non-clustered_pk-12::R3.Corda due to validation error(s): clustered is not allowed on h2 {changeSet=migration/vault-schema.changelog-pkey.xml::non-clustered_pk-12::R3.Corda, databaseChangeLog=master.changelog.json}
?[m?[37m[INFO] 23:47:38,144 [Test worker] visitor.ValidatingVisitor. - Skipping change set migration/vault-schema.changelog-pkey.xml::non-clustered_pk-13::R3.Corda due to validation error(s): clustered is not allowed on h2 {changeSet=migration/vault-schema.changelog-pkey.xml::non-clustered_pk-13::R3.Corda, databaseChangeLog=master.changelog.json}
?[m?[37m[INFO] 23:47:38,153 [Test worker] visitor.ValidatingVisitor. - Skipping change set migration/node-core.changelog-pkey.xml::non-clustered_pk-1::R3.Corda due to validation error(s): clustered is not allowed on h2 {changeSet=migration/node-core.changelog-pkey.xml::non-clustered_pk-1::R3.Corda, databaseChangeLog=master.changelog.json}
?[m?[37m[INFO] 23:47:38,153 [Test worker] visitor.ValidatingVisitor. - Skipping change set migration/node-core.changelog-pkey.xml::non-clustered_pk-2::R3.Corda due to validation error(s): clustered is not allowed on h2 {changeSet=migration/node-core.changelog-pkey.xml::non-clustered_pk-2::R3.Corda, databaseChangeLog=master.changelog.json}
?[m?[37m[INFO] 23:47:38,153 [Test worker] visitor.ValidatingVisitor. - Skipping change set migration/node-core.changelog-pkey.xml::non-clustered_pk-3::R3.Corda due to validation error(s): clustered is not allowed on h2 {changeSet=migration/node-core.changelog-pkey.xml::non-clustered_pk-3::R3.Corda, databaseChangeLog=master.changelog.json}
?[m?[37m[INFO] 23:47:38,153 [Test worker] visitor.ValidatingVisitor. - Skipping change set migration/node-core.changelog-pkey.xml::non-clustered_pk-4::R3.Corda due to validation error(s): clustered is not allowed on h2 {changeSet=migration/node-core.changelog-pkey.xml::non-clustered_pk-4::R3.Corda, databaseChangeLog=master.changelog.json}
?[m?[37m[INFO] 23:47:38,153 [Test worker] visitor.ValidatingVisitor. - Skipping change set migration/node-core.changelog-pkey.xml::non-clustered_pk-5::R3.Corda due to validation error(s): clustered is not allowed on h2 {changeSet=migration/node-core.changelog-pkey.xml::non-clustered_pk-5::R3.Corda, databaseChangeLog=master.changelog.json}
?[m?[37m[INFO] 23:47:38,153 [Test worker] visitor.ValidatingVisitor. - Skipping change set migration/node-core.changelog-pkey.xml::non-clustered_pk-6::R3.Corda due to validation error(s): clustered is not allowed on h2 {changeSet=migration/node-core.changelog-pkey.xml::non-clustered_pk-6::R3.Corda, databaseChangeLog=master.changelog.json}
?[m?[37m[INFO] 23:47:38,153 [Test worker] visitor.ValidatingVisitor. - Skipping change set migration/node-core.changelog-pkey.xml::non-clustered_pk-7::R3.Corda due to validation error(s): clustered is not allowed on h2 {changeSet=migration/node-core.changelog-pkey.xml::non-clustered_pk-7::R3.Corda, databaseChangeLog=master.changelog.json}
?[m?[37m[INFO] 23:47:38,157 [Test worker] jvm.JdbcExecutor. - SELECT SEQUENCE_NAME FROM INFORMATION_SCHEMA.SEQUENCES WHERE SEQUENCE_SCHEMA = 'null' AND IS_GENERATED=FALSE {changeSet=migration/common.changelog-init.xml::1511451595465-1.1::R3.Corda, databaseChangeLog=master.changelog.json}
?[m?[37m[INFO] 23:47:38,158 [Test worker] jvm.JdbcExecutor. - SELECT SEQUENCE_NAME FROM INFORMATION_SCHEMA.SEQUENCES WHERE SEQUENCE_SCHEMA = 'PUBLIC' AND IS_GENERATED=FALSE {changeSet=migration/common.changelog-init.xml::1511451595465-1.1::R3.Corda, databaseChangeLog=master.changelog.json}
?[m?[37m[INFO] 23:47:38,159 [Test worker] jvm.JdbcExecutor. - CREATE SEQUENCE PUBLIC.hibernate_sequence {changeSet=migration/common.changelog-init.xml::1511451595465-1.1::R3.Corda, databaseChangeLog=master.changelog.json}
?[m?[37m[INFO] 23:47:38,159 [Test worker] changelog.ChangeSet. - Sequence hibernate_sequence created {changeSet=migration/common.changelog-init.xml::1511451595465-1.1::R3.Corda, databaseChangeLog=master.changelog.json}
?[m?[37m[INFO] 23:47:38,159 [Test worker] changelog.ChangeSet. - ChangeSet migration/common.changelog-init.xml::1511451595465-1.1::R3.Corda ran successfully in 3ms {changeSet=migration/common.changelog-init.xml::1511451595465-1.1::R3.Corda, databaseChangeLog=master.changelog.json}
?[m?[37m[INFO] 23:47:38,159 [Test worker] jvm.JdbcExecutor. - SELECT MAX(ORDEREXECUTED) FROM PUBLIC.DATABASECHANGELOG {changeSet=migration/common.changelog-init.xml::1511451595465-1.1::R3.Corda, databaseChangeLog=master.changelog.json}
?[m?[37m[INFO] 23:47:38,161 [Test worker] jvm.JdbcExecutor. - INSERT INTO PUBLIC.DATABASECHANGELOG (ID, AUTHOR, FILENAME, DATEEXECUTED, ORDEREXECUTED, MD5SUM, DESCRIPTION, COMMENTS, EXECTYPE, CONTEXTS, LABELS, LIQUIBASE, DEPLOYMENT_ID) VALUES ('1511451595465-1.1', 'R3.Corda', 'migration/common.changelog-init.xml', NOW(), 1, '8:9df4ee4464a4a10dfcf2717c73a52620', 'createSequence sequenceName=hibernate_sequence', '', 'EXECUTED', NULL, NULL, '3.6.3', '3614858138') {changeSet=migration/common.changelog-init.xml::1511451595465-1.1::R3.Corda, databaseChangeLog=master.changelog.json}
?[m?[37m[INFO] 23:47:38,162 [Test worker] jvm.JdbcExecutor. - CREATE TABLE PUBLIC.vault_fungible_states (output_index INT NOT NULL, transaction_id NVARCHAR(64) NOT NULL, issuer_name NVARCHAR(255), issuer_ref VARBINARY(512), owner_name NVARCHAR(255), quantity BIGINT) {changeSet=migration/vault-schema.changelog-init.xml::1511451595465-22::R3.Corda, databaseChangeLog=master.changelog.json}
?[m?[37m[INFO] 23:47:38,162 [Test worker] changelog.ChangeSet. - Table vault_fungible_states created {changeSet=migration/vault-schema.changelog-init.xml::1511451595465-22::R3.Corda, databaseChangeLog=master.changelog.json}
?[m?[37m[INFO] 23:47:38,162 [Test worker] changelog.ChangeSet. - ChangeSet migration/vault-schema.changelog-init.xml::1511451595465-22::R3.Corda ran successfully in 0ms {changeSet=migration/vault-schema.changelog-init.xml::1511451595465-22::R3.Corda, databaseChangeLog=master.changelog.json}
?[m?[37m[INFO] 23:47:38,163 [Test worker] jvm.JdbcExecutor. - INSERT INTO PUBLIC.DATABASECHANGELOG (ID, AUTHOR, FILENAME, DATEEXECUTED, ORDEREXECUTED, MD5SUM, DESCRIPTION, COMMENTS, EXECTYPE, CONTEXTS, LABELS, LIQUIBASE, DEPLOYMENT_ID) VALUES ('1511451595465-22', 'R3.Corda', 'migration/vault-schema.changelog-init.xml', NOW(), 2, '8:4ae481f11ac84744a4392bbfd533fa75', 'createTable tableName=vault_fungible_states', '', 'EXECUTED', NULL, NULL, '3.6.3', '3614858138') {changeSet=migration/vault-schema.changelog-init.xml::1511451595465-22::R3.Corda, databaseChangeLog=master.changelog.json}
?[m?[37m[INFO] 23:47:38,164 [Test worker] jvm.JdbcExecutor. - CREATE TABLE PUBLIC.vault_fungible_states_parts (output_index INT NOT NULL, transaction_id NVARCHAR(64) NOT NULL, participants NVARCHAR(255)) {changeSet=migration/vault-schema.changelog-init.xml::1511451595465-23::R3.Corda, databaseChangeLog=master.changelog.json}
?[m?[37m[INFO] 23:47:38,165 [Test worker] changelog.ChangeSet. - Table vault_fungible_states_parts created {changeSet=migration/vault-schema.changelog-init.xml::1511451595465-23::R3.Corda, databaseChangeLog=master.changelog.json}
?[m?[37m[INFO] 23:47:38,165 [Test worker] changelog.ChangeSet. - ChangeSet migration/vault-schema.changelog-init.xml::1511451595465-23::R3.Corda ran successfully in 1ms {changeSet=migration/vault-schema.changelog-init.xml::1511451595465-23::R3.Corda, databaseChangeLog=master.changelog.json}
?[m?[37m[INFO] 23:47:38,166 [Test worker] jvm.JdbcExecutor. - INSERT INTO PUBLIC.DATABASECHANGELOG (ID, AUTHOR, FILENAME, DATEEXECUTED, ORDEREXECUTED, MD5SUM, DESCRIPTION, COMMENTS, EXECTYPE, CONTEXTS, LABELS, LIQUIBASE, DEPLOYMENT_ID) VALUES ('1511451595465-23', 'R3.Corda', 'migration/vault-schema.changelog-init.xml', NOW(), 3, '8:3222255d3b2e04b9dfad42d9acab103e', 'createTable tableName=vault_fungible_states_parts', '', 'EXECUTED', NULL, NULL, '3.6.3', '3614858138') {changeSet=migration/vault-schema.changelog-init.xml::1511451595465-23::R3.Corda, databaseChangeLog=master.changelog.json}
?[m?[37m[INFO] 23:47:38,167 [Test worker] jvm.JdbcExecutor. - CREATE TABLE PUBLIC.vault_linear_states (output_index INT NOT NULL, transaction_id NVARCHAR(64) NOT NULL, external_id NVARCHAR(255), uuid VARCHAR(255) NOT NULL) {changeSet=migration/vault-schema.changelog-init.xml::1511451595465-24::R3.Corda, databaseChangeLog=master.changelog.json}
?[m?[37m[INFO] 23:47:38,167 [Test worker] changelog.ChangeSet. - Table vault_linear_states created {changeSet=migration/vault-schema.changelog-init.xml::1511451595465-24::R3.Corda, databaseChangeLog=master.changelog.json}
?[m?[37m[INFO] 23:47:38,167 [Test worker] changelog.ChangeSet. - ChangeSet migration/vault-schema.changelog-init.xml::1511451595465-24::R3.Corda ran successfully in 1ms {changeSet=migration/vault-schema.changelog-init.xml::1511451595465-24::R3.Corda, databaseChangeLog=master.changelog.json}
?[m?[37m[INFO] 23:47:38,168 [Test worker] jvm.JdbcExecutor. - INSERT INTO PUBLIC.DATABASECHANGELOG (ID, AUTHOR, FILENAME, DATEEXECUTED, ORDEREXECUTED, MD5SUM, DESCRIPTION, COMMENTS, EXECTYPE, CONTEXTS, LABELS, LIQUIBASE, DEPLOYMENT_ID) VALUES ('1511451595465-24', 'R3.Corda', 'migration/vault-schema.changelog-init.xml', NOW(), 4, '8:fb2c5b52213239424320d137dc22059b', 'createTable tableName=vault_linear_states', '', 'EXECUTED', NULL, NULL, '3.6.3', '3614858138') {changeSet=migration/vault-schema.changelog-init.xml::1511451595465-24::R3.Corda, databaseChangeLog=master.changelog.json}
?[m?[37m[INFO] 23:47:38,169 [Test worker] jvm.JdbcExecutor. - CREATE TABLE PUBLIC.vault_linear_states_parts (output_index INT NOT NULL, transaction_id NVARCHAR(64) NOT NULL, participants NVARCHAR(255)) {changeSet=migration/vault-schema.changelog-init.xml::1511451595465-25::R3.Corda, databaseChangeLog=master.changelog.json}
?[m?[37m[INFO] 23:47:38,169 [Test worker] changelog.ChangeSet. - Table vault_linear_states_parts created {changeSet=migration/vault-schema.changelog-init.xml::1511451595465-25::R3.Corda, databaseChangeLog=master.changelog.json}
?[m?[37m[INFO] 23:47:38,169 [Test worker] changelog.ChangeSet. - ChangeSet migration/vault-schema.changelog-init.xml::1511451595465-25::R3.Corda ran successfully in 0ms {changeSet=migration/vault-schema.changelog-init.xml::1511451595465-25::R3.Corda, databaseChangeLog=master.changelog.json}
?[m?[37m[INFO] 23:47:38,170 [Test worker] jvm.JdbcExecutor. - INSERT INTO PUBLIC.DATABASECHANGELOG (ID, AUTHOR, FILENAME, DATEEXECUTED, ORDEREXECUTED, MD5SUM, DESCRIPTION, COMMENTS, EXECTYPE, CONTEXTS, LABELS, LIQUIBASE, DEPLOYMENT_ID) VALUES ('1511451595465-25', 'R3.Corda', 'migration/vault-schema.changelog-init.xml', NOW(), 5, '8:ccb2ca1b37c0eeb2ac12506f17bc8ee0', 'createTable tableName=vault_linear_states_parts', '', 'EXECUTED', NULL, NULL, '3.6.3', '3614858138') {changeSet=migration/vault-schema.changelog-init.xml::1511451595465-25::R3.Corda, databaseChangeLog=master.changelog.json}
?[m?[37m[INFO] 23:47:38,171 [Test worker] jvm.JdbcExecutor. - CREATE TABLE PUBLIC.vault_states (output_index INT NOT NULL, transaction_id NVARCHAR(64) NOT NULL, consumed_timestamp TIMESTAMP, contract_state_class_name NVARCHAR(255), lock_id NVARCHAR(255), lock_timestamp TIMESTAMP, notary_name NVARCHAR(255), recorded_timestamp TIMESTAMP, state_status INT) {changeSet=migration/vault-schema.changelog-init.xml::1511451595465-26::R3.Corda, databaseChangeLog=master.changelog.json}
?[m?[37m[INFO] 23:47:38,172 [Test worker] changelog.ChangeSet. - Table vault_states created {changeSet=migration/vault-schema.changelog-init.xml::1511451595465-26::R3.Corda, databaseChangeLog=master.changelog.json}
?[m?[37m[INFO] 23:47:38,172 [Test worker] changelog.ChangeSet. - ChangeSet migration/vault-schema.changelog-init.xml::1511451595465-26::R3.Corda ran successfully in 1ms {changeSet=migration/vault-schema.changelog-init.xml::1511451595465-26::R3.Corda, databaseChangeLog=master.changelog.json}
?[m?[37m[INFO] 23:47:38,173 [Test worker] jvm.JdbcExecutor. - INSERT INTO PUBLIC.DATABASECHANGELOG (ID, AUTHOR, FILENAME, DATEEXECUTED, ORDEREXECUTED, MD5SUM, DESCRIPTION, COMMENTS, EXECTYPE, CONTEXTS, LABELS, LIQUIBASE, DEPLOYMENT_ID) VALUES ('1511451595465-26', 'R3.Corda', 'migration/vault-schema.changelog-init.xml', NOW(), 6, '8:971edadc2af9e847ed490f418530d40b', 'createTable tableName=vault_states', '', 'EXECUTED', NULL, NULL, '3.6.3', '3614858138') {changeSet=migration/vault-schema.changelog-init.xml::1511451595465-26::R3.Corda, databaseChangeLog=master.changelog.json}
?[m?[37m[INFO] 23:47:38,174 [Test worker] jvm.JdbcExecutor. - CREATE TABLE PUBLIC.vault_transaction_notes (seq_no INT NOT NULL, note NVARCHAR(255), transaction_id NVARCHAR(64)) {changeSet=migration/vault-schema.changelog-init.xml::1511451595465-27::R3.Corda, databaseChangeLog=master.changelog.json}
?[m?[37m[INFO] 23:47:38,174 [Test worker] changelog.ChangeSet. - Table vault_transaction_notes created {changeSet=migration/vault-schema.changelog-init.xml::1511451595465-27::R3.Corda, databaseChangeLog=master.changelog.json}
?[m?[37m[INFO] 23:47:38,174 [Test worker] changelog.ChangeSet. - ChangeSet migration/vault-schema.changelog-init.xml::1511451595465-27::R3.Corda ran successfully in 1ms {changeSet=migration/vault-schema.changelog-init.xml::1511451595465-27::R3.Corda, databaseChangeLog=master.changelog.json}
?[m?[37m[INFO] 23:47:38,175 [Test worker] jvm.JdbcExecutor. - INSERT INTO PUBLIC.DATABASECHANGELOG (ID, AUTHOR, FILENAME, DATEEXECUTED, ORDEREXECUTED, MD5SUM, DESCRIPTION, COMMENTS, EXECTYPE, CONTEXTS, LABELS, LIQUIBASE, DEPLOYMENT_ID) VALUES ('1511451595465-27', 'R3.Corda', 'migration/vault-schema.changelog-init.xml', NOW(), 7, '8:7a8064e58d100a02ed56e538122296e4', 'createTable tableName=vault_transaction_notes', '', 'EXECUTED', NULL, NULL, '3.6.3', '3614858138') {changeSet=migration/vault-schema.changelog-init.xml::1511451595465-27::R3.Corda, databaseChangeLog=master.changelog.json}
?[m?[37m[INFO] 23:47:38,176 [Test worker] jvm.JdbcExecutor. - ALTER TABLE PUBLIC.vault_fungible_states ADD CONSTRAINT vault_fungible_states_pkey PRIMARY KEY (output_index, transaction_id) {changeSet=migration/vault-schema.changelog-init.xml::1511451595465-47::R3.Corda, databaseChangeLog=master.changelog.json}
?[m?[37m[INFO] 23:47:38,177 [Test worker] changelog.ChangeSet. - Primary key added to vault_fungible_states (output_index, transaction_id) {changeSet=migration/vault-schema.changelog-init.xml::1511451595465-47::R3.Corda, databaseChangeLog=master.changelog.json}
?[m?[37m[INFO] 23:47:38,177 [Test worker] changelog.ChangeSet. - ChangeSet migration/vault-schema.changelog-init.xml::1511451595465-47::R3.Corda ran successfully in 1ms {changeSet=migration/vault-schema.changelog-init.xml::1511451595465-47::R3.Corda, databaseChangeLog=master.changelog.json}
?[m?[37m[INFO] 23:47:38,178 [Test worker] jvm.JdbcExecutor. - INSERT INTO PUBLIC.DATABASECHANGELOG (ID, AUTHOR, FILENAME, DATEEXECUTED, ORDEREXECUTED, MD5SUM, DESCRIPTION, COMMENTS, EXECTYPE, CONTEXTS, LABELS, LIQUIBASE, DEPLOYMENT_ID) VALUES ('1511451595465-47', 'R3.Corda', 'migration/vault-schema.changelog-init.xml', NOW(), 8, '8:4eddd48de14b69bdd265a4b0c438f070', 'addPrimaryKey constraintName=vault_fungible_states_pkey, tableName=vault_fungible_states', '', 'EXECUTED', NULL, NULL, '3.6.3', '3614858138') {changeSet=migration/vault-schema.changelog-init.xml::1511451595465-47::R3.Corda, databaseChangeLog=master.changelog.json}
?[m?[37m[INFO] 23:47:38,179 [Test worker] jvm.JdbcExecutor. - ALTER TABLE PUBLIC.vault_linear_states ADD CONSTRAINT vault_linear_states_pkey PRIMARY KEY (output_index, transaction_id) {changeSet=migration/vault-schema.changelog-init.xml::1511451595465-48::R3.Corda, databaseChangeLog=master.changelog.json}
?[m?[37m[INFO] 23:47:38,180 [Test worker] changelog.ChangeSet. - Primary key added to vault_linear_states (output_index, transaction_id) {changeSet=migration/vault-schema.changelog-init.xml::1511451595465-48::R3.Corda, databaseChangeLog=master.changelog.json}
?[m?[37m[INFO] 23:47:38,180 [Test worker] changelog.ChangeSet. - ChangeSet migration/vault-schema.changelog-init.xml::1511451595465-48::R3.Corda ran successfully in 1ms {changeSet=migration/vault-schema.changelog-init.xml::1511451595465-48::R3.Corda, databaseChangeLog=master.changelog.json}
?[m?[37m[INFO] 23:47:38,181 [Test worker] jvm.JdbcExecutor. - INSERT INTO PUBLIC.DATABASECHANGELOG (ID, AUTHOR, FILENAME, DATEEXECUTED, ORDEREXECUTED, MD5SUM, DESCRIPTION, COMMENTS, EXECTYPE, CONTEXTS, LABELS, LIQUIBASE, DEPLOYMENT_ID) VALUES ('1511451595465-48', 'R3.Corda', 'migration/vault-schema.changelog-init.xml', NOW(), 9, '8:3695c44ddebef2dde359dec253a5969a', 'addPrimaryKey constraintName=vault_linear_states_pkey, tableName=vault_linear_states', '', 'EXECUTED', NULL, NULL, '3.6.3', '3614858138') {changeSet=migration/vault-schema.changelog-init.xml::1511451595465-48::R3.Corda, databaseChangeLog=master.changelog.json}
?[m?[37m[INFO] 23:47:38,182 [Test worker] jvm.JdbcExecutor. - ALTER TABLE PUBLIC.vault_states ADD CONSTRAINT vault_states_pkey PRIMARY KEY (output_index, transaction_id) {changeSet=migration/vault-schema.changelog-init.xml::1511451595465-49::R3.Corda, databaseChangeLog=master.changelog.json}
?[m?[37m[INFO] 23:47:38,182 [Test worker] changelog.ChangeSet. - Primary key added to vault_states (output_index, transaction_id) {changeSet=migration/vault-schema.changelog-init.xml::1511451595465-49::R3.Corda, databaseChangeLog=master.changelog.json}
?[m?[37m[INFO] 23:47:38,182 [Test worker] changelog.ChangeSet. - ChangeSet migration/vault-schema.changelog-init.xml::1511451595465-49::R3.Corda ran successfully in 1ms {changeSet=migration/vault-schema.changelog-init.xml::1511451595465-49::R3.Corda, databaseChangeLog=master.changelog.json}
?[m?[37m[INFO] 23:47:38,183 [Test worker] jvm.JdbcExecutor. - INSERT INTO PUBLIC.DATABASECHANGELOG (ID, AUTHOR, FILENAME, DATEEXECUTED, ORDEREXECUTED, MD5SUM, DESCRIPTION, COMMENTS, EXECTYPE, CONTEXTS, LABELS, LIQUIBASE, DEPLOYMENT_ID) VALUES ('1511451595465-49', 'R3.Corda', 'migration/vault-schema.changelog-init.xml', NOW(), 10, '8:5d21dc3c09051ea30475250d25178892', 'addPrimaryKey constraintName=vault_states_pkey, tableName=vault_states', '', 'EXECUTED', NULL, NULL, '3.6.3', '3614858138') {changeSet=migration/vault-schema.changelog-init.xml::1511451595465-49::R3.Corda, databaseChangeLog=master.changelog.json}
?[m?[37m[INFO] 23:47:38,184 [Test worker] jvm.JdbcExecutor. - ALTER TABLE PUBLIC.vault_transaction_notes ADD CONSTRAINT vault_transaction_notes_pkey PRIMARY KEY (seq_no) {changeSet=migration/vault-schema.changelog-init.xml::1511451595465-50::R3.Corda, databaseChangeLog=master.changelog.json}
?[m?[37m[INFO] 23:47:38,184 [Test worker] changelog.ChangeSet. - Primary key added to vault_transaction_notes (seq_no) {changeSet=migration/vault-schema.changelog-init.xml::1511451595465-50::R3.Corda, databaseChangeLog=master.changelog.json}
?[m?[37m[INFO] 23:47:38,184 [Test worker] changelog.ChangeSet. - ChangeSet migration/vault-schema.changelog-init.xml::1511451595465-50::R3.Corda ran successfully in 1ms {changeSet=migration/vault-schema.changelog-init.xml::1511451595465-50::R3.Corda, databaseChangeLog=master.changelog.json}
?[m?[37m[INFO] 23:47:38,185 [Test worker] jvm.JdbcExecutor. - INSERT INTO PUBLIC.DATABASECHANGELOG (ID, AUTHOR, FILENAME, DATEEXECUTED, ORDEREXECUTED, MD5SUM, DESCRIPTION, COMMENTS, EXECTYPE, CONTEXTS, LABELS, LIQUIBASE, DEPLOYMENT_ID) VALUES ('1511451595465-50', 'R3.Corda', 'migration/vault-schema.changelog-init.xml', NOW(), 11, '8:2bf545e5d7593a3456708426c3686ebb', 'addPrimaryKey constraintName=vault_transaction_notes_pkey, tableName=vault_transaction_notes', '', 'EXECUTED', NULL, NULL, '3.6.3', '3614858138') {changeSet=migration/vault-schema.changelog-init.xml::1511451595465-50::R3.Corda, databaseChangeLog=master.changelog.json}
?[m?[37m[INFO] 23:47:38,186 [Test worker] jvm.JdbcExecutor. - CREATE INDEX PUBLIC.external_id_index ON PUBLIC.vault_linear_states(external_id) {changeSet=migration/vault-schema.changelog-init.xml::1511451595465-53::R3.Corda, databaseChangeLog=master.changelog.json}
?[m?[37m[INFO] 23:47:38,186 [Test worker] changelog.ChangeSet. - Index external_id_index created {changeSet=migration/vault-schema.changelog-init.xml::1511451595465-53::R3.Corda, databaseChangeLog=master.changelog.json}
?[m?[37m[INFO] 23:47:38,187 [Test worker] changelog.ChangeSet. - ChangeSet migration/vault-schema.changelog-init.xml::1511451595465-53::R3.Corda ran successfully in 1ms {changeSet=migration/vault-schema.changelog-init.xml::1511451595465-53::R3.Corda, databaseChangeLog=master.changelog.json}
?[m?[37m[INFO] 23:47:38,188 [Test worker] jvm.JdbcExecutor. - INSERT INTO PUBLIC.DATABASECHANGELOG (ID, AUTHOR, FILENAME, DATEEXECUTED, ORDEREXECUTED, MD5SUM, DESCRIPTION, COMMENTS, EXECTYPE, CONTEXTS, LABELS, LIQUIBASE, DEPLOYMENT_ID) VALUES ('1511451595465-53', 'R3.Corda', 'migration/vault-schema.changelog-init.xml', NOW(), 12, '8:b1272090dcd2325b0382f829ce13a1ff', 'createIndex indexName=external_id_index, tableName=vault_linear_states', '', 'EXECUTED', NULL, NULL, '3.6.3', '3614858138') {changeSet=migration/vault-schema.changelog-init.xml::1511451595465-53::R3.Corda, databaseChangeLog=master.changelog.json}
?[m?[37m[INFO] 23:47:38,189 [Test worker] jvm.JdbcExecutor. - CREATE INDEX PUBLIC.lock_id_idx ON PUBLIC.vault_states(lock_id, state_status) {changeSet=migration/vault-schema.changelog-init.xml::1511451595465-55::R3.Corda, databaseChangeLog=master.changelog.json}
?[m?[37m[INFO] 23:47:38,190 [Test worker] changelog.ChangeSet. - Index lock_id_idx created {changeSet=migration/vault-schema.changelog-init.xml::1511451595465-55::R3.Corda, databaseChangeLog=master.changelog.json}
?[m?[37m[INFO] 23:47:38,190 [Test worker] changelog.ChangeSet. - ChangeSet migration/vault-schema.changelog-init.xml::1511451595465-55::R3.Corda ran successfully in 2ms {changeSet=migration/vault-schema.changelog-init.xml::1511451595465-55::R3.Corda, databaseChangeLog=master.changelog.json}
?[m?[37m[INFO] 23:47:38,191 [Test worker] jvm.JdbcExecutor. - INSERT INTO PUBLIC.DATABASECHANGELOG (ID, AUTHOR, FILENAME, DATEEXECUTED, ORDEREXECUTED, MD5SUM, DESCRIPTION, COMMENTS, EXECTYPE, CONTEXTS, LABELS, LIQUIBASE, DEPLOYMENT_ID) VALUES ('1511451595465-55', 'R3.Corda', 'migration/vault-schema.changelog-init.xml', NOW(), 13, '8:0b77fbedaccc2eed4b8efd6fddf6581b', 'createIndex indexName=lock_id_idx, tableName=vault_states', '', 'EXECUTED', NULL, NULL, '3.6.3', '3614858138') {changeSet=migration/vault-schema.changelog-init.xml::1511451595465-55::R3.Corda, databaseChangeLog=master.changelog.json}
?[m?[37m[INFO] 23:47:38,192 [Test worker] jvm.JdbcExecutor. - CREATE INDEX PUBLIC.state_status_idx ON PUBLIC.vault_states(state_status) {changeSet=migration/vault-schema.changelog-init.xml::1511451595465-58::R3.Corda, databaseChangeLog=master.changelog.json}
?[m?[37m[INFO] 23:47:38,193 [Test worker] changelog.ChangeSet. - Index state_status_idx created {changeSet=migration/vault-schema.changelog-init.xml::1511451595465-58::R3.Corda, databaseChangeLog=master.changelog.json}
?[m?[37m[INFO] 23:47:38,193 [Test worker] changelog.ChangeSet. - ChangeSet migration/vault-schema.changelog-init.xml::1511451595465-58::R3.Corda ran successfully in 1ms {changeSet=migration/vault-schema.changelog-init.xml::1511451595465-58::R3.Corda, databaseChangeLog=master.changelog.json}
?[m?[37m[INFO] 23:47:38,194 [Test worker] jvm.JdbcExecutor. - INSERT INTO PUBLIC.DATABASECHANGELOG (ID, AUTHOR, FILENAME, DATEEXECUTED, ORDEREXECUTED, MD5SUM, DESCRIPTION, COMMENTS, EXECTYPE, CONTEXTS, LABELS, LIQUIBASE, DEPLOYMENT_ID) VALUES ('1511451595465-58', 'R3.Corda', 'migration/vault-schema.changelog-init.xml', NOW(), 14, '8:7a1bbb20835907728df143e4cc1bfc04', 'createIndex indexName=state_status_idx, tableName=vault_states', '', 'EXECUTED', NULL, NULL, '3.6.3', '3614858138') {changeSet=migration/vault-schema.changelog-init.xml::1511451595465-58::R3.Corda, databaseChangeLog=master.changelog.json}
?[m?[37m[INFO] 23:47:38,195 [Test worker] jvm.JdbcExecutor. - CREATE INDEX PUBLIC.transaction_id_index ON PUBLIC.vault_transaction_notes(transaction_id) {changeSet=migration/vault-schema.changelog-init.xml::1511451595465-59::R3.Corda, databaseChangeLog=master.changelog.json}
?[m?[37m[INFO] 23:47:38,196 [Test worker] changelog.ChangeSet. - Index transaction_id_index created {changeSet=migration/vault-schema.changelog-init.xml::1511451595465-59::R3.Corda, databaseChangeLog=master.changelog.json}
?[m?[37m[INFO] 23:47:38,196 [Test worker] changelog.ChangeSet. - ChangeSet migration/vault-schema.changelog-init.xml::1511451595465-59::R3.Corda ran successfully in 1ms {changeSet=migration/vault-schema.changelog-init.xml::1511451595465-59::R3.Corda, databaseChangeLog=master.changelog.json}
?[m?[37m[INFO] 23:47:38,197 [Test worker] jvm.JdbcExecutor. - INSERT INTO PUBLIC.DATABASECHANGELOG (ID, AUTHOR, FILENAME, DATEEXECUTED, ORDEREXECUTED, MD5SUM, DESCRIPTION, COMMENTS, EXECTYPE, CONTEXTS, LABELS, LIQUIBASE, DEPLOYMENT_ID) VALUES ('1511451595465-59', 'R3.Corda', 'migration/vault-schema.changelog-init.xml', NOW(), 15, '8:2bfe64cedfc8120dc219d42dc19d49f6', 'createIndex indexName=transaction_id_index, tableName=vault_transaction_notes', '', 'EXECUTED', NULL, NULL, '3.6.3', '3614858138') {changeSet=migration/vault-schema.changelog-init.xml::1511451595465-59::R3.Corda, databaseChangeLog=master.changelog.json}
?[m?[37m[INFO] 23:47:38,198 [Test worker] jvm.JdbcExecutor. - CREATE INDEX PUBLIC.uuid_index ON PUBLIC.vault_linear_states(uuid) {changeSet=migration/vault-schema.changelog-init.xml::1511451595465-60::R3.Corda, databaseChangeLog=master.changelog.json}
?[m?[37m[INFO] 23:47:38,198 [Test worker] changelog.ChangeSet. - Index uuid_index created {changeSet=migration/vault-schema.changelog-init.xml::1511451595465-60::R3.Corda, databaseChangeLog=master.changelog.json}
?[m?[37m[INFO] 23:47:38,198 [Test worker] changelog.ChangeSet. - ChangeSet migration/vault-schema.changelog-init.xml::1511451595465-60::R3.Corda ran successfully in 1ms {changeSet=migration/vault-schema.changelog-init.xml::1511451595465-60::R3.Corda, databaseChangeLog=master.changelog.json}
?[m?[37m[INFO] 23:47:38,200 [Test worker] jvm.JdbcExecutor. - INSERT INTO PUBLIC.DATABASECHANGELOG (ID, AUTHOR, FILENAME, DATEEXECUTED, ORDEREXECUTED, MD5SUM, DESCRIPTION, COMMENTS, EXECTYPE, CONTEXTS, LABELS, LIQUIBASE, DEPLOYMENT_ID) VALUES ('1511451595465-60', 'R3.Corda', 'migration/vault-schema.changelog-init.xml', NOW(), 16, '8:4cffb289ce33d922274cc829175a2a55', 'createIndex indexName=uuid_index, tableName=vault_linear_states', '', 'EXECUTED', NULL, NULL, '3.6.3', '3614858138') {changeSet=migration/vault-schema.changelog-init.xml::1511451595465-60::R3.Corda, databaseChangeLog=master.changelog.json}
?[m?[37m[INFO] 23:47:38,201 [Test worker] jvm.JdbcExecutor. - ALTER TABLE PUBLIC.vault_fungible_states_parts ADD CONSTRAINT FK__fung_st_parts__fung_st FOREIGN KEY (output_index, transaction_id) REFERENCES PUBLIC.vault_fungible_states (output_index, transaction_id) {changeSet=migration/vault-schema.changelog-init.xml::1511451595465-64::R3.Corda, databaseChangeLog=master.changelog.json}
?[m?[37m[INFO] 23:47:38,202 [Test worker] changelog.ChangeSet. - Foreign key constraint added to vault_fungible_states_parts (output_index,transaction_id) {changeSet=migration/vault-schema.changelog-init.xml::1511451595465-64::R3.Corda, databaseChangeLog=master.changelog.json}
?[m?[37m[INFO] 23:47:38,202 [Test worker] changelog.ChangeSet. - ChangeSet migration/vault-schema.changelog-init.xml::1511451595465-64::R3.Corda ran successfully in 2ms {changeSet=migration/vault-schema.changelog-init.xml::1511451595465-64::R3.Corda, databaseChangeLog=master.changelog.json}
?[m?[37m[INFO] 23:47:38,203 [Test worker] jvm.JdbcExecutor. - INSERT INTO PUBLIC.DATABASECHANGELOG (ID, AUTHOR, FILENAME, DATEEXECUTED, ORDEREXECUTED, MD5SUM, DESCRIPTION, COMMENTS, EXECTYPE, CONTEXTS, LABELS, LIQUIBASE, DEPLOYMENT_ID) VALUES ('1511451595465-64', 'R3.Corda', 'migration/vault-schema.changelog-init.xml', NOW(), 17, '8:1bde72346badbbe52e74b189ce1d079c', 'addForeignKeyConstraint baseTableName=vault_fungible_states_parts, constraintName=FK__fung_st_parts__fung_st, referencedTableName=vault_fungible_states', '', 'EXECUTED', NULL, NULL, '3.6.3', '3614858138') {changeSet=migration/vault-schema.changelog-init.xml::1511451595465-64::R3.Corda, databaseChangeLog=master.changelog.json}
?[m?[37m[INFO] 23:47:38,204 [Test worker] jvm.JdbcExecutor. - ALTER TABLE PUBLIC.vault_linear_states_parts ADD CONSTRAINT FK__lin_stat_parts__lin_stat FOREIGN KEY (output_index, transaction_id) REFERENCES PUBLIC.vault_linear_states (output_index, transaction_id) {changeSet=migration/vault-schema.changelog-init.xml::1511451595465-65::R3.Corda, databaseChangeLog=master.changelog.json}
?[m?[37m[INFO] 23:47:38,206 [Test worker] changelog.ChangeSet. - Foreign key constraint added to vault_linear_states_parts (output_index,transaction_id) {changeSet=migration/vault-schema.changelog-init.xml::1511451595465-65::R3.Corda, databaseChangeLog=master.changelog.json}
?[m?[37m[INFO] 23:47:38,206 [Test worker] changelog.ChangeSet. - ChangeSet migration/vault-schema.changelog-init.xml::1511451595465-65::R3.Corda ran successfully in 2ms {changeSet=migration/vault-schema.changelog-init.xml::1511451595465-65::R3.Corda, databaseChangeLog=master.changelog.json}
?[m?[37m[INFO] 23:47:38,208 [Test worker] jvm.JdbcExecutor. - INSERT INTO PUBLIC.DATABASECHANGELOG (ID, AUTHOR, FILENAME, DATEEXECUTED, ORDEREXECUTED, MD5SUM, DESCRIPTION, COMMENTS, EXECTYPE, CONTEXTS, LABELS, LIQUIBASE, DEPLOYMENT_ID) VALUES ('1511451595465-65', 'R3.Corda', 'migration/vault-schema.changelog-init.xml', NOW(), 18, '8:9a5d0106c45f631cb60a3e2f9542d2c2', 'addForeignKeyConstraint baseTableName=vault_linear_states_parts, constraintName=FK__lin_stat_parts__lin_stat, referencedTableName=vault_linear_states', '', 'EXECUTED', NULL, NULL, '3.6.3', '3614858138') {changeSet=migration/vault-schema.changelog-init.xml::1511451595465-65::R3.Corda, databaseChangeLog=master.changelog.json}
?[m?[37m[INFO] 23:47:38,209 [Test worker] jvm.JdbcExecutor. - DELETE FROM PUBLIC.vault_fungible_states_parts {changeSet=migration/vault-schema.changelog-v3.xml::clean_vault::R3.Corda, databaseChangeLog=master.changelog.json}
?[m?[37m[INFO] 23:47:38,209 [Test worker] changelog.ChangeSet. - Data deleted from vault_fungible_states_parts {changeSet=migration/vault-schema.changelog-v3.xml::clean_vault::R3.Corda, databaseChangeLog=master.changelog.json}
?[m?[37m[INFO] 23:47:38,209 [Test worker] jvm.JdbcExecutor. - DELETE FROM PUBLIC.vault_fungible_states {changeSet=migration/vault-schema.changelog-v3.xml::clean_vault::R3.Corda, databaseChangeLog=master.changelog.json}
?[m?[37m[INFO] 23:47:38,210 [Test worker] changelog.ChangeSet. - Data deleted from vault_fungible_states {changeSet=migration/vault-schema.changelog-v3.xml::clean_vault::R3.Corda, databaseChangeLog=master.changelog.json}
?[m?[37m[INFO] 23:47:38,210 [Test worker] jvm.JdbcExecutor. - DELETE FROM PUBLIC.vault_linear_states_parts {changeSet=migration/vault-schema.changelog-v3.xml::clean_vault::R3.Corda, databaseChangeLog=master.changelog.json}
?[m?[37m[INFO] 23:47:38,210 [Test worker] changelog.ChangeSet. - Data deleted from vault_linear_states_parts {changeSet=migration/vault-schema.changelog-v3.xml::clean_vault::R3.Corda, databaseChangeLog=master.changelog.json}
?[m?[37m[INFO] 23:47:38,210 [Test worker] jvm.JdbcExecutor. - DELETE FROM PUBLIC.vault_linear_states {changeSet=migration/vault-schema.changelog-v3.xml::clean_vault::R3.Corda, databaseChangeLog=master.changelog.json}
?[m?[37m[INFO] 23:47:38,210 [Test worker] changelog.ChangeSet. - Data deleted from vault_linear_states {changeSet=migration/vault-schema.changelog-v3.xml::clean_vault::R3.Corda, databaseChangeLog=master.changelog.json}
?[m?[37m[INFO] 23:47:38,210 [Test worker] jvm.JdbcExecutor. - DELETE FROM PUBLIC.vault_states {changeSet=migration/vault-schema.changelog-v3.xml::clean_vault::R3.Corda, databaseChangeLog=master.changelog.json}
?[m?[37m[INFO] 23:47:38,210 [Test worker] changelog.ChangeSet. - Data deleted from vault_states {changeSet=migration/vault-schema.changelog-v3.xml::clean_vault::R3.Corda, databaseChangeLog=master.changelog.json}
?[m?[37m[INFO] 23:47:38,211 [Test worker] jvm.JdbcExecutor. - DELETE FROM PUBLIC.vault_transaction_notes {changeSet=migration/vault-schema.changelog-v3.xml::clean_vault::R3.Corda, databaseChangeLog=master.changelog.json}
?[m?[37m[INFO] 23:47:38,211 [Test worker] changelog.ChangeSet. - Data deleted from vault_transaction_notes {changeSet=migration/vault-schema.changelog-v3.xml::clean_vault::R3.Corda, databaseChangeLog=master.changelog.json}
?[m?[37m[INFO] 23:47:38,211 [Test worker] changelog.ChangeSet. - ChangeSet migration/vault-schema.changelog-v3.xml::clean_vault::R3.Corda ran successfully in 2ms {changeSet=migration/vault-schema.changelog-v3.xml::clean_vault::R3.Corda, databaseChangeLog=master.changelog.json}
?[m?[37m[INFO] 23:47:38,213 [Test worker] jvm.JdbcExecutor. - INSERT INTO PUBLIC.DATABASECHANGELOG (ID, AUTHOR, FILENAME, DATEEXECUTED, ORDEREXECUTED, MD5SUM, DESCRIPTION, COMMENTS, EXECTYPE, CONTEXTS, LABELS, LIQUIBASE, DEPLOYMENT_ID) VALUES ('clean_vault', 'R3.Corda', 'migration/vault-schema.changelog-v3.xml', NOW(), 19, '8:0701d37bf9b322ada2323cea6db9393c', 'delete tableName=vault_fungible_states_parts; delete tableName=vault_fungible_states; delete tableName=vault_linear_states_parts; delete tableName=vault_linear_states; delete tableName=vault_states; delete tableName=vault_transaction_notes', '', 'EXECUTED', NULL, NULL, '3.6.3', '3614858138') {changeSet=migration/vault-schema.changelog-v3.xml::clean_vault::R3.Corda, databaseChangeLog=master.changelog.json}
?[m?[37m[INFO] 23:47:38,215 [Test worker] jvm.JdbcExecutor. - ALTER TABLE PUBLIC.vault_fungible_states ALTER COLUMN quantity SET NOT NULL {changeSet=migration/vault-schema.changelog-v4.xml::nullability::R3.Corda, databaseChangeLog=master.changelog.json}
?[m?[37m[INFO] 23:47:38,215 [Test worker] changelog.ChangeSet. - NOT NULL constraint has been added to vault_fungible_states.quantity {changeSet=migration/vault-schema.changelog-v4.xml::nullability::R3.Corda, databaseChangeLog=master.changelog.json}
?[m?[37m[INFO] 23:47:38,215 [Test worker] jvm.JdbcExecutor. - ALTER TABLE PUBLIC.vault_states ALTER COLUMN contract_state_class_name SET NOT NULL {changeSet=migration/vault-schema.changelog-v4.xml::nullability::R3.Corda, databaseChangeLog=master.changelog.json}
?[m?[37m[INFO] 23:47:38,216 [Test worker] changelog.ChangeSet. - NOT NULL constraint has been added to vault_states.contract_state_class_name {changeSet=migration/vault-schema.changelog-v4.xml::nullability::R3.Corda, databaseChangeLog=master.changelog.json}
?[m?[37m[INFO] 23:47:38,216 [Test worker] jvm.JdbcExecutor. - ALTER TABLE PUBLIC.vault_states ALTER COLUMN notary_name SET NOT NULL {changeSet=migration/vault-schema.changelog-v4.xml::nullability::R3.Corda, databaseChangeLog=master.changelog.json}
?[m?[37m[INFO] 23:47:38,217 [Test worker] changelog.ChangeSet. - NOT NULL constraint has been added to vault_states.notary_name {changeSet=migration/vault-schema.changelog-v4.xml::nullability::R3.Corda, databaseChangeLog=master.changelog.json}
?[m?[37m[INFO] 23:47:38,217 [Test worker] jvm.JdbcExecutor. - ALTER TABLE PUBLIC.vault_states ALTER COLUMN recorded_timestamp SET NOT NULL {changeSet=migration/vault-schema.changelog-v4.xml::nullability::R3.Corda, databaseChangeLog=master.changelog.json}
?[m?[37m[INFO] 23:47:38,217 [Test worker] changelog.ChangeSet. - NOT NULL constraint has been added to vault_states.recorded_timestamp {changeSet=migration/vault-schema.changelog-v4.xml::nullability::R3.Corda, databaseChangeLog=master.changelog.json}
?[m?[37m[INFO] 23:47:38,218 [Test worker] jvm.JdbcExecutor. - DROP INDEX PUBLIC.state_status_idx {changeSet=migration/vault-schema.changelog-v4.xml::nullability::R3.Corda, databaseChangeLog=master.changelog.json}
?[m?[37m[INFO] 23:47:38,218 [Test worker] changelog.ChangeSet. - Index state_status_idx dropped from table vault_states {changeSet=migration/vault-schema.changelog-v4.xml::nullability::R3.Corda, databaseChangeLog=master.changelog.json}
?[m?[37m[INFO] 23:47:38,218 [Test worker] jvm.JdbcExecutor. - DROP INDEX PUBLIC.lock_id_idx {changeSet=migration/vault-schema.changelog-v4.xml::nullability::R3.Corda, databaseChangeLog=master.changelog.json}
?[m?[37m[INFO] 23:47:38,219 [Test worker] changelog.ChangeSet. - Index lock_id_idx dropped from table vault_states {changeSet=migration/vault-schema.changelog-v4.xml::nullability::R3.Corda, databaseChangeLog=master.changelog.json}
?[m?[37m[INFO] 23:47:38,219 [Test worker] jvm.JdbcExecutor. - ALTER TABLE PUBLIC.vault_states ALTER COLUMN state_status SET NOT NULL {changeSet=migration/vault-schema.changelog-v4.xml::nullability::R3.Corda, databaseChangeLog=master.changelog.json}
?[m?[37m[INFO] 23:47:38,219 [Test worker] changelog.ChangeSet. - NOT NULL constraint has been added to vault_states.state_status {changeSet=migration/vault-schema.changelog-v4.xml::nullability::R3.Corda, databaseChangeLog=master.changelog.json}
?[m?[37m[INFO] 23:47:38,220 [Test worker] jvm.JdbcExecutor. - CREATE INDEX PUBLIC.state_status_idx ON PUBLIC.vault_states(state_status) {changeSet=migration/vault-schema.changelog-v4.xml::nullability::R3.Corda, databaseChangeLog=master.changelog.json}
?[m?[37m[INFO] 23:47:38,220 [Test worker] changelog.ChangeSet. - Index state_status_idx created {changeSet=migration/vault-schema.changelog-v4.xml::nullability::R3.Corda, databaseChangeLog=master.changelog.json}
?[m?[37m[INFO] 23:47:38,220 [Test worker] jvm.JdbcExecutor. - CREATE INDEX PUBLIC.lock_id_idx ON PUBLIC.vault_states(lock_id, state_status) {changeSet=migration/vault-schema.changelog-v4.xml::nullability::R3.Corda, databaseChangeLog=master.changelog.json}
?[m?[37m[INFO] 23:47:38,221 [Test worker] changelog.ChangeSet. - Index lock_id_idx created {changeSet=migration/vault-schema.changelog-v4.xml::nullability::R3.Corda, databaseChangeLog=master.changelog.json}
?[m?[37m[INFO] 23:47:38,221 [Test worker] jvm.JdbcExecutor. - DROP INDEX PUBLIC.transaction_id_index {changeSet=migration/vault-schema.changelog-v4.xml::nullability::R3.Corda, databaseChangeLog=master.changelog.json}
?[m?[37m[INFO] 23:47:38,221 [Test worker] changelog.ChangeSet. - Index transaction_id_index dropped from table vault_transaction_notes {changeSet=migration/vault-schema.changelog-v4.xml::nullability::R3.Corda, databaseChangeLog=master.changelog.json}
?[m?[37m[INFO] 23:47:38,222 [Test worker] jvm.JdbcExecutor. - ALTER TABLE PUBLIC.vault_transaction_notes ALTER COLUMN note SET NOT NULL {changeSet=migration/vault-schema.changelog-v4.xml::nullability::R3.Corda, databaseChangeLog=master.changelog.json}
?[m?[37m[INFO] 23:47:38,222 [Test worker] changelog.ChangeSet. - NOT NULL constraint has been added to vault_transaction_notes.note {changeSet=migration/vault-schema.changelog-v4.xml::nullability::R3.Corda, databaseChangeLog=master.changelog.json}
?[m?[37m[INFO] 23:47:38,222 [Test worker] jvm.JdbcExecutor. - ALTER TABLE PUBLIC.vault_transaction_notes ALTER COLUMN transaction_id SET NOT NULL {changeSet=migration/vault-schema.changelog-v4.xml::nullability::R3.Corda, databaseChangeLog=master.changelog.json}
?[m?[37m[INFO] 23:47:38,223 [Test worker] changelog.ChangeSet. - NOT NULL constraint has been added to vault_transaction_notes.transaction_id {changeSet=migration/vault-schema.changelog-v4.xml::nullability::R3.Corda, databaseChangeLog=master.changelog.json}
?[m?[37m[INFO] 23:47:38,223 [Test worker] jvm.JdbcExecutor. - CREATE INDEX PUBLIC.transaction_id_index ON PUBLIC.vault_transaction_notes(transaction_id) {changeSet=migration/vault-schema.changelog-v4.xml::nullability::R3.Corda, databaseChangeLog=master.changelog.json}
?[m?[37m[INFO] 23:47:38,224 [Test worker] changelog.ChangeSet. - Index transaction_id_index created {changeSet=migration/vault-schema.changelog-v4.xml::nullability::R3.Corda, databaseChangeLog=master.changelog.json}
?[m?[37m[INFO] 23:47:38,224 [Test worker] changelog.ChangeSet. - ChangeSet migration/vault-schema.changelog-v4.xml::nullability::R3.Corda ran successfully in 10ms {changeSet=migration/vault-schema.changelog-v4.xml::nullability::R3.Corda, databaseChangeLog=master.changelog.json}
?[m?[37m[INFO] 23:47:38,225 [Test worker] jvm.JdbcExecutor. - INSERT INTO PUBLIC.DATABASECHANGELOG (ID, AUTHOR, FILENAME, DATEEXECUTED, ORDEREXECUTED, MD5SUM, DESCRIPTION, COMMENTS, EXECTYPE, CONTEXTS, LABELS, LIQUIBASE, DEPLOYMENT_ID) VALUES ('nullability', 'R3.Corda', 'migration/vault-schema.changelog-v4.xml', NOW(), 20, '8:853fd1e24b974ff22712322ebb2860bf', 'addNotNullConstraint columnName=quantity, tableName=vault_fungible_states; addNotNullConstraint columnName=contract_state_class_name, tableName=vault_states; addNotNullConstraint columnName=notary_name, tableName=vault_states; addNotNullConstraint...', '', 'EXECUTED', NULL, NULL, '3.6.3', '3614858138') {changeSet=migration/vault-schema.changelog-v4.xml::nullability::R3.Corda, databaseChangeLog=master.changelog.json}
?[m?[37m[INFO] 23:47:38,232 [Test worker] jvm.JdbcExecutor. - INSERT INTO PUBLIC.DATABASECHANGELOG (ID, AUTHOR, FILENAME, DATEEXECUTED, ORDEREXECUTED, MD5SUM, DESCRIPTION, COMMENTS, EXECTYPE, CONTEXTS, LABELS, LIQUIBASE, DEPLOYMENT_ID) VALUES ('non-clustered_pk-11', 'R3.Corda', 'migration/vault-schema.changelog-pkey.xml', NOW(), 21, '8:7fca5375330f0b3b62de65b84274dd6e', 'dropForeignKeyConstraint baseTableName=vault_fungible_states_parts, constraintName=FK__fung_st_parts__fung_st; dropPrimaryKey constraintName=vault_fungible_states_pkey, tableName=vault_fungible_states; addPrimaryKey constraintName=vault_fungible_s...', '', 'MARK_RAN', NULL, NULL, '3.6.3', '3614858138') {changeSet=migration/vault-schema.changelog-pkey.xml::non-clustered_pk-11::R3.Corda, databaseChangeLog=master.changelog.json}
?[m?[37m[INFO] 23:47:38,234 [Test worker] jvm.JdbcExecutor. - INSERT INTO PUBLIC.DATABASECHANGELOG (ID, AUTHOR, FILENAME, DATEEXECUTED, ORDEREXECUTED, MD5SUM, DESCRIPTION, COMMENTS, EXECTYPE, CONTEXTS, LABELS, LIQUIBASE, DEPLOYMENT_ID) VALUES ('non-clustered_pk-12', 'R3.Corda', 'migration/vault-schema.changelog-pkey.xml', NOW(), 22, '8:8469058af292b08d108fcf1b3eb8fca4', 'dropForeignKeyConstraint baseTableName=vault_linear_states_parts, constraintName=FK__lin_stat_parts__lin_stat; dropPrimaryKey constraintName=vault_linear_states_pkey, tableName=vault_linear_states; addPrimaryKey constraintName=vault_linear_states_...', '', 'MARK_RAN', NULL, NULL, '3.6.3', '3614858138') {changeSet=migration/vault-schema.changelog-pkey.xml::non-clustered_pk-12::R3.Corda, databaseChangeLog=master.changelog.json}
?[m?[37m[INFO] 23:47:38,236 [Test worker] jvm.JdbcExecutor. - INSERT INTO PUBLIC.DATABASECHANGELOG (ID, AUTHOR, FILENAME, DATEEXECUTED, ORDEREXECUTED, MD5SUM, DESCRIPTION, COMMENTS, EXECTYPE, CONTEXTS, LABELS, LIQUIBASE, DEPLOYMENT_ID) VALUES ('non-clustered_pk-13', 'R3.Corda', 'migration/vault-schema.changelog-pkey.xml', NOW(), 23, '8:e0ccce8941c28a45870d60f5bf54cd50', 'dropPrimaryKey constraintName=vault_states_pkey, tableName=vault_states; addPrimaryKey constraintName=vault_states_pkey, tableName=vault_states', '', 'MARK_RAN', NULL, NULL, '3.6.3', '3614858138') {changeSet=migration/vault-schema.changelog-pkey.xml::non-clustered_pk-13::R3.Corda, databaseChangeLog=master.changelog.json}
?[m?[37m[INFO] 23:47:38,245 [Test worker] jvm.JdbcExecutor. - ALTER TABLE PUBLIC.vault_states ADD relevancy_status INT {changeSet=migration/vault-schema.changelog-v5.xml::add_relevancy_status_column::R3.Corda, databaseChangeLog=master.changelog.json}
?[m?[37m[INFO] 23:47:38,249 [Test worker] changelog.ChangeSet. - Columns relevancy_status(INT) added to vault_states {changeSet=migration/vault-schema.changelog-v5.xml::add_relevancy_status_column::R3.Corda, databaseChangeLog=master.changelog.json}
?[m?[37m[INFO] 23:47:38,249 [Test worker] jvm.JdbcExecutor. - UPDATE PUBLIC.vault_states SET relevancy_status = 0 {changeSet=migration/vault-schema.changelog-v5.xml::add_relevancy_status_column::R3.Corda, databaseChangeLog=master.changelog.json}
?[m?[37m[INFO] 23:47:38,249 [Test worker] changelog.ChangeSet. - Data updated in vault_states {changeSet=migration/vault-schema.changelog-v5.xml::add_relevancy_status_column::R3.Corda, databaseChangeLog=master.changelog.json}
?[m?[37m[INFO] 23:47:38,249 [Test worker] jvm.JdbcExecutor. - ALTER TABLE PUBLIC.vault_states ALTER COLUMN relevancy_status SET NOT NULL {changeSet=migration/vault-schema.changelog-v5.xml::add_relevancy_status_column::R3.Corda, databaseChangeLog=master.changelog.json}
?[m?[37m[INFO] 23:47:38,250 [Test worker] changelog.ChangeSet. - NOT NULL constraint has been added to vault_states.relevancy_status {changeSet=migration/vault-schema.changelog-v5.xml::add_relevancy_status_column::R3.Corda, databaseChangeLog=master.changelog.json}
?[m?[37m[INFO] 23:47:38,250 [Test worker] changelog.ChangeSet. - ChangeSet migration/vault-schema.changelog-v5.xml::add_relevancy_status_column::R3.Corda ran successfully in 13ms {changeSet=migration/vault-schema.changelog-v5.xml::add_relevancy_status_column::R3.Corda, databaseChangeLog=master.changelog.json}
?[m?[37m[INFO] 23:47:38,252 [Test worker] jvm.JdbcExecutor. - INSERT INTO PUBLIC.DATABASECHANGELOG (ID, AUTHOR, FILENAME, DATEEXECUTED, ORDEREXECUTED, MD5SUM, DESCRIPTION, COMMENTS, EXECTYPE, CONTEXTS, LABELS, LIQUIBASE, DEPLOYMENT_ID) VALUES ('add_relevancy_status_column', 'R3.Corda', 'migration/vault-schema.changelog-v5.xml', NOW(), 24, '8:93c5dcaf00387d4d643def4355a54b56', 'addColumn tableName=vault_states; update tableName=vault_states; addNotNullConstraint columnName=relevancy_status, tableName=vault_states', '', 'EXECUTED', NULL, NULL, '3.6.3', '3614858138') {changeSet=migration/vault-schema.changelog-v5.xml::add_relevancy_status_column::R3.Corda, databaseChangeLog=master.changelog.json}
?[m?[37m[INFO] 23:47:38,253 [Test worker] jvm.JdbcExecutor. - ALTER TABLE PUBLIC.vault_states ADD constraint_type INT DEFAULT '0' NOT NULL {changeSet=migration/vault-schema.changelog-v6.xml::add_is_constraint_information_columns::R3.Corda, databaseChangeLog=master.changelog.json}
?[m?[37m[INFO] 23:47:38,257 [Test worker] changelog.ChangeSet. - Columns constraint_type(INT) added to vault_states {changeSet=migration/vault-schema.changelog-v6.xml::add_is_constraint_information_columns::R3.Corda, databaseChangeLog=master.changelog.json}
?[m?[37m[INFO] 23:47:38,258 [Test worker] jvm.JdbcExecutor. - ALTER TABLE PUBLIC.vault_states ADD constraint_data VARBINARY(563) {changeSet=migration/vault-schema.changelog-v6.xml::add_is_constraint_information_columns::R3.Corda, databaseChangeLog=master.changelog.json}
?[m?[37m[INFO] 23:47:38,263 [Test worker] changelog.ChangeSet. - Columns constraint_data(varbinary(563)) added to vault_states {changeSet=migration/vault-schema.changelog-v6.xml::add_is_constraint_information_columns::R3.Corda, databaseChangeLog=master.changelog.json}
?[m?[37m[INFO] 23:47:38,263 [Test worker] changelog.ChangeSet. - ChangeSet migration/vault-schema.changelog-v6.xml::add_is_constraint_information_columns::R3.Corda ran successfully in 10ms {changeSet=migration/vault-schema.changelog-v6.xml::add_is_constraint_information_columns::R3.Corda, databaseChangeLog=master.changelog.json}
?[m?[37m[INFO] 23:47:38,264 [Test worker] jvm.JdbcExecutor. - INSERT INTO PUBLIC.DATABASECHANGELOG (ID, AUTHOR, FILENAME, DATEEXECUTED, ORDEREXECUTED, MD5SUM, DESCRIPTION, COMMENTS, EXECTYPE, CONTEXTS, LABELS, LIQUIBASE, DEPLOYMENT_ID) VALUES ('add_is_constraint_information_columns', 'R3.Corda', 'migration/vault-schema.changelog-v6.xml', NOW(), 25, '8:acf60bd84f648e157d402de8f8e22f3a', 'addColumn tableName=vault_states; addColumn tableName=vault_states', '', 'EXECUTED', NULL, NULL, '3.6.3', '3614858138') {changeSet=migration/vault-schema.changelog-v6.xml::add_is_constraint_information_columns::R3.Corda, databaseChangeLog=master.changelog.json}
?[m?[37m[INFO] 23:47:38,265 [Test worker] jvm.JdbcExecutor. - ALTER TABLE PUBLIC.vault_fungible_states ALTER COLUMN issuer_ref SET NULL {changeSet=migration/vault-schema.changelog-v7.xml::make_issuer_ref_nullable::R3.Corda, databaseChangeLog=master.changelog.json}
?[m?[37m[INFO] 23:47:38,265 [Test worker] changelog.ChangeSet. - Null constraint dropped from vault_fungible_states.issuer_ref {changeSet=migration/vault-schema.changelog-v7.xml::make_issuer_ref_nullable::R3.Corda, databaseChangeLog=master.changelog.json}
?[m?[37m[INFO] 23:47:38,265 [Test worker] changelog.ChangeSet. - ChangeSet migration/vault-schema.changelog-v7.xml::make_issuer_ref_nullable::R3.Corda ran successfully in 0ms {changeSet=migration/vault-schema.changelog-v7.xml::make_issuer_ref_nullable::R3.Corda, databaseChangeLog=master.changelog.json}
?[m?[37m[INFO] 23:47:38,267 [Test worker] jvm.JdbcExecutor. - INSERT INTO PUBLIC.DATABASECHANGELOG (ID, AUTHOR, FILENAME, DATEEXECUTED, ORDEREXECUTED, MD5SUM, DESCRIPTION, COMMENTS, EXECTYPE, CONTEXTS, LABELS, LIQUIBASE, DEPLOYMENT_ID) VALUES ('make_issuer_ref_nullable', 'R3.Corda', 'migration/vault-schema.changelog-v7.xml', NOW(), 26, '8:58039722b4808e90a7711d3c82e5fc95', 'dropNotNullConstraint columnName=issuer_ref, tableName=vault_fungible_states', '', 'EXECUTED', NULL, NULL, '3.6.3', '3614858138') {changeSet=migration/vault-schema.changelog-v7.xml::make_issuer_ref_nullable::R3.Corda, databaseChangeLog=master.changelog.json}
?[m?[37m[INFO] 23:47:38,268 [Test worker] jvm.JdbcExecutor. - CREATE TABLE PUBLIC.state_party (output_index INT, transaction_id NVARCHAR(64), public_key_hash NVARCHAR(255) NOT NULL, x500_name NVARCHAR(255)) {changeSet=migration/vault-schema.changelog-v8.xml::create-external-id-to-state-party-view::R3.Corda, databaseChangeLog=master.changelog.json}
?[m?[37m[INFO] 23:47:38,269 [Test worker] changelog.ChangeSet. - Table state_party created {changeSet=migration/vault-schema.changelog-v8.xml::create-external-id-to-state-party-view::R3.Corda, databaseChangeLog=master.changelog.json}
?[m?[37m[INFO] 23:47:38,269 [Test worker] jvm.JdbcExecutor. - CREATE INDEX PUBLIC.state_pk_hash_idx ON PUBLIC.state_party(public_key_hash) {changeSet=migration/vault-schema.changelog-v8.xml::create-external-id-to-state-party-view::R3.Corda, databaseChangeLog=master.changelog.json}
?[m?[37m[INFO] 23:47:38,270 [Test worker] changelog.ChangeSet. - Index state_pk_hash_idx created {changeSet=migration/vault-schema.changelog-v8.xml::create-external-id-to-state-party-view::R3.Corda, databaseChangeLog=master.changelog.json}
?[m?[37m[INFO] 23:47:38,270 [Test worker] jvm.JdbcExecutor. - CREATE TABLE PUBLIC.pk_hash_to_ext_id_map (id BIGINT NOT NULL, external_id VARCHAR(255) NOT NULL, public_key_hash NVARCHAR(255) NOT NULL) {changeSet=migration/vault-schema.changelog-v8.xml::create-external-id-to-state-party-view::R3.Corda, databaseChangeLog=master.changelog.json}
?[m?[37m[INFO] 23:47:38,271 [Test worker] changelog.ChangeSet. - Table pk_hash_to_ext_id_map created {changeSet=migration/vault-schema.changelog-v8.xml::create-external-id-to-state-party-view::R3.Corda, databaseChangeLog=master.changelog.json}
?[m?[37m[INFO] 23:47:38,271 [Test worker] jvm.JdbcExecutor. - CREATE INDEX PUBLIC.pk_hash_to_xid_idx ON PUBLIC.pk_hash_to_ext_id_map(public_key_hash) {changeSet=migration/vault-schema.changelog-v8.xml::create-external-id-to-state-party-view::R3.Corda, databaseChangeLog=master.changelog.json}
?[m?[37m[INFO] 23:47:38,272 [Test worker] changelog.ChangeSet. - Index pk_hash_to_xid_idx created {changeSet=migration/vault-schema.changelog-v8.xml::create-external-id-to-state-party-view::R3.Corda, databaseChangeLog=master.changelog.json}
?[m?[37m[INFO] 23:47:38,274 [Test worker] jvm.JdbcExecutor. - CREATE VIEW PUBLIC.v_pkey_hash_ex_id_map AS select
                state_party.public_key_hash,
                state_party.transaction_id,
                state_party.output_index,
                pk_hash_to_ext_id_map.external_id
            from state_party
            join pk_hash_to_ext_id_map
            on state_party.public_key_hash = pk_hash_to_ext_id_map.public_key_hash {changeSet=migration/vault-schema.changelog-v8.xml::create-external-id-to-state-party-view::R3.Corda, databaseChangeLog=master.changelog.json}
?[m?[37m[INFO] 23:47:38,275 [Test worker] changelog.ChangeSet. - View v_pkey_hash_ex_id_map created {changeSet=migration/vault-schema.changelog-v8.xml::create-external-id-to-state-party-view::R3.Corda, databaseChangeLog=master.changelog.json}
?[m?[37m[INFO] 23:47:38,275 [Test worker] changelog.ChangeSet. - ChangeSet migration/vault-schema.changelog-v8.xml::create-external-id-to-state-party-view::R3.Corda ran successfully in 7ms {changeSet=migration/vault-schema.changelog-v8.xml::create-external-id-to-state-party-view::R3.Corda, databaseChangeLog=master.changelog.json}
?[m?[37m[INFO] 23:47:38,277 [Test worker] jvm.JdbcExecutor. - INSERT INTO PUBLIC.DATABASECHANGELOG (ID, AUTHOR, FILENAME, DATEEXECUTED, ORDEREXECUTED, MD5SUM, DESCRIPTION, COMMENTS, EXECTYPE, CONTEXTS, LABELS, LIQUIBASE, DEPLOYMENT_ID) VALUES ('create-external-id-to-state-party-view', 'R3.Corda', 'migration/vault-schema.changelog-v8.xml', NOW(), 27, '8:9a5b20f7b7367bb3b86f600bccaa423b', 'createTable tableName=state_party; createIndex indexName=state_pk_hash_idx, tableName=state_party; createTable tableName=pk_hash_to_ext_id_map; createIndex indexName=pk_hash_to_xid_idx, tableName=pk_hash_to_ext_id_map; createView viewName=v_pkey_h...', '', 'EXECUTED', NULL, NULL, '3.6.3', '3614858138') {changeSet=migration/vault-schema.changelog-v8.xml::create-external-id-to-state-party-view::R3.Corda, databaseChangeLog=master.changelog.json}
?[m?[37m[INFO] 23:47:38,278 [Test worker] jvm.JdbcExecutor. - ALTER TABLE PUBLIC.vault_states ALTER COLUMN constraint_data VARBINARY(20000) {changeSet=migration/vault-schema.changelog-v11.xml::expand_constraint_data_size::R3.Corda, databaseChangeLog=master.changelog.json}
?[m?[37m[INFO] 23:47:38,282 [Test worker] changelog.ChangeSet. - vault_states.constraint_data datatype was changed to varbinary(20000) {changeSet=migration/vault-schema.changelog-v11.xml::expand_constraint_data_size::R3.Corda, databaseChangeLog=master.changelog.json}
?[m?[37m[INFO] 23:47:38,282 [Test worker] changelog.ChangeSet. - ChangeSet migration/vault-schema.changelog-v11.xml::expand_constraint_data_size::R3.Corda ran successfully in 4ms {changeSet=migration/vault-schema.changelog-v11.xml::expand_constraint_data_size::R3.Corda, databaseChangeLog=master.changelog.json}
?[m?[37m[INFO] 23:47:38,283 [Test worker] jvm.JdbcExecutor. - INSERT INTO PUBLIC.DATABASECHANGELOG (ID, AUTHOR, FILENAME, DATEEXECUTED, ORDEREXECUTED, MD5SUM, DESCRIPTION, COMMENTS, EXECTYPE, CONTEXTS, LABELS, LIQUIBASE, DEPLOYMENT_ID) VALUES ('expand_constraint_data_size', 'R3.Corda', 'migration/vault-schema.changelog-v11.xml', NOW(), 28, '8:0bd51f3d930d4b03d7b1075454bb2d70', 'modifyDataType columnName=constraint_data, tableName=vault_states', '', 'EXECUTED', NULL, NULL, '3.6.3', '3614858138') {changeSet=migration/vault-schema.changelog-v11.xml::expand_constraint_data_size::R3.Corda, databaseChangeLog=master.changelog.json}
?[m?[37m[INFO] 23:47:38,285 [Test worker] jvm.JdbcExecutor. - CREATE TABLE PUBLIC.node_link_nodeinfo_party (node_info_id INT NOT NULL, party_name NVARCHAR(255) NOT NULL) {changeSet=migration/node-info.changelog-init.xml::1511451595465-4::R3.Corda, databaseChangeLog=master.changelog.json}
?[m?[37m[INFO] 23:47:38,285 [Test worker] changelog.ChangeSet. - Table node_link_nodeinfo_party created {changeSet=migration/node-info.changelog-init.xml::1511451595465-4::R3.Corda, databaseChangeLog=master.changelog.json}
?[m?[37m[INFO] 23:47:38,285 [Test worker] changelog.ChangeSet. - ChangeSet migration/node-info.changelog-init.xml::1511451595465-4::R3.Corda ran successfully in 1ms {changeSet=migration/node-info.changelog-init.xml::1511451595465-4::R3.Corda, databaseChangeLog=master.changelog.json}
?[m?[37m[INFO] 23:47:38,287 [Test worker] jvm.JdbcExecutor. - INSERT INTO PUBLIC.DATABASECHANGELOG (ID, AUTHOR, FILENAME, DATEEXECUTED, ORDEREXECUTED, MD5SUM, DESCRIPTION, COMMENTS, EXECTYPE, CONTEXTS, LABELS, LIQUIBASE, DEPLOYMENT_ID) VALUES ('1511451595465-4', 'R3.Corda', 'migration/node-info.changelog-init.xml', NOW(), 29, '8:cbf3edf78266c3bd22738eaf20c7c111', 'createTable tableName=node_link_nodeinfo_party', '', 'EXECUTED', NULL, NULL, '3.6.3', '3614858138') {changeSet=migration/node-info.changelog-init.xml::1511451595465-4::R3.Corda, databaseChangeLog=master.changelog.json}
?[m?[37m[INFO] 23:47:38,288 [Test worker] jvm.JdbcExecutor. - CREATE TABLE PUBLIC.node_info_hosts (host NVARCHAR(255) NOT NULL, port INT NOT NULL, node_info_id INT) {changeSet=migration/node-info.changelog-init.xml::1511451595465-10::R3.Corda, databaseChangeLog=master.changelog.json}
?[m?[37m[INFO] 23:47:38,288 [Test worker] changelog.ChangeSet. - Table node_info_hosts created {changeSet=migration/node-info.changelog-init.xml::1511451595465-10::R3.Corda, databaseChangeLog=master.changelog.json}
?[m?[37m[INFO] 23:47:38,288 [Test worker] changelog.ChangeSet. - ChangeSet migration/node-info.changelog-init.xml::1511451595465-10::R3.Corda ran successfully in 1ms {changeSet=migration/node-info.changelog-init.xml::1511451595465-10::R3.Corda, databaseChangeLog=master.changelog.json}
?[m?[37m[INFO] 23:47:38,289 [Test worker] jvm.JdbcExecutor. - INSERT INTO PUBLIC.DATABASECHANGELOG (ID, AUTHOR, FILENAME, DATEEXECUTED, ORDEREXECUTED, MD5SUM, DESCRIPTION, COMMENTS, EXECTYPE, CONTEXTS, LABELS, LIQUIBASE, DEPLOYMENT_ID) VALUES ('1511451595465-10', 'R3.Corda', 'migration/node-info.changelog-init.xml', NOW(), 30, '8:f0b2c5a77ffde6aaa3c417095fc220a9', 'createTable tableName=node_info_hosts', '', 'EXECUTED', NULL, NULL, '3.6.3', '3614858138') {changeSet=migration/node-info.changelog-init.xml::1511451595465-10::R3.Corda, databaseChangeLog=master.changelog.json}
?[m?[37m[INFO] 23:47:38,291 [Test worker] jvm.JdbcExecutor. - CREATE TABLE PUBLIC.node_info_party_cert (party_name NVARCHAR(255) NOT NULL, ismain BOOLEAN NOT NULL, owning_key_hash NVARCHAR(130), party_cert_binary BLOB) {changeSet=migration/node-info.changelog-init.xml::1511451595465-11::R3.Corda, databaseChangeLog=master.changelog.json}
?[m?[37m[INFO] 23:47:38,291 [Test worker] changelog.ChangeSet. - Table node_info_party_cert created {changeSet=migration/node-info.changelog-init.xml::1511451595465-11::R3.Corda, databaseChangeLog=master.changelog.json}
?[m?[37m[INFO] 23:47:38,291 [Test worker] changelog.ChangeSet. - ChangeSet migration/node-info.changelog-init.xml::1511451595465-11::R3.Corda ran successfully in 1ms {changeSet=migration/node-info.changelog-init.xml::1511451595465-11::R3.Corda, databaseChangeLog=master.changelog.json}
?[m?[37m[INFO] 23:47:38,293 [Test worker] jvm.JdbcExecutor. - INSERT INTO PUBLIC.DATABASECHANGELOG (ID, AUTHOR, FILENAME, DATEEXECUTED, ORDEREXECUTED, MD5SUM, DESCRIPTION, COMMENTS, EXECTYPE, CONTEXTS, LABELS, LIQUIBASE, DEPLOYMENT_ID) VALUES ('1511451595465-11', 'R3.Corda', 'migration/node-info.changelog-init.xml', NOW(), 31, '8:5eacbf7ce0d85376219f1903b55f5e18', 'createTable tableName=node_info_party_cert', '', 'EXECUTED', NULL, NULL, '3.6.3', '3614858138') {changeSet=migration/node-info.changelog-init.xml::1511451595465-11::R3.Corda, databaseChangeLog=master.changelog.json}
?[m?[37m[INFO] 23:47:38,294 [Test worker] jvm.JdbcExecutor. - CREATE TABLE PUBLIC.node_infos (node_info_id INT NOT NULL, node_info_hash NVARCHAR(64), platform_version INT, serial BIGINT) {changeSet=migration/node-info.changelog-init.xml::1511451595465-12::R3.Corda, databaseChangeLog=master.changelog.json}
?[m?[37m[INFO] 23:47:38,294 [Test worker] changelog.ChangeSet. - Table node_infos created {changeSet=migration/node-info.changelog-init.xml::1511451595465-12::R3.Corda, databaseChangeLog=master.changelog.json}
?[m?[37m[INFO] 23:47:38,294 [Test worker] changelog.ChangeSet. - ChangeSet migration/node-info.changelog-init.xml::1511451595465-12::R3.Corda ran successfully in 1ms {changeSet=migration/node-info.changelog-init.xml::1511451595465-12::R3.Corda, databaseChangeLog=master.changelog.json}
?[m?[37m[INFO] 23:47:38,295 [Test worker] jvm.JdbcExecutor. - INSERT INTO PUBLIC.DATABASECHANGELOG (ID, AUTHOR, FILENAME, DATEEXECUTED, ORDEREXECUTED, MD5SUM, DESCRIPTION, COMMENTS, EXECTYPE, CONTEXTS, LABELS, LIQUIBASE, DEPLOYMENT_ID) VALUES ('1511451595465-12', 'R3.Corda', 'migration/node-info.changelog-init.xml', NOW(), 32, '8:7e30f20cf268860d637ecfb8635f45a3', 'createTable tableName=node_infos', '', 'EXECUTED', NULL, NULL, '3.6.3', '3614858138') {changeSet=migration/node-info.changelog-init.xml::1511451595465-12::R3.Corda, databaseChangeLog=master.changelog.json}
?[m?[37m[INFO] 23:47:38,296 [Test worker] jvm.JdbcExecutor. - ALTER TABLE PUBLIC.node_info_hosts ADD CONSTRAINT node_info_hosts_pkey PRIMARY KEY (host, port) {changeSet=migration/node-info.changelog-init.xml::1511451595465-35::R3.Corda, databaseChangeLog=master.changelog.json}
?[m?[37m[INFO] 23:47:38,297 [Test worker] changelog.ChangeSet. - Primary key added to node_info_hosts (host, port) {changeSet=migration/node-info.changelog-init.xml::1511451595465-35::R3.Corda, databaseChangeLog=master.changelog.json}
?[m?[37m[INFO] 23:47:38,297 [Test worker] changelog.ChangeSet. - ChangeSet migration/node-info.changelog-init.xml::1511451595465-35::R3.Corda ran successfully in 1ms {changeSet=migration/node-info.changelog-init.xml::1511451595465-35::R3.Corda, databaseChangeLog=master.changelog.json}
?[m?[37m[INFO] 23:47:38,298 [Test worker] jvm.JdbcExecutor. - INSERT INTO PUBLIC.DATABASECHANGELOG (ID, AUTHOR, FILENAME, DATEEXECUTED, ORDEREXECUTED, MD5SUM, DESCRIPTION, COMMENTS, EXECTYPE, CONTEXTS, LABELS, LIQUIBASE, DEPLOYMENT_ID) VALUES ('1511451595465-35', 'R3.Corda', 'migration/node-info.changelog-init.xml', NOW(), 33, '8:0d1a734e7350a8278808f540d992fedf', 'addPrimaryKey constraintName=node_info_hosts_pkey, tableName=node_info_hosts', '', 'EXECUTED', NULL, NULL, '3.6.3', '3614858138') {changeSet=migration/node-info.changelog-init.xml::1511451595465-35::R3.Corda, databaseChangeLog=master.changelog.json}
?[m?[37m[INFO] 23:47:38,299 [Test worker] jvm.JdbcExecutor. - ALTER TABLE PUBLIC.node_info_party_cert ADD CONSTRAINT node_info_party_cert_pkey PRIMARY KEY (party_name) {changeSet=migration/node-info.changelog-init.xml::1511451595465-36::R3.Corda, databaseChangeLog=master.changelog.json}
?[m?[37m[INFO] 23:47:38,299 [Test worker] changelog.ChangeSet. - Primary key added to node_info_party_cert (party_name) {changeSet=migration/node-info.changelog-init.xml::1511451595465-36::R3.Corda, databaseChangeLog=master.changelog.json}
?[m?[37m[INFO] 23:47:38,299 [Test worker] changelog.ChangeSet. - ChangeSet migration/node-info.changelog-init.xml::1511451595465-36::R3.Corda ran successfully in 1ms {changeSet=migration/node-info.changelog-init.xml::1511451595465-36::R3.Corda, databaseChangeLog=master.changelog.json}
?[m?[37m[INFO] 23:47:38,300 [Test worker] jvm.JdbcExecutor. - INSERT INTO PUBLIC.DATABASECHANGELOG (ID, AUTHOR, FILENAME, DATEEXECUTED, ORDEREXECUTED, MD5SUM, DESCRIPTION, COMMENTS, EXECTYPE, CONTEXTS, LABELS, LIQUIBASE, DEPLOYMENT_ID) VALUES ('1511451595465-36', 'R3.Corda', 'migration/node-info.changelog-init.xml', NOW(), 34, '8:dc78ba227ce869f406d2645c2064e8dc', 'addPrimaryKey constraintName=node_info_party_cert_pkey, tableName=node_info_party_cert', '', 'EXECUTED', NULL, NULL, '3.6.3', '3614858138') {changeSet=migration/node-info.changelog-init.xml::1511451595465-36::R3.Corda, databaseChangeLog=master.changelog.json}
?[m?[37m[INFO] 23:47:38,302 [Test worker] jvm.JdbcExecutor. - ALTER TABLE PUBLIC.node_infos ADD CONSTRAINT node_infos_pkey PRIMARY KEY (node_info_id) {changeSet=migration/node-info.changelog-init.xml::1511451595465-37::R3.Corda, databaseChangeLog=master.changelog.json}
?[m?[37m[INFO] 23:47:38,302 [Test worker] changelog.ChangeSet. - Primary key added to node_infos (node_info_id) {changeSet=migration/node-info.changelog-init.xml::1511451595465-37::R3.Corda, databaseChangeLog=master.changelog.json}
?[m?[37m[INFO] 23:47:38,302 [Test worker] changelog.ChangeSet. - ChangeSet migration/node-info.changelog-init.xml::1511451595465-37::R3.Corda ran successfully in 1ms {changeSet=migration/node-info.changelog-init.xml::1511451595465-37::R3.Corda, databaseChangeLog=master.changelog.json}
?[m?[37m[INFO] 23:47:38,303 [Test worker] jvm.JdbcExecutor. - INSERT INTO PUBLIC.DATABASECHANGELOG (ID, AUTHOR, FILENAME, DATEEXECUTED, ORDEREXECUTED, MD5SUM, DESCRIPTION, COMMENTS, EXECTYPE, CONTEXTS, LABELS, LIQUIBASE, DEPLOYMENT_ID) VALUES ('1511451595465-37', 'R3.Corda', 'migration/node-info.changelog-init.xml', NOW(), 35, '8:c07cbda2d04c6d77539ac802c66df023', 'addPrimaryKey constraintName=node_infos_pkey, tableName=node_infos', '', 'EXECUTED', NULL, NULL, '3.6.3', '3614858138') {changeSet=migration/node-info.changelog-init.xml::1511451595465-37::R3.Corda, databaseChangeLog=master.changelog.json}
?[m?[37m[INFO] 23:47:38,304 [Test worker] jvm.JdbcExecutor. - ALTER TABLE PUBLIC.node_link_nodeinfo_party ADD CONSTRAINT FK__link_nodeinfo_party__infos FOREIGN KEY (node_info_id) REFERENCES PUBLIC.node_infos (node_info_id) {changeSet=migration/node-info.changelog-init.xml::1511451595465-62::R3.Corda, databaseChangeLog=master.changelog.json}
?[m?[37m[INFO] 23:47:38,306 [Test worker] changelog.ChangeSet. - Foreign key constraint added to node_link_nodeinfo_party (node_info_id) {changeSet=migration/node-info.changelog-init.xml::1511451595465-62::R3.Corda, databaseChangeLog=master.changelog.json}
?[m?[37m[INFO] 23:47:38,306 [Test worker] changelog.ChangeSet. - ChangeSet migration/node-info.changelog-init.xml::1511451595465-62::R3.Corda ran successfully in 2ms {changeSet=migration/node-info.changelog-init.xml::1511451595465-62::R3.Corda, databaseChangeLog=master.changelog.json}
?[m?[37m[INFO] 23:47:38,308 [Test worker] jvm.JdbcExecutor. - INSERT INTO PUBLIC.DATABASECHANGELOG (ID, AUTHOR, FILENAME, DATEEXECUTED, ORDEREXECUTED, MD5SUM, DESCRIPTION, COMMENTS, EXECTYPE, CONTEXTS, LABELS, LIQUIBASE, DEPLOYMENT_ID) VALUES ('1511451595465-62', 'R3.Corda', 'migration/node-info.changelog-init.xml', NOW(), 36, '8:073bbdb8865055a19cde67340a2063e2', 'addForeignKeyConstraint baseTableName=node_link_nodeinfo_party, constraintName=FK__link_nodeinfo_party__infos, referencedTableName=node_infos', '', 'EXECUTED', NULL, NULL, '3.6.3', '3614858138') {changeSet=migration/node-info.changelog-init.xml::1511451595465-62::R3.Corda, databaseChangeLog=master.changelog.json}
?[m?[37m[INFO] 23:47:38,309 [Test worker] jvm.JdbcExecutor. - ALTER TABLE PUBLIC.node_info_hosts ADD CONSTRAINT FK__info_hosts__infos FOREIGN KEY (node_info_id) REFERENCES PUBLIC.node_infos (node_info_id) {changeSet=migration/node-info.changelog-init.xml::1511451595465-63::R3.Corda, databaseChangeLog=master.changelog.json}
?[m?[37m[INFO] 23:47:38,313 [Test worker] changelog.ChangeSet. - Foreign key constraint added to node_info_hosts (node_info_id) {changeSet=migration/node-info.changelog-init.xml::1511451595465-63::R3.Corda, databaseChangeLog=master.changelog.json}
?[m?[37m[INFO] 23:47:38,313 [Test worker] changelog.ChangeSet. - ChangeSet migration/node-info.changelog-init.xml::1511451595465-63::R3.Corda ran successfully in 5ms {changeSet=migration/node-info.changelog-init.xml::1511451595465-63::R3.Corda, databaseChangeLog=master.changelog.json}
?[m?[37m[INFO] 23:47:38,314 [Test worker] jvm.JdbcExecutor. - INSERT INTO PUBLIC.DATABASECHANGELOG (ID, AUTHOR, FILENAME, DATEEXECUTED, ORDEREXECUTED, MD5SUM, DESCRIPTION, COMMENTS, EXECTYPE, CONTEXTS, LABELS, LIQUIBASE, DEPLOYMENT_ID) VALUES ('1511451595465-63', 'R3.Corda', 'migration/node-info.changelog-init.xml', NOW(), 37, '8:fa5ee007de41334ad2ac991b32969076', 'addForeignKeyConstraint baseTableName=node_info_hosts, constraintName=FK__info_hosts__infos, referencedTableName=node_infos', '', 'EXECUTED', NULL, NULL, '3.6.3', '3614858138') {changeSet=migration/node-info.changelog-init.xml::1511451595465-63::R3.Corda, databaseChangeLog=master.changelog.json}
?[m?[37m[INFO] 23:47:38,315 [Test worker] jvm.JdbcExecutor. - DELETE FROM PUBLIC.node_infos {changeSet=migration/node-info.changelog-init.xml::remove_host_port_pk::R3.Corda, databaseChangeLog=master.changelog.json}
?[m?[37m[INFO] 23:47:38,316 [Test worker] changelog.ChangeSet. - Data deleted from node_infos {changeSet=migration/node-info.changelog-init.xml::remove_host_port_pk::R3.Corda, databaseChangeLog=master.changelog.json}
?[m?[37m[INFO] 23:47:38,316 [Test worker] jvm.JdbcExecutor. - DELETE FROM PUBLIC.node_link_nodeinfo_party {changeSet=migration/node-info.changelog-init.xml::remove_host_port_pk::R3.Corda, databaseChangeLog=master.changelog.json}
?[m?[37m[INFO] 23:47:38,316 [Test worker] changelog.ChangeSet. - Data deleted from node_link_nodeinfo_party {changeSet=migration/node-info.changelog-init.xml::remove_host_port_pk::R3.Corda, databaseChangeLog=master.changelog.json}
?[m?[37m[INFO] 23:47:38,316 [Test worker] jvm.JdbcExecutor. - DELETE FROM PUBLIC.node_info_hosts {changeSet=migration/node-info.changelog-init.xml::remove_host_port_pk::R3.Corda, databaseChangeLog=master.changelog.json}
?[m?[37m[INFO] 23:47:38,316 [Test worker] changelog.ChangeSet. - Data deleted from node_info_hosts {changeSet=migration/node-info.changelog-init.xml::remove_host_port_pk::R3.Corda, databaseChangeLog=master.changelog.json}
?[m?[37m[INFO] 23:47:38,317 [Test worker] jvm.JdbcExecutor. - DELETE FROM PUBLIC.node_info_party_cert {changeSet=migration/node-info.changelog-init.xml::remove_host_port_pk::R3.Corda, databaseChangeLog=master.changelog.json}
?[m?[37m[INFO] 23:47:38,317 [Test worker] changelog.ChangeSet. - Data deleted from node_info_party_cert {changeSet=migration/node-info.changelog-init.xml::remove_host_port_pk::R3.Corda, databaseChangeLog=master.changelog.json}
?[m?[37m[INFO] 23:47:38,317 [Test worker] jvm.JdbcExecutor. - ALTER TABLE PUBLIC.node_info_hosts DROP PRIMARY KEY {changeSet=migration/node-info.changelog-init.xml::remove_host_port_pk::R3.Corda, databaseChangeLog=master.changelog.json}
?[m?[37m[INFO] 23:47:38,317 [Test worker] changelog.ChangeSet. - Primary key dropped from node_info_hosts {changeSet=migration/node-info.changelog-init.xml::remove_host_port_pk::R3.Corda, databaseChangeLog=master.changelog.json}
?[m?[37m[INFO] 23:47:38,318 [Test worker] jvm.JdbcExecutor. - ALTER TABLE PUBLIC.node_info_hosts ADD hosts_id INT NOT NULL {changeSet=migration/node-info.changelog-init.xml::remove_host_port_pk::R3.Corda, databaseChangeLog=master.changelog.json}
?[m?[37m[INFO] 23:47:38,320 [Test worker] changelog.ChangeSet. - Columns hosts_id(INT) added to node_info_hosts {changeSet=migration/node-info.changelog-init.xml::remove_host_port_pk::R3.Corda, databaseChangeLog=master.changelog.json}
?[m?[37m[INFO] 23:47:38,321 [Test worker] jvm.JdbcExecutor. - ALTER TABLE PUBLIC.node_info_hosts ADD CONSTRAINT node_info_hosts_pkey_id PRIMARY KEY (hosts_id) {changeSet=migration/node-info.changelog-init.xml::remove_host_port_pk::R3.Corda, databaseChangeLog=master.changelog.json}
?[m?[37m[INFO] 23:47:38,321 [Test worker] changelog.ChangeSet. - Primary key added to node_info_hosts (hosts_id) {changeSet=migration/node-info.changelog-init.xml::remove_host_port_pk::R3.Corda, databaseChangeLog=master.changelog.json}
?[m?[37m[INFO] 23:47:38,321 [Test worker] changelog.ChangeSet. - ChangeSet migration/node-info.changelog-init.xml::remove_host_port_pk::R3.Corda ran successfully in 6ms {changeSet=migration/node-info.changelog-init.xml::remove_host_port_pk::R3.Corda, databaseChangeLog=master.changelog.json}
?[m?[37m[INFO] 23:47:38,322 [Test worker] jvm.JdbcExecutor. - INSERT INTO PUBLIC.DATABASECHANGELOG (ID, AUTHOR, FILENAME, DATEEXECUTED, ORDEREXECUTED, MD5SUM, DESCRIPTION, COMMENTS, EXECTYPE, CONTEXTS, LABELS, LIQUIBASE, DEPLOYMENT_ID) VALUES ('remove_host_port_pk', 'R3.Corda', 'migration/node-info.changelog-init.xml', NOW(), 38, '8:50fa65c10fd9bb3d89e0ad75d29a0e4d', 'delete tableName=node_infos; delete tableName=node_link_nodeinfo_party; delete tableName=node_info_hosts; delete tableName=node_info_party_cert; dropPrimaryKey constraintName=node_info_hosts_pkey, tableName=node_info_hosts; addColumn tableName=nod...', '', 'EXECUTED', NULL, NULL, '3.6.3', '3614858138') {changeSet=migration/node-info.changelog-init.xml::remove_host_port_pk::R3.Corda, databaseChangeLog=master.changelog.json}
?[m?[37m[INFO] 23:47:38,323 [Test worker] jvm.JdbcExecutor. - CREATE TABLE PUBLIC.node_properties (property_key NVARCHAR(255) NOT NULL, property_value NVARCHAR(255)) {changeSet=migration/node-info.changelog-v1.xml::key/value node properties table::R3.Corda, databaseChangeLog=master.changelog.json}
?[m?[37m[INFO] 23:47:38,324 [Test worker] changelog.ChangeSet. - Table node_properties created {changeSet=migration/node-info.changelog-v1.xml::key/value node properties table::R3.Corda, databaseChangeLog=master.changelog.json}
?[m?[37m[INFO] 23:47:38,324 [Test worker] changelog.ChangeSet. - ChangeSet migration/node-info.changelog-v1.xml::key/value node properties table::R3.Corda ran successfully in 1ms {changeSet=migration/node-info.changelog-v1.xml::key/value node properties table::R3.Corda, databaseChangeLog=master.changelog.json}
?[m?[37m[INFO] 23:47:38,325 [Test worker] jvm.JdbcExecutor. - INSERT INTO PUBLIC.DATABASECHANGELOG (ID, AUTHOR, FILENAME, DATEEXECUTED, ORDEREXECUTED, MD5SUM, DESCRIPTION, COMMENTS, EXECTYPE, CONTEXTS, LABELS, LIQUIBASE, DEPLOYMENT_ID) VALUES ('key/value node properties table', 'R3.Corda', 'migration/node-info.changelog-v1.xml', NOW(), 39, '8:39e4c897aa5e893e79a0434af2948a91', 'createTable tableName=node_properties', '', 'EXECUTED', NULL, NULL, '3.6.3', '3614858138') {changeSet=migration/node-info.changelog-v1.xml::key/value node properties table::R3.Corda, databaseChangeLog=master.changelog.json}
?[m?[37m[INFO] 23:47:38,326 [Test worker] jvm.JdbcExecutor. - ALTER TABLE PUBLIC.node_infos ALTER COLUMN node_info_hash SET NOT NULL {changeSet=migration/node-info.changelog-v2.xml::1525962920::R3.Corda, databaseChangeLog=master.changelog.json}
?[m?[37m[INFO] 23:47:38,327 [Test worker] changelog.ChangeSet. - NOT NULL constraint has been added to node_infos.node_info_hash {changeSet=migration/node-info.changelog-v2.xml::1525962920::R3.Corda, databaseChangeLog=master.changelog.json}
?[m?[37m[INFO] 23:47:38,327 [Test worker] jvm.JdbcExecutor. - ALTER TABLE PUBLIC.node_infos ALTER COLUMN platform_version SET NOT NULL {changeSet=migration/node-info.changelog-v2.xml::1525962920::R3.Corda, databaseChangeLog=master.changelog.json}
?[m?[37m[INFO] 23:47:38,328 [Test worker] changelog.ChangeSet. - NOT NULL constraint has been added to node_infos.platform_version {changeSet=migration/node-info.changelog-v2.xml::1525962920::R3.Corda, databaseChangeLog=master.changelog.json}
?[m?[37m[INFO] 23:47:38,328 [Test worker] jvm.JdbcExecutor. - ALTER TABLE PUBLIC.node_infos ALTER COLUMN serial SET NOT NULL {changeSet=migration/node-info.changelog-v2.xml::1525962920::R3.Corda, databaseChangeLog=master.changelog.json}
?[m?[37m[INFO] 23:47:38,328 [Test worker] changelog.ChangeSet. - NOT NULL constraint has been added to node_infos.serial {changeSet=migration/node-info.changelog-v2.xml::1525962920::R3.Corda, databaseChangeLog=master.changelog.json}
?[m?[37m[INFO] 23:47:38,329 [Test worker] jvm.JdbcExecutor. - ALTER TABLE PUBLIC.node_info_hosts ALTER COLUMN host SET NULL {changeSet=migration/node-info.changelog-v2.xml::1525962920::R3.Corda, databaseChangeLog=master.changelog.json}
?[m?[37m[INFO] 23:47:38,329 [Test worker] changelog.ChangeSet. - Null constraint dropped from node_info_hosts.host {changeSet=migration/node-info.changelog-v2.xml::1525962920::R3.Corda, databaseChangeLog=master.changelog.json}
?[m?[37m[INFO] 23:47:38,329 [Test worker] jvm.JdbcExecutor. - ALTER TABLE PUBLIC.node_info_hosts ALTER COLUMN port SET NULL {changeSet=migration/node-info.changelog-v2.xml::1525962920::R3.Corda, databaseChangeLog=master.changelog.json}
?[m?[37m[INFO] 23:47:38,329 [Test worker] changelog.ChangeSet. - Null constraint dropped from node_info_hosts.port {changeSet=migration/node-info.changelog-v2.xml::1525962920::R3.Corda, databaseChangeLog=master.changelog.json}
?[m?[37m[INFO] 23:47:38,329 [Test worker] jvm.JdbcExecutor. - ALTER TABLE PUBLIC.node_info_party_cert ALTER COLUMN owning_key_hash SET NOT NULL {changeSet=migration/node-info.changelog-v2.xml::1525962920::R3.Corda, databaseChangeLog=master.changelog.json}
?[m?[37m[INFO] 23:47:38,330 [Test worker] changelog.ChangeSet. - NOT NULL constraint has been added to node_info_party_cert.owning_key_hash {changeSet=migration/node-info.changelog-v2.xml::1525962920::R3.Corda, databaseChangeLog=master.changelog.json}
?[m?[37m[INFO] 23:47:38,330 [Test worker] jvm.JdbcExecutor. - ALTER TABLE PUBLIC.node_info_party_cert ALTER COLUMN party_cert_binary SET NOT NULL {changeSet=migration/node-info.changelog-v2.xml::1525962920::R3.Corda, databaseChangeLog=master.changelog.json}
?[m?[37m[INFO] 23:47:38,330 [Test worker] changelog.ChangeSet. - NOT NULL constraint has been added to node_info_party_cert.party_cert_binary {changeSet=migration/node-info.changelog-v2.xml::1525962920::R3.Corda, databaseChangeLog=master.changelog.json}
?[m?[37m[INFO] 23:47:38,330 [Test worker] changelog.ChangeSet. - ChangeSet migration/node-info.changelog-v2.xml::1525962920::R3.Corda ran successfully in 4ms {changeSet=migration/node-info.changelog-v2.xml::1525962920::R3.Corda, databaseChangeLog=master.changelog.json}
?[m?[37m[INFO] 23:47:38,332 [Test worker] jvm.JdbcExecutor. - INSERT INTO PUBLIC.DATABASECHANGELOG (ID, AUTHOR, FILENAME, DATEEXECUTED, ORDEREXECUTED, MD5SUM, DESCRIPTION, COMMENTS, EXECTYPE, CONTEXTS, LABELS, LIQUIBASE, DEPLOYMENT_ID) VALUES ('1525962920', 'R3.Corda', 'migration/node-info.changelog-v2.xml', NOW(), 40, '8:cc835e848ed6cc1f4b2a2e8e31fa92f1', 'addNotNullConstraint columnName=node_info_hash, tableName=node_infos; addNotNullConstraint columnName=platform_version, tableName=node_infos; addNotNullConstraint columnName=serial, tableName=node_infos; dropNotNullConstraint columnName=host, tabl...', '', 'EXECUTED', NULL, NULL, '3.6.3', '3614858138') {changeSet=migration/node-info.changelog-v2.xml::1525962920::R3.Corda, databaseChangeLog=master.changelog.json}
?[m?[37m[INFO] 23:47:38,333 [Test worker] jvm.JdbcExecutor. - ALTER TABLE PUBLIC.node_info_hosts ALTER COLUMN host RENAME TO host_name {changeSet=migration/node-info.changelog-v3.xml::column_host_name::R3.Corda, databaseChangeLog=master.changelog.json}
?[m?[37m[INFO] 23:47:38,334 [Test worker] changelog.ChangeSet. - Column node_info_hosts.host renamed to host_name {changeSet=migration/node-info.changelog-v3.xml::column_host_name::R3.Corda, databaseChangeLog=master.changelog.json}
?[m?[37m[INFO] 23:47:38,334 [Test worker] changelog.ChangeSet. - ChangeSet migration/node-info.changelog-v3.xml::column_host_name::R3.Corda ran successfully in 1ms {changeSet=migration/node-info.changelog-v3.xml::column_host_name::R3.Corda, databaseChangeLog=master.changelog.json}
?[m?[37m[INFO] 23:47:38,337 [Test worker] jvm.JdbcExecutor. - INSERT INTO PUBLIC.DATABASECHANGELOG (ID, AUTHOR, FILENAME, DATEEXECUTED, ORDEREXECUTED, MD5SUM, DESCRIPTION, COMMENTS, EXECTYPE, CONTEXTS, LABELS, LIQUIBASE, DEPLOYMENT_ID) VALUES ('column_host_name', 'R3.Corda', 'migration/node-info.changelog-v3.xml', NOW(), 41, '8:e5fb9380221a91515f45ee44c9c30053', 'renameColumn newColumnName=host_name, oldColumnName=host, tableName=node_info_hosts', '', 'EXECUTED', NULL, NULL, '3.6.3', '3614858138') {changeSet=migration/node-info.changelog-v3.xml::column_host_name::R3.Corda, databaseChangeLog=master.changelog.json}
?[m?[37m[INFO] 23:47:38,338 [Test worker] jvm.JdbcExecutor. - CREATE TABLE PUBLIC.node_attachments (att_id NVARCHAR(255) NOT NULL, content BLOB, filename NVARCHAR(255), insertion_date TIMESTAMP NOT NULL, uploader NVARCHAR(255)) {changeSet=migration/node-services.changelog-init.xml::1511451595465-5::R3.Corda, databaseChangeLog=master.changelog.json}
?[m?[37m[INFO] 23:47:38,339 [Test worker] changelog.ChangeSet. - Table node_attachments created {changeSet=migration/node-services.changelog-init.xml::1511451595465-5::R3.Corda, databaseChangeLog=master.changelog.json}
?[m?[37m[INFO] 23:47:38,339 [Test worker] changelog.ChangeSet. - ChangeSet migration/node-services.changelog-init.xml::1511451595465-5::R3.Corda ran successfully in 1ms {changeSet=migration/node-services.changelog-init.xml::1511451595465-5::R3.Corda, databaseChangeLog=master.changelog.json}
?[m?[37m[INFO] 23:47:38,340 [Test worker] jvm.JdbcExecutor. - INSERT INTO PUBLIC.DATABASECHANGELOG (ID, AUTHOR, FILENAME, DATEEXECUTED, ORDEREXECUTED, MD5SUM, DESCRIPTION, COMMENTS, EXECTYPE, CONTEXTS, LABELS, LIQUIBASE, DEPLOYMENT_ID) VALUES ('1511451595465-5', 'R3.Corda', 'migration/node-services.changelog-init.xml', NOW(), 42, '8:380e64788d9896c1166e4c22336d01e4', 'createTable tableName=node_attachments', '', 'EXECUTED', NULL, NULL, '3.6.3', '3614858138') {changeSet=migration/node-services.changelog-init.xml::1511451595465-5::R3.Corda, databaseChangeLog=master.changelog.json}
?[m?[37m[INFO] 23:47:38,345 [Test worker] jvm.JdbcExecutor. - CREATE TABLE PUBLIC.node_checkpoints (checkpoint_id NVARCHAR(64) NOT NULL, checkpoint_value BLOB) {changeSet=migration/node-services.changelog-init.xml::1511451595465-7::R3.Corda, databaseChangeLog=master.changelog.json}
?[m?[37m[INFO] 23:47:38,346 [Test worker] changelog.ChangeSet. - Table node_checkpoints created {changeSet=migration/node-services.changelog-init.xml::1511451595465-7::R3.Corda, databaseChangeLog=master.changelog.json}
?[m?[37m[INFO] 23:47:38,346 [Test worker] changelog.ChangeSet. - ChangeSet migration/node-services.changelog-init.xml::1511451595465-7::R3.Corda ran successfully in 2ms {changeSet=migration/node-services.changelog-init.xml::1511451595465-7::R3.Corda, databaseChangeLog=master.changelog.json}
?[m?[37m[INFO] 23:47:38,359 [Test worker] jvm.JdbcExecutor. - INSERT INTO PUBLIC.DATABASECHANGELOG (ID, AUTHOR, FILENAME, DATEEXECUTED, ORDEREXECUTED, MD5SUM, DESCRIPTION, COMMENTS, EXECTYPE, CONTEXTS, LABELS, LIQUIBASE, DEPLOYMENT_ID) VALUES ('1511451595465-7', 'R3.Corda', 'migration/node-services.changelog-init.xml', NOW(), 43, '8:8aefa1967ed80f8f98b69247c70c9f24', 'createTable tableName=node_checkpoints', '', 'EXECUTED', NULL, NULL, '3.6.3', '3614858138') {changeSet=migration/node-services.changelog-init.xml::1511451595465-7::R3.Corda, databaseChangeLog=master.changelog.json}
?[m?[37m[INFO] 23:47:38,362 [Test worker] jvm.JdbcExecutor. - CREATE TABLE PUBLIC.node_contract_upgrades (state_ref NVARCHAR(96) NOT NULL, contract_class_name NVARCHAR(255)) {changeSet=migration/node-services.changelog-init.xml::1511451595465-8::R3.Corda, databaseChangeLog=master.changelog.json}
?[m?[37m[INFO] 23:47:38,362 [Test worker] changelog.ChangeSet. - Table node_contract_upgrades created {changeSet=migration/node-services.changelog-init.xml::1511451595465-8::R3.Corda, databaseChangeLog=master.changelog.json}
?[m?[37m[INFO] 23:47:38,362 [Test worker] changelog.ChangeSet. - ChangeSet migration/node-services.changelog-init.xml::1511451595465-8::R3.Corda ran successfully in 1ms {changeSet=migration/node-services.changelog-init.xml::1511451595465-8::R3.Corda, databaseChangeLog=master.changelog.json}
?[m?[37m[INFO] 23:47:38,363 [Test worker] jvm.JdbcExecutor. - INSERT INTO PUBLIC.DATABASECHANGELOG (ID, AUTHOR, FILENAME, DATEEXECUTED, ORDEREXECUTED, MD5SUM, DESCRIPTION, COMMENTS, EXECTYPE, CONTEXTS, LABELS, LIQUIBASE, DEPLOYMENT_ID) VALUES ('1511451595465-8', 'R3.Corda', 'migration/node-services.changelog-init.xml', NOW(), 44, '8:6b06fe4c0ef085967f4dbd00dca08533', 'createTable tableName=node_contract_upgrades', '', 'EXECUTED', NULL, NULL, '3.6.3', '3614858138') {changeSet=migration/node-services.changelog-init.xml::1511451595465-8::R3.Corda, databaseChangeLog=master.changelog.json}
?[m?[37m[INFO] 23:47:38,364 [Test worker] jvm.JdbcExecutor. - CREATE TABLE PUBLIC.node_identities (pk_hash NVARCHAR(130) NOT NULL, identity_value BLOB) {changeSet=migration/node-services.changelog-init.xml::1511451595465-9::R3.Corda, databaseChangeLog=master.changelog.json}
?[m?[37m[INFO] 23:47:38,365 [Test worker] changelog.ChangeSet. - Table node_identities created {changeSet=migration/node-services.changelog-init.xml::1511451595465-9::R3.Corda, databaseChangeLog=master.changelog.json}
?[m?[37m[INFO] 23:47:38,365 [Test worker] changelog.ChangeSet. - ChangeSet migration/node-services.changelog-init.xml::1511451595465-9::R3.Corda ran successfully in 1ms {changeSet=migration/node-services.changelog-init.xml::1511451595465-9::R3.Corda, databaseChangeLog=master.changelog.json}
?[m?[37m[INFO] 23:47:38,366 [Test worker] jvm.JdbcExecutor. - INSERT INTO PUBLIC.DATABASECHANGELOG (ID, AUTHOR, FILENAME, DATEEXECUTED, ORDEREXECUTED, MD5SUM, DESCRIPTION, COMMENTS, EXECTYPE, CONTEXTS, LABELS, LIQUIBASE, DEPLOYMENT_ID) VALUES ('1511451595465-9', 'R3.Corda', 'migration/node-services.changelog-init.xml', NOW(), 45, '8:293963c9989772e272e1397c8ae9dfb1', 'createTable tableName=node_identities', '', 'EXECUTED', NULL, NULL, '3.6.3', '3614858138') {changeSet=migration/node-services.changelog-init.xml::1511451595465-9::R3.Corda, databaseChangeLog=master.changelog.json}
?[m?[37m[INFO] 23:47:38,367 [Test worker] jvm.JdbcExecutor. - CREATE TABLE PUBLIC.node_message_ids (message_id NVARCHAR(64) NOT NULL, insertion_time TIMESTAMP) {changeSet=migration/node-services.changelog-init.xml::1511451595465-13::R3.Corda, databaseChangeLog=master.changelog.json}
?[m?[37m[INFO] 23:47:38,367 [Test worker] changelog.ChangeSet. - Table node_message_ids created {changeSet=migration/node-services.changelog-init.xml::1511451595465-13::R3.Corda, databaseChangeLog=master.changelog.json}
?[m?[37m[INFO] 23:47:38,367 [Test worker] changelog.ChangeSet. - ChangeSet migration/node-services.changelog-init.xml::1511451595465-13::R3.Corda ran successfully in 1ms {changeSet=migration/node-services.changelog-init.xml::1511451595465-13::R3.Corda, databaseChangeLog=master.changelog.json}
?[m?[37m[INFO] 23:47:38,368 [Test worker] jvm.JdbcExecutor. - INSERT INTO PUBLIC.DATABASECHANGELOG (ID, AUTHOR, FILENAME, DATEEXECUTED, ORDEREXECUTED, MD5SUM, DESCRIPTION, COMMENTS, EXECTYPE, CONTEXTS, LABELS, LIQUIBASE, DEPLOYMENT_ID) VALUES ('1511451595465-13', 'R3.Corda', 'migration/node-services.changelog-init.xml', NOW(), 46, '8:421bb9432660d6cdf67a18c6f0acdeb4', 'createTable tableName=node_message_ids', '', 'EXECUTED', NULL, NULL, '3.6.3', '3614858138') {changeSet=migration/node-services.changelog-init.xml::1511451595465-13::R3.Corda, databaseChangeLog=master.changelog.json}
?[m?[37m[INFO] 23:47:38,369 [Test worker] jvm.JdbcExecutor. - CREATE TABLE PUBLIC.node_message_retry (message_id BIGINT NOT NULL, message BLOB, recipients BLOB) {changeSet=migration/node-services.changelog-init.xml::1511451595465-14::R3.Corda, databaseChangeLog=master.changelog.json}
?[m?[37m[INFO] 23:47:38,370 [Test worker] changelog.ChangeSet. - Table node_message_retry created {changeSet=migration/node-services.changelog-init.xml::1511451595465-14::R3.Corda, databaseChangeLog=master.changelog.json}
?[m?[37m[INFO] 23:47:38,370 [Test worker] changelog.ChangeSet. - ChangeSet migration/node-services.changelog-init.xml::1511451595465-14::R3.Corda ran successfully in 1ms {changeSet=migration/node-services.changelog-init.xml::1511451595465-14::R3.Corda, databaseChangeLog=master.changelog.json}
?[m?[37m[INFO] 23:47:38,393 [Test worker] jvm.JdbcExecutor. - INSERT INTO PUBLIC.DATABASECHANGELOG (ID, AUTHOR, FILENAME, DATEEXECUTED, ORDEREXECUTED, MD5SUM, DESCRIPTION, COMMENTS, EXECTYPE, CONTEXTS, LABELS, LIQUIBASE, DEPLOYMENT_ID) VALUES ('1511451595465-14', 'R3.Corda', 'migration/node-services.changelog-init.xml', NOW(), 47, '8:ba7acbbe63086c3c9fb627ea948864b2', 'createTable tableName=node_message_retry', '', 'EXECUTED', NULL, NULL, '3.6.3', '3614858138') {changeSet=migration/node-services.changelog-init.xml::1511451595465-14::R3.Corda, databaseChangeLog=master.changelog.json}
?[m?[37m[INFO] 23:47:38,394 [Test worker] jvm.JdbcExecutor. - CREATE TABLE PUBLIC.node_named_identities (name NVARCHAR(128) NOT NULL, pk_hash NVARCHAR(130)) {changeSet=migration/node-services.changelog-init.xml::1511451595465-15::R3.Corda, databaseChangeLog=master.changelog.json}
?[m?[37m[INFO] 23:47:38,395 [Test worker] changelog.ChangeSet. - Table node_named_identities created {changeSet=migration/node-services.changelog-init.xml::1511451595465-15::R3.Corda, databaseChangeLog=master.changelog.json}
?[m?[37m[INFO] 23:47:38,395 [Test worker] changelog.ChangeSet. - ChangeSet migration/node-services.changelog-init.xml::1511451595465-15::R3.Corda ran successfully in 1ms {changeSet=migration/node-services.changelog-init.xml::1511451595465-15::R3.Corda, databaseChangeLog=master.changelog.json}
?[m?[37m[INFO] 23:47:38,397 [Test worker] jvm.JdbcExecutor. - INSERT INTO PUBLIC.DATABASECHANGELOG (ID, AUTHOR, FILENAME, DATEEXECUTED, ORDEREXECUTED, MD5SUM, DESCRIPTION, COMMENTS, EXECTYPE, CONTEXTS, LABELS, LIQUIBASE, DEPLOYMENT_ID) VALUES ('1511451595465-15', 'R3.Corda', 'migration/node-services.changelog-init.xml', NOW(), 48, '8:bf6ca4e45e140b225f6f934935dd2f34', 'createTable tableName=node_named_identities', '', 'EXECUTED', NULL, NULL, '3.6.3', '3614858138') {changeSet=migration/node-services.changelog-init.xml::1511451595465-15::R3.Corda, databaseChangeLog=master.changelog.json}
?[m?[37m[INFO] 23:47:38,398 [Test worker] jvm.JdbcExecutor. - CREATE TABLE PUBLIC.node_our_key_pairs (public_key_hash NVARCHAR(130) NOT NULL, private_key BLOB, public_key BLOB) {changeSet=migration/node-services.changelog-init.xml::1511451595465-17::R3.Corda, databaseChangeLog=master.changelog.json}
?[m?[37m[INFO] 23:47:38,398 [Test worker] changelog.ChangeSet. - Table node_our_key_pairs created {changeSet=migration/node-services.changelog-init.xml::1511451595465-17::R3.Corda, databaseChangeLog=master.changelog.json}
?[m?[37m[INFO] 23:47:38,398 [Test worker] changelog.ChangeSet. - ChangeSet migration/node-services.changelog-init.xml::1511451595465-17::R3.Corda ran successfully in 0ms {changeSet=migration/node-services.changelog-init.xml::1511451595465-17::R3.Corda, databaseChangeLog=master.changelog.json}
?[m?[37m[INFO] 23:47:38,399 [Test worker] jvm.JdbcExecutor. - INSERT INTO PUBLIC.DATABASECHANGELOG (ID, AUTHOR, FILENAME, DATEEXECUTED, ORDEREXECUTED, MD5SUM, DESCRIPTION, COMMENTS, EXECTYPE, CONTEXTS, LABELS, LIQUIBASE, DEPLOYMENT_ID) VALUES ('1511451595465-17', 'R3.Corda', 'migration/node-services.changelog-init.xml', NOW(), 49, '8:e91eb86cb57176d4605d948f694d8441', 'createTable tableName=node_our_key_pairs', '', 'EXECUTED', NULL, NULL, '3.6.3', '3614858138') {changeSet=migration/node-services.changelog-init.xml::1511451595465-17::R3.Corda, databaseChangeLog=master.changelog.json}
?[m?[37m[INFO] 23:47:38,400 [Test worker] jvm.JdbcExecutor. - CREATE TABLE PUBLIC.node_scheduled_states (output_index INT NOT NULL, transaction_id NVARCHAR(64) NOT NULL, scheduled_at TIMESTAMP NOT NULL) {changeSet=migration/node-services.changelog-init.xml::1511451595465-19::R3.Corda, databaseChangeLog=master.changelog.json}
?[m?[37m[INFO] 23:47:38,401 [Test worker] changelog.ChangeSet. - Table node_scheduled_states created {changeSet=migration/node-services.changelog-init.xml::1511451595465-19::R3.Corda, databaseChangeLog=master.changelog.json}
?[m?[37m[INFO] 23:47:38,401 [Test worker] changelog.ChangeSet. - ChangeSet migration/node-services.changelog-init.xml::1511451595465-19::R3.Corda ran successfully in 1ms {changeSet=migration/node-services.changelog-init.xml::1511451595465-19::R3.Corda, databaseChangeLog=master.changelog.json}
?[m?[37m[INFO] 23:47:38,402 [Test worker] jvm.JdbcExecutor. - INSERT INTO PUBLIC.DATABASECHANGELOG (ID, AUTHOR, FILENAME, DATEEXECUTED, ORDEREXECUTED, MD5SUM, DESCRIPTION, COMMENTS, EXECTYPE, CONTEXTS, LABELS, LIQUIBASE, DEPLOYMENT_ID) VALUES ('1511451595465-19', 'R3.Corda', 'migration/node-services.changelog-init.xml', NOW(), 50, '8:55282f9fbfc1cb8f7583a90173e3ff4c', 'createTable tableName=node_scheduled_states', '', 'EXECUTED', NULL, NULL, '3.6.3', '3614858138') {changeSet=migration/node-services.changelog-init.xml::1511451595465-19::R3.Corda, databaseChangeLog=master.changelog.json}
?[m?[37m[INFO] 23:47:38,403 [Test worker] jvm.JdbcExecutor. - CREATE TABLE PUBLIC.node_transaction_mappings (tx_id NVARCHAR(64) NOT NULL, state_machine_run_id NVARCHAR(36)) {changeSet=migration/node-services.changelog-init.xml::1511451595465-20::R3.Corda, databaseChangeLog=master.changelog.json}
?[m?[37m[INFO] 23:47:38,403 [Test worker] changelog.ChangeSet. - Table node_transaction_mappings created {changeSet=migration/node-services.changelog-init.xml::1511451595465-20::R3.Corda, databaseChangeLog=master.changelog.json}
?[m?[37m[INFO] 23:47:38,403 [Test worker] changelog.ChangeSet. - ChangeSet migration/node-services.changelog-init.xml::1511451595465-20::R3.Corda ran successfully in 1ms {changeSet=migration/node-services.changelog-init.xml::1511451595465-20::R3.Corda, databaseChangeLog=master.changelog.json}
?[m?[37m[INFO] 23:47:38,404 [Test worker] jvm.JdbcExecutor. - INSERT INTO PUBLIC.DATABASECHANGELOG (ID, AUTHOR, FILENAME, DATEEXECUTED, ORDEREXECUTED, MD5SUM, DESCRIPTION, COMMENTS, EXECTYPE, CONTEXTS, LABELS, LIQUIBASE, DEPLOYMENT_ID) VALUES ('1511451595465-20', 'R3.Corda', 'migration/node-services.changelog-init.xml', NOW(), 51, '8:cc085b3d33f3d53b75c8866522653f98', 'createTable tableName=node_transaction_mappings', '', 'EXECUTED', NULL, NULL, '3.6.3', '3614858138') {changeSet=migration/node-services.changelog-init.xml::1511451595465-20::R3.Corda, databaseChangeLog=master.changelog.json}
?[m?[37m[INFO] 23:47:38,405 [Test worker] jvm.JdbcExecutor. - CREATE TABLE PUBLIC.node_transactions (tx_id NVARCHAR(64) NOT NULL, transaction_value BLOB) {changeSet=migration/node-services.changelog-init.xml::1511451595465-21::R3.Corda, databaseChangeLog=master.changelog.json}
?[m?[37m[INFO] 23:47:38,405 [Test worker] changelog.ChangeSet. - Table node_transactions created {changeSet=migration/node-services.changelog-init.xml::1511451595465-21::R3.Corda, databaseChangeLog=master.changelog.json}
?[m?[37m[INFO] 23:47:38,406 [Test worker] changelog.ChangeSet. - ChangeSet migration/node-services.changelog-init.xml::1511451595465-21::R3.Corda ran successfully in 1ms {changeSet=migration/node-services.changelog-init.xml::1511451595465-21::R3.Corda, databaseChangeLog=master.changelog.json}
?[m?[37m[INFO] 23:47:38,406 [Test worker] jvm.JdbcExecutor. - INSERT INTO PUBLIC.DATABASECHANGELOG (ID, AUTHOR, FILENAME, DATEEXECUTED, ORDEREXECUTED, MD5SUM, DESCRIPTION, COMMENTS, EXECTYPE, CONTEXTS, LABELS, LIQUIBASE, DEPLOYMENT_ID) VALUES ('1511451595465-21', 'R3.Corda', 'migration/node-services.changelog-init.xml', NOW(), 52, '8:69feb7582f3b77828510a56cb111cfd8', 'createTable tableName=node_transactions', '', 'EXECUTED', NULL, NULL, '3.6.3', '3614858138') {changeSet=migration/node-services.changelog-init.xml::1511451595465-21::R3.Corda, databaseChangeLog=master.changelog.json}
?[m?[37m[INFO] 23:47:38,407 [Test worker] jvm.JdbcExecutor. - ALTER TABLE PUBLIC.node_attachments ADD CONSTRAINT node_attachments_pkey PRIMARY KEY (att_id) {changeSet=migration/node-services.changelog-init.xml::1511451595465-30::R3.Corda, databaseChangeLog=master.changelog.json}
?[m?[37m[INFO] 23:47:38,408 [Test worker] changelog.ChangeSet. - Primary key added to node_attachments (att_id) {changeSet=migration/node-services.changelog-init.xml::1511451595465-30::R3.Corda, databaseChangeLog=master.changelog.json}
?[m?[37m[INFO] 23:47:38,408 [Test worker] changelog.ChangeSet. - ChangeSet migration/node-services.changelog-init.xml::1511451595465-30::R3.Corda ran successfully in 1ms {changeSet=migration/node-services.changelog-init.xml::1511451595465-30::R3.Corda, databaseChangeLog=master.changelog.json}
?[m?[37m[INFO] 23:47:38,409 [Test worker] jvm.JdbcExecutor. - INSERT INTO PUBLIC.DATABASECHANGELOG (ID, AUTHOR, FILENAME, DATEEXECUTED, ORDEREXECUTED, MD5SUM, DESCRIPTION, COMMENTS, EXECTYPE, CONTEXTS, LABELS, LIQUIBASE, DEPLOYMENT_ID) VALUES ('1511451595465-30', 'R3.Corda', 'migration/node-services.changelog-init.xml', NOW(), 53, '8:97c42d4eac368e79f47df345a072b237', 'addPrimaryKey constraintName=node_attachments_pkey, tableName=node_attachments', '', 'EXECUTED', NULL, NULL, '3.6.3', '3614858138') {changeSet=migration/node-services.changelog-init.xml::1511451595465-30::R3.Corda, databaseChangeLog=master.changelog.json}
?[m?[37m[INFO] 23:47:38,411 [Test worker] jvm.JdbcExecutor. - ALTER TABLE PUBLIC.node_checkpoints ADD CONSTRAINT node_checkpoints_pkey PRIMARY KEY (checkpoint_id) {changeSet=migration/node-services.changelog-init.xml::1511451595465-32::R3.Corda, databaseChangeLog=master.changelog.json}
?[m?[37m[INFO] 23:47:38,411 [Test worker] changelog.ChangeSet. - Primary key added to node_checkpoints (checkpoint_id) {changeSet=migration/node-services.changelog-init.xml::1511451595465-32::R3.Corda, databaseChangeLog=master.changelog.json}
?[m?[37m[INFO] 23:47:38,411 [Test worker] changelog.ChangeSet. - ChangeSet migration/node-services.changelog-init.xml::1511451595465-32::R3.Corda ran successfully in 1ms {changeSet=migration/node-services.changelog-init.xml::1511451595465-32::R3.Corda, databaseChangeLog=master.changelog.json}
?[m?[37m[INFO] 23:47:38,412 [Test worker] jvm.JdbcExecutor. - INSERT INTO PUBLIC.DATABASECHANGELOG (ID, AUTHOR, FILENAME, DATEEXECUTED, ORDEREXECUTED, MD5SUM, DESCRIPTION, COMMENTS, EXECTYPE, CONTEXTS, LABELS, LIQUIBASE, DEPLOYMENT_ID) VALUES ('1511451595465-32', 'R3.Corda', 'migration/node-services.changelog-init.xml', NOW(), 54, '8:7224c32660081d3e820e52e2b70b365f', 'addPrimaryKey constraintName=node_checkpoints_pkey, tableName=node_checkpoints', '', 'EXECUTED', NULL, NULL, '3.6.3', '3614858138') {changeSet=migration/node-services.changelog-init.xml::1511451595465-32::R3.Corda, databaseChangeLog=master.changelog.json}
?[m?[37m[INFO] 23:47:38,413 [Test worker] jvm.JdbcExecutor. - ALTER TABLE PUBLIC.node_contract_upgrades ADD CONSTRAINT node_contract_upgrades_pkey PRIMARY KEY (state_ref) {changeSet=migration/node-services.changelog-init.xml::1511451595465-33::R3.Corda, databaseChangeLog=master.changelog.json}
?[m?[37m[INFO] 23:47:38,414 [Test worker] changelog.ChangeSet. - Primary key added to node_contract_upgrades (state_ref) {changeSet=migration/node-services.changelog-init.xml::1511451595465-33::R3.Corda, databaseChangeLog=master.changelog.json}
?[m?[37m[INFO] 23:47:38,415 [Test worker] changelog.ChangeSet. - ChangeSet migration/node-services.changelog-init.xml::1511451595465-33::R3.Corda ran successfully in 2ms {changeSet=migration/node-services.changelog-init.xml::1511451595465-33::R3.Corda, databaseChangeLog=master.changelog.json}
?[m?[37m[INFO] 23:47:38,427 [Test worker] jvm.JdbcExecutor. - INSERT INTO PUBLIC.DATABASECHANGELOG (ID, AUTHOR, FILENAME, DATEEXECUTED, ORDEREXECUTED, MD5SUM, DESCRIPTION, COMMENTS, EXECTYPE, CONTEXTS, LABELS, LIQUIBASE, DEPLOYMENT_ID) VALUES ('1511451595465-33', 'R3.Corda', 'migration/node-services.changelog-init.xml', NOW(), 55, '8:85bcae037a29317065e3b922e0563902', 'addPrimaryKey constraintName=node_contract_upgrades_pkey, tableName=node_contract_upgrades', '', 'EXECUTED', NULL, NULL, '3.6.3', '3614858138') {changeSet=migration/node-services.changelog-init.xml::1511451595465-33::R3.Corda, databaseChangeLog=master.changelog.json}
?[m?[37m[INFO] 23:47:38,428 [Test worker] jvm.JdbcExecutor. - ALTER TABLE PUBLIC.node_identities ADD CONSTRAINT node_identities_pkey PRIMARY KEY (pk_hash) {changeSet=migration/node-services.changelog-init.xml::1511451595465-34::R3.Corda, databaseChangeLog=master.changelog.json}
?[m?[37m[INFO] 23:47:38,429 [Test worker] changelog.ChangeSet. - Primary key added to node_identities (pk_hash) {changeSet=migration/node-services.changelog-init.xml::1511451595465-34::R3.Corda, databaseChangeLog=master.changelog.json}
?[m?[37m[INFO] 23:47:38,429 [Test worker] changelog.ChangeSet. - ChangeSet migration/node-services.changelog-init.xml::1511451595465-34::R3.Corda ran successfully in 1ms {changeSet=migration/node-services.changelog-init.xml::1511451595465-34::R3.Corda, databaseChangeLog=master.changelog.json}
?[m?[37m[INFO] 23:47:38,439 [Test worker] jvm.JdbcExecutor. - INSERT INTO PUBLIC.DATABASECHANGELOG (ID, AUTHOR, FILENAME, DATEEXECUTED, ORDEREXECUTED, MD5SUM, DESCRIPTION, COMMENTS, EXECTYPE, CONTEXTS, LABELS, LIQUIBASE, DEPLOYMENT_ID) VALUES ('1511451595465-34', 'R3.Corda', 'migration/node-services.changelog-init.xml', NOW(), 56, '8:308ffe9985df3029fc05bd41c60010a9', 'addPrimaryKey constraintName=node_identities_pkey, tableName=node_identities', '', 'EXECUTED', NULL, NULL, '3.6.3', '3614858138') {changeSet=migration/node-services.changelog-init.xml::1511451595465-34::R3.Corda, databaseChangeLog=master.changelog.json}
?[m?[37m[INFO] 23:47:38,444 [Test worker] jvm.JdbcExecutor. - ALTER TABLE PUBLIC.node_message_ids ADD CONSTRAINT node_message_ids_pkey PRIMARY KEY (message_id) {changeSet=migration/node-services.changelog-init.xml::1511451595465-38::R3.Corda, databaseChangeLog=master.changelog.json}
?[m?[37m[INFO] 23:47:38,444 [Test worker] changelog.ChangeSet. - Primary key added to node_message_ids (message_id) {changeSet=migration/node-services.changelog-init.xml::1511451595465-38::R3.Corda, databaseChangeLog=master.changelog.json}
?[m?[37m[INFO] 23:47:38,444 [Test worker] changelog.ChangeSet. - ChangeSet migration/node-services.changelog-init.xml::1511451595465-38::R3.Corda ran successfully in 2ms {changeSet=migration/node-services.changelog-init.xml::1511451595465-38::R3.Corda, databaseChangeLog=master.changelog.json}
?[m?[37m[INFO] 23:47:38,447 [Test worker] jvm.JdbcExecutor. - INSERT INTO PUBLIC.DATABASECHANGELOG (ID, AUTHOR, FILENAME, DATEEXECUTED, ORDEREXECUTED, MD5SUM, DESCRIPTION, COMMENTS, EXECTYPE, CONTEXTS, LABELS, LIQUIBASE, DEPLOYMENT_ID) VALUES ('1511451595465-38', 'R3.Corda', 'migration/node-services.changelog-init.xml', NOW(), 57, '8:18b1b83ce2a778af1a8a8c9c56bb9651', 'addPrimaryKey constraintName=node_message_ids_pkey, tableName=node_message_ids', '', 'EXECUTED', NULL, NULL, '3.6.3', '3614858138') {changeSet=migration/node-services.changelog-init.xml::1511451595465-38::R3.Corda, databaseChangeLog=master.changelog.json}
?[m?[37m[INFO] 23:47:38,449 [Test worker] jvm.JdbcExecutor. - ALTER TABLE PUBLIC.node_message_retry ADD CONSTRAINT node_message_retry_pkey PRIMARY KEY (message_id) {changeSet=migration/node-services.changelog-init.xml::1511451595465-39::R3.Corda, databaseChangeLog=master.changelog.json}
?[m?[37m[INFO] 23:47:38,449 [Test worker] changelog.ChangeSet. - Primary key added to node_message_retry (message_id) {changeSet=migration/node-services.changelog-init.xml::1511451595465-39::R3.Corda, databaseChangeLog=master.changelog.json}
?[m?[37m[INFO] 23:47:38,449 [Test worker] changelog.ChangeSet. - ChangeSet migration/node-services.changelog-init.xml::1511451595465-39::R3.Corda ran successfully in 1ms {changeSet=migration/node-services.changelog-init.xml::1511451595465-39::R3.Corda, databaseChangeLog=master.changelog.json}
?[m?[37m[INFO] 23:47:38,453 [Test worker] jvm.JdbcExecutor. - INSERT INTO PUBLIC.DATABASECHANGELOG (ID, AUTHOR, FILENAME, DATEEXECUTED, ORDEREXECUTED, MD5SUM, DESCRIPTION, COMMENTS, EXECTYPE, CONTEXTS, LABELS, LIQUIBASE, DEPLOYMENT_ID) VALUES ('1511451595465-39', 'R3.Corda', 'migration/node-services.changelog-init.xml', NOW(), 58, '8:0359c73c9db723c73ee0171620ff4ac6', 'addPrimaryKey constraintName=node_message_retry_pkey, tableName=node_message_retry', '', 'EXECUTED', NULL, NULL, '3.6.3', '3614858138') {changeSet=migration/node-services.changelog-init.xml::1511451595465-39::R3.Corda, databaseChangeLog=master.changelog.json}
?[m?[37m[INFO] 23:47:38,454 [Test worker] jvm.JdbcExecutor. - ALTER TABLE PUBLIC.node_named_identities ADD CONSTRAINT node_named_identities_pkey PRIMARY KEY (name) {changeSet=migration/node-services.changelog-init.xml::1511451595465-40::R3.Corda, databaseChangeLog=master.changelog.json}
?[m?[37m[INFO] 23:47:38,455 [Test worker] changelog.ChangeSet. - Primary key added to node_named_identities (name) {changeSet=migration/node-services.changelog-init.xml::1511451595465-40::R3.Corda, databaseChangeLog=master.changelog.json}
?[m?[37m[INFO] 23:47:38,455 [Test worker] changelog.ChangeSet. - ChangeSet migration/node-services.changelog-init.xml::1511451595465-40::R3.Corda ran successfully in 1ms {changeSet=migration/node-services.changelog-init.xml::1511451595465-40::R3.Corda, databaseChangeLog=master.changelog.json}
?[m?[37m[INFO] 23:47:38,456 [Test worker] jvm.JdbcExecutor. - INSERT INTO PUBLIC.DATABASECHANGELOG (ID, AUTHOR, FILENAME, DATEEXECUTED, ORDEREXECUTED, MD5SUM, DESCRIPTION, COMMENTS, EXECTYPE, CONTEXTS, LABELS, LIQUIBASE, DEPLOYMENT_ID) VALUES ('1511451595465-40', 'R3.Corda', 'migration/node-services.changelog-init.xml', NOW(), 59, '8:ef3ab101a3e4c5820f575d5adcb85c08', 'addPrimaryKey constraintName=node_named_identities_pkey, tableName=node_named_identities', '', 'EXECUTED', NULL, NULL, '3.6.3', '3614858138') {changeSet=migration/node-services.changelog-init.xml::1511451595465-40::R3.Corda, databaseChangeLog=master.changelog.json}
?[m?[37m[INFO] 23:47:38,457 [Test worker] jvm.JdbcExecutor. - ALTER TABLE PUBLIC.node_our_key_pairs ADD CONSTRAINT node_our_key_pairs_pkey PRIMARY KEY (public_key_hash) {changeSet=migration/node-services.changelog-init.xml::1511451595465-42::R3.Corda, databaseChangeLog=master.changelog.json}
?[m?[37m[INFO] 23:47:38,458 [Test worker] changelog.ChangeSet. - Primary key added to node_our_key_pairs (public_key_hash) {changeSet=migration/node-services.changelog-init.xml::1511451595465-42::R3.Corda, databaseChangeLog=master.changelog.json}
?[m?[37m[INFO] 23:47:38,458 [Test worker] changelog.ChangeSet. - ChangeSet migration/node-services.changelog-init.xml::1511451595465-42::R3.Corda ran successfully in 1ms {changeSet=migration/node-services.changelog-init.xml::1511451595465-42::R3.Corda, databaseChangeLog=master.changelog.json}
?[m?[37m[INFO] 23:47:38,461 [Test worker] jvm.JdbcExecutor. - INSERT INTO PUBLIC.DATABASECHANGELOG (ID, AUTHOR, FILENAME, DATEEXECUTED, ORDEREXECUTED, MD5SUM, DESCRIPTION, COMMENTS, EXECTYPE, CONTEXTS, LABELS, LIQUIBASE, DEPLOYMENT_ID) VALUES ('1511451595465-42', 'R3.Corda', 'migration/node-services.changelog-init.xml', NOW(), 60, '8:d742088fd258d00e0a1fbffcf2e27c61', 'addPrimaryKey constraintName=node_our_key_pairs_pkey, tableName=node_our_key_pairs', '', 'EXECUTED', NULL, NULL, '3.6.3', '3614858138') {changeSet=migration/node-services.changelog-init.xml::1511451595465-42::R3.Corda, databaseChangeLog=master.changelog.json}
?[m?[37m[INFO] 23:47:38,462 [Test worker] jvm.JdbcExecutor. - ALTER TABLE PUBLIC.node_scheduled_states ADD CONSTRAINT node_scheduled_states_pkey PRIMARY KEY (output_index, transaction_id) {changeSet=migration/node-services.changelog-init.xml::1511451595465-44::R3.Corda, databaseChangeLog=master.changelog.json}
?[m?[37m[INFO] 23:47:38,462 [Test worker] changelog.ChangeSet. - Primary key added to node_scheduled_states (output_index, transaction_id) {changeSet=migration/node-services.changelog-init.xml::1511451595465-44::R3.Corda, databaseChangeLog=master.changelog.json}
?[m?[37m[INFO] 23:47:38,462 [Test worker] changelog.ChangeSet. - ChangeSet migration/node-services.changelog-init.xml::1511451595465-44::R3.Corda ran successfully in 1ms {changeSet=migration/node-services.changelog-init.xml::1511451595465-44::R3.Corda, databaseChangeLog=master.changelog.json}
?[m?[37m[INFO] 23:47:38,465 [Test worker] jvm.JdbcExecutor. - INSERT INTO PUBLIC.DATABASECHANGELOG (ID, AUTHOR, FILENAME, DATEEXECUTED, ORDEREXECUTED, MD5SUM, DESCRIPTION, COMMENTS, EXECTYPE, CONTEXTS, LABELS, LIQUIBASE, DEPLOYMENT_ID) VALUES ('1511451595465-44', 'R3.Corda', 'migration/node-services.changelog-init.xml', NOW(), 61, '8:dc8b980de5154038877f6d2e43b97ad1', 'addPrimaryKey constraintName=node_scheduled_states_pkey, tableName=node_scheduled_states', '', 'EXECUTED', NULL, NULL, '3.6.3', '3614858138') {changeSet=migration/node-services.changelog-init.xml::1511451595465-44::R3.Corda, databaseChangeLog=master.changelog.json}
?[m?[37m[INFO] 23:47:38,466 [Test worker] jvm.JdbcExecutor. - ALTER TABLE PUBLIC.node_transaction_mappings ADD CONSTRAINT node_transaction_mappings_pkey PRIMARY KEY (tx_id) {changeSet=migration/node-services.changelog-init.xml::1511451595465-45::R3.Corda, databaseChangeLog=master.changelog.json}
?[m?[37m[INFO] 23:47:38,472 [Test worker] changelog.ChangeSet. - Primary key added to node_transaction_mappings (tx_id) {changeSet=migration/node-services.changelog-init.xml::1511451595465-45::R3.Corda, databaseChangeLog=master.changelog.json}
?[m?[37m[INFO] 23:47:38,472 [Test worker] changelog.ChangeSet. - ChangeSet migration/node-services.changelog-init.xml::1511451595465-45::R3.Corda ran successfully in 7ms {changeSet=migration/node-services.changelog-init.xml::1511451595465-45::R3.Corda, databaseChangeLog=master.changelog.json}
?[m?[37m[INFO] 23:47:38,483 [Test worker] jvm.JdbcExecutor. - INSERT INTO PUBLIC.DATABASECHANGELOG (ID, AUTHOR, FILENAME, DATEEXECUTED, ORDEREXECUTED, MD5SUM, DESCRIPTION, COMMENTS, EXECTYPE, CONTEXTS, LABELS, LIQUIBASE, DEPLOYMENT_ID) VALUES ('1511451595465-45', 'R3.Corda', 'migration/node-services.changelog-init.xml', NOW(), 62, '8:2ae0fa18530e20aa3bcd6109b7d95247', 'addPrimaryKey constraintName=node_transaction_mappings_pkey, tableName=node_transaction_mappings', '', 'EXECUTED', NULL, NULL, '3.6.3', '3614858138') {changeSet=migration/node-services.changelog-init.xml::1511451595465-45::R3.Corda, databaseChangeLog=master.changelog.json}
?[m?[37m[INFO] 23:47:38,484 [Test worker] jvm.JdbcExecutor. - ALTER TABLE PUBLIC.node_transactions ADD CONSTRAINT node_transactions_pkey PRIMARY KEY (tx_id) {changeSet=migration/node-services.changelog-init.xml::1511451595465-46::R3.Corda, databaseChangeLog=master.changelog.json}
?[m?[37m[INFO] 23:47:38,485 [Test worker] changelog.ChangeSet. - Primary key added to node_transactions (tx_id) {changeSet=migration/node-services.changelog-init.xml::1511451595465-46::R3.Corda, databaseChangeLog=master.changelog.json}
?[m?[37m[INFO] 23:47:38,485 [Test worker] changelog.ChangeSet. - ChangeSet migration/node-services.changelog-init.xml::1511451595465-46::R3.Corda ran successfully in 1ms {changeSet=migration/node-services.changelog-init.xml::1511451595465-46::R3.Corda, databaseChangeLog=master.changelog.json}
?[m?[37m[INFO] 23:47:38,486 [Test worker] jvm.JdbcExecutor. - INSERT INTO PUBLIC.DATABASECHANGELOG (ID, AUTHOR, FILENAME, DATEEXECUTED, ORDEREXECUTED, MD5SUM, DESCRIPTION, COMMENTS, EXECTYPE, CONTEXTS, LABELS, LIQUIBASE, DEPLOYMENT_ID) VALUES ('1511451595465-46', 'R3.Corda', 'migration/node-services.changelog-init.xml', NOW(), 63, '8:d5e4dd3dba8e89f77b6eeff0fc5b7a49', 'addPrimaryKey constraintName=node_transactions_pkey, tableName=node_transactions', '', 'EXECUTED', NULL, NULL, '3.6.3', '3614858138') {changeSet=migration/node-services.changelog-init.xml::1511451595465-46::R3.Corda, databaseChangeLog=master.changelog.json}
?[m?[37m[INFO] 23:47:38,487 [Test worker] jvm.JdbcExecutor. - ALTER TABLE PUBLIC.node_link_nodeinfo_party ADD CONSTRAINT FK__link_ni_p__info_p_cert FOREIGN KEY (party_name) REFERENCES PUBLIC.node_info_party_cert (party_name) {changeSet=migration/node-services.changelog-init.xml::1511451595465-61::R3.Corda, databaseChangeLog=master.changelog.json}
?[m?[37m[INFO] 23:47:38,488 [Test worker] changelog.ChangeSet. - Foreign key constraint added to node_link_nodeinfo_party (party_name) {changeSet=migration/node-services.changelog-init.xml::1511451595465-61::R3.Corda, databaseChangeLog=master.changelog.json}
?[m?[37m[INFO] 23:47:38,488 [Test worker] changelog.ChangeSet. - ChangeSet migration/node-services.changelog-init.xml::1511451595465-61::R3.Corda ran successfully in 1ms {changeSet=migration/node-services.changelog-init.xml::1511451595465-61::R3.Corda, databaseChangeLog=master.changelog.json}
?[m?[37m[INFO] 23:47:38,489 [Test worker] jvm.JdbcExecutor. - INSERT INTO PUBLIC.DATABASECHANGELOG (ID, AUTHOR, FILENAME, DATEEXECUTED, ORDEREXECUTED, MD5SUM, DESCRIPTION, COMMENTS, EXECTYPE, CONTEXTS, LABELS, LIQUIBASE, DEPLOYMENT_ID) VALUES ('1511451595465-61', 'R3.Corda', 'migration/node-services.changelog-init.xml', NOW(), 64, '8:1d4e406a8056aa782ccbd978771f1fb9', 'addForeignKeyConstraint baseTableName=node_link_nodeinfo_party, constraintName=FK__link_ni_p__info_p_cert, referencedTableName=node_info_party_cert', '', 'EXECUTED', NULL, NULL, '3.6.3', '3614858138') {changeSet=migration/node-services.changelog-init.xml::1511451595465-61::R3.Corda, databaseChangeLog=master.changelog.json}
?[m?[37m[INFO] 23:47:38,490 [Test worker] jvm.JdbcExecutor. - CREATE INDEX PUBLIC.att_id_idx ON PUBLIC.node_attachments(att_id) {changeSet=migration/node-services.changelog-init.xml::add index att_id::R3.Corda, databaseChangeLog=master.changelog.json}
?[m?[37m[INFO] 23:47:38,491 [Test worker] changelog.ChangeSet. - Index att_id_idx created {changeSet=migration/node-services.changelog-init.xml::add index att_id::R3.Corda, databaseChangeLog=master.changelog.json}
?[m?[37m[INFO] 23:47:38,491 [Test worker] changelog.ChangeSet. - ChangeSet migration/node-services.changelog-init.xml::add index att_id::R3.Corda ran successfully in 1ms {changeSet=migration/node-services.changelog-init.xml::add index att_id::R3.Corda, databaseChangeLog=master.changelog.json}
?[m?[37m[INFO] 23:47:38,492 [Test worker] jvm.JdbcExecutor. - INSERT INTO PUBLIC.DATABASECHANGELOG (ID, AUTHOR, FILENAME, DATEEXECUTED, ORDEREXECUTED, MD5SUM, DESCRIPTION, COMMENTS, EXECTYPE, CONTEXTS, LABELS, LIQUIBASE, DEPLOYMENT_ID) VALUES ('add index att_id', 'R3.Corda', 'migration/node-services.changelog-init.xml', NOW(), 65, '8:ccf9b08f32d685dc60d6e34a3013bffc', 'createIndex indexName=att_id_idx, tableName=node_attachments', '', 'EXECUTED', NULL, NULL, '3.6.3', '3614858138') {changeSet=migration/node-services.changelog-init.xml::add index att_id::R3.Corda, databaseChangeLog=master.changelog.json}
?[m?[37m[INFO] 23:47:38,496 [Test worker] jvm.JdbcExecutor. - CREATE TABLE PUBLIC.node_attchments_contracts (att_id NVARCHAR(255) NOT NULL, contract_class_name NVARCHAR(255)) {changeSet=migration/node-services.changelog-init.xml::add_contract_attachment::R3.Corda, databaseChangeLog=master.changelog.json}
?[m?[37m[INFO] 23:47:38,497 [Test worker] changelog.ChangeSet. - Table node_attchments_contracts created {changeSet=migration/node-services.changelog-init.xml::add_contract_attachment::R3.Corda, databaseChangeLog=master.changelog.json}
?[m?[37m[INFO] 23:47:38,498 [Test worker] jvm.JdbcExecutor. - ALTER TABLE PUBLIC.node_attchments_contracts ADD CONSTRAINT FK__ctr_class__attachments FOREIGN KEY (att_id) REFERENCES PUBLIC.node_attachments (att_id) {changeSet=migration/node-services.changelog-init.xml::add_contract_attachment::R3.Corda, databaseChangeLog=master.changelog.json}
?[m?[37m[INFO] 23:47:38,499 [Test worker] changelog.ChangeSet. - Foreign key constraint added to node_attchments_contracts (att_id) {changeSet=migration/node-services.changelog-init.xml::add_contract_attachment::R3.Corda, databaseChangeLog=master.changelog.json}
?[m?[37m[INFO] 23:47:38,499 [Test worker] jvm.JdbcExecutor. - DELETE FROM PUBLIC.node_attachments {changeSet=migration/node-services.changelog-init.xml::add_contract_attachment::R3.Corda, databaseChangeLog=master.changelog.json}
?[m?[37m[INFO] 23:47:38,499 [Test worker] changelog.ChangeSet. - Data deleted from node_attachments {changeSet=migration/node-services.changelog-init.xml::add_contract_attachment::R3.Corda, databaseChangeLog=master.changelog.json}
?[m?[37m[INFO] 23:47:38,499 [Test worker] changelog.ChangeSet. - ChangeSet migration/node-services.changelog-init.xml::add_contract_attachment::R3.Corda ran successfully in 3ms {changeSet=migration/node-services.changelog-init.xml::add_contract_attachment::R3.Corda, databaseChangeLog=master.changelog.json}
?[m?[37m[INFO] 23:47:38,501 [Test worker] jvm.JdbcExecutor. - INSERT INTO PUBLIC.DATABASECHANGELOG (ID, AUTHOR, FILENAME, DATEEXECUTED, ORDEREXECUTED, MD5SUM, DESCRIPTION, COMMENTS, EXECTYPE, CONTEXTS, LABELS, LIQUIBASE, DEPLOYMENT_ID) VALUES ('add_contract_attachment', 'R3.Corda', 'migration/node-services.changelog-init.xml', NOW(), 66, '8:8898557cf18644883f6f3b0c5e784c0b', 'createTable tableName=node_attchments_contracts; addForeignKeyConstraint baseTableName=node_attchments_contracts, constraintName=FK__ctr_class__attachments, referencedTableName=node_attachments; delete tableName=node_attachments', '', 'EXECUTED', NULL, NULL, '3.6.3', '3614858138') {changeSet=migration/node-services.changelog-init.xml::add_contract_attachment::R3.Corda, databaseChangeLog=master.changelog.json}
?[m?[37m[INFO] 23:47:38,502 [Test worker] jvm.JdbcExecutor. - ALTER TABLE PUBLIC.node_message_ids ADD sender NVARCHAR(64) {changeSet=migration/node-services.changelog-init.xml::add_dedup_columns::R3.Corda, databaseChangeLog=master.changelog.json}
?[m?[37m[INFO] 23:47:38,504 [Test worker] jvm.JdbcExecutor. - ALTER TABLE PUBLIC.node_message_ids ADD sequence_number BIGINT {changeSet=migration/node-services.changelog-init.xml::add_dedup_columns::R3.Corda, databaseChangeLog=master.changelog.json}
?[m?[37m[INFO] 23:47:38,506 [Test worker] changelog.ChangeSet. - Columns sender(NVARCHAR(64)),sequence_number(BIGINT) added to node_message_ids {changeSet=migration/node-services.changelog-init.xml::add_dedup_columns::R3.Corda, databaseChangeLog=master.changelog.json}
?[m?[37m[INFO] 23:47:38,506 [Test worker] changelog.ChangeSet. - ChangeSet migration/node-services.changelog-init.xml::add_dedup_columns::R3.Corda ran successfully in 4ms {changeSet=migration/node-services.changelog-init.xml::add_dedup_columns::R3.Corda, databaseChangeLog=master.changelog.json}
?[m?[37m[INFO] 23:47:38,507 [Test worker] jvm.JdbcExecutor. - INSERT INTO PUBLIC.DATABASECHANGELOG (ID, AUTHOR, FILENAME, DATEEXECUTED, ORDEREXECUTED, MD5SUM, DESCRIPTION, COMMENTS, EXECTYPE, CONTEXTS, LABELS, LIQUIBASE, DEPLOYMENT_ID) VALUES ('add_dedup_columns', 'R3.Corda', 'migration/node-services.changelog-init.xml', NOW(), 67, '8:5924ebdacff695e1f30aa3e0173eccdf', 'addColumn tableName=node_message_ids', '', 'EXECUTED', NULL, NULL, '3.6.3', '3614858138') {changeSet=migration/node-services.changelog-init.xml::add_dedup_columns::R3.Corda, databaseChangeLog=master.changelog.json}
?[m?[37m[INFO] 23:47:38,508 [Test worker] jvm.JdbcExecutor. - ALTER TABLE PUBLIC.node_attchments_contracts RENAME TO node_attachments_contracts {changeSet=migration/node-core.changelog-v4.xml::attchments_rename::R3.Corda, databaseChangeLog=master.changelog.json}
?[m?[37m[INFO] 23:47:38,508 [Test worker] changelog.ChangeSet. - Table node_attchments_contracts renamed to node_attachments_contracts {changeSet=migration/node-core.changelog-v4.xml::attchments_rename::R3.Corda, databaseChangeLog=master.changelog.json}
?[m?[37m[INFO] 23:47:38,508 [Test worker] changelog.ChangeSet. - ChangeSet migration/node-core.changelog-v4.xml::attchments_rename::R3.Corda ran successfully in 0ms {changeSet=migration/node-core.changelog-v4.xml::attchments_rename::R3.Corda, databaseChangeLog=master.changelog.json}
?[m?[37m[INFO] 23:47:38,510 [Test worker] jvm.JdbcExecutor. - INSERT INTO PUBLIC.DATABASECHANGELOG (ID, AUTHOR, FILENAME, DATEEXECUTED, ORDEREXECUTED, MD5SUM, DESCRIPTION, COMMENTS, EXECTYPE, CONTEXTS, LABELS, LIQUIBASE, DEPLOYMENT_ID) VALUES ('attchments_rename', 'R3.Corda', 'migration/node-core.changelog-v4.xml', NOW(), 68, '8:94816d7657264059f2b8da4e97d4b15d', 'renameTable newTableName=node_attachments_contracts, oldTableName=node_attchments_contracts', '', 'EXECUTED', NULL, NULL, '3.6.3', '3614858138') {changeSet=migration/node-core.changelog-v4.xml::attchments_rename::R3.Corda, databaseChangeLog=master.changelog.json}
?[m?[37m[INFO] 23:47:38,511 [Test worker] jvm.JdbcExecutor. - ALTER TABLE PUBLIC.node_identities ALTER COLUMN identity_value SET NOT NULL {changeSet=migration/node-core.changelog-v4.xml::nullability::R3.Corda, databaseChangeLog=master.changelog.json}
?[m?[37m[INFO] 23:47:38,511 [Test worker] changelog.ChangeSet. - NOT NULL constraint has been added to node_identities.identity_value {changeSet=migration/node-core.changelog-v4.xml::nullability::R3.Corda, databaseChangeLog=master.changelog.json}
?[m?[37m[INFO] 23:47:38,511 [Test worker] jvm.JdbcExecutor. - ALTER TABLE PUBLIC.node_attachments ALTER COLUMN content SET NOT NULL {changeSet=migration/node-core.changelog-v4.xml::nullability::R3.Corda, databaseChangeLog=master.changelog.json}
?[m?[37m[INFO] 23:47:38,512 [Test worker] changelog.ChangeSet. - NOT NULL constraint has been added to node_attachments.content {changeSet=migration/node-core.changelog-v4.xml::nullability::R3.Corda, databaseChangeLog=master.changelog.json}
?[m?[37m[INFO] 23:47:38,512 [Test worker] jvm.JdbcExecutor. - ALTER TABLE PUBLIC.node_attachments_contracts ALTER COLUMN contract_class_name SET NOT NULL {changeSet=migration/node-core.changelog-v4.xml::nullability::R3.Corda, databaseChangeLog=master.changelog.json}
?[m?[37m[INFO] 23:47:38,512 [Test worker] changelog.ChangeSet. - NOT NULL constraint has been added to node_attachments_contracts.contract_class_name {changeSet=migration/node-core.changelog-v4.xml::nullability::R3.Corda, databaseChangeLog=master.changelog.json}
?[m?[37m[INFO] 23:47:38,512 [Test worker] jvm.JdbcExecutor. - ALTER TABLE PUBLIC.node_checkpoints ALTER COLUMN checkpoint_value SET NOT NULL {changeSet=migration/node-core.changelog-v4.xml::nullability::R3.Corda, databaseChangeLog=master.changelog.json}
?[m?[37m[INFO] 23:47:38,513 [Test worker] changelog.ChangeSet. - NOT NULL constraint has been added to node_checkpoints.checkpoint_value {changeSet=migration/node-core.changelog-v4.xml::nullability::R3.Corda, databaseChangeLog=master.changelog.json}
?[m?[37m[INFO] 23:47:38,513 [Test worker] jvm.JdbcExecutor. - ALTER TABLE PUBLIC.node_contract_upgrades ALTER COLUMN contract_class_name SET NOT NULL {changeSet=migration/node-core.changelog-v4.xml::nullability::R3.Corda, databaseChangeLog=master.changelog.json}
?[m?[37m[INFO] 23:47:38,513 [Test worker] changelog.ChangeSet. - NOT NULL constraint has been added to node_contract_upgrades.contract_class_name {changeSet=migration/node-core.changelog-v4.xml::nullability::R3.Corda, databaseChangeLog=master.changelog.json}
?[m?[37m[INFO] 23:47:38,513 [Test worker] jvm.JdbcExecutor. - ALTER TABLE PUBLIC.node_message_ids ALTER COLUMN insertion_time SET NOT NULL {changeSet=migration/node-core.changelog-v4.xml::nullability::R3.Corda, databaseChangeLog=master.changelog.json}
?[m?[37m[INFO] 23:47:38,514 [Test worker] changelog.ChangeSet. - NOT NULL constraint has been added to node_message_ids.insertion_time {changeSet=migration/node-core.changelog-v4.xml::nullability::R3.Corda, databaseChangeLog=master.changelog.json}
?[m?[37m[INFO] 23:47:38,514 [Test worker] jvm.JdbcExecutor. - ALTER TABLE PUBLIC.node_message_retry ALTER COLUMN message SET NOT NULL {changeSet=migration/node-core.changelog-v4.xml::nullability::R3.Corda, databaseChangeLog=master.changelog.json}
?[m?[37m[INFO] 23:47:38,514 [Test worker] changelog.ChangeSet. - NOT NULL constraint has been added to node_message_retry.message {changeSet=migration/node-core.changelog-v4.xml::nullability::R3.Corda, databaseChangeLog=master.changelog.json}
?[m?[37m[INFO] 23:47:38,515 [Test worker] jvm.JdbcExecutor. - ALTER TABLE PUBLIC.node_message_retry ALTER COLUMN recipients SET NOT NULL {changeSet=migration/node-core.changelog-v4.xml::nullability::R3.Corda, databaseChangeLog=master.changelog.json}
?[m?[37m[INFO] 23:47:38,515 [Test worker] changelog.ChangeSet. - NOT NULL constraint has been added to node_message_retry.recipients {changeSet=migration/node-core.changelog-v4.xml::nullability::R3.Corda, databaseChangeLog=master.changelog.json}
?[m?[37m[INFO] 23:47:38,515 [Test worker] jvm.JdbcExecutor. - ALTER TABLE PUBLIC.node_named_identities ALTER COLUMN pk_hash SET NOT NULL {changeSet=migration/node-core.changelog-v4.xml::nullability::R3.Corda, databaseChangeLog=master.changelog.json}
?[m?[37m[INFO] 23:47:38,516 [Test worker] changelog.ChangeSet. - NOT NULL constraint has been added to node_named_identities.pk_hash {changeSet=migration/node-core.changelog-v4.xml::nullability::R3.Corda, databaseChangeLog=master.changelog.json}
?[m?[37m[INFO] 23:47:38,516 [Test worker] jvm.JdbcExecutor. - ALTER TABLE PUBLIC.node_our_key_pairs ALTER COLUMN private_key SET NOT NULL {changeSet=migration/node-core.changelog-v4.xml::nullability::R3.Corda, databaseChangeLog=master.changelog.json}
?[m?[37m[INFO] 23:47:38,516 [Test worker] changelog.ChangeSet. - NOT NULL constraint has been added to node_our_key_pairs.private_key {changeSet=migration/node-core.changelog-v4.xml::nullability::R3.Corda, databaseChangeLog=master.changelog.json}
?[m?[37m[INFO] 23:47:38,516 [Test worker] jvm.JdbcExecutor. - ALTER TABLE PUBLIC.node_our_key_pairs ALTER COLUMN public_key SET NOT NULL {changeSet=migration/node-core.changelog-v4.xml::nullability::R3.Corda, databaseChangeLog=master.changelog.json}
?[m?[37m[INFO] 23:47:38,517 [Test worker] changelog.ChangeSet. - NOT NULL constraint has been added to node_our_key_pairs.public_key {changeSet=migration/node-core.changelog-v4.xml::nullability::R3.Corda, databaseChangeLog=master.changelog.json}
?[m?[37m[INFO] 23:47:38,517 [Test worker] jvm.JdbcExecutor. - ALTER TABLE PUBLIC.node_transaction_mappings ALTER COLUMN state_machine_run_id SET NOT NULL {changeSet=migration/node-core.changelog-v4.xml::nullability::R3.Corda, databaseChangeLog=master.changelog.json}
?[m?[37m[INFO] 23:47:38,517 [Test worker] changelog.ChangeSet. - NOT NULL constraint has been added to node_transaction_mappings.state_machine_run_id {changeSet=migration/node-core.changelog-v4.xml::nullability::R3.Corda, databaseChangeLog=master.changelog.json}
?[m?[37m[INFO] 23:47:38,518 [Test worker] jvm.JdbcExecutor. - ALTER TABLE PUBLIC.node_transactions ALTER COLUMN transaction_value SET NOT NULL {changeSet=migration/node-core.changelog-v4.xml::nullability::R3.Corda, databaseChangeLog=master.changelog.json}
?[m?[37m[INFO] 23:47:38,518 [Test worker] changelog.ChangeSet. - NOT NULL constraint has been added to node_transactions.transaction_value {changeSet=migration/node-core.changelog-v4.xml::nullability::R3.Corda, databaseChangeLog=master.changelog.json}
?[m?[37m[INFO] 23:47:38,518 [Test worker] changelog.ChangeSet. - ChangeSet migration/node-core.changelog-v4.xml::nullability::R3.Corda ran successfully in 8ms {changeSet=migration/node-core.changelog-v4.xml::nullability::R3.Corda, databaseChangeLog=master.changelog.json}
?[m?[37m[INFO] 23:47:38,520 [Test worker] jvm.JdbcExecutor. - INSERT INTO PUBLIC.DATABASECHANGELOG (ID, AUTHOR, FILENAME, DATEEXECUTED, ORDEREXECUTED, MD5SUM, DESCRIPTION, COMMENTS, EXECTYPE, CONTEXTS, LABELS, LIQUIBASE, DEPLOYMENT_ID) VALUES ('nullability', 'R3.Corda', 'migration/node-core.changelog-v4.xml', NOW(), 69, '8:62ddcf64aece5dc383fa400ac8ccc392', 'addNotNullConstraint columnName=identity_value, tableName=node_identities; addNotNullConstraint columnName=content, tableName=node_attachments; addNotNullConstraint columnName=contract_class_name, tableName=node_attachments_contracts; addNotNullCo...', '', 'EXECUTED', NULL, NULL, '3.6.3', '3614858138') {changeSet=migration/node-core.changelog-v4.xml::nullability::R3.Corda, databaseChangeLog=master.changelog.json}
?[m?[37m[INFO] 23:47:38,521 [Test worker] jvm.JdbcExecutor. - DROP TABLE PUBLIC.node_message_retry {changeSet=migration/node-core.changelog-v5.xml::remove_unused_node_message_retry::R3.Corda, databaseChangeLog=master.changelog.json}
?[m?[37m[INFO] 23:47:38,522 [Test worker] changelog.ChangeSet. - Table node_message_retry dropped {changeSet=migration/node-core.changelog-v5.xml::remove_unused_node_message_retry::R3.Corda, databaseChangeLog=master.changelog.json}
?[m?[37m[INFO] 23:47:38,522 [Test worker] changelog.ChangeSet. - ChangeSet migration/node-core.changelog-v5.xml::remove_unused_node_message_retry::R3.Corda ran successfully in 1ms {changeSet=migration/node-core.changelog-v5.xml::remove_unused_node_message_retry::R3.Corda, databaseChangeLog=master.changelog.json}
?[m?[37m[INFO] 23:47:38,528 [Test worker] jvm.JdbcExecutor. - INSERT INTO PUBLIC.DATABASECHANGELOG (ID, AUTHOR, FILENAME, DATEEXECUTED, ORDEREXECUTED, MD5SUM, DESCRIPTION, COMMENTS, EXECTYPE, CONTEXTS, LABELS, LIQUIBASE, DEPLOYMENT_ID) VALUES ('remove_unused_node_message_retry', 'R3.Corda', 'migration/node-core.changelog-v5.xml', NOW(), 70, '8:7f43b1a30ed49119520e7d14de6b57bd', 'dropTable tableName=node_message_retry', '', 'EXECUTED', NULL, NULL, '3.6.3', '3614858138') {changeSet=migration/node-core.changelog-v5.xml::remove_unused_node_message_retry::R3.Corda, databaseChangeLog=master.changelog.json}
?[m?[37m[INFO] 23:47:38,529 [Test worker] jvm.JdbcExecutor. - INSERT INTO PUBLIC.DATABASECHANGELOG (ID, AUTHOR, FILENAME, DATEEXECUTED, ORDEREXECUTED, MD5SUM, DESCRIPTION, COMMENTS, EXECTYPE, CONTEXTS, LABELS, LIQUIBASE, DEPLOYMENT_ID) VALUES ('non-clustered_pk-1', 'R3.Corda', 'migration/node-core.changelog-pkey.xml', NOW(), 71, '8:fc341b0d5ff080f0093d8a528299de25', 'dropPrimaryKey constraintName=node_checkpoints_pkey, tableName=node_checkpoints; addPrimaryKey constraintName=node_checkpoints_pkey, tableName=node_checkpoints', '', 'MARK_RAN', NULL, NULL, '3.6.3', '3614858138') {changeSet=migration/node-core.changelog-pkey.xml::non-clustered_pk-1::R3.Corda, databaseChangeLog=master.changelog.json}
?[m?[37m[INFO] 23:47:38,531 [Test worker] jvm.JdbcExecutor. - INSERT INTO PUBLIC.DATABASECHANGELOG (ID, AUTHOR, FILENAME, DATEEXECUTED, ORDEREXECUTED, MD5SUM, DESCRIPTION, COMMENTS, EXECTYPE, CONTEXTS, LABELS, LIQUIBASE, DEPLOYMENT_ID) VALUES ('non-clustered_pk-2', 'R3.Corda', 'migration/node-core.changelog-pkey.xml', NOW(), 72, '8:438db96910ca09a1e8910e74fe31d943', 'dropPrimaryKey constraintName=node_identities_pkey, tableName=node_identities; addPrimaryKey constraintName=node_identities_pkey, tableName=node_identities', '', 'MARK_RAN', NULL, NULL, '3.6.3', '3614858138') {changeSet=migration/node-core.changelog-pkey.xml::non-clustered_pk-2::R3.Corda, databaseChangeLog=master.changelog.json}
?[m?[37m[INFO] 23:47:38,532 [Test worker] jvm.JdbcExecutor. - INSERT INTO PUBLIC.DATABASECHANGELOG (ID, AUTHOR, FILENAME, DATEEXECUTED, ORDEREXECUTED, MD5SUM, DESCRIPTION, COMMENTS, EXECTYPE, CONTEXTS, LABELS, LIQUIBASE, DEPLOYMENT_ID) VALUES ('non-clustered_pk-3', 'R3.Corda', 'migration/node-core.changelog-pkey.xml', NOW(), 73, '8:b02515ba3eb419e880a62ad581d57d9a', 'dropPrimaryKey constraintName=node_message_ids_pkey, tableName=node_message_ids; addPrimaryKey constraintName=node_message_ids_pkey, tableName=node_message_ids', '', 'MARK_RAN', NULL, NULL, '3.6.3', '3614858138') {changeSet=migration/node-core.changelog-pkey.xml::non-clustered_pk-3::R3.Corda, databaseChangeLog=master.changelog.json}
?[m?[37m[INFO] 23:47:38,542 [Test worker] jvm.JdbcExecutor. - INSERT INTO PUBLIC.DATABASECHANGELOG (ID, AUTHOR, FILENAME, DATEEXECUTED, ORDEREXECUTED, MD5SUM, DESCRIPTION, COMMENTS, EXECTYPE, CONTEXTS, LABELS, LIQUIBASE, DEPLOYMENT_ID) VALUES ('non-clustered_pk-4', 'R3.Corda', 'migration/node-core.changelog-pkey.xml', NOW(), 74, '8:9a733c73c5a8ca979384c41d59473644', 'dropPrimaryKey constraintName=node_named_identities_pkey, tableName=node_named_identities; addPrimaryKey constraintName=node_named_identities_pkey, tableName=node_named_identities', '', 'MARK_RAN', NULL, NULL, '3.6.3', '3614858138') {changeSet=migration/node-core.changelog-pkey.xml::non-clustered_pk-4::R3.Corda, databaseChangeLog=master.changelog.json}
?[m?[37m[INFO] 23:47:38,548 [Test worker] jvm.JdbcExecutor. - INSERT INTO PUBLIC.DATABASECHANGELOG (ID, AUTHOR, FILENAME, DATEEXECUTED, ORDEREXECUTED, MD5SUM, DESCRIPTION, COMMENTS, EXECTYPE, CONTEXTS, LABELS, LIQUIBASE, DEPLOYMENT_ID) VALUES ('non-clustered_pk-5', 'R3.Corda', 'migration/node-core.changelog-pkey.xml', NOW(), 75, '8:48cf4a4dad77b6a8f7c3c73c09cc3959', 'dropPrimaryKey constraintName=node_our_key_pairs_pkey, tableName=node_our_key_pairs; addPrimaryKey constraintName=node_our_key_pairs_pkey, tableName=node_our_key_pairs', '', 'MARK_RAN', NULL, NULL, '3.6.3', '3614858138') {changeSet=migration/node-core.changelog-pkey.xml::non-clustered_pk-5::R3.Corda, databaseChangeLog=master.changelog.json}
?[m?[37m[INFO] 23:47:38,550 [Test worker] jvm.JdbcExecutor. - INSERT INTO PUBLIC.DATABASECHANGELOG (ID, AUTHOR, FILENAME, DATEEXECUTED, ORDEREXECUTED, MD5SUM, DESCRIPTION, COMMENTS, EXECTYPE, CONTEXTS, LABELS, LIQUIBASE, DEPLOYMENT_ID) VALUES ('non-clustered_pk-6', 'R3.Corda', 'migration/node-core.changelog-pkey.xml', NOW(), 76, '8:25c5581ce04f688ea83704ffa44bab8e', 'dropPrimaryKey constraintName=node_transaction_mappings_pkey, tableName=node_transaction_mappings; addPrimaryKey constraintName=node_transaction_mappings_pkey, tableName=node_transaction_mappings', '', 'MARK_RAN', NULL, NULL, '3.6.3', '3614858138') {changeSet=migration/node-core.changelog-pkey.xml::non-clustered_pk-6::R3.Corda, databaseChangeLog=master.changelog.json}
?[m?[37m[INFO] 23:47:38,553 [Test worker] jvm.JdbcExecutor. - INSERT INTO PUBLIC.DATABASECHANGELOG (ID, AUTHOR, FILENAME, DATEEXECUTED, ORDEREXECUTED, MD5SUM, DESCRIPTION, COMMENTS, EXECTYPE, CONTEXTS, LABELS, LIQUIBASE, DEPLOYMENT_ID) VALUES ('non-clustered_pk-7', 'R3.Corda', 'migration/node-core.changelog-pkey.xml', NOW(), 77, '8:64773359f27e2f85fe6df6097823ce69', 'dropPrimaryKey constraintName=node_transactions_pkey, tableName=node_transactions; addPrimaryKey constraintName=node_transactions_pkey, tableName=node_transactions', '', 'MARK_RAN', NULL, NULL, '3.6.3', '3614858138') {changeSet=migration/node-core.changelog-pkey.xml::non-clustered_pk-7::R3.Corda, databaseChangeLog=master.changelog.json}
?[m?[37m[INFO] 23:47:38,580 [Test worker] changelog.ChangeSet. - Marking ChangeSet: migration/node-core.changelog-v8.xml::conditional_attchments_rename::R3.Corda ran despite precondition failure due to onFail='MARK_RAN': 
          master.changelog.json : Table PUBLIC.NODE_ATTCHMENTS_CONTRACTS does not exist
 {changeSet=migration/node-core.changelog-v8.xml::conditional_attchments_rename::R3.Corda, databaseChangeLog=master.changelog.json}
?[m?[37m[INFO] 23:47:38,581 [Test worker] jvm.JdbcExecutor. - INSERT INTO PUBLIC.DATABASECHANGELOG (ID, AUTHOR, FILENAME, DATEEXECUTED, ORDEREXECUTED, MD5SUM, DESCRIPTION, COMMENTS, EXECTYPE, CONTEXTS, LABELS, LIQUIBASE, DEPLOYMENT_ID) VALUES ('conditional_attchments_rename', 'R3.Corda', 'migration/node-core.changelog-v8.xml', NOW(), 78, '8:114fc6d1775676ecf274989170741a5b', 'renameTable newTableName=NODE_ATTACHMENTS_CONTRACTS, oldTableName=NODE_ATTCHMENTS_CONTRACTS', '', 'MARK_RAN', NULL, NULL, '3.6.3', '3614858138') {changeSet=migration/node-core.changelog-v8.xml::conditional_attchments_rename::R3.Corda, databaseChangeLog=master.changelog.json}
?[m?[37m[INFO] 23:47:38,596 [Test worker] changelog.ChangeSet. - Marking ChangeSet: migration/node-core.changelog-v8.xml::conditional_attchments_contracts::R3.Corda ran despite precondition failure due to onFail='MARK_RAN': 
          master.changelog.json : Table PUBLIC.NODE_ATTACHMENTS_CONTRACT_CLASS_NAME does not exist
 {changeSet=migration/node-core.changelog-v8.xml::conditional_attchments_contracts::R3.Corda, databaseChangeLog=master.changelog.json}
?[m?[37m[INFO] 23:47:38,597 [Test worker] jvm.JdbcExecutor. - INSERT INTO PUBLIC.DATABASECHANGELOG (ID, AUTHOR, FILENAME, DATEEXECUTED, ORDEREXECUTED, MD5SUM, DESCRIPTION, COMMENTS, EXECTYPE, CONTEXTS, LABELS, LIQUIBASE, DEPLOYMENT_ID) VALUES ('conditional_attchments_contracts', 'R3.Corda', 'migration/node-core.changelog-v8.xml', NOW(), 79, '8:c26d868db33a85bdd25570b094635db5', 'renameTable newTableName=NODE_ATTACHMENTS_CONTRACTS, oldTableName=NODE_ATTACHMENTS_CONTRACT_CLASS_NAME', '', 'MARK_RAN', NULL, NULL, '3.6.3', '3614858138') {changeSet=migration/node-core.changelog-v8.xml::conditional_attchments_contracts::R3.Corda, databaseChangeLog=master.changelog.json}
?[m?[37m[INFO] 23:47:38,598 [Test worker] jvm.JdbcExecutor. - CREATE TABLE PUBLIC.node_attachments_signers (att_id NVARCHAR(255) NOT NULL, signer NVARCHAR(1024)) {changeSet=migration/node-core.changelog-v8.xml::add_signers::R3.Corda, databaseChangeLog=master.changelog.json}
?[m?[37m[INFO] 23:47:38,598 [Test worker] changelog.ChangeSet. - Table node_attachments_signers created {changeSet=migration/node-core.changelog-v8.xml::add_signers::R3.Corda, databaseChangeLog=master.changelog.json}
?[m?[37m[INFO] 23:47:38,599 [Test worker] jvm.JdbcExecutor. - ALTER TABLE PUBLIC.node_attachments_signers ADD CONSTRAINT FK__signers__attachments FOREIGN KEY (att_id) REFERENCES PUBLIC.node_attachments (att_id) {changeSet=migration/node-core.changelog-v8.xml::add_signers::R3.Corda, databaseChangeLog=master.changelog.json}
?[m?[37m[INFO] 23:47:38,600 [Test worker] changelog.ChangeSet. - Foreign key constraint added to node_attachments_signers (att_id) {changeSet=migration/node-core.changelog-v8.xml::add_signers::R3.Corda, databaseChangeLog=master.changelog.json}
?[m?[37m[INFO] 23:47:38,600 [Test worker] changelog.ChangeSet. - ChangeSet migration/node-core.changelog-v8.xml::add_signers::R3.Corda ran successfully in 2ms {changeSet=migration/node-core.changelog-v8.xml::add_signers::R3.Corda, databaseChangeLog=master.changelog.json}
?[m?[37m[INFO] 23:47:38,601 [Test worker] jvm.JdbcExecutor. - INSERT INTO PUBLIC.DATABASECHANGELOG (ID, AUTHOR, FILENAME, DATEEXECUTED, ORDEREXECUTED, MD5SUM, DESCRIPTION, COMMENTS, EXECTYPE, CONTEXTS, LABELS, LIQUIBASE, DEPLOYMENT_ID) VALUES ('add_signers', 'R3.Corda', 'migration/node-core.changelog-v8.xml', NOW(), 80, '8:6a033a579a3a8e11a35846d455833835', 'createTable tableName=node_attachments_signers; addForeignKeyConstraint baseTableName=node_attachments_signers, constraintName=FK__signers__attachments, referencedTableName=node_attachments', '', 'EXECUTED', NULL, NULL, '3.6.3', '3614858138') {changeSet=migration/node-core.changelog-v8.xml::add_signers::R3.Corda, databaseChangeLog=master.changelog.json}
?[m?[37m[INFO] 23:47:38,602 [Test worker] jvm.JdbcExecutor. - ALTER TABLE PUBLIC.node_transactions ADD state_machine_run_id NVARCHAR(36) {changeSet=migration/node-core.changelog-tx-mapping.xml::add_tx_mapping_column::R3.Corda, databaseChangeLog=master.changelog.json}
?[m?[37m[INFO] 23:47:38,604 [Test worker] changelog.ChangeSet. - Columns state_machine_run_id(NVARCHAR(36)) added to node_transactions {changeSet=migration/node-core.changelog-tx-mapping.xml::add_tx_mapping_column::R3.Corda, databaseChangeLog=master.changelog.json}
?[m?[37m[INFO] 23:47:38,625 [Test worker] jvm.JdbcExecutor. - update node_transactions set state_machine_run_id=(select state_machine_run_id from
            node_transaction_mappings where node_transactions.tx_id = node_transaction_mappings.tx_id) {changeSet=migration/node-core.changelog-tx-mapping.xml::add_tx_mapping_column::R3.Corda, databaseChangeLog=master.changelog.json}
?[m?[37m[INFO] 23:47:38,630 [Test worker] changelog.ChangeSet. - Custom SQL executed {changeSet=migration/node-core.changelog-tx-mapping.xml::add_tx_mapping_column::R3.Corda, databaseChangeLog=master.changelog.json}
?[m?[37m[INFO] 23:47:38,630 [Test worker] jvm.JdbcExecutor. - DROP TABLE PUBLIC.node_transaction_mappings {changeSet=migration/node-core.changelog-tx-mapping.xml::add_tx_mapping_column::R3.Corda, databaseChangeLog=master.changelog.json}
?[m?[37m[INFO] 23:47:38,630 [Test worker] changelog.ChangeSet. - Table node_transaction_mappings dropped {changeSet=migration/node-core.changelog-tx-mapping.xml::add_tx_mapping_column::R3.Corda, databaseChangeLog=master.changelog.json}
?[m?[37m[INFO] 23:47:38,630 [Test worker] changelog.ChangeSet. - ChangeSet migration/node-core.changelog-tx-mapping.xml::add_tx_mapping_column::R3.Corda ran successfully in 29ms {changeSet=migration/node-core.changelog-tx-mapping.xml::add_tx_mapping_column::R3.Corda, databaseChangeLog=master.changelog.json}
?[m?[37m[INFO] 23:47:38,632 [Test worker] jvm.JdbcExecutor. - INSERT INTO PUBLIC.DATABASECHANGELOG (ID, AUTHOR, FILENAME, DATEEXECUTED, ORDEREXECUTED, MD5SUM, DESCRIPTION, COMMENTS, EXECTYPE, CONTEXTS, LABELS, LIQUIBASE, DEPLOYMENT_ID) VALUES ('add_tx_mapping_column', 'R3.Corda', 'migration/node-core.changelog-tx-mapping.xml', NOW(), 81, '8:6d9d8484a635e932dd8e8f45db1b3d7e', 'addColumn tableName=node_transactions; sql; dropTable tableName=node_transaction_mappings', '', 'EXECUTED', NULL, NULL, '3.6.3', '3614858138') {changeSet=migration/node-core.changelog-tx-mapping.xml::add_tx_mapping_column::R3.Corda, databaseChangeLog=master.changelog.json}
?[m?[37m[INFO] 23:47:38,633 [Test worker] jvm.JdbcExecutor. - CREATE TABLE PUBLIC.node_network_parameters (hash NVARCHAR(130) NOT NULL, epoch INT NOT NULL, parameters_bytes BLOB NOT NULL, signature_bytes BLOB NOT NULL, cert BLOB NOT NULL, parent_cert_path BLOB NOT NULL) {changeSet=migration/node-services.changelog-init.xml::add_network_parameters_storage::R3.Corda, databaseChangeLog=master.changelog.json}
?[m?[37m[INFO] 23:47:38,633 [Test worker] changelog.ChangeSet. - Table node_network_parameters created {changeSet=migration/node-services.changelog-init.xml::add_network_parameters_storage::R3.Corda, databaseChangeLog=master.changelog.json}
?[m?[37m[INFO] 23:47:38,633 [Test worker] changelog.ChangeSet. - ChangeSet migration/node-services.changelog-init.xml::add_network_parameters_storage::R3.Corda ran successfully in 1ms {changeSet=migration/node-services.changelog-init.xml::add_network_parameters_storage::R3.Corda, databaseChangeLog=master.changelog.json}
?[m?[37m[INFO] 23:47:38,634 [Test worker] jvm.JdbcExecutor. - INSERT INTO PUBLIC.DATABASECHANGELOG (ID, AUTHOR, FILENAME, DATEEXECUTED, ORDEREXECUTED, MD5SUM, DESCRIPTION, COMMENTS, EXECTYPE, CONTEXTS, LABELS, LIQUIBASE, DEPLOYMENT_ID) VALUES ('add_network_parameters_storage', 'R3.Corda', 'migration/node-services.changelog-init.xml', NOW(), 82, '8:b448755ba392674254c59e2b9489140f', 'createTable tableName=node_network_parameters', '', 'EXECUTED', NULL, NULL, '3.6.3', '3614858138') {changeSet=migration/node-services.changelog-init.xml::add_network_parameters_storage::R3.Corda, databaseChangeLog=master.changelog.json}
?[m?[37m[INFO] 23:47:38,635 [Test worker] jvm.JdbcExecutor. - ALTER TABLE PUBLIC.node_network_parameters ADD CONSTRAINT node_network_parameters_pkey PRIMARY KEY (hash) {changeSet=migration/node-services.changelog-init.xml::network_parameters_pk::R3.Corda, databaseChangeLog=master.changelog.json}
?[m?[37m[INFO] 23:47:38,636 [Test worker] changelog.ChangeSet. - Primary key added to node_network_parameters (hash) {changeSet=migration/node-services.changelog-init.xml::network_parameters_pk::R3.Corda, databaseChangeLog=master.changelog.json}
?[m?[37m[INFO] 23:47:38,636 [Test worker] changelog.ChangeSet. - ChangeSet migration/node-services.changelog-init.xml::network_parameters_pk::R3.Corda ran successfully in 1ms {changeSet=migration/node-services.changelog-init.xml::network_parameters_pk::R3.Corda, databaseChangeLog=master.changelog.json}
?[m?[37m[INFO] 23:47:38,637 [Test worker] jvm.JdbcExecutor. - INSERT INTO PUBLIC.DATABASECHANGELOG (ID, AUTHOR, FILENAME, DATEEXECUTED, ORDEREXECUTED, MD5SUM, DESCRIPTION, COMMENTS, EXECTYPE, CONTEXTS, LABELS, LIQUIBASE, DEPLOYMENT_ID) VALUES ('network_parameters_pk', 'R3.Corda', 'migration/node-services.changelog-init.xml', NOW(), 83, '8:fc0358b8cab487b52558cd68d6feaf9e', 'addPrimaryKey constraintName=node_network_parameters_pkey, tableName=node_network_parameters', '', 'EXECUTED', NULL, NULL, '3.6.3', '3614858138') {changeSet=migration/node-services.changelog-init.xml::network_parameters_pk::R3.Corda, databaseChangeLog=master.changelog.json}
?[m?[37m[INFO] 23:47:38,637 [Test worker] jvm.JdbcExecutor. - ALTER TABLE PUBLIC.node_attachments ADD version INT {changeSet=migration/node-services.changelog-init.xml::add_version_column::R3.Corda, databaseChangeLog=master.changelog.json}
?[m?[37m[INFO] 23:47:38,640 [Test worker] changelog.ChangeSet. - Columns version(INT) added to node_attachments {changeSet=migration/node-services.changelog-init.xml::add_version_column::R3.Corda, databaseChangeLog=master.changelog.json}
?[m?[37m[INFO] 23:47:38,640 [Test worker] jvm.JdbcExecutor. - update node_attachments set version = 1 {changeSet=migration/node-services.changelog-init.xml::add_version_column::R3.Corda, databaseChangeLog=master.changelog.json}
?[m?[37m[INFO] 23:47:38,641 [Test worker] changelog.ChangeSet. - Custom SQL executed {changeSet=migration/node-services.changelog-init.xml::add_version_column::R3.Corda, databaseChangeLog=master.changelog.json}
?[m?[37m[INFO] 23:47:38,641 [Test worker] jvm.JdbcExecutor. - ALTER TABLE PUBLIC.node_attachments ALTER COLUMN version SET NOT NULL {changeSet=migration/node-services.changelog-init.xml::add_version_column::R3.Corda, databaseChangeLog=master.changelog.json}
?[m?[37m[INFO] 23:47:38,641 [Test worker] changelog.ChangeSet. - NOT NULL constraint has been added to node_attachments.version {changeSet=migration/node-services.changelog-init.xml::add_version_column::R3.Corda, databaseChangeLog=master.changelog.json}
?[m?[37m[INFO] 23:47:38,641 [Test worker] changelog.ChangeSet. - ChangeSet migration/node-services.changelog-init.xml::add_version_column::R3.Corda ran successfully in 4ms {changeSet=migration/node-services.changelog-init.xml::add_version_column::R3.Corda, databaseChangeLog=master.changelog.json}
?[m?[37m[INFO] 23:47:38,642 [Test worker] jvm.JdbcExecutor. - INSERT INTO PUBLIC.DATABASECHANGELOG (ID, AUTHOR, FILENAME, DATEEXECUTED, ORDEREXECUTED, MD5SUM, DESCRIPTION, COMMENTS, EXECTYPE, CONTEXTS, LABELS, LIQUIBASE, DEPLOYMENT_ID) VALUES ('add_version_column', 'R3.Corda', 'migration/node-services.changelog-init.xml', NOW(), 84, '8:ab6a3101d1da88b0f174ccc06a62feef', 'addColumn tableName=node_attachments; sql; addNotNullConstraint columnName=version, tableName=node_attachments', '', 'EXECUTED', NULL, NULL, '3.6.3', '3614858138') {changeSet=migration/node-services.changelog-init.xml::add_version_column::R3.Corda, databaseChangeLog=master.changelog.json}
?[m?[37m[INFO] 23:47:38,643 [Test worker] persistence.AttachmentVersionNumberMigration. - Start executing... {changeSet=migration/node-services.changelog-init.xml::update-version-of-whitelisted-jars::R3.Corda, databaseChangeLog=master.changelog.json}
?[m?[37m[INFO] 23:47:38,645 [Test worker] persistence.AttachmentVersionNumberMigration. - Attachment version creation from whitelisted JARs using network parameters from build\mock-network\20200701-144717.967\nodes\1\network-parameters, whitelistedContractImplementations: {}. {changeSet=migration/node-services.changelog-init.xml::update-version-of-whitelisted-jars::R3.Corda, databaseChangeLog=master.changelog.json}
?[m?[37m[INFO] 23:47:38,645 [Test worker] persistence.AttachmentVersionNumberMigration. - Attachment version creation from whitelisted JARs skipped, no attachments not found. {changeSet=migration/node-services.changelog-init.xml::update-version-of-whitelisted-jars::R3.Corda, databaseChangeLog=master.changelog.json}
?[m?[37m[INFO] 23:47:38,646 [Test worker] changelog.ChangeSet. - null {changeSet=migration/node-services.changelog-init.xml::update-version-of-whitelisted-jars::R3.Corda, databaseChangeLog=master.changelog.json}
?[m?[37m[INFO] 23:47:38,646 [Test worker] changelog.ChangeSet. - ChangeSet migration/node-services.changelog-init.xml::update-version-of-whitelisted-jars::R3.Corda ran successfully in 3ms {changeSet=migration/node-services.changelog-init.xml::update-version-of-whitelisted-jars::R3.Corda, databaseChangeLog=master.changelog.json}
?[m?[37m[INFO] 23:47:38,646 [Test worker] jvm.JdbcExecutor. - INSERT INTO PUBLIC.DATABASECHANGELOG (ID, AUTHOR, FILENAME, DATEEXECUTED, ORDEREXECUTED, MD5SUM, DESCRIPTION, COMMENTS, EXECTYPE, CONTEXTS, LABELS, LIQUIBASE, DEPLOYMENT_ID) VALUES ('update-version-of-whitelisted-jars', 'R3.Corda', 'migration/node-services.changelog-init.xml', NOW(), 85, '8:1d4174a12a4902070f6bf2ba624b0e97', 'customChange', '', 'EXECUTED', NULL, NULL, '3.6.3', '3614858138') {changeSet=migration/node-services.changelog-init.xml::update-version-of-whitelisted-jars::R3.Corda, databaseChangeLog=master.changelog.json}
?[m?[37m[INFO] 23:47:38,647 [Test worker] jvm.JdbcExecutor. - CREATE TABLE PUBLIC.node_identities_no_cert (pk_hash NVARCHAR(130) NOT NULL, name NVARCHAR(128) NOT NULL) {changeSet=migration/node-services.changelog-init.xml::add-new-persistence-table::R3.Corda, databaseChangeLog=master.changelog.json}
?[m?[37m[INFO] 23:47:38,648 [Test worker] changelog.ChangeSet. - Table node_identities_no_cert created {changeSet=migration/node-services.changelog-init.xml::add-new-persistence-table::R3.Corda, databaseChangeLog=master.changelog.json}
?[m?[37m[INFO] 23:47:38,648 [Test worker] jvm.JdbcExecutor. - ALTER TABLE PUBLIC.node_identities_no_cert ADD CONSTRAINT node_identities_no_cert_pkey PRIMARY KEY (pk_hash) {changeSet=migration/node-services.changelog-init.xml::add-new-persistence-table::R3.Corda, databaseChangeLog=master.changelog.json}
?[m?[37m[INFO] 23:47:38,648 [Test worker] changelog.ChangeSet. - Primary key added to node_identities_no_cert (pk_hash) {changeSet=migration/node-services.changelog-init.xml::add-new-persistence-table::R3.Corda, databaseChangeLog=master.changelog.json}
?[m?[37m[INFO] 23:47:38,648 [Test worker] changelog.ChangeSet. - ChangeSet migration/node-services.changelog-init.xml::add-new-persistence-table::R3.Corda ran successfully in 1ms {changeSet=migration/node-services.changelog-init.xml::add-new-persistence-table::R3.Corda, databaseChangeLog=master.changelog.json}
?[m?[37m[INFO] 23:47:38,649 [Test worker] jvm.JdbcExecutor. - INSERT INTO PUBLIC.DATABASECHANGELOG (ID, AUTHOR, FILENAME, DATEEXECUTED, ORDEREXECUTED, MD5SUM, DESCRIPTION, COMMENTS, EXECTYPE, CONTEXTS, LABELS, LIQUIBASE, DEPLOYMENT_ID) VALUES ('add-new-persistence-table', 'R3.Corda', 'migration/node-services.changelog-init.xml', NOW(), 86, '8:cb3302a80bf346270e0d8f3509c64a9b', 'createTable tableName=node_identities_no_cert; addPrimaryKey constraintName=node_identities_no_cert_pkey, tableName=node_identities_no_cert', '', 'EXECUTED', NULL, NULL, '3.6.3', '3614858138') {changeSet=migration/node-services.changelog-init.xml::add-new-persistence-table::R3.Corda, databaseChangeLog=master.changelog.json}
?[m?[37m[INFO] 23:47:38,650 [Test worker] jvm.JdbcExecutor. - ALTER TABLE PUBLIC.pk_hash_to_ext_id_map DROP COLUMN id {changeSet=migration/node-services.changelog-init.xml::migrate_pk_hash_to_ext_id::R3.Corda, databaseChangeLog=master.changelog.json}
?[m?[37m[INFO] 23:47:38,653 [Test worker] changelog.ChangeSet. - Column pk_hash_to_ext_id_map.id dropped {changeSet=migration/node-services.changelog-init.xml::migrate_pk_hash_to_ext_id::R3.Corda, databaseChangeLog=master.changelog.json}
?[m?[37m[INFO] 23:47:38,653 [Test worker] jvm.JdbcExecutor. - DROP INDEX PUBLIC.pk_hash_to_xid_idx {changeSet=migration/node-services.changelog-init.xml::migrate_pk_hash_to_ext_id::R3.Corda, databaseChangeLog=master.changelog.json}
?[m?[37m[INFO] 23:47:38,653 [Test worker] changelog.ChangeSet. - Index pk_hash_to_xid_idx dropped from table pk_hash_to_ext_id_map {changeSet=migration/node-services.changelog-init.xml::migrate_pk_hash_to_ext_id::R3.Corda, databaseChangeLog=master.changelog.json}
?[m?[37m[INFO] 23:47:38,653 [Test worker] jvm.JdbcExecutor. - ALTER TABLE PUBLIC.pk_hash_to_ext_id_map ADD CONSTRAINT pubkey_hash_to_external_id_pk PRIMARY KEY (public_key_hash) {changeSet=migration/node-services.changelog-init.xml::migrate_pk_hash_to_ext_id::R3.Corda, databaseChangeLog=master.changelog.json}
?[m?[37m[INFO] 23:47:38,654 [Test worker] changelog.ChangeSet. - Primary key added to pk_hash_to_ext_id_map (public_key_hash) {changeSet=migration/node-services.changelog-init.xml::migrate_pk_hash_to_ext_id::R3.Corda, databaseChangeLog=master.changelog.json}
?[m?[37m[INFO] 23:47:38,654 [Test worker] jvm.JdbcExecutor. - CREATE INDEX PUBLIC.ext_id_idx ON PUBLIC.pk_hash_to_ext_id_map(external_id) {changeSet=migration/node-services.changelog-init.xml::migrate_pk_hash_to_ext_id::R3.Corda, databaseChangeLog=master.changelog.json}
?[m?[37m[INFO] 23:47:38,654 [Test worker] changelog.ChangeSet. - Index ext_id_idx created {changeSet=migration/node-services.changelog-init.xml::migrate_pk_hash_to_ext_id::R3.Corda, databaseChangeLog=master.changelog.json}
?[m?[37m[INFO] 23:47:38,654 [Test worker] changelog.ChangeSet. - ChangeSet migration/node-services.changelog-init.xml::migrate_pk_hash_to_ext_id::R3.Corda ran successfully in 4ms {changeSet=migration/node-services.changelog-init.xml::migrate_pk_hash_to_ext_id::R3.Corda, databaseChangeLog=master.changelog.json}
?[m?[37m[INFO] 23:47:38,656 [Test worker] jvm.JdbcExecutor. - INSERT INTO PUBLIC.DATABASECHANGELOG (ID, AUTHOR, FILENAME, DATEEXECUTED, ORDEREXECUTED, MD5SUM, DESCRIPTION, COMMENTS, EXECTYPE, CONTEXTS, LABELS, LIQUIBASE, DEPLOYMENT_ID) VALUES ('migrate_pk_hash_to_ext_id', 'R3.Corda', 'migration/node-services.changelog-init.xml', NOW(), 87, '8:daf9ba8b9522b5ed5e0c474f220a5ef9', 'dropColumn columnName=id, tableName=pk_hash_to_ext_id_map; dropIndex indexName=pk_hash_to_xid_idx, tableName=pk_hash_to_ext_id_map; addPrimaryKey constraintName=pubkey_hash_to_external_id_pk, tableName=pk_hash_to_ext_id_map; createIndex indexName=...', '', 'EXECUTED', NULL, NULL, '3.6.3', '3614858138') {changeSet=migration/node-services.changelog-init.xml::migrate_pk_hash_to_ext_id::R3.Corda, databaseChangeLog=master.changelog.json}
?[m?[37m[INFO] 23:47:38,658 [Test worker] changelog.ChangeSet. - null {changeSet=migration/node-services.changelog-init.xml::migrate_identity_service_to_use_publicKey.toShortString()::R3.Corda, databaseChangeLog=master.changelog.json}
?[m?[37m[INFO] 23:47:38,658 [Test worker] changelog.ChangeSet. - ChangeSet migration/node-services.changelog-init.xml::migrate_identity_service_to_use_publicKey.toShortString()::R3.Corda ran successfully in 1ms {changeSet=migration/node-services.changelog-init.xml::migrate_identity_service_to_use_publicKey.toShortString()::R3.Corda, databaseChangeLog=master.changelog.json}
?[m?[37m[INFO] 23:47:38,659 [Test worker] jvm.JdbcExecutor. - INSERT INTO PUBLIC.DATABASECHANGELOG (ID, AUTHOR, FILENAME, DATEEXECUTED, ORDEREXECUTED, MD5SUM, DESCRIPTION, COMMENTS, EXECTYPE, CONTEXTS, LABELS, LIQUIBASE, DEPLOYMENT_ID) VALUES ('migrate_identity_service_to_use_publicKey.toShortString()', 'R3.Corda', 'migration/node-services.changelog-init.xml', NOW(), 88, '8:51a17ecff2c7f17e1502992fdda4356d', 'customChange', '', 'EXECUTED', NULL, NULL, '3.6.3', '3614858138') {changeSet=migration/node-services.changelog-init.xml::migrate_identity_service_to_use_publicKey.toShortString()::R3.Corda, databaseChangeLog=master.changelog.json}
?[m?[37m[INFO] 23:47:38,660 [Test worker] jvm.JdbcExecutor. - ALTER TABLE PUBLIC.node_transactions ADD status NVARCHAR(1) DEFAULT 'V' NOT NULL {changeSet=migration/node-services.changelog-init.xml::add_status_column::R3.Corda, databaseChangeLog=master.changelog.json}
?[m?[37m[INFO] 23:47:38,662 [Test worker] changelog.ChangeSet. - Columns status(NVARCHAR(1)) added to node_transactions {changeSet=migration/node-services.changelog-init.xml::add_status_column::R3.Corda, databaseChangeLog=master.changelog.json}
?[m?[37m[INFO] 23:47:38,662 [Test worker] changelog.ChangeSet. - ChangeSet migration/node-services.changelog-init.xml::add_status_column::R3.Corda ran successfully in 2ms {changeSet=migration/node-services.changelog-init.xml::add_status_column::R3.Corda, databaseChangeLog=master.changelog.json}
?[m?[37m[INFO] 23:47:38,665 [Test worker] jvm.JdbcExecutor. - INSERT INTO PUBLIC.DATABASECHANGELOG (ID, AUTHOR, FILENAME, DATEEXECUTED, ORDEREXECUTED, MD5SUM, DESCRIPTION, COMMENTS, EXECTYPE, CONTEXTS, LABELS, LIQUIBASE, DEPLOYMENT_ID) VALUES ('add_status_column', 'R3.Corda', 'migration/node-services.changelog-init.xml', NOW(), 89, '8:163dc66ab97910470ce080cd4c4d33ef', 'addColumn tableName=node_transactions', '', 'EXECUTED', NULL, NULL, '3.6.3', '3614858138') {changeSet=migration/node-services.changelog-init.xml::add_status_column::R3.Corda, databaseChangeLog=master.changelog.json}
?[m?[37m[INFO] 23:47:38,670 [Test worker] jvm.JdbcExecutor. - CREATE TABLE PUBLIC.node_hash_to_key (pk_hash NVARCHAR(130) NOT NULL, public_key BLOB NOT NULL) {changeSet=migration/node-services.changelog-init.xml::add-new-pk-hash-to-pk-table::R3.Corda, databaseChangeLog=master.changelog.json}
?[m?[37m[INFO] 23:47:38,670 [Test worker] changelog.ChangeSet. - Table node_hash_to_key created {changeSet=migration/node-services.changelog-init.xml::add-new-pk-hash-to-pk-table::R3.Corda, databaseChangeLog=master.changelog.json}
?[m?[37m[INFO] 23:47:38,671 [Test worker] jvm.JdbcExecutor. - ALTER TABLE PUBLIC.node_hash_to_key ADD CONSTRAINT node_hash_to_key_pk_hash PRIMARY KEY (pk_hash) {changeSet=migration/node-services.changelog-init.xml::add-new-pk-hash-to-pk-table::R3.Corda, databaseChangeLog=master.changelog.json}
?[m?[37m[INFO] 23:47:38,671 [Test worker] changelog.ChangeSet. - Primary key added to node_hash_to_key (pk_hash) {changeSet=migration/node-services.changelog-init.xml::add-new-pk-hash-to-pk-table::R3.Corda, databaseChangeLog=master.changelog.json}
?[m?[37m[INFO] 23:47:38,671 [Test worker] changelog.ChangeSet. - ChangeSet migration/node-services.changelog-init.xml::add-new-pk-hash-to-pk-table::R3.Corda ran successfully in 3ms {changeSet=migration/node-services.changelog-init.xml::add-new-pk-hash-to-pk-table::R3.Corda, databaseChangeLog=master.changelog.json}
?[m?[37m[INFO] 23:47:38,672 [Test worker] jvm.JdbcExecutor. - INSERT INTO PUBLIC.DATABASECHANGELOG (ID, AUTHOR, FILENAME, DATEEXECUTED, ORDEREXECUTED, MD5SUM, DESCRIPTION, COMMENTS, EXECTYPE, CONTEXTS, LABELS, LIQUIBASE, DEPLOYMENT_ID) VALUES ('add-new-pk-hash-to-pk-table', 'R3.Corda', 'migration/node-services.changelog-init.xml', NOW(), 90, '8:90ed8145a19f497b5c95a5c9542917f0', 'createTable tableName=node_hash_to_key; addPrimaryKey constraintName=node_hash_to_key_pk_hash, tableName=node_hash_to_key', '', 'EXECUTED', NULL, NULL, '3.6.3', '3614858138') {changeSet=migration/node-services.changelog-init.xml::add-new-pk-hash-to-pk-table::R3.Corda, databaseChangeLog=master.changelog.json}
?[m?[37m[INFO] 23:47:38,673 [Test worker] jvm.JdbcExecutor. - ALTER TABLE PUBLIC.node_transactions ADD timestamp TIMESTAMP DEFAULT '2000-01-01 12:00:00' NOT NULL {changeSet=migration/node-services.changelog-init.xml::add_timestamp_column_to_node_transactions::R3.Corda, databaseChangeLog=master.changelog.json}
?[m?[37m[INFO] 23:47:38,676 [Test worker] changelog.ChangeSet. - Columns timestamp(TIMESTAMP) added to node_transactions {changeSet=migration/node-services.changelog-init.xml::add_timestamp_column_to_node_transactions::R3.Corda, databaseChangeLog=master.changelog.json}
?[m?[37m[INFO] 23:47:38,676 [Test worker] changelog.ChangeSet. - ChangeSet migration/node-services.changelog-init.xml::add_timestamp_column_to_node_transactions::R3.Corda ran successfully in 3ms {changeSet=migration/node-services.changelog-init.xml::add_timestamp_column_to_node_transactions::R3.Corda, databaseChangeLog=master.changelog.json}
?[m?[37m[INFO] 23:47:38,678 [Test worker] jvm.JdbcExecutor. - INSERT INTO PUBLIC.DATABASECHANGELOG (ID, AUTHOR, FILENAME, DATEEXECUTED, ORDEREXECUTED, MD5SUM, DESCRIPTION, COMMENTS, EXECTYPE, CONTEXTS, LABELS, LIQUIBASE, DEPLOYMENT_ID) VALUES ('add_timestamp_column_to_node_transactions', 'R3.Corda', 'migration/node-services.changelog-init.xml', NOW(), 91, '8:bc308c6c38c83b58a03f11f0943a944f', 'addColumn tableName=node_transactions', '', 'EXECUTED', NULL, NULL, '3.6.3', '3614858138') {changeSet=migration/node-services.changelog-init.xml::add_timestamp_column_to_node_transactions::R3.Corda, databaseChangeLog=master.changelog.json}
?[m?[37m[INFO] 23:47:38,679 [Test worker] migration.VaultStateMigration. - Migrating vault state data to V4 tables {changeSet=migration/vault-schema.changelog-v9.xml::update-vault-states::R3.Corda, databaseChangeLog=master.changelog.json}
?[m?[37m[INFO] 23:47:38,698 [Test worker] persistence.HibernateConfiguration. - Init HibernateConfiguration for schemas: [VaultMigrationSchemaV1(name=net.corda.node.migration.VaultMigrationSchema, version=1), VaultSchemaV1(name=net.corda.node.services.vault.VaultSchema, version=1)] {changeSet=migration/vault-schema.changelog-v9.xml::update-vault-states::R3.Corda, databaseChangeLog=master.changelog.json}
?[m?[37m[INFO] 23:47:38,699 [Test worker] factory.BaseSessionFactoryFactory. - Creating session factory for schemas: [VaultMigrationSchemaV1(name=net.corda.node.migration.VaultMigrationSchema, version=1), VaultSchemaV1(name=net.corda.node.services.vault.VaultSchema, version=1)] {changeSet=migration/vault-schema.changelog-v9.xml::update-vault-states::R3.Corda, databaseChangeLog=master.changelog.json}
?[m?[37m[INFO] 23:47:38,712 [Test worker] internal.ConnectionProviderInitiator. - HHH000130: Instantiating explicit connection provider: net.corda.nodeapi.internal.persistence.HibernateConfiguration$NodeDatabaseConnectionProvider {changeSet=migration/vault-schema.changelog-v9.xml::update-vault-states::R3.Corda, databaseChangeLog=master.changelog.json}
?[m?[37m[INFO] 23:47:38,716 [Test worker] dialect.Dialect. - HHH000400: Using dialect: org.hibernate.dialect.H2Dialect {changeSet=migration/vault-schema.changelog-v9.xml::update-vault-states::R3.Corda, databaseChangeLog=master.changelog.json}
?[m?[37m[INFO] 23:47:38,941 [Test worker] connections.access. - HHH10001501: Connection obtained from JdbcConnectionAccess [org.hibernate.engine.jdbc.env.internal.JdbcEnvironmentInitiator$ConnectionProviderJdbcConnectionAccess@6f6dbc84] for (non-JTA) DDL execution was not in auto-commit mode; the Connection 'local transaction' will be committed and the Connection will be set into auto-commit mode. {changeSet=migration/vault-schema.changelog-v9.xml::update-vault-states::R3.Corda, databaseChangeLog=master.changelog.json}
?[m?[37m[INFO] 23:47:39,099 [Test worker] internal.JtaPlatformInitiator. - HHH000490: Using JtaPlatform implementation: [org.hibernate.engine.transaction.jta.platform.internal.NoJtaPlatform] {changeSet=migration/vault-schema.changelog-v9.xml::update-vault-states::R3.Corda, databaseChangeLog=master.changelog.json}
?[m?[37m[INFO] 23:47:39,099 [Test worker] factory.BaseSessionFactoryFactory. - Created session factory for schemas: [VaultMigrationSchemaV1(name=net.corda.node.migration.VaultMigrationSchema, version=1), VaultSchemaV1(name=net.corda.node.services.vault.VaultSchema, version=1)] {changeSet=migration/vault-schema.changelog-v9.xml::update-vault-states::R3.Corda, databaseChangeLog=master.changelog.json}
?[m?[37m[INFO] 23:47:39,126 [Test worker] migration.VaultStateMigration. - Finished performing vault state data migration for 0 states {changeSet=migration/vault-schema.changelog-v9.xml::update-vault-states::R3.Corda, databaseChangeLog=master.changelog.json}
?[m?[37m[INFO] 23:47:39,126 [Test worker] changelog.ChangeSet. - null {changeSet=migration/vault-schema.changelog-v9.xml::update-vault-states::R3.Corda, databaseChangeLog=master.changelog.json}
?[m?[37m[INFO] 23:47:39,126 [Test worker] changelog.ChangeSet. - ChangeSet migration/vault-schema.changelog-v9.xml::update-vault-states::R3.Corda ran successfully in 447ms {changeSet=migration/vault-schema.changelog-v9.xml::update-vault-states::R3.Corda, databaseChangeLog=master.changelog.json}
?[m?[37m[INFO] 23:47:39,127 [Test worker] jvm.JdbcExecutor. - INSERT INTO PUBLIC.DATABASECHANGELOG (ID, AUTHOR, FILENAME, DATEEXECUTED, ORDEREXECUTED, MD5SUM, DESCRIPTION, COMMENTS, EXECTYPE, CONTEXTS, LABELS, LIQUIBASE, DEPLOYMENT_ID) VALUES ('update-vault-states', 'R3.Corda', 'migration/vault-schema.changelog-v9.xml', NOW(), 92, '8:f8f4c73846280164daf6855e1ecf3cc6', 'customChange', '', 'EXECUTED', NULL, NULL, '3.6.3', '3614858138') {changeSet=migration/vault-schema.changelog-v9.xml::update-vault-states::R3.Corda, databaseChangeLog=master.changelog.json}
?[m?[37m[INFO] 23:47:39,128 [Test worker] migration.PersistentIdentityMigrationNewTable. - Migrating persistent identities with certificates table into persistent table with no certificate data. {changeSet=migration/node-services.changelog-init.xml::transfer-to-new-persistence-table::R3.Corda, databaseChangeLog=master.changelog.json}
?[m?[37m[INFO] 23:47:39,132 [Test worker] persistence.HibernateConfiguration. - Init HibernateConfiguration for schemas: [MappedSchema(name=net.corda.node.migration.PersistentIdentitiesMigrationSchema, version=1)] {changeSet=migration/node-services.changelog-init.xml::transfer-to-new-persistence-table::R3.Corda, databaseChangeLog=master.changelog.json}
?[m?[37m[INFO] 23:47:39,132 [Test worker] factory.BaseSessionFactoryFactory. - Creating session factory for schemas: [MappedSchema(name=net.corda.node.migration.PersistentIdentitiesMigrationSchema, version=1)] {changeSet=migration/node-services.changelog-init.xml::transfer-to-new-persistence-table::R3.Corda, databaseChangeLog=master.changelog.json}
?[m?[37m[INFO] 23:47:39,139 [Test worker] internal.ConnectionProviderInitiator. - HHH000130: Instantiating explicit connection provider: net.corda.nodeapi.internal.persistence.HibernateConfiguration$NodeDatabaseConnectionProvider {changeSet=migration/node-services.changelog-init.xml::transfer-to-new-persistence-table::R3.Corda, databaseChangeLog=master.changelog.json}
?[m?[37m[INFO] 23:47:39,140 [Test worker] dialect.Dialect. - HHH000400: Using dialect: org.hibernate.dialect.H2Dialect {changeSet=migration/node-services.changelog-init.xml::transfer-to-new-persistence-table::R3.Corda, databaseChangeLog=master.changelog.json}
?[m?[37m[INFO] 23:47:39,236 [Test worker] connections.access. - HHH10001501: Connection obtained from JdbcConnectionAccess [org.hibernate.engine.jdbc.env.internal.JdbcEnvironmentInitiator$ConnectionProviderJdbcConnectionAccess@ff2d6c6] for (non-JTA) DDL execution was not in auto-commit mode; the Connection 'local transaction' will be committed and the Connection will be set into auto-commit mode. {changeSet=migration/node-services.changelog-init.xml::transfer-to-new-persistence-table::R3.Corda, databaseChangeLog=master.changelog.json}
?[m?[37m[INFO] 23:47:39,276 [Test worker] internal.JtaPlatformInitiator. - HHH000490: Using JtaPlatform implementation: [org.hibernate.engine.transaction.jta.platform.internal.NoJtaPlatform] {changeSet=migration/node-services.changelog-init.xml::transfer-to-new-persistence-table::R3.Corda, databaseChangeLog=master.changelog.json}
?[m?[37m[INFO] 23:47:39,276 [Test worker] factory.BaseSessionFactoryFactory. - Created session factory for schemas: [MappedSchema(name=net.corda.node.migration.PersistentIdentitiesMigrationSchema, version=1)] {changeSet=migration/node-services.changelog-init.xml::transfer-to-new-persistence-table::R3.Corda, databaseChangeLog=master.changelog.json}
?[m?[37m[INFO] 23:47:39,280 [Test worker] changelog.ChangeSet. - null {changeSet=migration/node-services.changelog-init.xml::transfer-to-new-persistence-table::R3.Corda, databaseChangeLog=master.changelog.json}
?[m?[37m[INFO] 23:47:39,280 [Test worker] changelog.ChangeSet. - ChangeSet migration/node-services.changelog-init.xml::transfer-to-new-persistence-table::R3.Corda ran successfully in 152ms {changeSet=migration/node-services.changelog-init.xml::transfer-to-new-persistence-table::R3.Corda, databaseChangeLog=master.changelog.json}
?[m?[37m[INFO] 23:47:39,281 [Test worker] jvm.JdbcExecutor. - INSERT INTO PUBLIC.DATABASECHANGELOG (ID, AUTHOR, FILENAME, DATEEXECUTED, ORDEREXECUTED, MD5SUM, DESCRIPTION, COMMENTS, EXECTYPE, CONTEXTS, LABELS, LIQUIBASE, DEPLOYMENT_ID) VALUES ('transfer-to-new-persistence-table', 'R3.Corda', 'migration/node-services.changelog-init.xml', NOW(), 93, '8:dc5c1913b593f4a2b95ddca810da11ba', 'customChange', '', 'EXECUTED', NULL, NULL, '3.6.3', '3614858138') {changeSet=migration/node-services.changelog-init.xml::transfer-to-new-persistence-table::R3.Corda, databaseChangeLog=master.changelog.json}
?[m?[37m[INFO] 23:47:39,282 [Test worker] lockservice.StandardLockService. - Successfully released change log lock
?[m?[37m[INFO] 23:47:39,283 [Test worker] internal.InternalMockNetwork$MockNode. - Connected to H2 database.
?[m?[37m[INFO] 23:47:39,287 [Test worker] persistence.HibernateConfiguration. - Init HibernateConfiguration for schemas: [CommonSchemaV1(name=net.corda.core.schemas.CommonSchema, version=1), VaultSchemaV1(name=net.corda.node.services.vault.VaultSchema, version=1), NodeInfoSchemaV1(name=net.corda.node.internal.schemas.NodeInfoSchema, version=1), NodeCoreV1(name=net.corda.node.services.schema.NodeSchemaService$NodeCore, version=1)]
?[m?[37m[INFO] 23:47:39,287 [Test worker] factory.BaseSessionFactoryFactory. - Creating session factory for schemas: [CommonSchemaV1(name=net.corda.core.schemas.CommonSchema, version=1), VaultSchemaV1(name=net.corda.node.services.vault.VaultSchema, version=1), NodeInfoSchemaV1(name=net.corda.node.internal.schemas.NodeInfoSchema, version=1), NodeCoreV1(name=net.corda.node.services.schema.NodeSchemaService$NodeCore, version=1)]
?[m?[37m[INFO] 23:47:39,294 [Test worker] internal.ConnectionProviderInitiator. - HHH000130: Instantiating explicit connection provider: net.corda.nodeapi.internal.persistence.HibernateConfiguration$NodeDatabaseConnectionProvider
?[m?[37m[INFO] 23:47:39,295 [Test worker] dialect.Dialect. - HHH000400: Using dialect: org.hibernate.dialect.H2Dialect
?[m?[37m[INFO] 23:47:39,367 [Test worker] connections.access. - HHH10001501: Connection obtained from JdbcConnectionAccess [org.hibernate.engine.jdbc.env.internal.JdbcEnvironmentInitiator$ConnectionProviderJdbcConnectionAccess@3257a6b8] for (non-JTA) DDL execution was not in auto-commit mode; the Connection 'local transaction' will be committed and the Connection will be set into auto-commit mode.
?[m?[37m[INFO] 23:47:39,423 [Test worker] internal.JtaPlatformInitiator. - HHH000490: Using JtaPlatform implementation: [org.hibernate.engine.transaction.jta.platform.internal.NoJtaPlatform]
?[m?[37m[INFO] 23:47:39,423 [Test worker] factory.BaseSessionFactoryFactory. - Created session factory for schemas: [CommonSchemaV1(name=net.corda.core.schemas.CommonSchema, version=1), VaultSchemaV1(name=net.corda.node.services.vault.VaultSchema, version=1), NodeInfoSchemaV1(name=net.corda.node.internal.schemas.NodeInfoSchema, version=1), NodeCoreV1(name=net.corda.node.services.schema.NodeSchemaService$NodeCore, version=1)]
?[m?[37m[INFO] 23:47:39,425 [Test worker] internal.InternalMockNetwork$MockNode. - identity-private-key not found in key store, generating fresh key!
?[m?[37m[INFO] 23:47:39,462 [Test worker] internal.InternalMockNetwork$MockNode. - Node-info has changed so submitting update. Old node-info was null
?[m?[37m[INFO] 23:47:39,462 [Test worker] network.PersistentNetworkMapCache. - Adding node with info: NodeInfo(addresses=[mock.node:1000], legalIdentitiesAndCerts=[O=SenderNode, L=Madrid, C=ES], platformVersion=7, serial=1593614859462)
?[m?[37m[INFO] 23:47:39,465 [Test worker] network.PersistentNetworkMapCache. - No previous node found for O=SenderNode, L=Madrid, C=ES
?[m?[37m[INFO] 23:47:39,474 [Test worker] internal.InternalMockNetwork$MockNode. - New node-info: NodeInfo(addresses=[mock.node:1000], legalIdentitiesAndCerts=[O=SenderNode, L=Madrid, C=ES], platformVersion=7, serial=1593614859462)
?[m?[37m[INFO] 23:47:39,484 [Test worker] network.NetworkMapUpdater. - Auto-accept enabled for network parameter changes which modify only: [epoch, modifiedTime, packageOwnership, whitelistedContractImplementations]
?[m?[37m[INFO] 23:47:39,485 [Test worker] internal.MockNodeMessagingService. - Status change to true
?[m?[37m[INFO] 23:47:39,485 [Test worker] internal.InternalMockNetwork$MockNode. - MessagingService active change to: true
?[m?[37m[INFO] 23:47:39,491 [MockNode-2-2] network.PersistentNetworkMapCache. - Adding node with info: NodeInfo(addresses=[mock.node:1000], legalIdentitiesAndCerts=[O=SenderNode, L=Madrid, C=ES], platformVersion=7, serial=1593614859462)
?[m?[37m[INFO] 23:47:39,499 [MockNode-2-2] network.PersistentNetworkMapCache. - Previous node was identical to incoming one - doing nothing
?[m?[37m[INFO] 23:47:39,522 [Test worker] statemachine.SingleThreadedStateMachineManager. - Node ready, info: NodeInfo(addresses=[mock.node:1000], legalIdentitiesAndCerts=[O=SenderNode, L=Madrid, C=ES], platformVersion=7, serial=1593614859462)
?[m?[37m[INFO] 23:47:39,524 [Test worker] network.PersistentNetworkMapCache. - Adding node with info: NodeInfo(addresses=[mock.node:1000], legalIdentitiesAndCerts=[O=Notary Service, L=Zurich, C=CH], platformVersion=7, serial=1593614856841)
?[m?[37m[INFO] 23:47:39,526 [Test worker] network.PersistentNetworkMapCache. - No previous node found for O=Notary Service, L=Zurich, C=CH
?[m?[37m[INFO] 23:47:39,544 [Test worker] network.PersistentNetworkMapCache. - Adding node with info: NodeInfo(addresses=[mock.node:1000], legalIdentitiesAndCerts=[O=SenderNode, L=Madrid, C=ES], platformVersion=7, serial=1593614859462)
?[m?[37m[INFO] 23:47:39,546 [Test worker] network.PersistentNetworkMapCache. - No previous node found for O=SenderNode, L=Madrid, C=ES
?[m?[37m[INFO] 23:47:39,562 [Test worker] network.PersistentNetworkMapCache. - Adding node with info: NodeInfo(addresses=[mock.node:1000], legalIdentitiesAndCerts=[O=SenderNode, L=Madrid, C=ES], platformVersion=7, serial=1593614859462)
?[m?[37m[INFO] 23:47:39,562 [Test worker] network.PersistentNetworkMapCache. - Previous node was identical to incoming one - doing nothing
?[m?[37m[INFO] 23:47:39,563 [Test worker] network.PersistentNetworkMapCache. - Adding node with info: NodeInfo(addresses=[mock.node:1000], legalIdentitiesAndCerts=[O=SenderNode, L=Madrid, C=ES], platformVersion=7, serial=1593614859462)
?[m?[37m[INFO] 23:47:39,563 [Test worker] network.PersistentNetworkMapCache. - Previous node was identical to incoming one - doing nothing
?[m?[37m[INFO] 23:47:39,579 [Test worker] cordapp.JarScanningCordappLoader. - Looking for CorDapps in [build\mock-network\20200701-144717.967\nodes\2\cordapps]
?[m?[37m[INFO] 23:47:39,580 [Test worker] cordapp.JarScanningCordappLoader. - Loading CorDapps from RestrictedURL(url=file:/E:/workspace/corda/samples-kotlin/Basic/pingpong/workflows-kotlin/build/mock-network/20200701-144717.967/nodes/2/cordapps/net.corda.examples.pingpong.flows.FlowParallelMessagingTests_1_7_94baeabf-1013-426c-a853-fe9265425153.jar, rootPackageName=null)
?[m?[37m[INFO] 23:47:39,580 [Test worker] cordapp.JarScanningCordappLoader. - Scanning CorDapp in file:/E:/workspace/corda/samples-kotlin/Basic/pingpong/workflows-kotlin/build/mock-network/20200701-144717.967/nodes/2/cordapps/net.corda.examples.pingpong.flows.FlowParallelMessagingTests_1_7_94baeabf-1013-426c-a853-fe9265425153.jar
?[m?[37m[INFO] 23:47:39,637 [Test worker] internal.InternalMockNetwork$MockNode. - MessagingService active change to: false
?[m?[37m[INFO] 23:47:39,639 [Test worker] internal.InternalMockNetwork$MockNode. - Flow external operation executor has a max of 2 threads
?[m?[37m[INFO] 23:47:39,640 [Test worker] internal.InternalMockNetwork$MockNode. - Node starting up ...
?[m?[37m[INFO] 23:47:39,676 [Test worker] internal.NodeFlowManager. - Registered net.corda.examples.pingpong.flows.FlowParallelMessagingTests$SenderFlow to initiate net.corda.examples.pingpong.flows.FlowParallelMessagingTests$RecipientFlow (version 1)
?[m?[37m[INFO] 23:47:39,676 [Test worker] internal.NodeFlowManager. - Registered net.corda.examples.pingpong.flows.FlowParallelMessagingTests$StagedSenderFlow to initiate net.corda.examples.pingpong.flows.FlowParallelMessagingTests$StagedRecipientFlow (version 1)
?[m?[37m[INFO] 23:47:39,681 [Test worker] internal.InternalMockNetwork$MockNode. - Loaded network parameters: NetworkParameters {
      minimumPlatformVersion=1
      notaries=[NotaryInfo(identity=O=Notary Service, L=Zurich, C=CH, validating=true)]
      maxMessageSize=10485760
      maxTransactionSize=524288000
      whitelistedContractImplementations {
        
      }
      eventHorizon=PT720H
      packageOwnership {
        
      }
      modifiedTime=2020-07-01T14:47:17.967Z
      epoch=1
  }
?[m?[37m[INFO] 23:47:39,681 [Test worker] hikari.HikariDataSource. - HikariPool-3 - Starting...
?[m?[37m[INFO] 23:47:39,683 [Test worker] hikari.HikariDataSource. - HikariPool-3 - Start completed.
?[m?[37m[INFO] 23:47:39,939 [Test worker] changelog.StandardChangeLogHistoryService. - Creating database history table with name: PUBLIC.DATABASECHANGELOG
?[m?[37m[INFO] 23:47:39,939 [Test worker] jvm.JdbcExecutor. - CREATE TABLE PUBLIC.DATABASECHANGELOG (ID VARCHAR(255) NOT NULL, AUTHOR VARCHAR(255) NOT NULL, FILENAME VARCHAR(255) NOT NULL, DATEEXECUTED TIMESTAMP NOT NULL, ORDEREXECUTED INT NOT NULL, EXECTYPE VARCHAR(10) NOT NULL, MD5SUM VARCHAR(35), DESCRIPTION VARCHAR(255), COMMENTS VARCHAR(255), TAG VARCHAR(255), LIQUIBASE VARCHAR(20), CONTEXTS VARCHAR(255), LABELS VARCHAR(255), DEPLOYMENT_ID VARCHAR(10))
?[m?[37m[INFO] 23:47:39,940 [Test worker] jvm.JdbcExecutor. - SELECT COUNT(*) FROM PUBLIC.DATABASECHANGELOG
?[m?[37m[INFO] 23:47:39,940 [Test worker] changelog.StandardChangeLogHistoryService. - Reading from PUBLIC.DATABASECHANGELOG
?[m?[37m[INFO] 23:47:39,940 [Test worker] jvm.JdbcExecutor. - SELECT * FROM PUBLIC.DATABASECHANGELOG ORDER BY DATEEXECUTED ASC, ORDEREXECUTED ASC
?[m?[37m[INFO] 23:47:39,940 [Test worker] jvm.JdbcExecutor. - SELECT COUNT(*) FROM PUBLIC.DATABASECHANGELOGLOCK
?[m?[37m[INFO] 23:47:39,941 [Test worker] jvm.JdbcExecutor. - CREATE TABLE PUBLIC.DATABASECHANGELOGLOCK (ID INT NOT NULL, LOCKED BOOLEAN NOT NULL, LOCKGRANTED TIMESTAMP, LOCKEDBY VARCHAR(255), CONSTRAINT PK_DATABASECHANGELOGLOCK PRIMARY KEY (ID))
?[m?[37m[INFO] 23:47:39,942 [Test worker] jvm.JdbcExecutor. - SELECT COUNT(*) FROM PUBLIC.DATABASECHANGELOGLOCK
?[m?[37m[INFO] 23:47:39,943 [Test worker] jvm.JdbcExecutor. - DELETE FROM PUBLIC.DATABASECHANGELOGLOCK
?[m?[37m[INFO] 23:47:39,943 [Test worker] jvm.JdbcExecutor. - INSERT INTO PUBLIC.DATABASECHANGELOGLOCK (ID, LOCKED) VALUES (1, FALSE)
?[m?[37m[INFO] 23:47:39,957 [Test worker] visitor.ValidatingVisitor. - Skipping change set migration/vault-schema.changelog-pkey.xml::non-clustered_pk-11::R3.Corda due to validation error(s): clustered is not allowed on h2 {changeSet=migration/vault-schema.changelog-pkey.xml::non-clustered_pk-11::R3.Corda, databaseChangeLog=master.changelog.json}
?[m?[37m[INFO] 23:47:39,960 [Test worker] visitor.ValidatingVisitor. - Skipping change set migration/vault-schema.changelog-pkey.xml::non-clustered_pk-12::R3.Corda due to validation error(s): clustered is not allowed on h2 {changeSet=migration/vault-schema.changelog-pkey.xml::non-clustered_pk-12::R3.Corda, databaseChangeLog=master.changelog.json}
?[m?[37m[INFO] 23:47:39,961 [Test worker] visitor.ValidatingVisitor. - Skipping change set migration/vault-schema.changelog-pkey.xml::non-clustered_pk-13::R3.Corda due to validation error(s): clustered is not allowed on h2 {changeSet=migration/vault-schema.changelog-pkey.xml::non-clustered_pk-13::R3.Corda, databaseChangeLog=master.changelog.json}
?[m?[37m[INFO] 23:47:39,990 [Test worker] visitor.ValidatingVisitor. - Skipping change set migration/node-core.changelog-pkey.xml::non-clustered_pk-1::R3.Corda due to validation error(s): clustered is not allowed on h2 {changeSet=migration/node-core.changelog-pkey.xml::non-clustered_pk-1::R3.Corda, databaseChangeLog=master.changelog.json}
?[m?[37m[INFO] 23:47:39,991 [Test worker] visitor.ValidatingVisitor. - Skipping change set migration/node-core.changelog-pkey.xml::non-clustered_pk-2::R3.Corda due to validation error(s): clustered is not allowed on h2 {changeSet=migration/node-core.changelog-pkey.xml::non-clustered_pk-2::R3.Corda, databaseChangeLog=master.changelog.json}
?[m?[37m[INFO] 23:47:39,991 [Test worker] visitor.ValidatingVisitor. - Skipping change set migration/node-core.changelog-pkey.xml::non-clustered_pk-3::R3.Corda due to validation error(s): clustered is not allowed on h2 {changeSet=migration/node-core.changelog-pkey.xml::non-clustered_pk-3::R3.Corda, databaseChangeLog=master.changelog.json}
?[m?[37m[INFO] 23:47:39,995 [Test worker] visitor.ValidatingVisitor. - Skipping change set migration/node-core.changelog-pkey.xml::non-clustered_pk-4::R3.Corda due to validation error(s): clustered is not allowed on h2 {changeSet=migration/node-core.changelog-pkey.xml::non-clustered_pk-4::R3.Corda, databaseChangeLog=master.changelog.json}
?[m?[37m[INFO] 23:47:39,995 [Test worker] visitor.ValidatingVisitor. - Skipping change set migration/node-core.changelog-pkey.xml::non-clustered_pk-5::R3.Corda due to validation error(s): clustered is not allowed on h2 {changeSet=migration/node-core.changelog-pkey.xml::non-clustered_pk-5::R3.Corda, databaseChangeLog=master.changelog.json}
?[m?[37m[INFO] 23:47:39,996 [Test worker] visitor.ValidatingVisitor. - Skipping change set migration/node-core.changelog-pkey.xml::non-clustered_pk-6::R3.Corda due to validation error(s): clustered is not allowed on h2 {changeSet=migration/node-core.changelog-pkey.xml::non-clustered_pk-6::R3.Corda, databaseChangeLog=master.changelog.json}
?[m?[37m[INFO] 23:47:39,996 [Test worker] visitor.ValidatingVisitor. - Skipping change set migration/node-core.changelog-pkey.xml::non-clustered_pk-7::R3.Corda due to validation error(s): clustered is not allowed on h2 {changeSet=migration/node-core.changelog-pkey.xml::non-clustered_pk-7::R3.Corda, databaseChangeLog=master.changelog.json}
?[m?[37m[INFO] 23:47:40,012 [Test worker] jvm.JdbcExecutor. - SELECT COUNT(*) FROM PUBLIC.DATABASECHANGELOGLOCK
?[m?[37m[INFO] 23:47:40,013 [Test worker] jvm.JdbcExecutor. - SELECT LOCKED FROM PUBLIC.DATABASECHANGELOGLOCK WHERE ID=1
?[m?[37m[INFO] 23:47:40,014 [Test worker] lockservice.StandardLockService. - Successfully acquired change log lock
?[m?[37m[INFO] 23:47:40,017 [Test worker] visitor.ValidatingVisitor. - Skipping change set migration/vault-schema.changelog-pkey.xml::non-clustered_pk-11::R3.Corda due to validation error(s): clustered is not allowed on h2 {changeSet=migration/vault-schema.changelog-pkey.xml::non-clustered_pk-11::R3.Corda, databaseChangeLog=master.changelog.json}
?[m?[37m[INFO] 23:47:40,018 [Test worker] visitor.ValidatingVisitor. - Skipping change set migration/vault-schema.changelog-pkey.xml::non-clustered_pk-12::R3.Corda due to validation error(s): clustered is not allowed on h2 {changeSet=migration/vault-schema.changelog-pkey.xml::non-clustered_pk-12::R3.Corda, databaseChangeLog=master.changelog.json}
?[m?[37m[INFO] 23:47:40,018 [Test worker] visitor.ValidatingVisitor. - Skipping change set migration/vault-schema.changelog-pkey.xml::non-clustered_pk-13::R3.Corda due to validation error(s): clustered is not allowed on h2 {changeSet=migration/vault-schema.changelog-pkey.xml::non-clustered_pk-13::R3.Corda, databaseChangeLog=master.changelog.json}
?[m?[37m[INFO] 23:47:40,024 [Test worker] visitor.ValidatingVisitor. - Skipping change set migration/node-core.changelog-pkey.xml::non-clustered_pk-1::R3.Corda due to validation error(s): clustered is not allowed on h2 {changeSet=migration/node-core.changelog-pkey.xml::non-clustered_pk-1::R3.Corda, databaseChangeLog=master.changelog.json}
?[m?[37m[INFO] 23:47:40,024 [Test worker] visitor.ValidatingVisitor. - Skipping change set migration/node-core.changelog-pkey.xml::non-clustered_pk-2::R3.Corda due to validation error(s): clustered is not allowed on h2 {changeSet=migration/node-core.changelog-pkey.xml::non-clustered_pk-2::R3.Corda, databaseChangeLog=master.changelog.json}
?[m?[37m[INFO] 23:47:40,024 [Test worker] visitor.ValidatingVisitor. - Skipping change set migration/node-core.changelog-pkey.xml::non-clustered_pk-3::R3.Corda due to validation error(s): clustered is not allowed on h2 {changeSet=migration/node-core.changelog-pkey.xml::non-clustered_pk-3::R3.Corda, databaseChangeLog=master.changelog.json}
?[m?[37m[INFO] 23:47:40,024 [Test worker] visitor.ValidatingVisitor. - Skipping change set migration/node-core.changelog-pkey.xml::non-clustered_pk-4::R3.Corda due to validation error(s): clustered is not allowed on h2 {changeSet=migration/node-core.changelog-pkey.xml::non-clustered_pk-4::R3.Corda, databaseChangeLog=master.changelog.json}
?[m?[37m[INFO] 23:47:40,026 [Test worker] visitor.ValidatingVisitor. - Skipping change set migration/node-core.changelog-pkey.xml::non-clustered_pk-5::R3.Corda due to validation error(s): clustered is not allowed on h2 {changeSet=migration/node-core.changelog-pkey.xml::non-clustered_pk-5::R3.Corda, databaseChangeLog=master.changelog.json}
?[m?[37m[INFO] 23:47:40,026 [Test worker] visitor.ValidatingVisitor. - Skipping change set migration/node-core.changelog-pkey.xml::non-clustered_pk-6::R3.Corda due to validation error(s): clustered is not allowed on h2 {changeSet=migration/node-core.changelog-pkey.xml::non-clustered_pk-6::R3.Corda, databaseChangeLog=master.changelog.json}
?[m?[37m[INFO] 23:47:40,026 [Test worker] visitor.ValidatingVisitor. - Skipping change set migration/node-core.changelog-pkey.xml::non-clustered_pk-7::R3.Corda due to validation error(s): clustered is not allowed on h2 {changeSet=migration/node-core.changelog-pkey.xml::non-clustered_pk-7::R3.Corda, databaseChangeLog=master.changelog.json}
?[m?[37m[INFO] 23:47:40,030 [Test worker] jvm.JdbcExecutor. - SELECT SEQUENCE_NAME FROM INFORMATION_SCHEMA.SEQUENCES WHERE SEQUENCE_SCHEMA = 'null' AND IS_GENERATED=FALSE {changeSet=migration/common.changelog-init.xml::1511451595465-1.1::R3.Corda, databaseChangeLog=master.changelog.json}
?[m?[37m[INFO] 23:47:40,031 [Test worker] jvm.JdbcExecutor. - SELECT SEQUENCE_NAME FROM INFORMATION_SCHEMA.SEQUENCES WHERE SEQUENCE_SCHEMA = 'PUBLIC' AND IS_GENERATED=FALSE {changeSet=migration/common.changelog-init.xml::1511451595465-1.1::R3.Corda, databaseChangeLog=master.changelog.json}
?[m?[37m[INFO] 23:47:40,045 [Test worker] jvm.JdbcExecutor. - CREATE SEQUENCE PUBLIC.hibernate_sequence {changeSet=migration/common.changelog-init.xml::1511451595465-1.1::R3.Corda, databaseChangeLog=master.changelog.json}
?[m?[37m[INFO] 23:47:40,045 [Test worker] changelog.ChangeSet. - Sequence hibernate_sequence created {changeSet=migration/common.changelog-init.xml::1511451595465-1.1::R3.Corda, databaseChangeLog=master.changelog.json}
?[m?[37m[INFO] 23:47:40,045 [Test worker] changelog.ChangeSet. - ChangeSet migration/common.changelog-init.xml::1511451595465-1.1::R3.Corda ran successfully in 16ms {changeSet=migration/common.changelog-init.xml::1511451595465-1.1::R3.Corda, databaseChangeLog=master.changelog.json}
?[m?[37m[INFO] 23:47:40,046 [Test worker] jvm.JdbcExecutor. - SELECT MAX(ORDEREXECUTED) FROM PUBLIC.DATABASECHANGELOG {changeSet=migration/common.changelog-init.xml::1511451595465-1.1::R3.Corda, databaseChangeLog=master.changelog.json}
?[m?[37m[INFO] 23:47:40,047 [Test worker] jvm.JdbcExecutor. - INSERT INTO PUBLIC.DATABASECHANGELOG (ID, AUTHOR, FILENAME, DATEEXECUTED, ORDEREXECUTED, MD5SUM, DESCRIPTION, COMMENTS, EXECTYPE, CONTEXTS, LABELS, LIQUIBASE, DEPLOYMENT_ID) VALUES ('1511451595465-1.1', 'R3.Corda', 'migration/common.changelog-init.xml', NOW(), 1, '8:9df4ee4464a4a10dfcf2717c73a52620', 'createSequence sequenceName=hibernate_sequence', '', 'EXECUTED', NULL, NULL, '3.6.3', '3614860014') {changeSet=migration/common.changelog-init.xml::1511451595465-1.1::R3.Corda, databaseChangeLog=master.changelog.json}
?[m?[37m[INFO] 23:47:40,048 [Test worker] jvm.JdbcExecutor. - CREATE TABLE PUBLIC.vault_fungible_states (output_index INT NOT NULL, transaction_id NVARCHAR(64) NOT NULL, issuer_name NVARCHAR(255), issuer_ref VARBINARY(512), owner_name NVARCHAR(255), quantity BIGINT) {changeSet=migration/vault-schema.changelog-init.xml::1511451595465-22::R3.Corda, databaseChangeLog=master.changelog.json}
?[m?[37m[INFO] 23:47:40,048 [Test worker] changelog.ChangeSet. - Table vault_fungible_states created {changeSet=migration/vault-schema.changelog-init.xml::1511451595465-22::R3.Corda, databaseChangeLog=master.changelog.json}
?[m?[37m[INFO] 23:47:40,048 [Test worker] changelog.ChangeSet. - ChangeSet migration/vault-schema.changelog-init.xml::1511451595465-22::R3.Corda ran successfully in 1ms {changeSet=migration/vault-schema.changelog-init.xml::1511451595465-22::R3.Corda, databaseChangeLog=master.changelog.json}
?[m?[37m[INFO] 23:47:40,049 [Test worker] jvm.JdbcExecutor. - INSERT INTO PUBLIC.DATABASECHANGELOG (ID, AUTHOR, FILENAME, DATEEXECUTED, ORDEREXECUTED, MD5SUM, DESCRIPTION, COMMENTS, EXECTYPE, CONTEXTS, LABELS, LIQUIBASE, DEPLOYMENT_ID) VALUES ('1511451595465-22', 'R3.Corda', 'migration/vault-schema.changelog-init.xml', NOW(), 2, '8:4ae481f11ac84744a4392bbfd533fa75', 'createTable tableName=vault_fungible_states', '', 'EXECUTED', NULL, NULL, '3.6.3', '3614860014') {changeSet=migration/vault-schema.changelog-init.xml::1511451595465-22::R3.Corda, databaseChangeLog=master.changelog.json}
?[m?[37m[INFO] 23:47:40,050 [Test worker] jvm.JdbcExecutor. - CREATE TABLE PUBLIC.vault_fungible_states_parts (output_index INT NOT NULL, transaction_id NVARCHAR(64) NOT NULL, participants NVARCHAR(255)) {changeSet=migration/vault-schema.changelog-init.xml::1511451595465-23::R3.Corda, databaseChangeLog=master.changelog.json}
?[m?[37m[INFO] 23:47:40,050 [Test worker] changelog.ChangeSet. - Table vault_fungible_states_parts created {changeSet=migration/vault-schema.changelog-init.xml::1511451595465-23::R3.Corda, databaseChangeLog=master.changelog.json}
?[m?[37m[INFO] 23:47:40,050 [Test worker] changelog.ChangeSet. - ChangeSet migration/vault-schema.changelog-init.xml::1511451595465-23::R3.Corda ran successfully in 0ms {changeSet=migration/vault-schema.changelog-init.xml::1511451595465-23::R3.Corda, databaseChangeLog=master.changelog.json}
?[m?[37m[INFO] 23:47:40,051 [Test worker] jvm.JdbcExecutor. - INSERT INTO PUBLIC.DATABASECHANGELOG (ID, AUTHOR, FILENAME, DATEEXECUTED, ORDEREXECUTED, MD5SUM, DESCRIPTION, COMMENTS, EXECTYPE, CONTEXTS, LABELS, LIQUIBASE, DEPLOYMENT_ID) VALUES ('1511451595465-23', 'R3.Corda', 'migration/vault-schema.changelog-init.xml', NOW(), 3, '8:3222255d3b2e04b9dfad42d9acab103e', 'createTable tableName=vault_fungible_states_parts', '', 'EXECUTED', NULL, NULL, '3.6.3', '3614860014') {changeSet=migration/vault-schema.changelog-init.xml::1511451595465-23::R3.Corda, databaseChangeLog=master.changelog.json}
?[m?[37m[INFO] 23:47:40,052 [Test worker] jvm.JdbcExecutor. - CREATE TABLE PUBLIC.vault_linear_states (output_index INT NOT NULL, transaction_id NVARCHAR(64) NOT NULL, external_id NVARCHAR(255), uuid VARCHAR(255) NOT NULL) {changeSet=migration/vault-schema.changelog-init.xml::1511451595465-24::R3.Corda, databaseChangeLog=master.changelog.json}
?[m?[37m[INFO] 23:47:40,053 [Test worker] changelog.ChangeSet. - Table vault_linear_states created {changeSet=migration/vault-schema.changelog-init.xml::1511451595465-24::R3.Corda, databaseChangeLog=master.changelog.json}
?[m?[37m[INFO] 23:47:40,053 [Test worker] changelog.ChangeSet. - ChangeSet migration/vault-schema.changelog-init.xml::1511451595465-24::R3.Corda ran successfully in 1ms {changeSet=migration/vault-schema.changelog-init.xml::1511451595465-24::R3.Corda, databaseChangeLog=master.changelog.json}
?[m?[37m[INFO] 23:47:40,053 [Test worker] jvm.JdbcExecutor. - INSERT INTO PUBLIC.DATABASECHANGELOG (ID, AUTHOR, FILENAME, DATEEXECUTED, ORDEREXECUTED, MD5SUM, DESCRIPTION, COMMENTS, EXECTYPE, CONTEXTS, LABELS, LIQUIBASE, DEPLOYMENT_ID) VALUES ('1511451595465-24', 'R3.Corda', 'migration/vault-schema.changelog-init.xml', NOW(), 4, '8:fb2c5b52213239424320d137dc22059b', 'createTable tableName=vault_linear_states', '', 'EXECUTED', NULL, NULL, '3.6.3', '3614860014') {changeSet=migration/vault-schema.changelog-init.xml::1511451595465-24::R3.Corda, databaseChangeLog=master.changelog.json}
?[m?[37m[INFO] 23:47:40,054 [Test worker] jvm.JdbcExecutor. - CREATE TABLE PUBLIC.vault_linear_states_parts (output_index INT NOT NULL, transaction_id NVARCHAR(64) NOT NULL, participants NVARCHAR(255)) {changeSet=migration/vault-schema.changelog-init.xml::1511451595465-25::R3.Corda, databaseChangeLog=master.changelog.json}
?[m?[37m[INFO] 23:47:40,055 [Test worker] changelog.ChangeSet. - Table vault_linear_states_parts created {changeSet=migration/vault-schema.changelog-init.xml::1511451595465-25::R3.Corda, databaseChangeLog=master.changelog.json}
?[m?[37m[INFO] 23:47:40,055 [Test worker] changelog.ChangeSet. - ChangeSet migration/vault-schema.changelog-init.xml::1511451595465-25::R3.Corda ran successfully in 1ms {changeSet=migration/vault-schema.changelog-init.xml::1511451595465-25::R3.Corda, databaseChangeLog=master.changelog.json}
?[m?[37m[INFO] 23:47:40,055 [Test worker] jvm.JdbcExecutor. - INSERT INTO PUBLIC.DATABASECHANGELOG (ID, AUTHOR, FILENAME, DATEEXECUTED, ORDEREXECUTED, MD5SUM, DESCRIPTION, COMMENTS, EXECTYPE, CONTEXTS, LABELS, LIQUIBASE, DEPLOYMENT_ID) VALUES ('1511451595465-25', 'R3.Corda', 'migration/vault-schema.changelog-init.xml', NOW(), 5, '8:ccb2ca1b37c0eeb2ac12506f17bc8ee0', 'createTable tableName=vault_linear_states_parts', '', 'EXECUTED', NULL, NULL, '3.6.3', '3614860014') {changeSet=migration/vault-schema.changelog-init.xml::1511451595465-25::R3.Corda, databaseChangeLog=master.changelog.json}
?[m?[37m[INFO] 23:47:40,056 [Test worker] jvm.JdbcExecutor. - CREATE TABLE PUBLIC.vault_states (output_index INT NOT NULL, transaction_id NVARCHAR(64) NOT NULL, consumed_timestamp TIMESTAMP, contract_state_class_name NVARCHAR(255), lock_id NVARCHAR(255), lock_timestamp TIMESTAMP, notary_name NVARCHAR(255), recorded_timestamp TIMESTAMP, state_status INT) {changeSet=migration/vault-schema.changelog-init.xml::1511451595465-26::R3.Corda, databaseChangeLog=master.changelog.json}
?[m?[37m[INFO] 23:47:40,057 [Test worker] changelog.ChangeSet. - Table vault_states created {changeSet=migration/vault-schema.changelog-init.xml::1511451595465-26::R3.Corda, databaseChangeLog=master.changelog.json}
?[m?[37m[INFO] 23:47:40,057 [Test worker] changelog.ChangeSet. - ChangeSet migration/vault-schema.changelog-init.xml::1511451595465-26::R3.Corda ran successfully in 1ms {changeSet=migration/vault-schema.changelog-init.xml::1511451595465-26::R3.Corda, databaseChangeLog=master.changelog.json}
?[m?[37m[INFO] 23:47:40,058 [Test worker] jvm.JdbcExecutor. - INSERT INTO PUBLIC.DATABASECHANGELOG (ID, AUTHOR, FILENAME, DATEEXECUTED, ORDEREXECUTED, MD5SUM, DESCRIPTION, COMMENTS, EXECTYPE, CONTEXTS, LABELS, LIQUIBASE, DEPLOYMENT_ID) VALUES ('1511451595465-26', 'R3.Corda', 'migration/vault-schema.changelog-init.xml', NOW(), 6, '8:971edadc2af9e847ed490f418530d40b', 'createTable tableName=vault_states', '', 'EXECUTED', NULL, NULL, '3.6.3', '3614860014') {changeSet=migration/vault-schema.changelog-init.xml::1511451595465-26::R3.Corda, databaseChangeLog=master.changelog.json}
?[m?[37m[INFO] 23:47:40,059 [Test worker] jvm.JdbcExecutor. - CREATE TABLE PUBLIC.vault_transaction_notes (seq_no INT NOT NULL, note NVARCHAR(255), transaction_id NVARCHAR(64)) {changeSet=migration/vault-schema.changelog-init.xml::1511451595465-27::R3.Corda, databaseChangeLog=master.changelog.json}
?[m?[37m[INFO] 23:47:40,059 [Test worker] changelog.ChangeSet. - Table vault_transaction_notes created {changeSet=migration/vault-schema.changelog-init.xml::1511451595465-27::R3.Corda, databaseChangeLog=master.changelog.json}
?[m?[37m[INFO] 23:47:40,060 [Test worker] changelog.ChangeSet. - ChangeSet migration/vault-schema.changelog-init.xml::1511451595465-27::R3.Corda ran successfully in 1ms {changeSet=migration/vault-schema.changelog-init.xml::1511451595465-27::R3.Corda, databaseChangeLog=master.changelog.json}
?[m?[37m[INFO] 23:47:40,060 [Test worker] jvm.JdbcExecutor. - INSERT INTO PUBLIC.DATABASECHANGELOG (ID, AUTHOR, FILENAME, DATEEXECUTED, ORDEREXECUTED, MD5SUM, DESCRIPTION, COMMENTS, EXECTYPE, CONTEXTS, LABELS, LIQUIBASE, DEPLOYMENT_ID) VALUES ('1511451595465-27', 'R3.Corda', 'migration/vault-schema.changelog-init.xml', NOW(), 7, '8:7a8064e58d100a02ed56e538122296e4', 'createTable tableName=vault_transaction_notes', '', 'EXECUTED', NULL, NULL, '3.6.3', '3614860014') {changeSet=migration/vault-schema.changelog-init.xml::1511451595465-27::R3.Corda, databaseChangeLog=master.changelog.json}
?[m?[37m[INFO] 23:47:40,061 [Test worker] jvm.JdbcExecutor. - ALTER TABLE PUBLIC.vault_fungible_states ADD CONSTRAINT vault_fungible_states_pkey PRIMARY KEY (output_index, transaction_id) {changeSet=migration/vault-schema.changelog-init.xml::1511451595465-47::R3.Corda, databaseChangeLog=master.changelog.json}
?[m?[37m[INFO] 23:47:40,062 [Test worker] changelog.ChangeSet. - Primary key added to vault_fungible_states (output_index, transaction_id) {changeSet=migration/vault-schema.changelog-init.xml::1511451595465-47::R3.Corda, databaseChangeLog=master.changelog.json}
?[m?[37m[INFO] 23:47:40,062 [Test worker] changelog.ChangeSet. - ChangeSet migration/vault-schema.changelog-init.xml::1511451595465-47::R3.Corda ran successfully in 1ms {changeSet=migration/vault-schema.changelog-init.xml::1511451595465-47::R3.Corda, databaseChangeLog=master.changelog.json}
?[m?[37m[INFO] 23:47:40,063 [Test worker] jvm.JdbcExecutor. - INSERT INTO PUBLIC.DATABASECHANGELOG (ID, AUTHOR, FILENAME, DATEEXECUTED, ORDEREXECUTED, MD5SUM, DESCRIPTION, COMMENTS, EXECTYPE, CONTEXTS, LABELS, LIQUIBASE, DEPLOYMENT_ID) VALUES ('1511451595465-47', 'R3.Corda', 'migration/vault-schema.changelog-init.xml', NOW(), 8, '8:4eddd48de14b69bdd265a4b0c438f070', 'addPrimaryKey constraintName=vault_fungible_states_pkey, tableName=vault_fungible_states', '', 'EXECUTED', NULL, NULL, '3.6.3', '3614860014') {changeSet=migration/vault-schema.changelog-init.xml::1511451595465-47::R3.Corda, databaseChangeLog=master.changelog.json}
?[m?[37m[INFO] 23:47:40,063 [Test worker] jvm.JdbcExecutor. - ALTER TABLE PUBLIC.vault_linear_states ADD CONSTRAINT vault_linear_states_pkey PRIMARY KEY (output_index, transaction_id) {changeSet=migration/vault-schema.changelog-init.xml::1511451595465-48::R3.Corda, databaseChangeLog=master.changelog.json}
?[m?[37m[INFO] 23:47:40,064 [Test worker] changelog.ChangeSet. - Primary key added to vault_linear_states (output_index, transaction_id) {changeSet=migration/vault-schema.changelog-init.xml::1511451595465-48::R3.Corda, databaseChangeLog=master.changelog.json}
?[m?[37m[INFO] 23:47:40,064 [Test worker] changelog.ChangeSet. - ChangeSet migration/vault-schema.changelog-init.xml::1511451595465-48::R3.Corda ran successfully in 1ms {changeSet=migration/vault-schema.changelog-init.xml::1511451595465-48::R3.Corda, databaseChangeLog=master.changelog.json}
?[m?[37m[INFO] 23:47:40,066 [Test worker] jvm.JdbcExecutor. - INSERT INTO PUBLIC.DATABASECHANGELOG (ID, AUTHOR, FILENAME, DATEEXECUTED, ORDEREXECUTED, MD5SUM, DESCRIPTION, COMMENTS, EXECTYPE, CONTEXTS, LABELS, LIQUIBASE, DEPLOYMENT_ID) VALUES ('1511451595465-48', 'R3.Corda', 'migration/vault-schema.changelog-init.xml', NOW(), 9, '8:3695c44ddebef2dde359dec253a5969a', 'addPrimaryKey constraintName=vault_linear_states_pkey, tableName=vault_linear_states', '', 'EXECUTED', NULL, NULL, '3.6.3', '3614860014') {changeSet=migration/vault-schema.changelog-init.xml::1511451595465-48::R3.Corda, databaseChangeLog=master.changelog.json}
?[m?[37m[INFO] 23:47:40,067 [Test worker] jvm.JdbcExecutor. - ALTER TABLE PUBLIC.vault_states ADD CONSTRAINT vault_states_pkey PRIMARY KEY (output_index, transaction_id) {changeSet=migration/vault-schema.changelog-init.xml::1511451595465-49::R3.Corda, databaseChangeLog=master.changelog.json}
?[m?[37m[INFO] 23:47:40,068 [Test worker] changelog.ChangeSet. - Primary key added to vault_states (output_index, transaction_id) {changeSet=migration/vault-schema.changelog-init.xml::1511451595465-49::R3.Corda, databaseChangeLog=master.changelog.json}
?[m?[37m[INFO] 23:47:40,068 [Test worker] changelog.ChangeSet. - ChangeSet migration/vault-schema.changelog-init.xml::1511451595465-49::R3.Corda ran successfully in 2ms {changeSet=migration/vault-schema.changelog-init.xml::1511451595465-49::R3.Corda, databaseChangeLog=master.changelog.json}
?[m?[37m[INFO] 23:47:40,069 [Test worker] jvm.JdbcExecutor. - INSERT INTO PUBLIC.DATABASECHANGELOG (ID, AUTHOR, FILENAME, DATEEXECUTED, ORDEREXECUTED, MD5SUM, DESCRIPTION, COMMENTS, EXECTYPE, CONTEXTS, LABELS, LIQUIBASE, DEPLOYMENT_ID) VALUES ('1511451595465-49', 'R3.Corda', 'migration/vault-schema.changelog-init.xml', NOW(), 10, '8:5d21dc3c09051ea30475250d25178892', 'addPrimaryKey constraintName=vault_states_pkey, tableName=vault_states', '', 'EXECUTED', NULL, NULL, '3.6.3', '3614860014') {changeSet=migration/vault-schema.changelog-init.xml::1511451595465-49::R3.Corda, databaseChangeLog=master.changelog.json}
?[m?[37m[INFO] 23:47:40,070 [Test worker] jvm.JdbcExecutor. - ALTER TABLE PUBLIC.vault_transaction_notes ADD CONSTRAINT vault_transaction_notes_pkey PRIMARY KEY (seq_no) {changeSet=migration/vault-schema.changelog-init.xml::1511451595465-50::R3.Corda, databaseChangeLog=master.changelog.json}
?[m?[37m[INFO] 23:47:40,070 [Test worker] changelog.ChangeSet. - Primary key added to vault_transaction_notes (seq_no) {changeSet=migration/vault-schema.changelog-init.xml::1511451595465-50::R3.Corda, databaseChangeLog=master.changelog.json}
?[m?[37m[INFO] 23:47:40,070 [Test worker] changelog.ChangeSet. - ChangeSet migration/vault-schema.changelog-init.xml::1511451595465-50::R3.Corda ran successfully in 0ms {changeSet=migration/vault-schema.changelog-init.xml::1511451595465-50::R3.Corda, databaseChangeLog=master.changelog.json}
?[m?[37m[INFO] 23:47:40,071 [Test worker] jvm.JdbcExecutor. - INSERT INTO PUBLIC.DATABASECHANGELOG (ID, AUTHOR, FILENAME, DATEEXECUTED, ORDEREXECUTED, MD5SUM, DESCRIPTION, COMMENTS, EXECTYPE, CONTEXTS, LABELS, LIQUIBASE, DEPLOYMENT_ID) VALUES ('1511451595465-50', 'R3.Corda', 'migration/vault-schema.changelog-init.xml', NOW(), 11, '8:2bf545e5d7593a3456708426c3686ebb', 'addPrimaryKey constraintName=vault_transaction_notes_pkey, tableName=vault_transaction_notes', '', 'EXECUTED', NULL, NULL, '3.6.3', '3614860014') {changeSet=migration/vault-schema.changelog-init.xml::1511451595465-50::R3.Corda, databaseChangeLog=master.changelog.json}
?[m?[37m[INFO] 23:47:40,072 [Test worker] jvm.JdbcExecutor. - CREATE INDEX PUBLIC.external_id_index ON PUBLIC.vault_linear_states(external_id) {changeSet=migration/vault-schema.changelog-init.xml::1511451595465-53::R3.Corda, databaseChangeLog=master.changelog.json}
?[m?[37m[INFO] 23:47:40,072 [Test worker] changelog.ChangeSet. - Index external_id_index created {changeSet=migration/vault-schema.changelog-init.xml::1511451595465-53::R3.Corda, databaseChangeLog=master.changelog.json}
?[m?[37m[INFO] 23:47:40,072 [Test worker] changelog.ChangeSet. - ChangeSet migration/vault-schema.changelog-init.xml::1511451595465-53::R3.Corda ran successfully in 0ms {changeSet=migration/vault-schema.changelog-init.xml::1511451595465-53::R3.Corda, databaseChangeLog=master.changelog.json}
?[m?[37m[INFO] 23:47:40,073 [Test worker] jvm.JdbcExecutor. - INSERT INTO PUBLIC.DATABASECHANGELOG (ID, AUTHOR, FILENAME, DATEEXECUTED, ORDEREXECUTED, MD5SUM, DESCRIPTION, COMMENTS, EXECTYPE, CONTEXTS, LABELS, LIQUIBASE, DEPLOYMENT_ID) VALUES ('1511451595465-53', 'R3.Corda', 'migration/vault-schema.changelog-init.xml', NOW(), 12, '8:b1272090dcd2325b0382f829ce13a1ff', 'createIndex indexName=external_id_index, tableName=vault_linear_states', '', 'EXECUTED', NULL, NULL, '3.6.3', '3614860014') {changeSet=migration/vault-schema.changelog-init.xml::1511451595465-53::R3.Corda, databaseChangeLog=master.changelog.json}
?[m?[37m[INFO] 23:47:40,074 [Test worker] jvm.JdbcExecutor. - CREATE INDEX PUBLIC.lock_id_idx ON PUBLIC.vault_states(lock_id, state_status) {changeSet=migration/vault-schema.changelog-init.xml::1511451595465-55::R3.Corda, databaseChangeLog=master.changelog.json}
?[m?[37m[INFO] 23:47:40,074 [Test worker] changelog.ChangeSet. - Index lock_id_idx created {changeSet=migration/vault-schema.changelog-init.xml::1511451595465-55::R3.Corda, databaseChangeLog=master.changelog.json}
?[m?[37m[INFO] 23:47:40,074 [Test worker] changelog.ChangeSet. - ChangeSet migration/vault-schema.changelog-init.xml::1511451595465-55::R3.Corda ran successfully in 0ms {changeSet=migration/vault-schema.changelog-init.xml::1511451595465-55::R3.Corda, databaseChangeLog=master.changelog.json}
?[m?[37m[INFO] 23:47:40,075 [Test worker] jvm.JdbcExecutor. - INSERT INTO PUBLIC.DATABASECHANGELOG (ID, AUTHOR, FILENAME, DATEEXECUTED, ORDEREXECUTED, MD5SUM, DESCRIPTION, COMMENTS, EXECTYPE, CONTEXTS, LABELS, LIQUIBASE, DEPLOYMENT_ID) VALUES ('1511451595465-55', 'R3.Corda', 'migration/vault-schema.changelog-init.xml', NOW(), 13, '8:0b77fbedaccc2eed4b8efd6fddf6581b', 'createIndex indexName=lock_id_idx, tableName=vault_states', '', 'EXECUTED', NULL, NULL, '3.6.3', '3614860014') {changeSet=migration/vault-schema.changelog-init.xml::1511451595465-55::R3.Corda, databaseChangeLog=master.changelog.json}
?[m?[37m[INFO] 23:47:40,077 [Test worker] jvm.JdbcExecutor. - CREATE INDEX PUBLIC.state_status_idx ON PUBLIC.vault_states(state_status) {changeSet=migration/vault-schema.changelog-init.xml::1511451595465-58::R3.Corda, databaseChangeLog=master.changelog.json}
?[m?[37m[INFO] 23:47:40,077 [Test worker] changelog.ChangeSet. - Index state_status_idx created {changeSet=migration/vault-schema.changelog-init.xml::1511451595465-58::R3.Corda, databaseChangeLog=master.changelog.json}
?[m?[37m[INFO] 23:47:40,077 [Test worker] changelog.ChangeSet. - ChangeSet migration/vault-schema.changelog-init.xml::1511451595465-58::R3.Corda ran successfully in 1ms {changeSet=migration/vault-schema.changelog-init.xml::1511451595465-58::R3.Corda, databaseChangeLog=master.changelog.json}
?[m?[37m[INFO] 23:47:40,078 [Test worker] jvm.JdbcExecutor. - INSERT INTO PUBLIC.DATABASECHANGELOG (ID, AUTHOR, FILENAME, DATEEXECUTED, ORDEREXECUTED, MD5SUM, DESCRIPTION, COMMENTS, EXECTYPE, CONTEXTS, LABELS, LIQUIBASE, DEPLOYMENT_ID) VALUES ('1511451595465-58', 'R3.Corda', 'migration/vault-schema.changelog-init.xml', NOW(), 14, '8:7a1bbb20835907728df143e4cc1bfc04', 'createIndex indexName=state_status_idx, tableName=vault_states', '', 'EXECUTED', NULL, NULL, '3.6.3', '3614860014') {changeSet=migration/vault-schema.changelog-init.xml::1511451595465-58::R3.Corda, databaseChangeLog=master.changelog.json}
?[m?[37m[INFO] 23:47:40,079 [Test worker] jvm.JdbcExecutor. - CREATE INDEX PUBLIC.transaction_id_index ON PUBLIC.vault_transaction_notes(transaction_id) {changeSet=migration/vault-schema.changelog-init.xml::1511451595465-59::R3.Corda, databaseChangeLog=master.changelog.json}
?[m?[37m[INFO] 23:47:40,079 [Test worker] changelog.ChangeSet. - Index transaction_id_index created {changeSet=migration/vault-schema.changelog-init.xml::1511451595465-59::R3.Corda, databaseChangeLog=master.changelog.json}
?[m?[37m[INFO] 23:47:40,079 [Test worker] changelog.ChangeSet. - ChangeSet migration/vault-schema.changelog-init.xml::1511451595465-59::R3.Corda ran successfully in 1ms {changeSet=migration/vault-schema.changelog-init.xml::1511451595465-59::R3.Corda, databaseChangeLog=master.changelog.json}
?[m?[37m[INFO] 23:47:40,080 [Test worker] jvm.JdbcExecutor. - INSERT INTO PUBLIC.DATABASECHANGELOG (ID, AUTHOR, FILENAME, DATEEXECUTED, ORDEREXECUTED, MD5SUM, DESCRIPTION, COMMENTS, EXECTYPE, CONTEXTS, LABELS, LIQUIBASE, DEPLOYMENT_ID) VALUES ('1511451595465-59', 'R3.Corda', 'migration/vault-schema.changelog-init.xml', NOW(), 15, '8:2bfe64cedfc8120dc219d42dc19d49f6', 'createIndex indexName=transaction_id_index, tableName=vault_transaction_notes', '', 'EXECUTED', NULL, NULL, '3.6.3', '3614860014') {changeSet=migration/vault-schema.changelog-init.xml::1511451595465-59::R3.Corda, databaseChangeLog=master.changelog.json}
?[m?[37m[INFO] 23:47:40,080 [Test worker] jvm.JdbcExecutor. - CREATE INDEX PUBLIC.uuid_index ON PUBLIC.vault_linear_states(uuid) {changeSet=migration/vault-schema.changelog-init.xml::1511451595465-60::R3.Corda, databaseChangeLog=master.changelog.json}
?[m?[37m[INFO] 23:47:40,081 [Test worker] changelog.ChangeSet. - Index uuid_index created {changeSet=migration/vault-schema.changelog-init.xml::1511451595465-60::R3.Corda, databaseChangeLog=master.changelog.json}
?[m?[37m[INFO] 23:47:40,081 [Test worker] changelog.ChangeSet. - ChangeSet migration/vault-schema.changelog-init.xml::1511451595465-60::R3.Corda ran successfully in 1ms {changeSet=migration/vault-schema.changelog-init.xml::1511451595465-60::R3.Corda, databaseChangeLog=master.changelog.json}
?[m?[37m[INFO] 23:47:40,082 [Test worker] jvm.JdbcExecutor. - INSERT INTO PUBLIC.DATABASECHANGELOG (ID, AUTHOR, FILENAME, DATEEXECUTED, ORDEREXECUTED, MD5SUM, DESCRIPTION, COMMENTS, EXECTYPE, CONTEXTS, LABELS, LIQUIBASE, DEPLOYMENT_ID) VALUES ('1511451595465-60', 'R3.Corda', 'migration/vault-schema.changelog-init.xml', NOW(), 16, '8:4cffb289ce33d922274cc829175a2a55', 'createIndex indexName=uuid_index, tableName=vault_linear_states', '', 'EXECUTED', NULL, NULL, '3.6.3', '3614860014') {changeSet=migration/vault-schema.changelog-init.xml::1511451595465-60::R3.Corda, databaseChangeLog=master.changelog.json}
?[m?[37m[INFO] 23:47:40,082 [Test worker] jvm.JdbcExecutor. - ALTER TABLE PUBLIC.vault_fungible_states_parts ADD CONSTRAINT FK__fung_st_parts__fung_st FOREIGN KEY (output_index, transaction_id) REFERENCES PUBLIC.vault_fungible_states (output_index, transaction_id) {changeSet=migration/vault-schema.changelog-init.xml::1511451595465-64::R3.Corda, databaseChangeLog=master.changelog.json}
?[m?[37m[INFO] 23:47:40,084 [Test worker] changelog.ChangeSet. - Foreign key constraint added to vault_fungible_states_parts (output_index,transaction_id) {changeSet=migration/vault-schema.changelog-init.xml::1511451595465-64::R3.Corda, databaseChangeLog=master.changelog.json}
?[m?[37m[INFO] 23:47:40,084 [Test worker] changelog.ChangeSet. - ChangeSet migration/vault-schema.changelog-init.xml::1511451595465-64::R3.Corda ran successfully in 2ms {changeSet=migration/vault-schema.changelog-init.xml::1511451595465-64::R3.Corda, databaseChangeLog=master.changelog.json}
?[m?[37m[INFO] 23:47:40,084 [Test worker] jvm.JdbcExecutor. - INSERT INTO PUBLIC.DATABASECHANGELOG (ID, AUTHOR, FILENAME, DATEEXECUTED, ORDEREXECUTED, MD5SUM, DESCRIPTION, COMMENTS, EXECTYPE, CONTEXTS, LABELS, LIQUIBASE, DEPLOYMENT_ID) VALUES ('1511451595465-64', 'R3.Corda', 'migration/vault-schema.changelog-init.xml', NOW(), 17, '8:1bde72346badbbe52e74b189ce1d079c', 'addForeignKeyConstraint baseTableName=vault_fungible_states_parts, constraintName=FK__fung_st_parts__fung_st, referencedTableName=vault_fungible_states', '', 'EXECUTED', NULL, NULL, '3.6.3', '3614860014') {changeSet=migration/vault-schema.changelog-init.xml::1511451595465-64::R3.Corda, databaseChangeLog=master.changelog.json}
?[m?[37m[INFO] 23:47:40,085 [Test worker] jvm.JdbcExecutor. - ALTER TABLE PUBLIC.vault_linear_states_parts ADD CONSTRAINT FK__lin_stat_parts__lin_stat FOREIGN KEY (output_index, transaction_id) REFERENCES PUBLIC.vault_linear_states (output_index, transaction_id) {changeSet=migration/vault-schema.changelog-init.xml::1511451595465-65::R3.Corda, databaseChangeLog=master.changelog.json}
?[m?[37m[INFO] 23:47:40,087 [Test worker] changelog.ChangeSet. - Foreign key constraint added to vault_linear_states_parts (output_index,transaction_id) {changeSet=migration/vault-schema.changelog-init.xml::1511451595465-65::R3.Corda, databaseChangeLog=master.changelog.json}
?[m?[37m[INFO] 23:47:40,087 [Test worker] changelog.ChangeSet. - ChangeSet migration/vault-schema.changelog-init.xml::1511451595465-65::R3.Corda ran successfully in 2ms {changeSet=migration/vault-schema.changelog-init.xml::1511451595465-65::R3.Corda, databaseChangeLog=master.changelog.json}
?[m?[37m[INFO] 23:47:40,088 [Test worker] jvm.JdbcExecutor. - INSERT INTO PUBLIC.DATABASECHANGELOG (ID, AUTHOR, FILENAME, DATEEXECUTED, ORDEREXECUTED, MD5SUM, DESCRIPTION, COMMENTS, EXECTYPE, CONTEXTS, LABELS, LIQUIBASE, DEPLOYMENT_ID) VALUES ('1511451595465-65', 'R3.Corda', 'migration/vault-schema.changelog-init.xml', NOW(), 18, '8:9a5d0106c45f631cb60a3e2f9542d2c2', 'addForeignKeyConstraint baseTableName=vault_linear_states_parts, constraintName=FK__lin_stat_parts__lin_stat, referencedTableName=vault_linear_states', '', 'EXECUTED', NULL, NULL, '3.6.3', '3614860014') {changeSet=migration/vault-schema.changelog-init.xml::1511451595465-65::R3.Corda, databaseChangeLog=master.changelog.json}
?[m?[37m[INFO] 23:47:40,089 [Test worker] jvm.JdbcExecutor. - DELETE FROM PUBLIC.vault_fungible_states_parts {changeSet=migration/vault-schema.changelog-v3.xml::clean_vault::R3.Corda, databaseChangeLog=master.changelog.json}
?[m?[37m[INFO] 23:47:40,089 [Test worker] changelog.ChangeSet. - Data deleted from vault_fungible_states_parts {changeSet=migration/vault-schema.changelog-v3.xml::clean_vault::R3.Corda, databaseChangeLog=master.changelog.json}
?[m?[37m[INFO] 23:47:40,089 [Test worker] jvm.JdbcExecutor. - DELETE FROM PUBLIC.vault_fungible_states {changeSet=migration/vault-schema.changelog-v3.xml::clean_vault::R3.Corda, databaseChangeLog=master.changelog.json}
?[m?[37m[INFO] 23:47:40,089 [Test worker] changelog.ChangeSet. - Data deleted from vault_fungible_states {changeSet=migration/vault-schema.changelog-v3.xml::clean_vault::R3.Corda, databaseChangeLog=master.changelog.json}
?[m?[37m[INFO] 23:47:40,089 [Test worker] jvm.JdbcExecutor. - DELETE FROM PUBLIC.vault_linear_states_parts {changeSet=migration/vault-schema.changelog-v3.xml::clean_vault::R3.Corda, databaseChangeLog=master.changelog.json}
?[m?[37m[INFO] 23:47:40,089 [Test worker] changelog.ChangeSet. - Data deleted from vault_linear_states_parts {changeSet=migration/vault-schema.changelog-v3.xml::clean_vault::R3.Corda, databaseChangeLog=master.changelog.json}
?[m?[37m[INFO] 23:47:40,089 [Test worker] jvm.JdbcExecutor. - DELETE FROM PUBLIC.vault_linear_states {changeSet=migration/vault-schema.changelog-v3.xml::clean_vault::R3.Corda, databaseChangeLog=master.changelog.json}
?[m?[37m[INFO] 23:47:40,089 [Test worker] changelog.ChangeSet. - Data deleted from vault_linear_states {changeSet=migration/vault-schema.changelog-v3.xml::clean_vault::R3.Corda, databaseChangeLog=master.changelog.json}
?[m?[37m[INFO] 23:47:40,089 [Test worker] jvm.JdbcExecutor. - DELETE FROM PUBLIC.vault_states {changeSet=migration/vault-schema.changelog-v3.xml::clean_vault::R3.Corda, databaseChangeLog=master.changelog.json}
?[m?[37m[INFO] 23:47:40,089 [Test worker] changelog.ChangeSet. - Data deleted from vault_states {changeSet=migration/vault-schema.changelog-v3.xml::clean_vault::R3.Corda, databaseChangeLog=master.changelog.json}
?[m?[37m[INFO] 23:47:40,089 [Test worker] jvm.JdbcExecutor. - DELETE FROM PUBLIC.vault_transaction_notes {changeSet=migration/vault-schema.changelog-v3.xml::clean_vault::R3.Corda, databaseChangeLog=master.changelog.json}
?[m?[37m[INFO] 23:47:40,089 [Test worker] changelog.ChangeSet. - Data deleted from vault_transaction_notes {changeSet=migration/vault-schema.changelog-v3.xml::clean_vault::R3.Corda, databaseChangeLog=master.changelog.json}
?[m?[37m[INFO] 23:47:40,089 [Test worker] changelog.ChangeSet. - ChangeSet migration/vault-schema.changelog-v3.xml::clean_vault::R3.Corda ran successfully in 1ms {changeSet=migration/vault-schema.changelog-v3.xml::clean_vault::R3.Corda, databaseChangeLog=master.changelog.json}
?[m?[37m[INFO] 23:47:40,090 [Test worker] jvm.JdbcExecutor. - INSERT INTO PUBLIC.DATABASECHANGELOG (ID, AUTHOR, FILENAME, DATEEXECUTED, ORDEREXECUTED, MD5SUM, DESCRIPTION, COMMENTS, EXECTYPE, CONTEXTS, LABELS, LIQUIBASE, DEPLOYMENT_ID) VALUES ('clean_vault', 'R3.Corda', 'migration/vault-schema.changelog-v3.xml', NOW(), 19, '8:0701d37bf9b322ada2323cea6db9393c', 'delete tableName=vault_fungible_states_parts; delete tableName=vault_fungible_states; delete tableName=vault_linear_states_parts; delete tableName=vault_linear_states; delete tableName=vault_states; delete tableName=vault_transaction_notes', '', 'EXECUTED', NULL, NULL, '3.6.3', '3614860014') {changeSet=migration/vault-schema.changelog-v3.xml::clean_vault::R3.Corda, databaseChangeLog=master.changelog.json}
?[m?[37m[INFO] 23:47:40,091 [Test worker] jvm.JdbcExecutor. - ALTER TABLE PUBLIC.vault_fungible_states ALTER COLUMN quantity SET NOT NULL {changeSet=migration/vault-schema.changelog-v4.xml::nullability::R3.Corda, databaseChangeLog=master.changelog.json}
?[m?[37m[INFO] 23:47:40,092 [Test worker] changelog.ChangeSet. - NOT NULL constraint has been added to vault_fungible_states.quantity {changeSet=migration/vault-schema.changelog-v4.xml::nullability::R3.Corda, databaseChangeLog=master.changelog.json}
?[m?[37m[INFO] 23:47:40,092 [Test worker] jvm.JdbcExecutor. - ALTER TABLE PUBLIC.vault_states ALTER COLUMN contract_state_class_name SET NOT NULL {changeSet=migration/vault-schema.changelog-v4.xml::nullability::R3.Corda, databaseChangeLog=master.changelog.json}
?[m?[37m[INFO] 23:47:40,092 [Test worker] changelog.ChangeSet. - NOT NULL constraint has been added to vault_states.contract_state_class_name {changeSet=migration/vault-schema.changelog-v4.xml::nullability::R3.Corda, databaseChangeLog=master.changelog.json}
?[m?[37m[INFO] 23:47:40,093 [Test worker] jvm.JdbcExecutor. - ALTER TABLE PUBLIC.vault_states ALTER COLUMN notary_name SET NOT NULL {changeSet=migration/vault-schema.changelog-v4.xml::nullability::R3.Corda, databaseChangeLog=master.changelog.json}
?[m?[37m[INFO] 23:47:40,093 [Test worker] changelog.ChangeSet. - NOT NULL constraint has been added to vault_states.notary_name {changeSet=migration/vault-schema.changelog-v4.xml::nullability::R3.Corda, databaseChangeLog=master.changelog.json}
?[m?[37m[INFO] 23:47:40,093 [Test worker] jvm.JdbcExecutor. - ALTER TABLE PUBLIC.vault_states ALTER COLUMN recorded_timestamp SET NOT NULL {changeSet=migration/vault-schema.changelog-v4.xml::nullability::R3.Corda, databaseChangeLog=master.changelog.json}
?[m?[37m[INFO] 23:47:40,094 [Test worker] changelog.ChangeSet. - NOT NULL constraint has been added to vault_states.recorded_timestamp {changeSet=migration/vault-schema.changelog-v4.xml::nullability::R3.Corda, databaseChangeLog=master.changelog.json}
?[m?[37m[INFO] 23:47:40,094 [Test worker] jvm.JdbcExecutor. - DROP INDEX PUBLIC.state_status_idx {changeSet=migration/vault-schema.changelog-v4.xml::nullability::R3.Corda, databaseChangeLog=master.changelog.json}
?[m?[37m[INFO] 23:47:40,094 [Test worker] changelog.ChangeSet. - Index state_status_idx dropped from table vault_states {changeSet=migration/vault-schema.changelog-v4.xml::nullability::R3.Corda, databaseChangeLog=master.changelog.json}
?[m?[37m[INFO] 23:47:40,094 [Test worker] jvm.JdbcExecutor. - DROP INDEX PUBLIC.lock_id_idx {changeSet=migration/vault-schema.changelog-v4.xml::nullability::R3.Corda, databaseChangeLog=master.changelog.json}
?[m?[37m[INFO] 23:47:40,095 [Test worker] changelog.ChangeSet. - Index lock_id_idx dropped from table vault_states {changeSet=migration/vault-schema.changelog-v4.xml::nullability::R3.Corda, databaseChangeLog=master.changelog.json}
?[m?[37m[INFO] 23:47:40,095 [Test worker] jvm.JdbcExecutor. - ALTER TABLE PUBLIC.vault_states ALTER COLUMN state_status SET NOT NULL {changeSet=migration/vault-schema.changelog-v4.xml::nullability::R3.Corda, databaseChangeLog=master.changelog.json}
?[m?[37m[INFO] 23:47:40,095 [Test worker] changelog.ChangeSet. - NOT NULL constraint has been added to vault_states.state_status {changeSet=migration/vault-schema.changelog-v4.xml::nullability::R3.Corda, databaseChangeLog=master.changelog.json}
?[m?[37m[INFO] 23:47:40,095 [Test worker] jvm.JdbcExecutor. - CREATE INDEX PUBLIC.state_status_idx ON PUBLIC.vault_states(state_status) {changeSet=migration/vault-schema.changelog-v4.xml::nullability::R3.Corda, databaseChangeLog=master.changelog.json}
?[m?[37m[INFO] 23:47:40,096 [Test worker] changelog.ChangeSet. - Index state_status_idx created {changeSet=migration/vault-schema.changelog-v4.xml::nullability::R3.Corda, databaseChangeLog=master.changelog.json}
?[m?[37m[INFO] 23:47:40,096 [Test worker] jvm.JdbcExecutor. - CREATE INDEX PUBLIC.lock_id_idx ON PUBLIC.vault_states(lock_id, state_status) {changeSet=migration/vault-schema.changelog-v4.xml::nullability::R3.Corda, databaseChangeLog=master.changelog.json}
?[m?[37m[INFO] 23:47:40,097 [Test worker] changelog.ChangeSet. - Index lock_id_idx created {changeSet=migration/vault-schema.changelog-v4.xml::nullability::R3.Corda, databaseChangeLog=master.changelog.json}
?[m?[37m[INFO] 23:47:40,097 [Test worker] jvm.JdbcExecutor. - DROP INDEX PUBLIC.transaction_id_index {changeSet=migration/vault-schema.changelog-v4.xml::nullability::R3.Corda, databaseChangeLog=master.changelog.json}
?[m?[37m[INFO] 23:47:40,097 [Test worker] changelog.ChangeSet. - Index transaction_id_index dropped from table vault_transaction_notes {changeSet=migration/vault-schema.changelog-v4.xml::nullability::R3.Corda, databaseChangeLog=master.changelog.json}
?[m?[37m[INFO] 23:47:40,097 [Test worker] jvm.JdbcExecutor. - ALTER TABLE PUBLIC.vault_transaction_notes ALTER COLUMN note SET NOT NULL {changeSet=migration/vault-schema.changelog-v4.xml::nullability::R3.Corda, databaseChangeLog=master.changelog.json}
?[m?[37m[INFO] 23:47:40,098 [Test worker] changelog.ChangeSet. - NOT NULL constraint has been added to vault_transaction_notes.note {changeSet=migration/vault-schema.changelog-v4.xml::nullability::R3.Corda, databaseChangeLog=master.changelog.json}
?[m?[37m[INFO] 23:47:40,098 [Test worker] jvm.JdbcExecutor. - ALTER TABLE PUBLIC.vault_transaction_notes ALTER COLUMN transaction_id SET NOT NULL {changeSet=migration/vault-schema.changelog-v4.xml::nullability::R3.Corda, databaseChangeLog=master.changelog.json}
?[m?[37m[INFO] 23:47:40,098 [Test worker] changelog.ChangeSet. - NOT NULL constraint has been added to vault_transaction_notes.transaction_id {changeSet=migration/vault-schema.changelog-v4.xml::nullability::R3.Corda, databaseChangeLog=master.changelog.json}
?[m?[37m[INFO] 23:47:40,098 [Test worker] jvm.JdbcExecutor. - CREATE INDEX PUBLIC.transaction_id_index ON PUBLIC.vault_transaction_notes(transaction_id) {changeSet=migration/vault-schema.changelog-v4.xml::nullability::R3.Corda, databaseChangeLog=master.changelog.json}
?[m?[37m[INFO] 23:47:40,099 [Test worker] changelog.ChangeSet. - Index transaction_id_index created {changeSet=migration/vault-schema.changelog-v4.xml::nullability::R3.Corda, databaseChangeLog=master.changelog.json}
?[m?[37m[INFO] 23:47:40,099 [Test worker] changelog.ChangeSet. - ChangeSet migration/vault-schema.changelog-v4.xml::nullability::R3.Corda ran successfully in 8ms {changeSet=migration/vault-schema.changelog-v4.xml::nullability::R3.Corda, databaseChangeLog=master.changelog.json}
?[m?[37m[INFO] 23:47:40,100 [Test worker] jvm.JdbcExecutor. - INSERT INTO PUBLIC.DATABASECHANGELOG (ID, AUTHOR, FILENAME, DATEEXECUTED, ORDEREXECUTED, MD5SUM, DESCRIPTION, COMMENTS, EXECTYPE, CONTEXTS, LABELS, LIQUIBASE, DEPLOYMENT_ID) VALUES ('nullability', 'R3.Corda', 'migration/vault-schema.changelog-v4.xml', NOW(), 20, '8:853fd1e24b974ff22712322ebb2860bf', 'addNotNullConstraint columnName=quantity, tableName=vault_fungible_states; addNotNullConstraint columnName=contract_state_class_name, tableName=vault_states; addNotNullConstraint columnName=notary_name, tableName=vault_states; addNotNullConstraint...', '', 'EXECUTED', NULL, NULL, '3.6.3', '3614860014') {changeSet=migration/vault-schema.changelog-v4.xml::nullability::R3.Corda, databaseChangeLog=master.changelog.json}
?[m?[37m[INFO] 23:47:40,101 [Test worker] jvm.JdbcExecutor. - INSERT INTO PUBLIC.DATABASECHANGELOG (ID, AUTHOR, FILENAME, DATEEXECUTED, ORDEREXECUTED, MD5SUM, DESCRIPTION, COMMENTS, EXECTYPE, CONTEXTS, LABELS, LIQUIBASE, DEPLOYMENT_ID) VALUES ('non-clustered_pk-11', 'R3.Corda', 'migration/vault-schema.changelog-pkey.xml', NOW(), 21, '8:7fca5375330f0b3b62de65b84274dd6e', 'dropForeignKeyConstraint baseTableName=vault_fungible_states_parts, constraintName=FK__fung_st_parts__fung_st; dropPrimaryKey constraintName=vault_fungible_states_pkey, tableName=vault_fungible_states; addPrimaryKey constraintName=vault_fungible_s...', '', 'MARK_RAN', NULL, NULL, '3.6.3', '3614860014') {changeSet=migration/vault-schema.changelog-pkey.xml::non-clustered_pk-11::R3.Corda, databaseChangeLog=master.changelog.json}
?[m?[37m[INFO] 23:47:40,103 [Test worker] jvm.JdbcExecutor. - INSERT INTO PUBLIC.DATABASECHANGELOG (ID, AUTHOR, FILENAME, DATEEXECUTED, ORDEREXECUTED, MD5SUM, DESCRIPTION, COMMENTS, EXECTYPE, CONTEXTS, LABELS, LIQUIBASE, DEPLOYMENT_ID) VALUES ('non-clustered_pk-12', 'R3.Corda', 'migration/vault-schema.changelog-pkey.xml', NOW(), 22, '8:8469058af292b08d108fcf1b3eb8fca4', 'dropForeignKeyConstraint baseTableName=vault_linear_states_parts, constraintName=FK__lin_stat_parts__lin_stat; dropPrimaryKey constraintName=vault_linear_states_pkey, tableName=vault_linear_states; addPrimaryKey constraintName=vault_linear_states_...', '', 'MARK_RAN', NULL, NULL, '3.6.3', '3614860014') {changeSet=migration/vault-schema.changelog-pkey.xml::non-clustered_pk-12::R3.Corda, databaseChangeLog=master.changelog.json}
?[m?[37m[INFO] 23:47:40,105 [Test worker] jvm.JdbcExecutor. - INSERT INTO PUBLIC.DATABASECHANGELOG (ID, AUTHOR, FILENAME, DATEEXECUTED, ORDEREXECUTED, MD5SUM, DESCRIPTION, COMMENTS, EXECTYPE, CONTEXTS, LABELS, LIQUIBASE, DEPLOYMENT_ID) VALUES ('non-clustered_pk-13', 'R3.Corda', 'migration/vault-schema.changelog-pkey.xml', NOW(), 23, '8:e0ccce8941c28a45870d60f5bf54cd50', 'dropPrimaryKey constraintName=vault_states_pkey, tableName=vault_states; addPrimaryKey constraintName=vault_states_pkey, tableName=vault_states', '', 'MARK_RAN', NULL, NULL, '3.6.3', '3614860014') {changeSet=migration/vault-schema.changelog-pkey.xml::non-clustered_pk-13::R3.Corda, databaseChangeLog=master.changelog.json}
?[m?[37m[INFO] 23:47:40,106 [Test worker] jvm.JdbcExecutor. - ALTER TABLE PUBLIC.vault_states ADD relevancy_status INT {changeSet=migration/vault-schema.changelog-v5.xml::add_relevancy_status_column::R3.Corda, databaseChangeLog=master.changelog.json}
?[m?[37m[INFO] 23:47:40,110 [Test worker] changelog.ChangeSet. - Columns relevancy_status(INT) added to vault_states {changeSet=migration/vault-schema.changelog-v5.xml::add_relevancy_status_column::R3.Corda, databaseChangeLog=master.changelog.json}
?[m?[37m[INFO] 23:47:40,110 [Test worker] jvm.JdbcExecutor. - UPDATE PUBLIC.vault_states SET relevancy_status = 0 {changeSet=migration/vault-schema.changelog-v5.xml::add_relevancy_status_column::R3.Corda, databaseChangeLog=master.changelog.json}
?[m?[37m[INFO] 23:47:40,110 [Test worker] changelog.ChangeSet. - Data updated in vault_states {changeSet=migration/vault-schema.changelog-v5.xml::add_relevancy_status_column::R3.Corda, databaseChangeLog=master.changelog.json}
?[m?[37m[INFO] 23:47:40,110 [Test worker] jvm.JdbcExecutor. - ALTER TABLE PUBLIC.vault_states ALTER COLUMN relevancy_status SET NOT NULL {changeSet=migration/vault-schema.changelog-v5.xml::add_relevancy_status_column::R3.Corda, databaseChangeLog=master.changelog.json}
?[m?[37m[INFO] 23:47:40,111 [Test worker] changelog.ChangeSet. - NOT NULL constraint has been added to vault_states.relevancy_status {changeSet=migration/vault-schema.changelog-v5.xml::add_relevancy_status_column::R3.Corda, databaseChangeLog=master.changelog.json}
?[m?[37m[INFO] 23:47:40,111 [Test worker] changelog.ChangeSet. - ChangeSet migration/vault-schema.changelog-v5.xml::add_relevancy_status_column::R3.Corda ran successfully in 6ms {changeSet=migration/vault-schema.changelog-v5.xml::add_relevancy_status_column::R3.Corda, databaseChangeLog=master.changelog.json}
?[m?[37m[INFO] 23:47:40,112 [Test worker] jvm.JdbcExecutor. - INSERT INTO PUBLIC.DATABASECHANGELOG (ID, AUTHOR, FILENAME, DATEEXECUTED, ORDEREXECUTED, MD5SUM, DESCRIPTION, COMMENTS, EXECTYPE, CONTEXTS, LABELS, LIQUIBASE, DEPLOYMENT_ID) VALUES ('add_relevancy_status_column', 'R3.Corda', 'migration/vault-schema.changelog-v5.xml', NOW(), 24, '8:93c5dcaf00387d4d643def4355a54b56', 'addColumn tableName=vault_states; update tableName=vault_states; addNotNullConstraint columnName=relevancy_status, tableName=vault_states', '', 'EXECUTED', NULL, NULL, '3.6.3', '3614860014') {changeSet=migration/vault-schema.changelog-v5.xml::add_relevancy_status_column::R3.Corda, databaseChangeLog=master.changelog.json}
?[m?[37m[INFO] 23:47:40,113 [Test worker] jvm.JdbcExecutor. - ALTER TABLE PUBLIC.vault_states ADD constraint_type INT DEFAULT '0' NOT NULL {changeSet=migration/vault-schema.changelog-v6.xml::add_is_constraint_information_columns::R3.Corda, databaseChangeLog=master.changelog.json}
?[m?[37m[INFO] 23:47:40,115 [Test worker] changelog.ChangeSet. - Columns constraint_type(INT) added to vault_states {changeSet=migration/vault-schema.changelog-v6.xml::add_is_constraint_information_columns::R3.Corda, databaseChangeLog=master.changelog.json}
?[m?[37m[INFO] 23:47:40,116 [Test worker] jvm.JdbcExecutor. - ALTER TABLE PUBLIC.vault_states ADD constraint_data VARBINARY(563) {changeSet=migration/vault-schema.changelog-v6.xml::add_is_constraint_information_columns::R3.Corda, databaseChangeLog=master.changelog.json}
?[m?[37m[INFO] 23:47:40,118 [Test worker] changelog.ChangeSet. - Columns constraint_data(varbinary(563)) added to vault_states {changeSet=migration/vault-schema.changelog-v6.xml::add_is_constraint_information_columns::R3.Corda, databaseChangeLog=master.changelog.json}
?[m?[37m[INFO] 23:47:40,118 [Test worker] changelog.ChangeSet. - ChangeSet migration/vault-schema.changelog-v6.xml::add_is_constraint_information_columns::R3.Corda ran successfully in 6ms {changeSet=migration/vault-schema.changelog-v6.xml::add_is_constraint_information_columns::R3.Corda, databaseChangeLog=master.changelog.json}
?[m?[37m[INFO] 23:47:40,119 [Test worker] jvm.JdbcExecutor. - INSERT INTO PUBLIC.DATABASECHANGELOG (ID, AUTHOR, FILENAME, DATEEXECUTED, ORDEREXECUTED, MD5SUM, DESCRIPTION, COMMENTS, EXECTYPE, CONTEXTS, LABELS, LIQUIBASE, DEPLOYMENT_ID) VALUES ('add_is_constraint_information_columns', 'R3.Corda', 'migration/vault-schema.changelog-v6.xml', NOW(), 25, '8:acf60bd84f648e157d402de8f8e22f3a', 'addColumn tableName=vault_states; addColumn tableName=vault_states', '', 'EXECUTED', NULL, NULL, '3.6.3', '3614860014') {changeSet=migration/vault-schema.changelog-v6.xml::add_is_constraint_information_columns::R3.Corda, databaseChangeLog=master.changelog.json}
?[m?[37m[INFO] 23:47:40,120 [Test worker] jvm.JdbcExecutor. - ALTER TABLE PUBLIC.vault_fungible_states ALTER COLUMN issuer_ref SET NULL {changeSet=migration/vault-schema.changelog-v7.xml::make_issuer_ref_nullable::R3.Corda, databaseChangeLog=master.changelog.json}
?[m?[37m[INFO] 23:47:40,121 [Test worker] changelog.ChangeSet. - Null constraint dropped from vault_fungible_states.issuer_ref {changeSet=migration/vault-schema.changelog-v7.xml::make_issuer_ref_nullable::R3.Corda, databaseChangeLog=master.changelog.json}
?[m?[37m[INFO] 23:47:40,121 [Test worker] changelog.ChangeSet. - ChangeSet migration/vault-schema.changelog-v7.xml::make_issuer_ref_nullable::R3.Corda ran successfully in 1ms {changeSet=migration/vault-schema.changelog-v7.xml::make_issuer_ref_nullable::R3.Corda, databaseChangeLog=master.changelog.json}
?[m?[37m[INFO] 23:47:40,121 [Test worker] jvm.JdbcExecutor. - INSERT INTO PUBLIC.DATABASECHANGELOG (ID, AUTHOR, FILENAME, DATEEXECUTED, ORDEREXECUTED, MD5SUM, DESCRIPTION, COMMENTS, EXECTYPE, CONTEXTS, LABELS, LIQUIBASE, DEPLOYMENT_ID) VALUES ('make_issuer_ref_nullable', 'R3.Corda', 'migration/vault-schema.changelog-v7.xml', NOW(), 26, '8:58039722b4808e90a7711d3c82e5fc95', 'dropNotNullConstraint columnName=issuer_ref, tableName=vault_fungible_states', '', 'EXECUTED', NULL, NULL, '3.6.3', '3614860014') {changeSet=migration/vault-schema.changelog-v7.xml::make_issuer_ref_nullable::R3.Corda, databaseChangeLog=master.changelog.json}
?[m?[37m[INFO] 23:47:40,122 [Test worker] jvm.JdbcExecutor. - CREATE TABLE PUBLIC.state_party (output_index INT, transaction_id NVARCHAR(64), public_key_hash NVARCHAR(255) NOT NULL, x500_name NVARCHAR(255)) {changeSet=migration/vault-schema.changelog-v8.xml::create-external-id-to-state-party-view::R3.Corda, databaseChangeLog=master.changelog.json}
?[m?[37m[INFO] 23:47:40,123 [Test worker] changelog.ChangeSet. - Table state_party created {changeSet=migration/vault-schema.changelog-v8.xml::create-external-id-to-state-party-view::R3.Corda, databaseChangeLog=master.changelog.json}
?[m?[37m[INFO] 23:47:40,123 [Test worker] jvm.JdbcExecutor. - CREATE INDEX PUBLIC.state_pk_hash_idx ON PUBLIC.state_party(public_key_hash) {changeSet=migration/vault-schema.changelog-v8.xml::create-external-id-to-state-party-view::R3.Corda, databaseChangeLog=master.changelog.json}
?[m?[37m[INFO] 23:47:40,123 [Test worker] changelog.ChangeSet. - Index state_pk_hash_idx created {changeSet=migration/vault-schema.changelog-v8.xml::create-external-id-to-state-party-view::R3.Corda, databaseChangeLog=master.changelog.json}
?[m?[37m[INFO] 23:47:40,123 [Test worker] jvm.JdbcExecutor. - CREATE TABLE PUBLIC.pk_hash_to_ext_id_map (id BIGINT NOT NULL, external_id VARCHAR(255) NOT NULL, public_key_hash NVARCHAR(255) NOT NULL) {changeSet=migration/vault-schema.changelog-v8.xml::create-external-id-to-state-party-view::R3.Corda, databaseChangeLog=master.changelog.json}
?[m?[37m[INFO] 23:47:40,124 [Test worker] changelog.ChangeSet. - Table pk_hash_to_ext_id_map created {changeSet=migration/vault-schema.changelog-v8.xml::create-external-id-to-state-party-view::R3.Corda, databaseChangeLog=master.changelog.json}
?[m?[37m[INFO] 23:47:40,124 [Test worker] jvm.JdbcExecutor. - CREATE INDEX PUBLIC.pk_hash_to_xid_idx ON PUBLIC.pk_hash_to_ext_id_map(public_key_hash) {changeSet=migration/vault-schema.changelog-v8.xml::create-external-id-to-state-party-view::R3.Corda, databaseChangeLog=master.changelog.json}
?[m?[37m[INFO] 23:47:40,124 [Test worker] changelog.ChangeSet. - Index pk_hash_to_xid_idx created {changeSet=migration/vault-schema.changelog-v8.xml::create-external-id-to-state-party-view::R3.Corda, databaseChangeLog=master.changelog.json}
?[m?[37m[INFO] 23:47:40,126 [Test worker] jvm.JdbcExecutor. - CREATE VIEW PUBLIC.v_pkey_hash_ex_id_map AS select
                state_party.public_key_hash,
                state_party.transaction_id,
                state_party.output_index,
                pk_hash_to_ext_id_map.external_id
            from state_party
            join pk_hash_to_ext_id_map
            on state_party.public_key_hash = pk_hash_to_ext_id_map.public_key_hash {changeSet=migration/vault-schema.changelog-v8.xml::create-external-id-to-state-party-view::R3.Corda, databaseChangeLog=master.changelog.json}
?[m?[37m[INFO] 23:47:40,127 [Test worker] changelog.ChangeSet. - View v_pkey_hash_ex_id_map created {changeSet=migration/vault-schema.changelog-v8.xml::create-external-id-to-state-party-view::R3.Corda, databaseChangeLog=master.changelog.json}
?[m?[37m[INFO] 23:47:40,127 [Test worker] changelog.ChangeSet. - ChangeSet migration/vault-schema.changelog-v8.xml::create-external-id-to-state-party-view::R3.Corda ran successfully in 5ms {changeSet=migration/vault-schema.changelog-v8.xml::create-external-id-to-state-party-view::R3.Corda, databaseChangeLog=master.changelog.json}
?[m?[37m[INFO] 23:47:40,128 [Test worker] jvm.JdbcExecutor. - INSERT INTO PUBLIC.DATABASECHANGELOG (ID, AUTHOR, FILENAME, DATEEXECUTED, ORDEREXECUTED, MD5SUM, DESCRIPTION, COMMENTS, EXECTYPE, CONTEXTS, LABELS, LIQUIBASE, DEPLOYMENT_ID) VALUES ('create-external-id-to-state-party-view', 'R3.Corda', 'migration/vault-schema.changelog-v8.xml', NOW(), 27, '8:9a5b20f7b7367bb3b86f600bccaa423b', 'createTable tableName=state_party; createIndex indexName=state_pk_hash_idx, tableName=state_party; createTable tableName=pk_hash_to_ext_id_map; createIndex indexName=pk_hash_to_xid_idx, tableName=pk_hash_to_ext_id_map; createView viewName=v_pkey_h...', '', 'EXECUTED', NULL, NULL, '3.6.3', '3614860014') {changeSet=migration/vault-schema.changelog-v8.xml::create-external-id-to-state-party-view::R3.Corda, databaseChangeLog=master.changelog.json}
?[m?[37m[INFO] 23:47:40,128 [Test worker] jvm.JdbcExecutor. - ALTER TABLE PUBLIC.vault_states ALTER COLUMN constraint_data VARBINARY(20000) {changeSet=migration/vault-schema.changelog-v11.xml::expand_constraint_data_size::R3.Corda, databaseChangeLog=master.changelog.json}
?[m?[37m[INFO] 23:47:40,131 [Test worker] changelog.ChangeSet. - vault_states.constraint_data datatype was changed to varbinary(20000) {changeSet=migration/vault-schema.changelog-v11.xml::expand_constraint_data_size::R3.Corda, databaseChangeLog=master.changelog.json}
?[m?[37m[INFO] 23:47:40,131 [Test worker] changelog.ChangeSet. - ChangeSet migration/vault-schema.changelog-v11.xml::expand_constraint_data_size::R3.Corda ran successfully in 3ms {changeSet=migration/vault-schema.changelog-v11.xml::expand_constraint_data_size::R3.Corda, databaseChangeLog=master.changelog.json}
?[m?[37m[INFO] 23:47:40,132 [Test worker] jvm.JdbcExecutor. - INSERT INTO PUBLIC.DATABASECHANGELOG (ID, AUTHOR, FILENAME, DATEEXECUTED, ORDEREXECUTED, MD5SUM, DESCRIPTION, COMMENTS, EXECTYPE, CONTEXTS, LABELS, LIQUIBASE, DEPLOYMENT_ID) VALUES ('expand_constraint_data_size', 'R3.Corda', 'migration/vault-schema.changelog-v11.xml', NOW(), 28, '8:0bd51f3d930d4b03d7b1075454bb2d70', 'modifyDataType columnName=constraint_data, tableName=vault_states', '', 'EXECUTED', NULL, NULL, '3.6.3', '3614860014') {changeSet=migration/vault-schema.changelog-v11.xml::expand_constraint_data_size::R3.Corda, databaseChangeLog=master.changelog.json}
?[m?[37m[INFO] 23:47:40,133 [Test worker] jvm.JdbcExecutor. - CREATE TABLE PUBLIC.node_link_nodeinfo_party (node_info_id INT NOT NULL, party_name NVARCHAR(255) NOT NULL) {changeSet=migration/node-info.changelog-init.xml::1511451595465-4::R3.Corda, databaseChangeLog=master.changelog.json}
?[m?[37m[INFO] 23:47:40,134 [Test worker] changelog.ChangeSet. - Table node_link_nodeinfo_party created {changeSet=migration/node-info.changelog-init.xml::1511451595465-4::R3.Corda, databaseChangeLog=master.changelog.json}
?[m?[37m[INFO] 23:47:40,134 [Test worker] changelog.ChangeSet. - ChangeSet migration/node-info.changelog-init.xml::1511451595465-4::R3.Corda ran successfully in 1ms {changeSet=migration/node-info.changelog-init.xml::1511451595465-4::R3.Corda, databaseChangeLog=master.changelog.json}
?[m?[37m[INFO] 23:47:40,135 [Test worker] jvm.JdbcExecutor. - INSERT INTO PUBLIC.DATABASECHANGELOG (ID, AUTHOR, FILENAME, DATEEXECUTED, ORDEREXECUTED, MD5SUM, DESCRIPTION, COMMENTS, EXECTYPE, CONTEXTS, LABELS, LIQUIBASE, DEPLOYMENT_ID) VALUES ('1511451595465-4', 'R3.Corda', 'migration/node-info.changelog-init.xml', NOW(), 29, '8:cbf3edf78266c3bd22738eaf20c7c111', 'createTable tableName=node_link_nodeinfo_party', '', 'EXECUTED', NULL, NULL, '3.6.3', '3614860014') {changeSet=migration/node-info.changelog-init.xml::1511451595465-4::R3.Corda, databaseChangeLog=master.changelog.json}
?[m?[37m[INFO] 23:47:40,135 [Test worker] jvm.JdbcExecutor. - CREATE TABLE PUBLIC.node_info_hosts (host NVARCHAR(255) NOT NULL, port INT NOT NULL, node_info_id INT) {changeSet=migration/node-info.changelog-init.xml::1511451595465-10::R3.Corda, databaseChangeLog=master.changelog.json}
?[m?[37m[INFO] 23:47:40,136 [Test worker] changelog.ChangeSet. - Table node_info_hosts created {changeSet=migration/node-info.changelog-init.xml::1511451595465-10::R3.Corda, databaseChangeLog=master.changelog.json}
?[m?[37m[INFO] 23:47:40,136 [Test worker] changelog.ChangeSet. - ChangeSet migration/node-info.changelog-init.xml::1511451595465-10::R3.Corda ran successfully in 1ms {changeSet=migration/node-info.changelog-init.xml::1511451595465-10::R3.Corda, databaseChangeLog=master.changelog.json}
?[m?[37m[INFO] 23:47:40,137 [Test worker] jvm.JdbcExecutor. - INSERT INTO PUBLIC.DATABASECHANGELOG (ID, AUTHOR, FILENAME, DATEEXECUTED, ORDEREXECUTED, MD5SUM, DESCRIPTION, COMMENTS, EXECTYPE, CONTEXTS, LABELS, LIQUIBASE, DEPLOYMENT_ID) VALUES ('1511451595465-10', 'R3.Corda', 'migration/node-info.changelog-init.xml', NOW(), 30, '8:f0b2c5a77ffde6aaa3c417095fc220a9', 'createTable tableName=node_info_hosts', '', 'EXECUTED', NULL, NULL, '3.6.3', '3614860014') {changeSet=migration/node-info.changelog-init.xml::1511451595465-10::R3.Corda, databaseChangeLog=master.changelog.json}
?[m?[37m[INFO] 23:47:40,138 [Test worker] jvm.JdbcExecutor. - CREATE TABLE PUBLIC.node_info_party_cert (party_name NVARCHAR(255) NOT NULL, ismain BOOLEAN NOT NULL, owning_key_hash NVARCHAR(130), party_cert_binary BLOB) {changeSet=migration/node-info.changelog-init.xml::1511451595465-11::R3.Corda, databaseChangeLog=master.changelog.json}
?[m?[37m[INFO] 23:47:40,138 [Test worker] changelog.ChangeSet. - Table node_info_party_cert created {changeSet=migration/node-info.changelog-init.xml::1511451595465-11::R3.Corda, databaseChangeLog=master.changelog.json}
?[m?[37m[INFO] 23:47:40,138 [Test worker] changelog.ChangeSet. - ChangeSet migration/node-info.changelog-init.xml::1511451595465-11::R3.Corda ran successfully in 1ms {changeSet=migration/node-info.changelog-init.xml::1511451595465-11::R3.Corda, databaseChangeLog=master.changelog.json}
?[m?[37m[INFO] 23:47:40,139 [Test worker] jvm.JdbcExecutor. - INSERT INTO PUBLIC.DATABASECHANGELOG (ID, AUTHOR, FILENAME, DATEEXECUTED, ORDEREXECUTED, MD5SUM, DESCRIPTION, COMMENTS, EXECTYPE, CONTEXTS, LABELS, LIQUIBASE, DEPLOYMENT_ID) VALUES ('1511451595465-11', 'R3.Corda', 'migration/node-info.changelog-init.xml', NOW(), 31, '8:5eacbf7ce0d85376219f1903b55f5e18', 'createTable tableName=node_info_party_cert', '', 'EXECUTED', NULL, NULL, '3.6.3', '3614860014') {changeSet=migration/node-info.changelog-init.xml::1511451595465-11::R3.Corda, databaseChangeLog=master.changelog.json}
?[m?[37m[INFO] 23:47:40,140 [Test worker] jvm.JdbcExecutor. - CREATE TABLE PUBLIC.node_infos (node_info_id INT NOT NULL, node_info_hash NVARCHAR(64), platform_version INT, serial BIGINT) {changeSet=migration/node-info.changelog-init.xml::1511451595465-12::R3.Corda, databaseChangeLog=master.changelog.json}
?[m?[37m[INFO] 23:47:40,140 [Test worker] changelog.ChangeSet. - Table node_infos created {changeSet=migration/node-info.changelog-init.xml::1511451595465-12::R3.Corda, databaseChangeLog=master.changelog.json}
?[m?[37m[INFO] 23:47:40,140 [Test worker] changelog.ChangeSet. - ChangeSet migration/node-info.changelog-init.xml::1511451595465-12::R3.Corda ran successfully in 0ms {changeSet=migration/node-info.changelog-init.xml::1511451595465-12::R3.Corda, databaseChangeLog=master.changelog.json}
?[m?[37m[INFO] 23:47:40,141 [Test worker] jvm.JdbcExecutor. - INSERT INTO PUBLIC.DATABASECHANGELOG (ID, AUTHOR, FILENAME, DATEEXECUTED, ORDEREXECUTED, MD5SUM, DESCRIPTION, COMMENTS, EXECTYPE, CONTEXTS, LABELS, LIQUIBASE, DEPLOYMENT_ID) VALUES ('1511451595465-12', 'R3.Corda', 'migration/node-info.changelog-init.xml', NOW(), 32, '8:7e30f20cf268860d637ecfb8635f45a3', 'createTable tableName=node_infos', '', 'EXECUTED', NULL, NULL, '3.6.3', '3614860014') {changeSet=migration/node-info.changelog-init.xml::1511451595465-12::R3.Corda, databaseChangeLog=master.changelog.json}
?[m?[37m[INFO] 23:47:40,142 [Test worker] jvm.JdbcExecutor. - ALTER TABLE PUBLIC.node_info_hosts ADD CONSTRAINT node_info_hosts_pkey PRIMARY KEY (host, port) {changeSet=migration/node-info.changelog-init.xml::1511451595465-35::R3.Corda, databaseChangeLog=master.changelog.json}
?[m?[37m[INFO] 23:47:40,142 [Test worker] changelog.ChangeSet. - Primary key added to node_info_hosts (host, port) {changeSet=migration/node-info.changelog-init.xml::1511451595465-35::R3.Corda, databaseChangeLog=master.changelog.json}
?[m?[37m[INFO] 23:47:40,142 [Test worker] changelog.ChangeSet. - ChangeSet migration/node-info.changelog-init.xml::1511451595465-35::R3.Corda ran successfully in 0ms {changeSet=migration/node-info.changelog-init.xml::1511451595465-35::R3.Corda, databaseChangeLog=master.changelog.json}
?[m?[37m[INFO] 23:47:40,145 [Test worker] jvm.JdbcExecutor. - INSERT INTO PUBLIC.DATABASECHANGELOG (ID, AUTHOR, FILENAME, DATEEXECUTED, ORDEREXECUTED, MD5SUM, DESCRIPTION, COMMENTS, EXECTYPE, CONTEXTS, LABELS, LIQUIBASE, DEPLOYMENT_ID) VALUES ('1511451595465-35', 'R3.Corda', 'migration/node-info.changelog-init.xml', NOW(), 33, '8:0d1a734e7350a8278808f540d992fedf', 'addPrimaryKey constraintName=node_info_hosts_pkey, tableName=node_info_hosts', '', 'EXECUTED', NULL, NULL, '3.6.3', '3614860014') {changeSet=migration/node-info.changelog-init.xml::1511451595465-35::R3.Corda, databaseChangeLog=master.changelog.json}
?[m?[37m[INFO] 23:47:40,146 [Test worker] jvm.JdbcExecutor. - ALTER TABLE PUBLIC.node_info_party_cert ADD CONSTRAINT node_info_party_cert_pkey PRIMARY KEY (party_name) {changeSet=migration/node-info.changelog-init.xml::1511451595465-36::R3.Corda, databaseChangeLog=master.changelog.json}
?[m?[37m[INFO] 23:47:40,146 [Test worker] changelog.ChangeSet. - Primary key added to node_info_party_cert (party_name) {changeSet=migration/node-info.changelog-init.xml::1511451595465-36::R3.Corda, databaseChangeLog=master.changelog.json}
?[m?[37m[INFO] 23:47:40,146 [Test worker] changelog.ChangeSet. - ChangeSet migration/node-info.changelog-init.xml::1511451595465-36::R3.Corda ran successfully in 1ms {changeSet=migration/node-info.changelog-init.xml::1511451595465-36::R3.Corda, databaseChangeLog=master.changelog.json}
?[m?[37m[INFO] 23:47:40,147 [Test worker] jvm.JdbcExecutor. - INSERT INTO PUBLIC.DATABASECHANGELOG (ID, AUTHOR, FILENAME, DATEEXECUTED, ORDEREXECUTED, MD5SUM, DESCRIPTION, COMMENTS, EXECTYPE, CONTEXTS, LABELS, LIQUIBASE, DEPLOYMENT_ID) VALUES ('1511451595465-36', 'R3.Corda', 'migration/node-info.changelog-init.xml', NOW(), 34, '8:dc78ba227ce869f406d2645c2064e8dc', 'addPrimaryKey constraintName=node_info_party_cert_pkey, tableName=node_info_party_cert', '', 'EXECUTED', NULL, NULL, '3.6.3', '3614860014') {changeSet=migration/node-info.changelog-init.xml::1511451595465-36::R3.Corda, databaseChangeLog=master.changelog.json}
?[m?[37m[INFO] 23:47:40,151 [Test worker] jvm.JdbcExecutor. - ALTER TABLE PUBLIC.node_infos ADD CONSTRAINT node_infos_pkey PRIMARY KEY (node_info_id) {changeSet=migration/node-info.changelog-init.xml::1511451595465-37::R3.Corda, databaseChangeLog=master.changelog.json}
?[m?[37m[INFO] 23:47:40,152 [Test worker] changelog.ChangeSet. - Primary key added to node_infos (node_info_id) {changeSet=migration/node-info.changelog-init.xml::1511451595465-37::R3.Corda, databaseChangeLog=master.changelog.json}
?[m?[37m[INFO] 23:47:40,152 [Test worker] changelog.ChangeSet. - ChangeSet migration/node-info.changelog-init.xml::1511451595465-37::R3.Corda ran successfully in 1ms {changeSet=migration/node-info.changelog-init.xml::1511451595465-37::R3.Corda, databaseChangeLog=master.changelog.json}
?[m?[37m[INFO] 23:47:40,153 [Test worker] jvm.JdbcExecutor. - INSERT INTO PUBLIC.DATABASECHANGELOG (ID, AUTHOR, FILENAME, DATEEXECUTED, ORDEREXECUTED, MD5SUM, DESCRIPTION, COMMENTS, EXECTYPE, CONTEXTS, LABELS, LIQUIBASE, DEPLOYMENT_ID) VALUES ('1511451595465-37', 'R3.Corda', 'migration/node-info.changelog-init.xml', NOW(), 35, '8:c07cbda2d04c6d77539ac802c66df023', 'addPrimaryKey constraintName=node_infos_pkey, tableName=node_infos', '', 'EXECUTED', NULL, NULL, '3.6.3', '3614860014') {changeSet=migration/node-info.changelog-init.xml::1511451595465-37::R3.Corda, databaseChangeLog=master.changelog.json}
?[m?[37m[INFO] 23:47:40,154 [Test worker] jvm.JdbcExecutor. - ALTER TABLE PUBLIC.node_link_nodeinfo_party ADD CONSTRAINT FK__link_nodeinfo_party__infos FOREIGN KEY (node_info_id) REFERENCES PUBLIC.node_infos (node_info_id) {changeSet=migration/node-info.changelog-init.xml::1511451595465-62::R3.Corda, databaseChangeLog=master.changelog.json}
?[m?[37m[INFO] 23:47:40,155 [Test worker] changelog.ChangeSet. - Foreign key constraint added to node_link_nodeinfo_party (node_info_id) {changeSet=migration/node-info.changelog-init.xml::1511451595465-62::R3.Corda, databaseChangeLog=master.changelog.json}
?[m?[37m[INFO] 23:47:40,155 [Test worker] changelog.ChangeSet. - ChangeSet migration/node-info.changelog-init.xml::1511451595465-62::R3.Corda ran successfully in 1ms {changeSet=migration/node-info.changelog-init.xml::1511451595465-62::R3.Corda, databaseChangeLog=master.changelog.json}
?[m?[37m[INFO] 23:47:40,157 [Test worker] jvm.JdbcExecutor. - INSERT INTO PUBLIC.DATABASECHANGELOG (ID, AUTHOR, FILENAME, DATEEXECUTED, ORDEREXECUTED, MD5SUM, DESCRIPTION, COMMENTS, EXECTYPE, CONTEXTS, LABELS, LIQUIBASE, DEPLOYMENT_ID) VALUES ('1511451595465-62', 'R3.Corda', 'migration/node-info.changelog-init.xml', NOW(), 36, '8:073bbdb8865055a19cde67340a2063e2', 'addForeignKeyConstraint baseTableName=node_link_nodeinfo_party, constraintName=FK__link_nodeinfo_party__infos, referencedTableName=node_infos', '', 'EXECUTED', NULL, NULL, '3.6.3', '3614860014') {changeSet=migration/node-info.changelog-init.xml::1511451595465-62::R3.Corda, databaseChangeLog=master.changelog.json}
?[m?[37m[INFO] 23:47:40,159 [Test worker] jvm.JdbcExecutor. - ALTER TABLE PUBLIC.node_info_hosts ADD CONSTRAINT FK__info_hosts__infos FOREIGN KEY (node_info_id) REFERENCES PUBLIC.node_infos (node_info_id) {changeSet=migration/node-info.changelog-init.xml::1511451595465-63::R3.Corda, databaseChangeLog=master.changelog.json}
?[m?[37m[INFO] 23:47:40,161 [Test worker] changelog.ChangeSet. - Foreign key constraint added to node_info_hosts (node_info_id) {changeSet=migration/node-info.changelog-init.xml::1511451595465-63::R3.Corda, databaseChangeLog=master.changelog.json}
?[m?[37m[INFO] 23:47:40,161 [Test worker] changelog.ChangeSet. - ChangeSet migration/node-info.changelog-init.xml::1511451595465-63::R3.Corda ran successfully in 2ms {changeSet=migration/node-info.changelog-init.xml::1511451595465-63::R3.Corda, databaseChangeLog=master.changelog.json}
?[m?[37m[INFO] 23:47:40,162 [Test worker] jvm.JdbcExecutor. - INSERT INTO PUBLIC.DATABASECHANGELOG (ID, AUTHOR, FILENAME, DATEEXECUTED, ORDEREXECUTED, MD5SUM, DESCRIPTION, COMMENTS, EXECTYPE, CONTEXTS, LABELS, LIQUIBASE, DEPLOYMENT_ID) VALUES ('1511451595465-63', 'R3.Corda', 'migration/node-info.changelog-init.xml', NOW(), 37, '8:fa5ee007de41334ad2ac991b32969076', 'addForeignKeyConstraint baseTableName=node_info_hosts, constraintName=FK__info_hosts__infos, referencedTableName=node_infos', '', 'EXECUTED', NULL, NULL, '3.6.3', '3614860014') {changeSet=migration/node-info.changelog-init.xml::1511451595465-63::R3.Corda, databaseChangeLog=master.changelog.json}
?[m?[37m[INFO] 23:47:40,163 [Test worker] jvm.JdbcExecutor. - DELETE FROM PUBLIC.node_infos {changeSet=migration/node-info.changelog-init.xml::remove_host_port_pk::R3.Corda, databaseChangeLog=master.changelog.json}
?[m?[37m[INFO] 23:47:40,163 [Test worker] changelog.ChangeSet. - Data deleted from node_infos {changeSet=migration/node-info.changelog-init.xml::remove_host_port_pk::R3.Corda, databaseChangeLog=master.changelog.json}
?[m?[37m[INFO] 23:47:40,163 [Test worker] jvm.JdbcExecutor. - DELETE FROM PUBLIC.node_link_nodeinfo_party {changeSet=migration/node-info.changelog-init.xml::remove_host_port_pk::R3.Corda, databaseChangeLog=master.changelog.json}
?[m?[37m[INFO] 23:47:40,163 [Test worker] changelog.ChangeSet. - Data deleted from node_link_nodeinfo_party {changeSet=migration/node-info.changelog-init.xml::remove_host_port_pk::R3.Corda, databaseChangeLog=master.changelog.json}
?[m?[37m[INFO] 23:47:40,163 [Test worker] jvm.JdbcExecutor. - DELETE FROM PUBLIC.node_info_hosts {changeSet=migration/node-info.changelog-init.xml::remove_host_port_pk::R3.Corda, databaseChangeLog=master.changelog.json}
?[m?[37m[INFO] 23:47:40,163 [Test worker] changelog.ChangeSet. - Data deleted from node_info_hosts {changeSet=migration/node-info.changelog-init.xml::remove_host_port_pk::R3.Corda, databaseChangeLog=master.changelog.json}
?[m?[37m[INFO] 23:47:40,163 [Test worker] jvm.JdbcExecutor. - DELETE FROM PUBLIC.node_info_party_cert {changeSet=migration/node-info.changelog-init.xml::remove_host_port_pk::R3.Corda, databaseChangeLog=master.changelog.json}
?[m?[37m[INFO] 23:47:40,164 [Test worker] changelog.ChangeSet. - Data deleted from node_info_party_cert {changeSet=migration/node-info.changelog-init.xml::remove_host_port_pk::R3.Corda, databaseChangeLog=master.changelog.json}
?[m?[37m[INFO] 23:47:40,164 [Test worker] jvm.JdbcExecutor. - ALTER TABLE PUBLIC.node_info_hosts DROP PRIMARY KEY {changeSet=migration/node-info.changelog-init.xml::remove_host_port_pk::R3.Corda, databaseChangeLog=master.changelog.json}
?[m?[37m[INFO] 23:47:40,170 [Test worker] changelog.ChangeSet. - Primary key dropped from node_info_hosts {changeSet=migration/node-info.changelog-init.xml::remove_host_port_pk::R3.Corda, databaseChangeLog=master.changelog.json}
?[m?[37m[INFO] 23:47:40,170 [Test worker] jvm.JdbcExecutor. - ALTER TABLE PUBLIC.node_info_hosts ADD hosts_id INT NOT NULL {changeSet=migration/node-info.changelog-init.xml::remove_host_port_pk::R3.Corda, databaseChangeLog=master.changelog.json}
?[m?[37m[INFO] 23:47:40,173 [Test worker] changelog.ChangeSet. - Columns hosts_id(INT) added to node_info_hosts {changeSet=migration/node-info.changelog-init.xml::remove_host_port_pk::R3.Corda, databaseChangeLog=master.changelog.json}
?[m?[37m[INFO] 23:47:40,173 [Test worker] jvm.JdbcExecutor. - ALTER TABLE PUBLIC.node_info_hosts ADD CONSTRAINT node_info_hosts_pkey_id PRIMARY KEY (hosts_id) {changeSet=migration/node-info.changelog-init.xml::remove_host_port_pk::R3.Corda, databaseChangeLog=master.changelog.json}
?[m?[37m[INFO] 23:47:40,173 [Test worker] changelog.ChangeSet. - Primary key added to node_info_hosts (hosts_id) {changeSet=migration/node-info.changelog-init.xml::remove_host_port_pk::R3.Corda, databaseChangeLog=master.changelog.json}
?[m?[37m[INFO] 23:47:40,173 [Test worker] changelog.ChangeSet. - ChangeSet migration/node-info.changelog-init.xml::remove_host_port_pk::R3.Corda ran successfully in 10ms {changeSet=migration/node-info.changelog-init.xml::remove_host_port_pk::R3.Corda, databaseChangeLog=master.changelog.json}
?[m?[37m[INFO] 23:47:40,174 [Test worker] jvm.JdbcExecutor. - INSERT INTO PUBLIC.DATABASECHANGELOG (ID, AUTHOR, FILENAME, DATEEXECUTED, ORDEREXECUTED, MD5SUM, DESCRIPTION, COMMENTS, EXECTYPE, CONTEXTS, LABELS, LIQUIBASE, DEPLOYMENT_ID) VALUES ('remove_host_port_pk', 'R3.Corda', 'migration/node-info.changelog-init.xml', NOW(), 38, '8:50fa65c10fd9bb3d89e0ad75d29a0e4d', 'delete tableName=node_infos; delete tableName=node_link_nodeinfo_party; delete tableName=node_info_hosts; delete tableName=node_info_party_cert; dropPrimaryKey constraintName=node_info_hosts_pkey, tableName=node_info_hosts; addColumn tableName=nod...', '', 'EXECUTED', NULL, NULL, '3.6.3', '3614860014') {changeSet=migration/node-info.changelog-init.xml::remove_host_port_pk::R3.Corda, databaseChangeLog=master.changelog.json}
?[m?[37m[INFO] 23:47:40,175 [Test worker] jvm.JdbcExecutor. - CREATE TABLE PUBLIC.node_properties (property_key NVARCHAR(255) NOT NULL, property_value NVARCHAR(255)) {changeSet=migration/node-info.changelog-v1.xml::key/value node properties table::R3.Corda, databaseChangeLog=master.changelog.json}
?[m?[37m[INFO] 23:47:40,176 [Test worker] changelog.ChangeSet. - Table node_properties created {changeSet=migration/node-info.changelog-v1.xml::key/value node properties table::R3.Corda, databaseChangeLog=master.changelog.json}
?[m?[37m[INFO] 23:47:40,176 [Test worker] changelog.ChangeSet. - ChangeSet migration/node-info.changelog-v1.xml::key/value node properties table::R3.Corda ran successfully in 1ms {changeSet=migration/node-info.changelog-v1.xml::key/value node properties table::R3.Corda, databaseChangeLog=master.changelog.json}
?[m?[37m[INFO] 23:47:40,177 [Test worker] jvm.JdbcExecutor. - INSERT INTO PUBLIC.DATABASECHANGELOG (ID, AUTHOR, FILENAME, DATEEXECUTED, ORDEREXECUTED, MD5SUM, DESCRIPTION, COMMENTS, EXECTYPE, CONTEXTS, LABELS, LIQUIBASE, DEPLOYMENT_ID) VALUES ('key/value node properties table', 'R3.Corda', 'migration/node-info.changelog-v1.xml', NOW(), 39, '8:39e4c897aa5e893e79a0434af2948a91', 'createTable tableName=node_properties', '', 'EXECUTED', NULL, NULL, '3.6.3', '3614860014') {changeSet=migration/node-info.changelog-v1.xml::key/value node properties table::R3.Corda, databaseChangeLog=master.changelog.json}
?[m?[37m[INFO] 23:47:40,177 [Test worker] jvm.JdbcExecutor. - ALTER TABLE PUBLIC.node_infos ALTER COLUMN node_info_hash SET NOT NULL {changeSet=migration/node-info.changelog-v2.xml::1525962920::R3.Corda, databaseChangeLog=master.changelog.json}
?[m?[37m[INFO] 23:47:40,178 [Test worker] changelog.ChangeSet. - NOT NULL constraint has been added to node_infos.node_info_hash {changeSet=migration/node-info.changelog-v2.xml::1525962920::R3.Corda, databaseChangeLog=master.changelog.json}
?[m?[37m[INFO] 23:47:40,178 [Test worker] jvm.JdbcExecutor. - ALTER TABLE PUBLIC.node_infos ALTER COLUMN platform_version SET NOT NULL {changeSet=migration/node-info.changelog-v2.xml::1525962920::R3.Corda, databaseChangeLog=master.changelog.json}
?[m?[37m[INFO] 23:47:40,178 [Test worker] changelog.ChangeSet. - NOT NULL constraint has been added to node_infos.platform_version {changeSet=migration/node-info.changelog-v2.xml::1525962920::R3.Corda, databaseChangeLog=master.changelog.json}
?[m?[37m[INFO] 23:47:40,178 [Test worker] jvm.JdbcExecutor. - ALTER TABLE PUBLIC.node_infos ALTER COLUMN serial SET NOT NULL {changeSet=migration/node-info.changelog-v2.xml::1525962920::R3.Corda, databaseChangeLog=master.changelog.json}
?[m?[37m[INFO] 23:47:40,179 [Test worker] changelog.ChangeSet. - NOT NULL constraint has been added to node_infos.serial {changeSet=migration/node-info.changelog-v2.xml::1525962920::R3.Corda, databaseChangeLog=master.changelog.json}
?[m?[37m[INFO] 23:47:40,181 [Test worker] jvm.JdbcExecutor. - ALTER TABLE PUBLIC.node_info_hosts ALTER COLUMN host SET NULL {changeSet=migration/node-info.changelog-v2.xml::1525962920::R3.Corda, databaseChangeLog=master.changelog.json}
?[m?[37m[INFO] 23:47:40,183 [Test worker] changelog.ChangeSet. - Null constraint dropped from node_info_hosts.host {changeSet=migration/node-info.changelog-v2.xml::1525962920::R3.Corda, databaseChangeLog=master.changelog.json}
?[m?[37m[INFO] 23:47:40,185 [Test worker] jvm.JdbcExecutor. - ALTER TABLE PUBLIC.node_info_hosts ALTER COLUMN port SET NULL {changeSet=migration/node-info.changelog-v2.xml::1525962920::R3.Corda, databaseChangeLog=master.changelog.json}
?[m?[37m[INFO] 23:47:40,186 [Test worker] changelog.ChangeSet. - Null constraint dropped from node_info_hosts.port {changeSet=migration/node-info.changelog-v2.xml::1525962920::R3.Corda, databaseChangeLog=master.changelog.json}
?[m?[37m[INFO] 23:47:40,187 [Test worker] jvm.JdbcExecutor. - ALTER TABLE PUBLIC.node_info_party_cert ALTER COLUMN owning_key_hash SET NOT NULL {changeSet=migration/node-info.changelog-v2.xml::1525962920::R3.Corda, databaseChangeLog=master.changelog.json}
?[m?[37m[INFO] 23:47:40,187 [Test worker] changelog.ChangeSet. - NOT NULL constraint has been added to node_info_party_cert.owning_key_hash {changeSet=migration/node-info.changelog-v2.xml::1525962920::R3.Corda, databaseChangeLog=master.changelog.json}
?[m?[37m[INFO] 23:47:40,187 [Test worker] jvm.JdbcExecutor. - ALTER TABLE PUBLIC.node_info_party_cert ALTER COLUMN party_cert_binary SET NOT NULL {changeSet=migration/node-info.changelog-v2.xml::1525962920::R3.Corda, databaseChangeLog=master.changelog.json}
?[m?[37m[INFO] 23:47:40,188 [Test worker] changelog.ChangeSet. - NOT NULL constraint has been added to node_info_party_cert.party_cert_binary {changeSet=migration/node-info.changelog-v2.xml::1525962920::R3.Corda, databaseChangeLog=master.changelog.json}
?[m?[37m[INFO] 23:47:40,188 [Test worker] changelog.ChangeSet. - ChangeSet migration/node-info.changelog-v2.xml::1525962920::R3.Corda ran successfully in 11ms {changeSet=migration/node-info.changelog-v2.xml::1525962920::R3.Corda, databaseChangeLog=master.changelog.json}
?[m?[37m[INFO] 23:47:40,189 [Test worker] jvm.JdbcExecutor. - INSERT INTO PUBLIC.DATABASECHANGELOG (ID, AUTHOR, FILENAME, DATEEXECUTED, ORDEREXECUTED, MD5SUM, DESCRIPTION, COMMENTS, EXECTYPE, CONTEXTS, LABELS, LIQUIBASE, DEPLOYMENT_ID) VALUES ('1525962920', 'R3.Corda', 'migration/node-info.changelog-v2.xml', NOW(), 40, '8:cc835e848ed6cc1f4b2a2e8e31fa92f1', 'addNotNullConstraint columnName=node_info_hash, tableName=node_infos; addNotNullConstraint columnName=platform_version, tableName=node_infos; addNotNullConstraint columnName=serial, tableName=node_infos; dropNotNullConstraint columnName=host, tabl...', '', 'EXECUTED', NULL, NULL, '3.6.3', '3614860014') {changeSet=migration/node-info.changelog-v2.xml::1525962920::R3.Corda, databaseChangeLog=master.changelog.json}
?[m?[37m[INFO] 23:47:40,189 [Test worker] jvm.JdbcExecutor. - ALTER TABLE PUBLIC.node_info_hosts ALTER COLUMN host RENAME TO host_name {changeSet=migration/node-info.changelog-v3.xml::column_host_name::R3.Corda, databaseChangeLog=master.changelog.json}
?[m?[37m[INFO] 23:47:40,190 [Test worker] changelog.ChangeSet. - Column node_info_hosts.host renamed to host_name {changeSet=migration/node-info.changelog-v3.xml::column_host_name::R3.Corda, databaseChangeLog=master.changelog.json}
?[m?[37m[INFO] 23:47:40,190 [Test worker] changelog.ChangeSet. - ChangeSet migration/node-info.changelog-v3.xml::column_host_name::R3.Corda ran successfully in 1ms {changeSet=migration/node-info.changelog-v3.xml::column_host_name::R3.Corda, databaseChangeLog=master.changelog.json}
?[m?[37m[INFO] 23:47:40,191 [Test worker] jvm.JdbcExecutor. - INSERT INTO PUBLIC.DATABASECHANGELOG (ID, AUTHOR, FILENAME, DATEEXECUTED, ORDEREXECUTED, MD5SUM, DESCRIPTION, COMMENTS, EXECTYPE, CONTEXTS, LABELS, LIQUIBASE, DEPLOYMENT_ID) VALUES ('column_host_name', 'R3.Corda', 'migration/node-info.changelog-v3.xml', NOW(), 41, '8:e5fb9380221a91515f45ee44c9c30053', 'renameColumn newColumnName=host_name, oldColumnName=host, tableName=node_info_hosts', '', 'EXECUTED', NULL, NULL, '3.6.3', '3614860014') {changeSet=migration/node-info.changelog-v3.xml::column_host_name::R3.Corda, databaseChangeLog=master.changelog.json}
?[m?[37m[INFO] 23:47:40,192 [Test worker] jvm.JdbcExecutor. - CREATE TABLE PUBLIC.node_attachments (att_id NVARCHAR(255) NOT NULL, content BLOB, filename NVARCHAR(255), insertion_date TIMESTAMP NOT NULL, uploader NVARCHAR(255)) {changeSet=migration/node-services.changelog-init.xml::1511451595465-5::R3.Corda, databaseChangeLog=master.changelog.json}
?[m?[37m[INFO] 23:47:40,193 [Test worker] changelog.ChangeSet. - Table node_attachments created {changeSet=migration/node-services.changelog-init.xml::1511451595465-5::R3.Corda, databaseChangeLog=master.changelog.json}
?[m?[37m[INFO] 23:47:40,193 [Test worker] changelog.ChangeSet. - ChangeSet migration/node-services.changelog-init.xml::1511451595465-5::R3.Corda ran successfully in 1ms {changeSet=migration/node-services.changelog-init.xml::1511451595465-5::R3.Corda, databaseChangeLog=master.changelog.json}
?[m?[37m[INFO] 23:47:40,194 [Test worker] jvm.JdbcExecutor. - INSERT INTO PUBLIC.DATABASECHANGELOG (ID, AUTHOR, FILENAME, DATEEXECUTED, ORDEREXECUTED, MD5SUM, DESCRIPTION, COMMENTS, EXECTYPE, CONTEXTS, LABELS, LIQUIBASE, DEPLOYMENT_ID) VALUES ('1511451595465-5', 'R3.Corda', 'migration/node-services.changelog-init.xml', NOW(), 42, '8:380e64788d9896c1166e4c22336d01e4', 'createTable tableName=node_attachments', '', 'EXECUTED', NULL, NULL, '3.6.3', '3614860014') {changeSet=migration/node-services.changelog-init.xml::1511451595465-5::R3.Corda, databaseChangeLog=master.changelog.json}
?[m?[37m[INFO] 23:47:40,195 [Test worker] jvm.JdbcExecutor. - CREATE TABLE PUBLIC.node_checkpoints (checkpoint_id NVARCHAR(64) NOT NULL, checkpoint_value BLOB) {changeSet=migration/node-services.changelog-init.xml::1511451595465-7::R3.Corda, databaseChangeLog=master.changelog.json}
?[m?[37m[INFO] 23:47:40,195 [Test worker] changelog.ChangeSet. - Table node_checkpoints created {changeSet=migration/node-services.changelog-init.xml::1511451595465-7::R3.Corda, databaseChangeLog=master.changelog.json}
?[m?[37m[INFO] 23:47:40,195 [Test worker] changelog.ChangeSet. - ChangeSet migration/node-services.changelog-init.xml::1511451595465-7::R3.Corda ran successfully in 1ms {changeSet=migration/node-services.changelog-init.xml::1511451595465-7::R3.Corda, databaseChangeLog=master.changelog.json}
?[m?[37m[INFO] 23:47:40,196 [Test worker] jvm.JdbcExecutor. - INSERT INTO PUBLIC.DATABASECHANGELOG (ID, AUTHOR, FILENAME, DATEEXECUTED, ORDEREXECUTED, MD5SUM, DESCRIPTION, COMMENTS, EXECTYPE, CONTEXTS, LABELS, LIQUIBASE, DEPLOYMENT_ID) VALUES ('1511451595465-7', 'R3.Corda', 'migration/node-services.changelog-init.xml', NOW(), 43, '8:8aefa1967ed80f8f98b69247c70c9f24', 'createTable tableName=node_checkpoints', '', 'EXECUTED', NULL, NULL, '3.6.3', '3614860014') {changeSet=migration/node-services.changelog-init.xml::1511451595465-7::R3.Corda, databaseChangeLog=master.changelog.json}
?[m?[37m[INFO] 23:47:40,197 [Test worker] jvm.JdbcExecutor. - CREATE TABLE PUBLIC.node_contract_upgrades (state_ref NVARCHAR(96) NOT NULL, contract_class_name NVARCHAR(255)) {changeSet=migration/node-services.changelog-init.xml::1511451595465-8::R3.Corda, databaseChangeLog=master.changelog.json}
?[m?[37m[INFO] 23:47:40,197 [Test worker] changelog.ChangeSet. - Table node_contract_upgrades created {changeSet=migration/node-services.changelog-init.xml::1511451595465-8::R3.Corda, databaseChangeLog=master.changelog.json}
?[m?[37m[INFO] 23:47:40,198 [Test worker] changelog.ChangeSet. - ChangeSet migration/node-services.changelog-init.xml::1511451595465-8::R3.Corda ran successfully in 1ms {changeSet=migration/node-services.changelog-init.xml::1511451595465-8::R3.Corda, databaseChangeLog=master.changelog.json}
?[m?[37m[INFO] 23:47:40,199 [Test worker] jvm.JdbcExecutor. - INSERT INTO PUBLIC.DATABASECHANGELOG (ID, AUTHOR, FILENAME, DATEEXECUTED, ORDEREXECUTED, MD5SUM, DESCRIPTION, COMMENTS, EXECTYPE, CONTEXTS, LABELS, LIQUIBASE, DEPLOYMENT_ID) VALUES ('1511451595465-8', 'R3.Corda', 'migration/node-services.changelog-init.xml', NOW(), 44, '8:6b06fe4c0ef085967f4dbd00dca08533', 'createTable tableName=node_contract_upgrades', '', 'EXECUTED', NULL, NULL, '3.6.3', '3614860014') {changeSet=migration/node-services.changelog-init.xml::1511451595465-8::R3.Corda, databaseChangeLog=master.changelog.json}
?[m?[37m[INFO] 23:47:40,199 [Test worker] jvm.JdbcExecutor. - CREATE TABLE PUBLIC.node_identities (pk_hash NVARCHAR(130) NOT NULL, identity_value BLOB) {changeSet=migration/node-services.changelog-init.xml::1511451595465-9::R3.Corda, databaseChangeLog=master.changelog.json}
?[m?[37m[INFO] 23:47:40,200 [Test worker] changelog.ChangeSet. - Table node_identities created {changeSet=migration/node-services.changelog-init.xml::1511451595465-9::R3.Corda, databaseChangeLog=master.changelog.json}
?[m?[37m[INFO] 23:47:40,200 [Test worker] changelog.ChangeSet. - ChangeSet migration/node-services.changelog-init.xml::1511451595465-9::R3.Corda ran successfully in 1ms {changeSet=migration/node-services.changelog-init.xml::1511451595465-9::R3.Corda, databaseChangeLog=master.changelog.json}
?[m?[37m[INFO] 23:47:40,201 [Test worker] jvm.JdbcExecutor. - INSERT INTO PUBLIC.DATABASECHANGELOG (ID, AUTHOR, FILENAME, DATEEXECUTED, ORDEREXECUTED, MD5SUM, DESCRIPTION, COMMENTS, EXECTYPE, CONTEXTS, LABELS, LIQUIBASE, DEPLOYMENT_ID) VALUES ('1511451595465-9', 'R3.Corda', 'migration/node-services.changelog-init.xml', NOW(), 45, '8:293963c9989772e272e1397c8ae9dfb1', 'createTable tableName=node_identities', '', 'EXECUTED', NULL, NULL, '3.6.3', '3614860014') {changeSet=migration/node-services.changelog-init.xml::1511451595465-9::R3.Corda, databaseChangeLog=master.changelog.json}
?[m?[37m[INFO] 23:47:40,202 [Test worker] jvm.JdbcExecutor. - CREATE TABLE PUBLIC.node_message_ids (message_id NVARCHAR(64) NOT NULL, insertion_time TIMESTAMP) {changeSet=migration/node-services.changelog-init.xml::1511451595465-13::R3.Corda, databaseChangeLog=master.changelog.json}
?[m?[37m[INFO] 23:47:40,203 [Test worker] changelog.ChangeSet. - Table node_message_ids created {changeSet=migration/node-services.changelog-init.xml::1511451595465-13::R3.Corda, databaseChangeLog=master.changelog.json}
?[m?[37m[INFO] 23:47:40,203 [Test worker] changelog.ChangeSet. - ChangeSet migration/node-services.changelog-init.xml::1511451595465-13::R3.Corda ran successfully in 1ms {changeSet=migration/node-services.changelog-init.xml::1511451595465-13::R3.Corda, databaseChangeLog=master.changelog.json}
?[m?[37m[INFO] 23:47:40,204 [Test worker] jvm.JdbcExecutor. - INSERT INTO PUBLIC.DATABASECHANGELOG (ID, AUTHOR, FILENAME, DATEEXECUTED, ORDEREXECUTED, MD5SUM, DESCRIPTION, COMMENTS, EXECTYPE, CONTEXTS, LABELS, LIQUIBASE, DEPLOYMENT_ID) VALUES ('1511451595465-13', 'R3.Corda', 'migration/node-services.changelog-init.xml', NOW(), 46, '8:421bb9432660d6cdf67a18c6f0acdeb4', 'createTable tableName=node_message_ids', '', 'EXECUTED', NULL, NULL, '3.6.3', '3614860014') {changeSet=migration/node-services.changelog-init.xml::1511451595465-13::R3.Corda, databaseChangeLog=master.changelog.json}
?[m?[37m[INFO] 23:47:40,205 [Test worker] jvm.JdbcExecutor. - CREATE TABLE PUBLIC.node_message_retry (message_id BIGINT NOT NULL, message BLOB, recipients BLOB) {changeSet=migration/node-services.changelog-init.xml::1511451595465-14::R3.Corda, databaseChangeLog=master.changelog.json}
?[m?[37m[INFO] 23:47:40,206 [Test worker] changelog.ChangeSet. - Table node_message_retry created {changeSet=migration/node-services.changelog-init.xml::1511451595465-14::R3.Corda, databaseChangeLog=master.changelog.json}
?[m?[37m[INFO] 23:47:40,206 [Test worker] changelog.ChangeSet. - ChangeSet migration/node-services.changelog-init.xml::1511451595465-14::R3.Corda ran successfully in 2ms {changeSet=migration/node-services.changelog-init.xml::1511451595465-14::R3.Corda, databaseChangeLog=master.changelog.json}
?[m?[37m[INFO] 23:47:40,208 [Test worker] jvm.JdbcExecutor. - INSERT INTO PUBLIC.DATABASECHANGELOG (ID, AUTHOR, FILENAME, DATEEXECUTED, ORDEREXECUTED, MD5SUM, DESCRIPTION, COMMENTS, EXECTYPE, CONTEXTS, LABELS, LIQUIBASE, DEPLOYMENT_ID) VALUES ('1511451595465-14', 'R3.Corda', 'migration/node-services.changelog-init.xml', NOW(), 47, '8:ba7acbbe63086c3c9fb627ea948864b2', 'createTable tableName=node_message_retry', '', 'EXECUTED', NULL, NULL, '3.6.3', '3614860014') {changeSet=migration/node-services.changelog-init.xml::1511451595465-14::R3.Corda, databaseChangeLog=master.changelog.json}
?[m?[37m[INFO] 23:47:40,209 [Test worker] jvm.JdbcExecutor. - CREATE TABLE PUBLIC.node_named_identities (name NVARCHAR(128) NOT NULL, pk_hash NVARCHAR(130)) {changeSet=migration/node-services.changelog-init.xml::1511451595465-15::R3.Corda, databaseChangeLog=master.changelog.json}
?[m?[37m[INFO] 23:47:40,209 [Test worker] changelog.ChangeSet. - Table node_named_identities created {changeSet=migration/node-services.changelog-init.xml::1511451595465-15::R3.Corda, databaseChangeLog=master.changelog.json}
?[m?[37m[INFO] 23:47:40,210 [Test worker] changelog.ChangeSet. - ChangeSet migration/node-services.changelog-init.xml::1511451595465-15::R3.Corda ran successfully in 2ms {changeSet=migration/node-services.changelog-init.xml::1511451595465-15::R3.Corda, databaseChangeLog=master.changelog.json}
?[m?[37m[INFO] 23:47:40,210 [Test worker] jvm.JdbcExecutor. - INSERT INTO PUBLIC.DATABASECHANGELOG (ID, AUTHOR, FILENAME, DATEEXECUTED, ORDEREXECUTED, MD5SUM, DESCRIPTION, COMMENTS, EXECTYPE, CONTEXTS, LABELS, LIQUIBASE, DEPLOYMENT_ID) VALUES ('1511451595465-15', 'R3.Corda', 'migration/node-services.changelog-init.xml', NOW(), 48, '8:bf6ca4e45e140b225f6f934935dd2f34', 'createTable tableName=node_named_identities', '', 'EXECUTED', NULL, NULL, '3.6.3', '3614860014') {changeSet=migration/node-services.changelog-init.xml::1511451595465-15::R3.Corda, databaseChangeLog=master.changelog.json}
?[m?[37m[INFO] 23:47:40,212 [Test worker] jvm.JdbcExecutor. - CREATE TABLE PUBLIC.node_our_key_pairs (public_key_hash NVARCHAR(130) NOT NULL, private_key BLOB, public_key BLOB) {changeSet=migration/node-services.changelog-init.xml::1511451595465-17::R3.Corda, databaseChangeLog=master.changelog.json}
?[m?[37m[INFO] 23:47:40,212 [Test worker] changelog.ChangeSet. - Table node_our_key_pairs created {changeSet=migration/node-services.changelog-init.xml::1511451595465-17::R3.Corda, databaseChangeLog=master.changelog.json}
?[m?[37m[INFO] 23:47:40,212 [Test worker] changelog.ChangeSet. - ChangeSet migration/node-services.changelog-init.xml::1511451595465-17::R3.Corda ran successfully in 1ms {changeSet=migration/node-services.changelog-init.xml::1511451595465-17::R3.Corda, databaseChangeLog=master.changelog.json}
?[m?[37m[INFO] 23:47:40,213 [Test worker] jvm.JdbcExecutor. - INSERT INTO PUBLIC.DATABASECHANGELOG (ID, AUTHOR, FILENAME, DATEEXECUTED, ORDEREXECUTED, MD5SUM, DESCRIPTION, COMMENTS, EXECTYPE, CONTEXTS, LABELS, LIQUIBASE, DEPLOYMENT_ID) VALUES ('1511451595465-17', 'R3.Corda', 'migration/node-services.changelog-init.xml', NOW(), 49, '8:e91eb86cb57176d4605d948f694d8441', 'createTable tableName=node_our_key_pairs', '', 'EXECUTED', NULL, NULL, '3.6.3', '3614860014') {changeSet=migration/node-services.changelog-init.xml::1511451595465-17::R3.Corda, databaseChangeLog=master.changelog.json}
?[m?[37m[INFO] 23:47:40,216 [Test worker] jvm.JdbcExecutor. - CREATE TABLE PUBLIC.node_scheduled_states (output_index INT NOT NULL, transaction_id NVARCHAR(64) NOT NULL, scheduled_at TIMESTAMP NOT NULL) {changeSet=migration/node-services.changelog-init.xml::1511451595465-19::R3.Corda, databaseChangeLog=master.changelog.json}
?[m?[37m[INFO] 23:47:40,217 [Test worker] changelog.ChangeSet. - Table node_scheduled_states created {changeSet=migration/node-services.changelog-init.xml::1511451595465-19::R3.Corda, databaseChangeLog=master.changelog.json}
?[m?[37m[INFO] 23:47:40,217 [Test worker] changelog.ChangeSet. - ChangeSet migration/node-services.changelog-init.xml::1511451595465-19::R3.Corda ran successfully in 3ms {changeSet=migration/node-services.changelog-init.xml::1511451595465-19::R3.Corda, databaseChangeLog=master.changelog.json}
?[m?[37m[INFO] 23:47:40,218 [Test worker] jvm.JdbcExecutor. - INSERT INTO PUBLIC.DATABASECHANGELOG (ID, AUTHOR, FILENAME, DATEEXECUTED, ORDEREXECUTED, MD5SUM, DESCRIPTION, COMMENTS, EXECTYPE, CONTEXTS, LABELS, LIQUIBASE, DEPLOYMENT_ID) VALUES ('1511451595465-19', 'R3.Corda', 'migration/node-services.changelog-init.xml', NOW(), 50, '8:55282f9fbfc1cb8f7583a90173e3ff4c', 'createTable tableName=node_scheduled_states', '', 'EXECUTED', NULL, NULL, '3.6.3', '3614860014') {changeSet=migration/node-services.changelog-init.xml::1511451595465-19::R3.Corda, databaseChangeLog=master.changelog.json}
?[m?[37m[INFO] 23:47:40,220 [Test worker] jvm.JdbcExecutor. - CREATE TABLE PUBLIC.node_transaction_mappings (tx_id NVARCHAR(64) NOT NULL, state_machine_run_id NVARCHAR(36)) {changeSet=migration/node-services.changelog-init.xml::1511451595465-20::R3.Corda, databaseChangeLog=master.changelog.json}
?[m?[37m[INFO] 23:47:40,221 [Test worker] changelog.ChangeSet. - Table node_transaction_mappings created {changeSet=migration/node-services.changelog-init.xml::1511451595465-20::R3.Corda, databaseChangeLog=master.changelog.json}
?[m?[37m[INFO] 23:47:40,221 [Test worker] changelog.ChangeSet. - ChangeSet migration/node-services.changelog-init.xml::1511451595465-20::R3.Corda ran successfully in 1ms {changeSet=migration/node-services.changelog-init.xml::1511451595465-20::R3.Corda, databaseChangeLog=master.changelog.json}
?[m?[37m[INFO] 23:47:40,222 [Test worker] jvm.JdbcExecutor. - INSERT INTO PUBLIC.DATABASECHANGELOG (ID, AUTHOR, FILENAME, DATEEXECUTED, ORDEREXECUTED, MD5SUM, DESCRIPTION, COMMENTS, EXECTYPE, CONTEXTS, LABELS, LIQUIBASE, DEPLOYMENT_ID) VALUES ('1511451595465-20', 'R3.Corda', 'migration/node-services.changelog-init.xml', NOW(), 51, '8:cc085b3d33f3d53b75c8866522653f98', 'createTable tableName=node_transaction_mappings', '', 'EXECUTED', NULL, NULL, '3.6.3', '3614860014') {changeSet=migration/node-services.changelog-init.xml::1511451595465-20::R3.Corda, databaseChangeLog=master.changelog.json}
?[m?[37m[INFO] 23:47:40,223 [Test worker] jvm.JdbcExecutor. - CREATE TABLE PUBLIC.node_transactions (tx_id NVARCHAR(64) NOT NULL, transaction_value BLOB) {changeSet=migration/node-services.changelog-init.xml::1511451595465-21::R3.Corda, databaseChangeLog=master.changelog.json}
?[m?[37m[INFO] 23:47:40,223 [Test worker] changelog.ChangeSet. - Table node_transactions created {changeSet=migration/node-services.changelog-init.xml::1511451595465-21::R3.Corda, databaseChangeLog=master.changelog.json}
?[m?[37m[INFO] 23:47:40,223 [Test worker] changelog.ChangeSet. - ChangeSet migration/node-services.changelog-init.xml::1511451595465-21::R3.Corda ran successfully in 1ms {changeSet=migration/node-services.changelog-init.xml::1511451595465-21::R3.Corda, databaseChangeLog=master.changelog.json}
?[m?[37m[INFO] 23:47:40,225 [Test worker] jvm.JdbcExecutor. - INSERT INTO PUBLIC.DATABASECHANGELOG (ID, AUTHOR, FILENAME, DATEEXECUTED, ORDEREXECUTED, MD5SUM, DESCRIPTION, COMMENTS, EXECTYPE, CONTEXTS, LABELS, LIQUIBASE, DEPLOYMENT_ID) VALUES ('1511451595465-21', 'R3.Corda', 'migration/node-services.changelog-init.xml', NOW(), 52, '8:69feb7582f3b77828510a56cb111cfd8', 'createTable tableName=node_transactions', '', 'EXECUTED', NULL, NULL, '3.6.3', '3614860014') {changeSet=migration/node-services.changelog-init.xml::1511451595465-21::R3.Corda, databaseChangeLog=master.changelog.json}
?[m?[37m[INFO] 23:47:40,226 [Test worker] jvm.JdbcExecutor. - ALTER TABLE PUBLIC.node_attachments ADD CONSTRAINT node_attachments_pkey PRIMARY KEY (att_id) {changeSet=migration/node-services.changelog-init.xml::1511451595465-30::R3.Corda, databaseChangeLog=master.changelog.json}
?[m?[37m[INFO] 23:47:40,226 [Test worker] changelog.ChangeSet. - Primary key added to node_attachments (att_id) {changeSet=migration/node-services.changelog-init.xml::1511451595465-30::R3.Corda, databaseChangeLog=master.changelog.json}
?[m?[37m[INFO] 23:47:40,226 [Test worker] changelog.ChangeSet. - ChangeSet migration/node-services.changelog-init.xml::1511451595465-30::R3.Corda ran successfully in 1ms {changeSet=migration/node-services.changelog-init.xml::1511451595465-30::R3.Corda, databaseChangeLog=master.changelog.json}
?[m?[37m[INFO] 23:47:40,227 [Test worker] jvm.JdbcExecutor. - INSERT INTO PUBLIC.DATABASECHANGELOG (ID, AUTHOR, FILENAME, DATEEXECUTED, ORDEREXECUTED, MD5SUM, DESCRIPTION, COMMENTS, EXECTYPE, CONTEXTS, LABELS, LIQUIBASE, DEPLOYMENT_ID) VALUES ('1511451595465-30', 'R3.Corda', 'migration/node-services.changelog-init.xml', NOW(), 53, '8:97c42d4eac368e79f47df345a072b237', 'addPrimaryKey constraintName=node_attachments_pkey, tableName=node_attachments', '', 'EXECUTED', NULL, NULL, '3.6.3', '3614860014') {changeSet=migration/node-services.changelog-init.xml::1511451595465-30::R3.Corda, databaseChangeLog=master.changelog.json}
?[m?[37m[INFO] 23:47:40,228 [Test worker] jvm.JdbcExecutor. - ALTER TABLE PUBLIC.node_checkpoints ADD CONSTRAINT node_checkpoints_pkey PRIMARY KEY (checkpoint_id) {changeSet=migration/node-services.changelog-init.xml::1511451595465-32::R3.Corda, databaseChangeLog=master.changelog.json}
?[m?[37m[INFO] 23:47:40,229 [Test worker] changelog.ChangeSet. - Primary key added to node_checkpoints (checkpoint_id) {changeSet=migration/node-services.changelog-init.xml::1511451595465-32::R3.Corda, databaseChangeLog=master.changelog.json}
?[m?[37m[INFO] 23:47:40,229 [Test worker] changelog.ChangeSet. - ChangeSet migration/node-services.changelog-init.xml::1511451595465-32::R3.Corda ran successfully in 1ms {changeSet=migration/node-services.changelog-init.xml::1511451595465-32::R3.Corda, databaseChangeLog=master.changelog.json}
?[m?[37m[INFO] 23:47:40,230 [Test worker] jvm.JdbcExecutor. - INSERT INTO PUBLIC.DATABASECHANGELOG (ID, AUTHOR, FILENAME, DATEEXECUTED, ORDEREXECUTED, MD5SUM, DESCRIPTION, COMMENTS, EXECTYPE, CONTEXTS, LABELS, LIQUIBASE, DEPLOYMENT_ID) VALUES ('1511451595465-32', 'R3.Corda', 'migration/node-services.changelog-init.xml', NOW(), 54, '8:7224c32660081d3e820e52e2b70b365f', 'addPrimaryKey constraintName=node_checkpoints_pkey, tableName=node_checkpoints', '', 'EXECUTED', NULL, NULL, '3.6.3', '3614860014') {changeSet=migration/node-services.changelog-init.xml::1511451595465-32::R3.Corda, databaseChangeLog=master.changelog.json}
?[m?[37m[INFO] 23:47:40,230 [Test worker] jvm.JdbcExecutor. - ALTER TABLE PUBLIC.node_contract_upgrades ADD CONSTRAINT node_contract_upgrades_pkey PRIMARY KEY (state_ref) {changeSet=migration/node-services.changelog-init.xml::1511451595465-33::R3.Corda, databaseChangeLog=master.changelog.json}
?[m?[37m[INFO] 23:47:40,231 [Test worker] changelog.ChangeSet. - Primary key added to node_contract_upgrades (state_ref) {changeSet=migration/node-services.changelog-init.xml::1511451595465-33::R3.Corda, databaseChangeLog=master.changelog.json}
?[m?[37m[INFO] 23:47:40,231 [Test worker] changelog.ChangeSet. - ChangeSet migration/node-services.changelog-init.xml::1511451595465-33::R3.Corda ran successfully in 1ms {changeSet=migration/node-services.changelog-init.xml::1511451595465-33::R3.Corda, databaseChangeLog=master.changelog.json}
?[m?[37m[INFO] 23:47:40,232 [Test worker] jvm.JdbcExecutor. - INSERT INTO PUBLIC.DATABASECHANGELOG (ID, AUTHOR, FILENAME, DATEEXECUTED, ORDEREXECUTED, MD5SUM, DESCRIPTION, COMMENTS, EXECTYPE, CONTEXTS, LABELS, LIQUIBASE, DEPLOYMENT_ID) VALUES ('1511451595465-33', 'R3.Corda', 'migration/node-services.changelog-init.xml', NOW(), 55, '8:85bcae037a29317065e3b922e0563902', 'addPrimaryKey constraintName=node_contract_upgrades_pkey, tableName=node_contract_upgrades', '', 'EXECUTED', NULL, NULL, '3.6.3', '3614860014') {changeSet=migration/node-services.changelog-init.xml::1511451595465-33::R3.Corda, databaseChangeLog=master.changelog.json}
?[m?[37m[INFO] 23:47:40,233 [Test worker] jvm.JdbcExecutor. - ALTER TABLE PUBLIC.node_identities ADD CONSTRAINT node_identities_pkey PRIMARY KEY (pk_hash) {changeSet=migration/node-services.changelog-init.xml::1511451595465-34::R3.Corda, databaseChangeLog=master.changelog.json}
?[m?[37m[INFO] 23:47:40,235 [Test worker] changelog.ChangeSet. - Primary key added to node_identities (pk_hash) {changeSet=migration/node-services.changelog-init.xml::1511451595465-34::R3.Corda, databaseChangeLog=master.changelog.json}
?[m?[37m[INFO] 23:47:40,235 [Test worker] changelog.ChangeSet. - ChangeSet migration/node-services.changelog-init.xml::1511451595465-34::R3.Corda ran successfully in 3ms {changeSet=migration/node-services.changelog-init.xml::1511451595465-34::R3.Corda, databaseChangeLog=master.changelog.json}
?[m?[37m[INFO] 23:47:40,236 [Test worker] jvm.JdbcExecutor. - INSERT INTO PUBLIC.DATABASECHANGELOG (ID, AUTHOR, FILENAME, DATEEXECUTED, ORDEREXECUTED, MD5SUM, DESCRIPTION, COMMENTS, EXECTYPE, CONTEXTS, LABELS, LIQUIBASE, DEPLOYMENT_ID) VALUES ('1511451595465-34', 'R3.Corda', 'migration/node-services.changelog-init.xml', NOW(), 56, '8:308ffe9985df3029fc05bd41c60010a9', 'addPrimaryKey constraintName=node_identities_pkey, tableName=node_identities', '', 'EXECUTED', NULL, NULL, '3.6.3', '3614860014') {changeSet=migration/node-services.changelog-init.xml::1511451595465-34::R3.Corda, databaseChangeLog=master.changelog.json}
?[m?[37m[INFO] 23:47:40,238 [Test worker] jvm.JdbcExecutor. - ALTER TABLE PUBLIC.node_message_ids ADD CONSTRAINT node_message_ids_pkey PRIMARY KEY (message_id) {changeSet=migration/node-services.changelog-init.xml::1511451595465-38::R3.Corda, databaseChangeLog=master.changelog.json}
?[m?[37m[INFO] 23:47:40,238 [Test worker] changelog.ChangeSet. - Primary key added to node_message_ids (message_id) {changeSet=migration/node-services.changelog-init.xml::1511451595465-38::R3.Corda, databaseChangeLog=master.changelog.json}
?[m?[37m[INFO] 23:47:40,239 [Test worker] changelog.ChangeSet. - ChangeSet migration/node-services.changelog-init.xml::1511451595465-38::R3.Corda ran successfully in 2ms {changeSet=migration/node-services.changelog-init.xml::1511451595465-38::R3.Corda, databaseChangeLog=master.changelog.json}
?[m?[37m[INFO] 23:47:40,240 [Test worker] jvm.JdbcExecutor. - INSERT INTO PUBLIC.DATABASECHANGELOG (ID, AUTHOR, FILENAME, DATEEXECUTED, ORDEREXECUTED, MD5SUM, DESCRIPTION, COMMENTS, EXECTYPE, CONTEXTS, LABELS, LIQUIBASE, DEPLOYMENT_ID) VALUES ('1511451595465-38', 'R3.Corda', 'migration/node-services.changelog-init.xml', NOW(), 57, '8:18b1b83ce2a778af1a8a8c9c56bb9651', 'addPrimaryKey constraintName=node_message_ids_pkey, tableName=node_message_ids', '', 'EXECUTED', NULL, NULL, '3.6.3', '3614860014') {changeSet=migration/node-services.changelog-init.xml::1511451595465-38::R3.Corda, databaseChangeLog=master.changelog.json}
?[m?[37m[INFO] 23:47:40,242 [Test worker] jvm.JdbcExecutor. - ALTER TABLE PUBLIC.node_message_retry ADD CONSTRAINT node_message_retry_pkey PRIMARY KEY (message_id) {changeSet=migration/node-services.changelog-init.xml::1511451595465-39::R3.Corda, databaseChangeLog=master.changelog.json}
?[m?[37m[INFO] 23:47:40,243 [Test worker] changelog.ChangeSet. - Primary key added to node_message_retry (message_id) {changeSet=migration/node-services.changelog-init.xml::1511451595465-39::R3.Corda, databaseChangeLog=master.changelog.json}
?[m?[37m[INFO] 23:47:40,243 [Test worker] changelog.ChangeSet. - ChangeSet migration/node-services.changelog-init.xml::1511451595465-39::R3.Corda ran successfully in 1ms {changeSet=migration/node-services.changelog-init.xml::1511451595465-39::R3.Corda, databaseChangeLog=master.changelog.json}
?[m?[37m[INFO] 23:47:40,247 [Test worker] jvm.JdbcExecutor. - INSERT INTO PUBLIC.DATABASECHANGELOG (ID, AUTHOR, FILENAME, DATEEXECUTED, ORDEREXECUTED, MD5SUM, DESCRIPTION, COMMENTS, EXECTYPE, CONTEXTS, LABELS, LIQUIBASE, DEPLOYMENT_ID) VALUES ('1511451595465-39', 'R3.Corda', 'migration/node-services.changelog-init.xml', NOW(), 58, '8:0359c73c9db723c73ee0171620ff4ac6', 'addPrimaryKey constraintName=node_message_retry_pkey, tableName=node_message_retry', '', 'EXECUTED', NULL, NULL, '3.6.3', '3614860014') {changeSet=migration/node-services.changelog-init.xml::1511451595465-39::R3.Corda, databaseChangeLog=master.changelog.json}
?[m?[37m[INFO] 23:47:40,250 [Test worker] jvm.JdbcExecutor. - ALTER TABLE PUBLIC.node_named_identities ADD CONSTRAINT node_named_identities_pkey PRIMARY KEY (name) {changeSet=migration/node-services.changelog-init.xml::1511451595465-40::R3.Corda, databaseChangeLog=master.changelog.json}
?[m?[37m[INFO] 23:47:40,251 [Test worker] changelog.ChangeSet. - Primary key added to node_named_identities (name) {changeSet=migration/node-services.changelog-init.xml::1511451595465-40::R3.Corda, databaseChangeLog=master.changelog.json}
?[m?[37m[INFO] 23:47:40,251 [Test worker] changelog.ChangeSet. - ChangeSet migration/node-services.changelog-init.xml::1511451595465-40::R3.Corda ran successfully in 3ms {changeSet=migration/node-services.changelog-init.xml::1511451595465-40::R3.Corda, databaseChangeLog=master.changelog.json}
?[m?[37m[INFO] 23:47:40,252 [Test worker] jvm.JdbcExecutor. - INSERT INTO PUBLIC.DATABASECHANGELOG (ID, AUTHOR, FILENAME, DATEEXECUTED, ORDEREXECUTED, MD5SUM, DESCRIPTION, COMMENTS, EXECTYPE, CONTEXTS, LABELS, LIQUIBASE, DEPLOYMENT_ID) VALUES ('1511451595465-40', 'R3.Corda', 'migration/node-services.changelog-init.xml', NOW(), 59, '8:ef3ab101a3e4c5820f575d5adcb85c08', 'addPrimaryKey constraintName=node_named_identities_pkey, tableName=node_named_identities', '', 'EXECUTED', NULL, NULL, '3.6.3', '3614860014') {changeSet=migration/node-services.changelog-init.xml::1511451595465-40::R3.Corda, databaseChangeLog=master.changelog.json}
?[m?[37m[INFO] 23:47:40,253 [Test worker] jvm.JdbcExecutor. - ALTER TABLE PUBLIC.node_our_key_pairs ADD CONSTRAINT node_our_key_pairs_pkey PRIMARY KEY (public_key_hash) {changeSet=migration/node-services.changelog-init.xml::1511451595465-42::R3.Corda, databaseChangeLog=master.changelog.json}
?[m?[37m[INFO] 23:47:40,253 [Test worker] changelog.ChangeSet. - Primary key added to node_our_key_pairs (public_key_hash) {changeSet=migration/node-services.changelog-init.xml::1511451595465-42::R3.Corda, databaseChangeLog=master.changelog.json}
?[m?[37m[INFO] 23:47:40,253 [Test worker] changelog.ChangeSet. - ChangeSet migration/node-services.changelog-init.xml::1511451595465-42::R3.Corda ran successfully in 0ms {changeSet=migration/node-services.changelog-init.xml::1511451595465-42::R3.Corda, databaseChangeLog=master.changelog.json}
?[m?[37m[INFO] 23:47:40,254 [Test worker] jvm.JdbcExecutor. - INSERT INTO PUBLIC.DATABASECHANGELOG (ID, AUTHOR, FILENAME, DATEEXECUTED, ORDEREXECUTED, MD5SUM, DESCRIPTION, COMMENTS, EXECTYPE, CONTEXTS, LABELS, LIQUIBASE, DEPLOYMENT_ID) VALUES ('1511451595465-42', 'R3.Corda', 'migration/node-services.changelog-init.xml', NOW(), 60, '8:d742088fd258d00e0a1fbffcf2e27c61', 'addPrimaryKey constraintName=node_our_key_pairs_pkey, tableName=node_our_key_pairs', '', 'EXECUTED', NULL, NULL, '3.6.3', '3614860014') {changeSet=migration/node-services.changelog-init.xml::1511451595465-42::R3.Corda, databaseChangeLog=master.changelog.json}
?[m?[37m[INFO] 23:47:40,261 [Test worker] jvm.JdbcExecutor. - ALTER TABLE PUBLIC.node_scheduled_states ADD CONSTRAINT node_scheduled_states_pkey PRIMARY KEY (output_index, transaction_id) {changeSet=migration/node-services.changelog-init.xml::1511451595465-44::R3.Corda, databaseChangeLog=master.changelog.json}
?[m?[37m[INFO] 23:47:40,261 [Test worker] changelog.ChangeSet. - Primary key added to node_scheduled_states (output_index, transaction_id) {changeSet=migration/node-services.changelog-init.xml::1511451595465-44::R3.Corda, databaseChangeLog=master.changelog.json}
?[m?[37m[INFO] 23:47:40,261 [Test worker] changelog.ChangeSet. - ChangeSet migration/node-services.changelog-init.xml::1511451595465-44::R3.Corda ran successfully in 1ms {changeSet=migration/node-services.changelog-init.xml::1511451595465-44::R3.Corda, databaseChangeLog=master.changelog.json}
?[m?[37m[INFO] 23:47:40,262 [Test worker] jvm.JdbcExecutor. - INSERT INTO PUBLIC.DATABASECHANGELOG (ID, AUTHOR, FILENAME, DATEEXECUTED, ORDEREXECUTED, MD5SUM, DESCRIPTION, COMMENTS, EXECTYPE, CONTEXTS, LABELS, LIQUIBASE, DEPLOYMENT_ID) VALUES ('1511451595465-44', 'R3.Corda', 'migration/node-services.changelog-init.xml', NOW(), 61, '8:dc8b980de5154038877f6d2e43b97ad1', 'addPrimaryKey constraintName=node_scheduled_states_pkey, tableName=node_scheduled_states', '', 'EXECUTED', NULL, NULL, '3.6.3', '3614860014') {changeSet=migration/node-services.changelog-init.xml::1511451595465-44::R3.Corda, databaseChangeLog=master.changelog.json}
?[m?[37m[INFO] 23:47:40,263 [Test worker] jvm.JdbcExecutor. - ALTER TABLE PUBLIC.node_transaction_mappings ADD CONSTRAINT node_transaction_mappings_pkey PRIMARY KEY (tx_id) {changeSet=migration/node-services.changelog-init.xml::1511451595465-45::R3.Corda, databaseChangeLog=master.changelog.json}
?[m?[37m[INFO] 23:47:40,264 [Test worker] changelog.ChangeSet. - Primary key added to node_transaction_mappings (tx_id) {changeSet=migration/node-services.changelog-init.xml::1511451595465-45::R3.Corda, databaseChangeLog=master.changelog.json}
?[m?[37m[INFO] 23:47:40,264 [Test worker] changelog.ChangeSet. - ChangeSet migration/node-services.changelog-init.xml::1511451595465-45::R3.Corda ran successfully in 1ms {changeSet=migration/node-services.changelog-init.xml::1511451595465-45::R3.Corda, databaseChangeLog=master.changelog.json}
?[m?[37m[INFO] 23:47:40,265 [Test worker] jvm.JdbcExecutor. - INSERT INTO PUBLIC.DATABASECHANGELOG (ID, AUTHOR, FILENAME, DATEEXECUTED, ORDEREXECUTED, MD5SUM, DESCRIPTION, COMMENTS, EXECTYPE, CONTEXTS, LABELS, LIQUIBASE, DEPLOYMENT_ID) VALUES ('1511451595465-45', 'R3.Corda', 'migration/node-services.changelog-init.xml', NOW(), 62, '8:2ae0fa18530e20aa3bcd6109b7d95247', 'addPrimaryKey constraintName=node_transaction_mappings_pkey, tableName=node_transaction_mappings', '', 'EXECUTED', NULL, NULL, '3.6.3', '3614860014') {changeSet=migration/node-services.changelog-init.xml::1511451595465-45::R3.Corda, databaseChangeLog=master.changelog.json}
?[m?[37m[INFO] 23:47:40,265 [Test worker] jvm.JdbcExecutor. - ALTER TABLE PUBLIC.node_transactions ADD CONSTRAINT node_transactions_pkey PRIMARY KEY (tx_id) {changeSet=migration/node-services.changelog-init.xml::1511451595465-46::R3.Corda, databaseChangeLog=master.changelog.json}
?[m?[37m[INFO] 23:47:40,266 [Test worker] changelog.ChangeSet. - Primary key added to node_transactions (tx_id) {changeSet=migration/node-services.changelog-init.xml::1511451595465-46::R3.Corda, databaseChangeLog=master.changelog.json}
?[m?[37m[INFO] 23:47:40,266 [Test worker] changelog.ChangeSet. - ChangeSet migration/node-services.changelog-init.xml::1511451595465-46::R3.Corda ran successfully in 1ms {changeSet=migration/node-services.changelog-init.xml::1511451595465-46::R3.Corda, databaseChangeLog=master.changelog.json}
?[m?[37m[INFO] 23:47:40,266 [Test worker] jvm.JdbcExecutor. - INSERT INTO PUBLIC.DATABASECHANGELOG (ID, AUTHOR, FILENAME, DATEEXECUTED, ORDEREXECUTED, MD5SUM, DESCRIPTION, COMMENTS, EXECTYPE, CONTEXTS, LABELS, LIQUIBASE, DEPLOYMENT_ID) VALUES ('1511451595465-46', 'R3.Corda', 'migration/node-services.changelog-init.xml', NOW(), 63, '8:d5e4dd3dba8e89f77b6eeff0fc5b7a49', 'addPrimaryKey constraintName=node_transactions_pkey, tableName=node_transactions', '', 'EXECUTED', NULL, NULL, '3.6.3', '3614860014') {changeSet=migration/node-services.changelog-init.xml::1511451595465-46::R3.Corda, databaseChangeLog=master.changelog.json}
?[m?[37m[INFO] 23:47:40,267 [Test worker] jvm.JdbcExecutor. - ALTER TABLE PUBLIC.node_link_nodeinfo_party ADD CONSTRAINT FK__link_ni_p__info_p_cert FOREIGN KEY (party_name) REFERENCES PUBLIC.node_info_party_cert (party_name) {changeSet=migration/node-services.changelog-init.xml::1511451595465-61::R3.Corda, databaseChangeLog=master.changelog.json}
?[m?[37m[INFO] 23:47:40,268 [Test worker] changelog.ChangeSet. - Foreign key constraint added to node_link_nodeinfo_party (party_name) {changeSet=migration/node-services.changelog-init.xml::1511451595465-61::R3.Corda, databaseChangeLog=master.changelog.json}
?[m?[37m[INFO] 23:47:40,268 [Test worker] changelog.ChangeSet. - ChangeSet migration/node-services.changelog-init.xml::1511451595465-61::R3.Corda ran successfully in 1ms {changeSet=migration/node-services.changelog-init.xml::1511451595465-61::R3.Corda, databaseChangeLog=master.changelog.json}
?[m?[37m[INFO] 23:47:40,269 [Test worker] jvm.JdbcExecutor. - INSERT INTO PUBLIC.DATABASECHANGELOG (ID, AUTHOR, FILENAME, DATEEXECUTED, ORDEREXECUTED, MD5SUM, DESCRIPTION, COMMENTS, EXECTYPE, CONTEXTS, LABELS, LIQUIBASE, DEPLOYMENT_ID) VALUES ('1511451595465-61', 'R3.Corda', 'migration/node-services.changelog-init.xml', NOW(), 64, '8:1d4e406a8056aa782ccbd978771f1fb9', 'addForeignKeyConstraint baseTableName=node_link_nodeinfo_party, constraintName=FK__link_ni_p__info_p_cert, referencedTableName=node_info_party_cert', '', 'EXECUTED', NULL, NULL, '3.6.3', '3614860014') {changeSet=migration/node-services.changelog-init.xml::1511451595465-61::R3.Corda, databaseChangeLog=master.changelog.json}
?[m?[37m[INFO] 23:47:40,270 [Test worker] jvm.JdbcExecutor. - CREATE INDEX PUBLIC.att_id_idx ON PUBLIC.node_attachments(att_id) {changeSet=migration/node-services.changelog-init.xml::add index att_id::R3.Corda, databaseChangeLog=master.changelog.json}
?[m?[37m[INFO] 23:47:40,270 [Test worker] changelog.ChangeSet. - Index att_id_idx created {changeSet=migration/node-services.changelog-init.xml::add index att_id::R3.Corda, databaseChangeLog=master.changelog.json}
?[m?[37m[INFO] 23:47:40,270 [Test worker] changelog.ChangeSet. - ChangeSet migration/node-services.changelog-init.xml::add index att_id::R3.Corda ran successfully in 1ms {changeSet=migration/node-services.changelog-init.xml::add index att_id::R3.Corda, databaseChangeLog=master.changelog.json}
?[m?[37m[INFO] 23:47:40,271 [Test worker] jvm.JdbcExecutor. - INSERT INTO PUBLIC.DATABASECHANGELOG (ID, AUTHOR, FILENAME, DATEEXECUTED, ORDEREXECUTED, MD5SUM, DESCRIPTION, COMMENTS, EXECTYPE, CONTEXTS, LABELS, LIQUIBASE, DEPLOYMENT_ID) VALUES ('add index att_id', 'R3.Corda', 'migration/node-services.changelog-init.xml', NOW(), 65, '8:ccf9b08f32d685dc60d6e34a3013bffc', 'createIndex indexName=att_id_idx, tableName=node_attachments', '', 'EXECUTED', NULL, NULL, '3.6.3', '3614860014') {changeSet=migration/node-services.changelog-init.xml::add index att_id::R3.Corda, databaseChangeLog=master.changelog.json}
?[m?[37m[INFO] 23:47:40,272 [Test worker] jvm.JdbcExecutor. - CREATE TABLE PUBLIC.node_attchments_contracts (att_id NVARCHAR(255) NOT NULL, contract_class_name NVARCHAR(255)) {changeSet=migration/node-services.changelog-init.xml::add_contract_attachment::R3.Corda, databaseChangeLog=master.changelog.json}
?[m?[37m[INFO] 23:47:40,272 [Test worker] changelog.ChangeSet. - Table node_attchments_contracts created {changeSet=migration/node-services.changelog-init.xml::add_contract_attachment::R3.Corda, databaseChangeLog=master.changelog.json}
?[m?[37m[INFO] 23:47:40,273 [Test worker] jvm.JdbcExecutor. - ALTER TABLE PUBLIC.node_attchments_contracts ADD CONSTRAINT FK__ctr_class__attachments FOREIGN KEY (att_id) REFERENCES PUBLIC.node_attachments (att_id) {changeSet=migration/node-services.changelog-init.xml::add_contract_attachment::R3.Corda, databaseChangeLog=master.changelog.json}
?[m?[37m[INFO] 23:47:40,274 [Test worker] changelog.ChangeSet. - Foreign key constraint added to node_attchments_contracts (att_id) {changeSet=migration/node-services.changelog-init.xml::add_contract_attachment::R3.Corda, databaseChangeLog=master.changelog.json}
?[m?[37m[INFO] 23:47:40,274 [Test worker] jvm.JdbcExecutor. - DELETE FROM PUBLIC.node_attachments {changeSet=migration/node-services.changelog-init.xml::add_contract_attachment::R3.Corda, databaseChangeLog=master.changelog.json}
?[m?[37m[INFO] 23:47:40,274 [Test worker] changelog.ChangeSet. - Data deleted from node_attachments {changeSet=migration/node-services.changelog-init.xml::add_contract_attachment::R3.Corda, databaseChangeLog=master.changelog.json}
?[m?[37m[INFO] 23:47:40,274 [Test worker] changelog.ChangeSet. - ChangeSet migration/node-services.changelog-init.xml::add_contract_attachment::R3.Corda ran successfully in 3ms {changeSet=migration/node-services.changelog-init.xml::add_contract_attachment::R3.Corda, databaseChangeLog=master.changelog.json}
?[m?[37m[INFO] 23:47:40,275 [Test worker] jvm.JdbcExecutor. - INSERT INTO PUBLIC.DATABASECHANGELOG (ID, AUTHOR, FILENAME, DATEEXECUTED, ORDEREXECUTED, MD5SUM, DESCRIPTION, COMMENTS, EXECTYPE, CONTEXTS, LABELS, LIQUIBASE, DEPLOYMENT_ID) VALUES ('add_contract_attachment', 'R3.Corda', 'migration/node-services.changelog-init.xml', NOW(), 66, '8:8898557cf18644883f6f3b0c5e784c0b', 'createTable tableName=node_attchments_contracts; addForeignKeyConstraint baseTableName=node_attchments_contracts, constraintName=FK__ctr_class__attachments, referencedTableName=node_attachments; delete tableName=node_attachments', '', 'EXECUTED', NULL, NULL, '3.6.3', '3614860014') {changeSet=migration/node-services.changelog-init.xml::add_contract_attachment::R3.Corda, databaseChangeLog=master.changelog.json}
?[m?[37m[INFO] 23:47:40,276 [Test worker] jvm.JdbcExecutor. - ALTER TABLE PUBLIC.node_message_ids ADD sender NVARCHAR(64) {changeSet=migration/node-services.changelog-init.xml::add_dedup_columns::R3.Corda, databaseChangeLog=master.changelog.json}
?[m?[37m[INFO] 23:47:40,278 [Test worker] jvm.JdbcExecutor. - ALTER TABLE PUBLIC.node_message_ids ADD sequence_number BIGINT {changeSet=migration/node-services.changelog-init.xml::add_dedup_columns::R3.Corda, databaseChangeLog=master.changelog.json}
?[m?[37m[INFO] 23:47:40,281 [Test worker] changelog.ChangeSet. - Columns sender(NVARCHAR(64)),sequence_number(BIGINT) added to node_message_ids {changeSet=migration/node-services.changelog-init.xml::add_dedup_columns::R3.Corda, databaseChangeLog=master.changelog.json}
?[m?[37m[INFO] 23:47:40,281 [Test worker] changelog.ChangeSet. - ChangeSet migration/node-services.changelog-init.xml::add_dedup_columns::R3.Corda ran successfully in 5ms {changeSet=migration/node-services.changelog-init.xml::add_dedup_columns::R3.Corda, databaseChangeLog=master.changelog.json}
?[m?[37m[INFO] 23:47:40,282 [Test worker] jvm.JdbcExecutor. - INSERT INTO PUBLIC.DATABASECHANGELOG (ID, AUTHOR, FILENAME, DATEEXECUTED, ORDEREXECUTED, MD5SUM, DESCRIPTION, COMMENTS, EXECTYPE, CONTEXTS, LABELS, LIQUIBASE, DEPLOYMENT_ID) VALUES ('add_dedup_columns', 'R3.Corda', 'migration/node-services.changelog-init.xml', NOW(), 67, '8:5924ebdacff695e1f30aa3e0173eccdf', 'addColumn tableName=node_message_ids', '', 'EXECUTED', NULL, NULL, '3.6.3', '3614860014') {changeSet=migration/node-services.changelog-init.xml::add_dedup_columns::R3.Corda, databaseChangeLog=master.changelog.json}
?[m?[37m[INFO] 23:47:40,283 [Test worker] jvm.JdbcExecutor. - ALTER TABLE PUBLIC.node_attchments_contracts RENAME TO node_attachments_contracts {changeSet=migration/node-core.changelog-v4.xml::attchments_rename::R3.Corda, databaseChangeLog=master.changelog.json}
?[m?[37m[INFO] 23:47:40,283 [Test worker] changelog.ChangeSet. - Table node_attchments_contracts renamed to node_attachments_contracts {changeSet=migration/node-core.changelog-v4.xml::attchments_rename::R3.Corda, databaseChangeLog=master.changelog.json}
?[m?[37m[INFO] 23:47:40,283 [Test worker] changelog.ChangeSet. - ChangeSet migration/node-core.changelog-v4.xml::attchments_rename::R3.Corda ran successfully in 0ms {changeSet=migration/node-core.changelog-v4.xml::attchments_rename::R3.Corda, databaseChangeLog=master.changelog.json}
?[m?[37m[INFO] 23:47:40,284 [Test worker] jvm.JdbcExecutor. - INSERT INTO PUBLIC.DATABASECHANGELOG (ID, AUTHOR, FILENAME, DATEEXECUTED, ORDEREXECUTED, MD5SUM, DESCRIPTION, COMMENTS, EXECTYPE, CONTEXTS, LABELS, LIQUIBASE, DEPLOYMENT_ID) VALUES ('attchments_rename', 'R3.Corda', 'migration/node-core.changelog-v4.xml', NOW(), 68, '8:94816d7657264059f2b8da4e97d4b15d', 'renameTable newTableName=node_attachments_contracts, oldTableName=node_attchments_contracts', '', 'EXECUTED', NULL, NULL, '3.6.3', '3614860014') {changeSet=migration/node-core.changelog-v4.xml::attchments_rename::R3.Corda, databaseChangeLog=master.changelog.json}
?[m?[37m[INFO] 23:47:40,285 [Test worker] jvm.JdbcExecutor. - ALTER TABLE PUBLIC.node_identities ALTER COLUMN identity_value SET NOT NULL {changeSet=migration/node-core.changelog-v4.xml::nullability::R3.Corda, databaseChangeLog=master.changelog.json}
?[m?[37m[INFO] 23:47:40,285 [Test worker] changelog.ChangeSet. - NOT NULL constraint has been added to node_identities.identity_value {changeSet=migration/node-core.changelog-v4.xml::nullability::R3.Corda, databaseChangeLog=master.changelog.json}
?[m?[37m[INFO] 23:47:40,285 [Test worker] jvm.JdbcExecutor. - ALTER TABLE PUBLIC.node_attachments ALTER COLUMN content SET NOT NULL {changeSet=migration/node-core.changelog-v4.xml::nullability::R3.Corda, databaseChangeLog=master.changelog.json}
?[m?[37m[INFO] 23:47:40,286 [Test worker] changelog.ChangeSet. - NOT NULL constraint has been added to node_attachments.content {changeSet=migration/node-core.changelog-v4.xml::nullability::R3.Corda, databaseChangeLog=master.changelog.json}
?[m?[37m[INFO] 23:47:40,286 [Test worker] jvm.JdbcExecutor. - ALTER TABLE PUBLIC.node_attachments_contracts ALTER COLUMN contract_class_name SET NOT NULL {changeSet=migration/node-core.changelog-v4.xml::nullability::R3.Corda, databaseChangeLog=master.changelog.json}
?[m?[37m[INFO] 23:47:40,286 [Test worker] changelog.ChangeSet. - NOT NULL constraint has been added to node_attachments_contracts.contract_class_name {changeSet=migration/node-core.changelog-v4.xml::nullability::R3.Corda, databaseChangeLog=master.changelog.json}
?[m?[37m[INFO] 23:47:40,286 [Test worker] jvm.JdbcExecutor. - ALTER TABLE PUBLIC.node_checkpoints ALTER COLUMN checkpoint_value SET NOT NULL {changeSet=migration/node-core.changelog-v4.xml::nullability::R3.Corda, databaseChangeLog=master.changelog.json}
?[m?[37m[INFO] 23:47:40,286 [Test worker] changelog.ChangeSet. - NOT NULL constraint has been added to node_checkpoints.checkpoint_value {changeSet=migration/node-core.changelog-v4.xml::nullability::R3.Corda, databaseChangeLog=master.changelog.json}
?[m?[37m[INFO] 23:47:40,286 [Test worker] jvm.JdbcExecutor. - ALTER TABLE PUBLIC.node_contract_upgrades ALTER COLUMN contract_class_name SET NOT NULL {changeSet=migration/node-core.changelog-v4.xml::nullability::R3.Corda, databaseChangeLog=master.changelog.json}
?[m?[37m[INFO] 23:47:40,295 [Test worker] changelog.ChangeSet. - NOT NULL constraint has been added to node_contract_upgrades.contract_class_name {changeSet=migration/node-core.changelog-v4.xml::nullability::R3.Corda, databaseChangeLog=master.changelog.json}
?[m?[37m[INFO] 23:47:40,295 [Test worker] jvm.JdbcExecutor. - ALTER TABLE PUBLIC.node_message_ids ALTER COLUMN insertion_time SET NOT NULL {changeSet=migration/node-core.changelog-v4.xml::nullability::R3.Corda, databaseChangeLog=master.changelog.json}
?[m?[37m[INFO] 23:47:40,295 [Test worker] changelog.ChangeSet. - NOT NULL constraint has been added to node_message_ids.insertion_time {changeSet=migration/node-core.changelog-v4.xml::nullability::R3.Corda, databaseChangeLog=master.changelog.json}
?[m?[37m[INFO] 23:47:40,295 [Test worker] jvm.JdbcExecutor. - ALTER TABLE PUBLIC.node_message_retry ALTER COLUMN message SET NOT NULL {changeSet=migration/node-core.changelog-v4.xml::nullability::R3.Corda, databaseChangeLog=master.changelog.json}
?[m?[37m[INFO] 23:47:40,296 [Test worker] changelog.ChangeSet. - NOT NULL constraint has been added to node_message_retry.message {changeSet=migration/node-core.changelog-v4.xml::nullability::R3.Corda, databaseChangeLog=master.changelog.json}
?[m?[37m[INFO] 23:47:40,296 [Test worker] jvm.JdbcExecutor. - ALTER TABLE PUBLIC.node_message_retry ALTER COLUMN recipients SET NOT NULL {changeSet=migration/node-core.changelog-v4.xml::nullability::R3.Corda, databaseChangeLog=master.changelog.json}
?[m?[37m[INFO] 23:47:40,296 [Test worker] changelog.ChangeSet. - NOT NULL constraint has been added to node_message_retry.recipients {changeSet=migration/node-core.changelog-v4.xml::nullability::R3.Corda, databaseChangeLog=master.changelog.json}
?[m?[37m[INFO] 23:47:40,297 [Test worker] jvm.JdbcExecutor. - ALTER TABLE PUBLIC.node_named_identities ALTER COLUMN pk_hash SET NOT NULL {changeSet=migration/node-core.changelog-v4.xml::nullability::R3.Corda, databaseChangeLog=master.changelog.json}
?[m?[37m[INFO] 23:47:40,298 [Test worker] changelog.ChangeSet. - NOT NULL constraint has been added to node_named_identities.pk_hash {changeSet=migration/node-core.changelog-v4.xml::nullability::R3.Corda, databaseChangeLog=master.changelog.json}
?[m?[37m[INFO] 23:47:40,298 [Test worker] jvm.JdbcExecutor. - ALTER TABLE PUBLIC.node_our_key_pairs ALTER COLUMN private_key SET NOT NULL {changeSet=migration/node-core.changelog-v4.xml::nullability::R3.Corda, databaseChangeLog=master.changelog.json}
?[m?[37m[INFO] 23:47:40,299 [Test worker] changelog.ChangeSet. - NOT NULL constraint has been added to node_our_key_pairs.private_key {changeSet=migration/node-core.changelog-v4.xml::nullability::R3.Corda, databaseChangeLog=master.changelog.json}
?[m?[37m[INFO] 23:47:40,299 [Test worker] jvm.JdbcExecutor. - ALTER TABLE PUBLIC.node_our_key_pairs ALTER COLUMN public_key SET NOT NULL {changeSet=migration/node-core.changelog-v4.xml::nullability::R3.Corda, databaseChangeLog=master.changelog.json}
?[m?[37m[INFO] 23:47:40,300 [Test worker] changelog.ChangeSet. - NOT NULL constraint has been added to node_our_key_pairs.public_key {changeSet=migration/node-core.changelog-v4.xml::nullability::R3.Corda, databaseChangeLog=master.changelog.json}
?[m?[37m[INFO] 23:47:40,300 [Test worker] jvm.JdbcExecutor. - ALTER TABLE PUBLIC.node_transaction_mappings ALTER COLUMN state_machine_run_id SET NOT NULL {changeSet=migration/node-core.changelog-v4.xml::nullability::R3.Corda, databaseChangeLog=master.changelog.json}
?[m?[37m[INFO] 23:47:40,300 [Test worker] changelog.ChangeSet. - NOT NULL constraint has been added to node_transaction_mappings.state_machine_run_id {changeSet=migration/node-core.changelog-v4.xml::nullability::R3.Corda, databaseChangeLog=master.changelog.json}
?[m?[37m[INFO] 23:47:40,300 [Test worker] jvm.JdbcExecutor. - ALTER TABLE PUBLIC.node_transactions ALTER COLUMN transaction_value SET NOT NULL {changeSet=migration/node-core.changelog-v4.xml::nullability::R3.Corda, databaseChangeLog=master.changelog.json}
?[m?[37m[INFO] 23:47:40,301 [Test worker] changelog.ChangeSet. - NOT NULL constraint has been added to node_transactions.transaction_value {changeSet=migration/node-core.changelog-v4.xml::nullability::R3.Corda, databaseChangeLog=master.changelog.json}
?[m?[37m[INFO] 23:47:40,301 [Test worker] changelog.ChangeSet. - ChangeSet migration/node-core.changelog-v4.xml::nullability::R3.Corda ran successfully in 16ms {changeSet=migration/node-core.changelog-v4.xml::nullability::R3.Corda, databaseChangeLog=master.changelog.json}
?[m?[37m[INFO] 23:47:40,302 [Test worker] jvm.JdbcExecutor. - INSERT INTO PUBLIC.DATABASECHANGELOG (ID, AUTHOR, FILENAME, DATEEXECUTED, ORDEREXECUTED, MD5SUM, DESCRIPTION, COMMENTS, EXECTYPE, CONTEXTS, LABELS, LIQUIBASE, DEPLOYMENT_ID) VALUES ('nullability', 'R3.Corda', 'migration/node-core.changelog-v4.xml', NOW(), 69, '8:62ddcf64aece5dc383fa400ac8ccc392', 'addNotNullConstraint columnName=identity_value, tableName=node_identities; addNotNullConstraint columnName=content, tableName=node_attachments; addNotNullConstraint columnName=contract_class_name, tableName=node_attachments_contracts; addNotNullCo...', '', 'EXECUTED', NULL, NULL, '3.6.3', '3614860014') {changeSet=migration/node-core.changelog-v4.xml::nullability::R3.Corda, databaseChangeLog=master.changelog.json}
?[m?[37m[INFO] 23:47:40,304 [Test worker] jvm.JdbcExecutor. - DROP TABLE PUBLIC.node_message_retry {changeSet=migration/node-core.changelog-v5.xml::remove_unused_node_message_retry::R3.Corda, databaseChangeLog=master.changelog.json}
?[m?[37m[INFO] 23:47:40,304 [Test worker] changelog.ChangeSet. - Table node_message_retry dropped {changeSet=migration/node-core.changelog-v5.xml::remove_unused_node_message_retry::R3.Corda, databaseChangeLog=master.changelog.json}
?[m?[37m[INFO] 23:47:40,304 [Test worker] changelog.ChangeSet. - ChangeSet migration/node-core.changelog-v5.xml::remove_unused_node_message_retry::R3.Corda ran successfully in 1ms {changeSet=migration/node-core.changelog-v5.xml::remove_unused_node_message_retry::R3.Corda, databaseChangeLog=master.changelog.json}
?[m?[37m[INFO] 23:47:40,306 [Test worker] jvm.JdbcExecutor. - INSERT INTO PUBLIC.DATABASECHANGELOG (ID, AUTHOR, FILENAME, DATEEXECUTED, ORDEREXECUTED, MD5SUM, DESCRIPTION, COMMENTS, EXECTYPE, CONTEXTS, LABELS, LIQUIBASE, DEPLOYMENT_ID) VALUES ('remove_unused_node_message_retry', 'R3.Corda', 'migration/node-core.changelog-v5.xml', NOW(), 70, '8:7f43b1a30ed49119520e7d14de6b57bd', 'dropTable tableName=node_message_retry', '', 'EXECUTED', NULL, NULL, '3.6.3', '3614860014') {changeSet=migration/node-core.changelog-v5.xml::remove_unused_node_message_retry::R3.Corda, databaseChangeLog=master.changelog.json}
?[m?[37m[INFO] 23:47:40,307 [Test worker] jvm.JdbcExecutor. - INSERT INTO PUBLIC.DATABASECHANGELOG (ID, AUTHOR, FILENAME, DATEEXECUTED, ORDEREXECUTED, MD5SUM, DESCRIPTION, COMMENTS, EXECTYPE, CONTEXTS, LABELS, LIQUIBASE, DEPLOYMENT_ID) VALUES ('non-clustered_pk-1', 'R3.Corda', 'migration/node-core.changelog-pkey.xml', NOW(), 71, '8:fc341b0d5ff080f0093d8a528299de25', 'dropPrimaryKey constraintName=node_checkpoints_pkey, tableName=node_checkpoints; addPrimaryKey constraintName=node_checkpoints_pkey, tableName=node_checkpoints', '', 'MARK_RAN', NULL, NULL, '3.6.3', '3614860014') {changeSet=migration/node-core.changelog-pkey.xml::non-clustered_pk-1::R3.Corda, databaseChangeLog=master.changelog.json}
?[m?[37m[INFO] 23:47:40,309 [Test worker] jvm.JdbcExecutor. - INSERT INTO PUBLIC.DATABASECHANGELOG (ID, AUTHOR, FILENAME, DATEEXECUTED, ORDEREXECUTED, MD5SUM, DESCRIPTION, COMMENTS, EXECTYPE, CONTEXTS, LABELS, LIQUIBASE, DEPLOYMENT_ID) VALUES ('non-clustered_pk-2', 'R3.Corda', 'migration/node-core.changelog-pkey.xml', NOW(), 72, '8:438db96910ca09a1e8910e74fe31d943', 'dropPrimaryKey constraintName=node_identities_pkey, tableName=node_identities; addPrimaryKey constraintName=node_identities_pkey, tableName=node_identities', '', 'MARK_RAN', NULL, NULL, '3.6.3', '3614860014') {changeSet=migration/node-core.changelog-pkey.xml::non-clustered_pk-2::R3.Corda, databaseChangeLog=master.changelog.json}
?[m?[37m[INFO] 23:47:40,310 [Test worker] jvm.JdbcExecutor. - INSERT INTO PUBLIC.DATABASECHANGELOG (ID, AUTHOR, FILENAME, DATEEXECUTED, ORDEREXECUTED, MD5SUM, DESCRIPTION, COMMENTS, EXECTYPE, CONTEXTS, LABELS, LIQUIBASE, DEPLOYMENT_ID) VALUES ('non-clustered_pk-3', 'R3.Corda', 'migration/node-core.changelog-pkey.xml', NOW(), 73, '8:b02515ba3eb419e880a62ad581d57d9a', 'dropPrimaryKey constraintName=node_message_ids_pkey, tableName=node_message_ids; addPrimaryKey constraintName=node_message_ids_pkey, tableName=node_message_ids', '', 'MARK_RAN', NULL, NULL, '3.6.3', '3614860014') {changeSet=migration/node-core.changelog-pkey.xml::non-clustered_pk-3::R3.Corda, databaseChangeLog=master.changelog.json}
?[m?[37m[INFO] 23:47:40,312 [Test worker] jvm.JdbcExecutor. - INSERT INTO PUBLIC.DATABASECHANGELOG (ID, AUTHOR, FILENAME, DATEEXECUTED, ORDEREXECUTED, MD5SUM, DESCRIPTION, COMMENTS, EXECTYPE, CONTEXTS, LABELS, LIQUIBASE, DEPLOYMENT_ID) VALUES ('non-clustered_pk-4', 'R3.Corda', 'migration/node-core.changelog-pkey.xml', NOW(), 74, '8:9a733c73c5a8ca979384c41d59473644', 'dropPrimaryKey constraintName=node_named_identities_pkey, tableName=node_named_identities; addPrimaryKey constraintName=node_named_identities_pkey, tableName=node_named_identities', '', 'MARK_RAN', NULL, NULL, '3.6.3', '3614860014') {changeSet=migration/node-core.changelog-pkey.xml::non-clustered_pk-4::R3.Corda, databaseChangeLog=master.changelog.json}
?[m?[37m[INFO] 23:47:40,313 [Test worker] jvm.JdbcExecutor. - INSERT INTO PUBLIC.DATABASECHANGELOG (ID, AUTHOR, FILENAME, DATEEXECUTED, ORDEREXECUTED, MD5SUM, DESCRIPTION, COMMENTS, EXECTYPE, CONTEXTS, LABELS, LIQUIBASE, DEPLOYMENT_ID) VALUES ('non-clustered_pk-5', 'R3.Corda', 'migration/node-core.changelog-pkey.xml', NOW(), 75, '8:48cf4a4dad77b6a8f7c3c73c09cc3959', 'dropPrimaryKey constraintName=node_our_key_pairs_pkey, tableName=node_our_key_pairs; addPrimaryKey constraintName=node_our_key_pairs_pkey, tableName=node_our_key_pairs', '', 'MARK_RAN', NULL, NULL, '3.6.3', '3614860014') {changeSet=migration/node-core.changelog-pkey.xml::non-clustered_pk-5::R3.Corda, databaseChangeLog=master.changelog.json}
?[m?[37m[INFO] 23:47:40,314 [Test worker] jvm.JdbcExecutor. - INSERT INTO PUBLIC.DATABASECHANGELOG (ID, AUTHOR, FILENAME, DATEEXECUTED, ORDEREXECUTED, MD5SUM, DESCRIPTION, COMMENTS, EXECTYPE, CONTEXTS, LABELS, LIQUIBASE, DEPLOYMENT_ID) VALUES ('non-clustered_pk-6', 'R3.Corda', 'migration/node-core.changelog-pkey.xml', NOW(), 76, '8:25c5581ce04f688ea83704ffa44bab8e', 'dropPrimaryKey constraintName=node_transaction_mappings_pkey, tableName=node_transaction_mappings; addPrimaryKey constraintName=node_transaction_mappings_pkey, tableName=node_transaction_mappings', '', 'MARK_RAN', NULL, NULL, '3.6.3', '3614860014') {changeSet=migration/node-core.changelog-pkey.xml::non-clustered_pk-6::R3.Corda, databaseChangeLog=master.changelog.json}
?[m?[37m[INFO] 23:47:40,316 [Test worker] jvm.JdbcExecutor. - INSERT INTO PUBLIC.DATABASECHANGELOG (ID, AUTHOR, FILENAME, DATEEXECUTED, ORDEREXECUTED, MD5SUM, DESCRIPTION, COMMENTS, EXECTYPE, CONTEXTS, LABELS, LIQUIBASE, DEPLOYMENT_ID) VALUES ('non-clustered_pk-7', 'R3.Corda', 'migration/node-core.changelog-pkey.xml', NOW(), 77, '8:64773359f27e2f85fe6df6097823ce69', 'dropPrimaryKey constraintName=node_transactions_pkey, tableName=node_transactions; addPrimaryKey constraintName=node_transactions_pkey, tableName=node_transactions', '', 'MARK_RAN', NULL, NULL, '3.6.3', '3614860014') {changeSet=migration/node-core.changelog-pkey.xml::non-clustered_pk-7::R3.Corda, databaseChangeLog=master.changelog.json}
?[m?[37m[INFO] 23:47:40,326 [Test worker] changelog.ChangeSet. - Marking ChangeSet: migration/node-core.changelog-v8.xml::conditional_attchments_rename::R3.Corda ran despite precondition failure due to onFail='MARK_RAN': 
          master.changelog.json : Table PUBLIC.NODE_ATTCHMENTS_CONTRACTS does not exist
 {changeSet=migration/node-core.changelog-v8.xml::conditional_attchments_rename::R3.Corda, databaseChangeLog=master.changelog.json}
?[m?[37m[INFO] 23:47:40,327 [Test worker] jvm.JdbcExecutor. - INSERT INTO PUBLIC.DATABASECHANGELOG (ID, AUTHOR, FILENAME, DATEEXECUTED, ORDEREXECUTED, MD5SUM, DESCRIPTION, COMMENTS, EXECTYPE, CONTEXTS, LABELS, LIQUIBASE, DEPLOYMENT_ID) VALUES ('conditional_attchments_rename', 'R3.Corda', 'migration/node-core.changelog-v8.xml', NOW(), 78, '8:114fc6d1775676ecf274989170741a5b', 'renameTable newTableName=NODE_ATTACHMENTS_CONTRACTS, oldTableName=NODE_ATTCHMENTS_CONTRACTS', '', 'MARK_RAN', NULL, NULL, '3.6.3', '3614860014') {changeSet=migration/node-core.changelog-v8.xml::conditional_attchments_rename::R3.Corda, databaseChangeLog=master.changelog.json}
?[m?[37m[INFO] 23:47:40,348 [Test worker] changelog.ChangeSet. - Marking ChangeSet: migration/node-core.changelog-v8.xml::conditional_attchments_contracts::R3.Corda ran despite precondition failure due to onFail='MARK_RAN': 
          master.changelog.json : Table PUBLIC.NODE_ATTACHMENTS_CONTRACT_CLASS_NAME does not exist
 {changeSet=migration/node-core.changelog-v8.xml::conditional_attchments_contracts::R3.Corda, databaseChangeLog=master.changelog.json}
?[m?[37m[INFO] 23:47:40,349 [Test worker] jvm.JdbcExecutor. - INSERT INTO PUBLIC.DATABASECHANGELOG (ID, AUTHOR, FILENAME, DATEEXECUTED, ORDEREXECUTED, MD5SUM, DESCRIPTION, COMMENTS, EXECTYPE, CONTEXTS, LABELS, LIQUIBASE, DEPLOYMENT_ID) VALUES ('conditional_attchments_contracts', 'R3.Corda', 'migration/node-core.changelog-v8.xml', NOW(), 79, '8:c26d868db33a85bdd25570b094635db5', 'renameTable newTableName=NODE_ATTACHMENTS_CONTRACTS, oldTableName=NODE_ATTACHMENTS_CONTRACT_CLASS_NAME', '', 'MARK_RAN', NULL, NULL, '3.6.3', '3614860014') {changeSet=migration/node-core.changelog-v8.xml::conditional_attchments_contracts::R3.Corda, databaseChangeLog=master.changelog.json}
?[m?[37m[INFO] 23:47:40,350 [Test worker] jvm.JdbcExecutor. - CREATE TABLE PUBLIC.node_attachments_signers (att_id NVARCHAR(255) NOT NULL, signer NVARCHAR(1024)) {changeSet=migration/node-core.changelog-v8.xml::add_signers::R3.Corda, databaseChangeLog=master.changelog.json}
?[m?[37m[INFO] 23:47:40,350 [Test worker] changelog.ChangeSet. - Table node_attachments_signers created {changeSet=migration/node-core.changelog-v8.xml::add_signers::R3.Corda, databaseChangeLog=master.changelog.json}
?[m?[37m[INFO] 23:47:40,350 [Test worker] jvm.JdbcExecutor. - ALTER TABLE PUBLIC.node_attachments_signers ADD CONSTRAINT FK__signers__attachments FOREIGN KEY (att_id) REFERENCES PUBLIC.node_attachments (att_id) {changeSet=migration/node-core.changelog-v8.xml::add_signers::R3.Corda, databaseChangeLog=master.changelog.json}
?[m?[37m[INFO] 23:47:40,351 [Test worker] changelog.ChangeSet. - Foreign key constraint added to node_attachments_signers (att_id) {changeSet=migration/node-core.changelog-v8.xml::add_signers::R3.Corda, databaseChangeLog=master.changelog.json}
?[m?[37m[INFO] 23:47:40,351 [Test worker] changelog.ChangeSet. - ChangeSet migration/node-core.changelog-v8.xml::add_signers::R3.Corda ran successfully in 2ms {changeSet=migration/node-core.changelog-v8.xml::add_signers::R3.Corda, databaseChangeLog=master.changelog.json}
?[m?[37m[INFO] 23:47:40,352 [Test worker] jvm.JdbcExecutor. - INSERT INTO PUBLIC.DATABASECHANGELOG (ID, AUTHOR, FILENAME, DATEEXECUTED, ORDEREXECUTED, MD5SUM, DESCRIPTION, COMMENTS, EXECTYPE, CONTEXTS, LABELS, LIQUIBASE, DEPLOYMENT_ID) VALUES ('add_signers', 'R3.Corda', 'migration/node-core.changelog-v8.xml', NOW(), 80, '8:6a033a579a3a8e11a35846d455833835', 'createTable tableName=node_attachments_signers; addForeignKeyConstraint baseTableName=node_attachments_signers, constraintName=FK__signers__attachments, referencedTableName=node_attachments', '', 'EXECUTED', NULL, NULL, '3.6.3', '3614860014') {changeSet=migration/node-core.changelog-v8.xml::add_signers::R3.Corda, databaseChangeLog=master.changelog.json}
?[m?[37m[INFO] 23:47:40,354 [Test worker] jvm.JdbcExecutor. - ALTER TABLE PUBLIC.node_transactions ADD state_machine_run_id NVARCHAR(36) {changeSet=migration/node-core.changelog-tx-mapping.xml::add_tx_mapping_column::R3.Corda, databaseChangeLog=master.changelog.json}
?[m?[37m[INFO] 23:47:40,355 [Test worker] changelog.ChangeSet. - Columns state_machine_run_id(NVARCHAR(36)) added to node_transactions {changeSet=migration/node-core.changelog-tx-mapping.xml::add_tx_mapping_column::R3.Corda, databaseChangeLog=master.changelog.json}
?[m?[37m[INFO] 23:47:40,356 [Test worker] jvm.JdbcExecutor. - update node_transactions set state_machine_run_id=(select state_machine_run_id from
            node_transaction_mappings where node_transactions.tx_id = node_transaction_mappings.tx_id) {changeSet=migration/node-core.changelog-tx-mapping.xml::add_tx_mapping_column::R3.Corda, databaseChangeLog=master.changelog.json}
?[m?[37m[INFO] 23:47:40,356 [Test worker] changelog.ChangeSet. - Custom SQL executed {changeSet=migration/node-core.changelog-tx-mapping.xml::add_tx_mapping_column::R3.Corda, databaseChangeLog=master.changelog.json}
?[m?[37m[INFO] 23:47:40,356 [Test worker] jvm.JdbcExecutor. - DROP TABLE PUBLIC.node_transaction_mappings {changeSet=migration/node-core.changelog-tx-mapping.xml::add_tx_mapping_column::R3.Corda, databaseChangeLog=master.changelog.json}
?[m?[37m[INFO] 23:47:40,357 [Test worker] changelog.ChangeSet. - Table node_transaction_mappings dropped {changeSet=migration/node-core.changelog-tx-mapping.xml::add_tx_mapping_column::R3.Corda, databaseChangeLog=master.changelog.json}
?[m?[37m[INFO] 23:47:40,357 [Test worker] changelog.ChangeSet. - ChangeSet migration/node-core.changelog-tx-mapping.xml::add_tx_mapping_column::R3.Corda ran successfully in 4ms {changeSet=migration/node-core.changelog-tx-mapping.xml::add_tx_mapping_column::R3.Corda, databaseChangeLog=master.changelog.json}
?[m?[37m[INFO] 23:47:40,358 [Test worker] jvm.JdbcExecutor. - INSERT INTO PUBLIC.DATABASECHANGELOG (ID, AUTHOR, FILENAME, DATEEXECUTED, ORDEREXECUTED, MD5SUM, DESCRIPTION, COMMENTS, EXECTYPE, CONTEXTS, LABELS, LIQUIBASE, DEPLOYMENT_ID) VALUES ('add_tx_mapping_column', 'R3.Corda', 'migration/node-core.changelog-tx-mapping.xml', NOW(), 81, '8:6d9d8484a635e932dd8e8f45db1b3d7e', 'addColumn tableName=node_transactions; sql; dropTable tableName=node_transaction_mappings', '', 'EXECUTED', NULL, NULL, '3.6.3', '3614860014') {changeSet=migration/node-core.changelog-tx-mapping.xml::add_tx_mapping_column::R3.Corda, databaseChangeLog=master.changelog.json}
?[m?[37m[INFO] 23:47:40,359 [Test worker] jvm.JdbcExecutor. - CREATE TABLE PUBLIC.node_network_parameters (hash NVARCHAR(130) NOT NULL, epoch INT NOT NULL, parameters_bytes BLOB NOT NULL, signature_bytes BLOB NOT NULL, cert BLOB NOT NULL, parent_cert_path BLOB NOT NULL) {changeSet=migration/node-services.changelog-init.xml::add_network_parameters_storage::R3.Corda, databaseChangeLog=master.changelog.json}
?[m?[37m[INFO] 23:47:40,360 [Test worker] changelog.ChangeSet. - Table node_network_parameters created {changeSet=migration/node-services.changelog-init.xml::add_network_parameters_storage::R3.Corda, databaseChangeLog=master.changelog.json}
?[m?[37m[INFO] 23:47:40,360 [Test worker] changelog.ChangeSet. - ChangeSet migration/node-services.changelog-init.xml::add_network_parameters_storage::R3.Corda ran successfully in 1ms {changeSet=migration/node-services.changelog-init.xml::add_network_parameters_storage::R3.Corda, databaseChangeLog=master.changelog.json}
?[m?[37m[INFO] 23:47:40,361 [Test worker] jvm.JdbcExecutor. - INSERT INTO PUBLIC.DATABASECHANGELOG (ID, AUTHOR, FILENAME, DATEEXECUTED, ORDEREXECUTED, MD5SUM, DESCRIPTION, COMMENTS, EXECTYPE, CONTEXTS, LABELS, LIQUIBASE, DEPLOYMENT_ID) VALUES ('add_network_parameters_storage', 'R3.Corda', 'migration/node-services.changelog-init.xml', NOW(), 82, '8:b448755ba392674254c59e2b9489140f', 'createTable tableName=node_network_parameters', '', 'EXECUTED', NULL, NULL, '3.6.3', '3614860014') {changeSet=migration/node-services.changelog-init.xml::add_network_parameters_storage::R3.Corda, databaseChangeLog=master.changelog.json}
?[m?[37m[INFO] 23:47:40,361 [Test worker] jvm.JdbcExecutor. - ALTER TABLE PUBLIC.node_network_parameters ADD CONSTRAINT node_network_parameters_pkey PRIMARY KEY (hash) {changeSet=migration/node-services.changelog-init.xml::network_parameters_pk::R3.Corda, databaseChangeLog=master.changelog.json}
?[m?[37m[INFO] 23:47:40,362 [Test worker] changelog.ChangeSet. - Primary key added to node_network_parameters (hash) {changeSet=migration/node-services.changelog-init.xml::network_parameters_pk::R3.Corda, databaseChangeLog=master.changelog.json}
?[m?[37m[INFO] 23:47:40,362 [Test worker] changelog.ChangeSet. - ChangeSet migration/node-services.changelog-init.xml::network_parameters_pk::R3.Corda ran successfully in 1ms {changeSet=migration/node-services.changelog-init.xml::network_parameters_pk::R3.Corda, databaseChangeLog=master.changelog.json}
?[m?[37m[INFO] 23:47:40,363 [Test worker] jvm.JdbcExecutor. - INSERT INTO PUBLIC.DATABASECHANGELOG (ID, AUTHOR, FILENAME, DATEEXECUTED, ORDEREXECUTED, MD5SUM, DESCRIPTION, COMMENTS, EXECTYPE, CONTEXTS, LABELS, LIQUIBASE, DEPLOYMENT_ID) VALUES ('network_parameters_pk', 'R3.Corda', 'migration/node-services.changelog-init.xml', NOW(), 83, '8:fc0358b8cab487b52558cd68d6feaf9e', 'addPrimaryKey constraintName=node_network_parameters_pkey, tableName=node_network_parameters', '', 'EXECUTED', NULL, NULL, '3.6.3', '3614860014') {changeSet=migration/node-services.changelog-init.xml::network_parameters_pk::R3.Corda, databaseChangeLog=master.changelog.json}
?[m?[37m[INFO] 23:47:40,363 [Test worker] jvm.JdbcExecutor. - ALTER TABLE PUBLIC.node_attachments ADD version INT {changeSet=migration/node-services.changelog-init.xml::add_version_column::R3.Corda, databaseChangeLog=master.changelog.json}
?[m?[37m[INFO] 23:47:40,366 [Test worker] changelog.ChangeSet. - Columns version(INT) added to node_attachments {changeSet=migration/node-services.changelog-init.xml::add_version_column::R3.Corda, databaseChangeLog=master.changelog.json}
?[m?[37m[INFO] 23:47:40,366 [Test worker] jvm.JdbcExecutor. - update node_attachments set version = 1 {changeSet=migration/node-services.changelog-init.xml::add_version_column::R3.Corda, databaseChangeLog=master.changelog.json}
?[m?[37m[INFO] 23:47:40,366 [Test worker] changelog.ChangeSet. - Custom SQL executed {changeSet=migration/node-services.changelog-init.xml::add_version_column::R3.Corda, databaseChangeLog=master.changelog.json}
?[m?[37m[INFO] 23:47:40,366 [Test worker] jvm.JdbcExecutor. - ALTER TABLE PUBLIC.node_attachments ALTER COLUMN version SET NOT NULL {changeSet=migration/node-services.changelog-init.xml::add_version_column::R3.Corda, databaseChangeLog=master.changelog.json}
?[m?[37m[INFO] 23:47:40,366 [Test worker] changelog.ChangeSet. - NOT NULL constraint has been added to node_attachments.version {changeSet=migration/node-services.changelog-init.xml::add_version_column::R3.Corda, databaseChangeLog=master.changelog.json}
?[m?[37m[INFO] 23:47:40,366 [Test worker] changelog.ChangeSet. - ChangeSet migration/node-services.changelog-init.xml::add_version_column::R3.Corda ran successfully in 3ms {changeSet=migration/node-services.changelog-init.xml::add_version_column::R3.Corda, databaseChangeLog=master.changelog.json}
?[m?[37m[INFO] 23:47:40,367 [Test worker] jvm.JdbcExecutor. - INSERT INTO PUBLIC.DATABASECHANGELOG (ID, AUTHOR, FILENAME, DATEEXECUTED, ORDEREXECUTED, MD5SUM, DESCRIPTION, COMMENTS, EXECTYPE, CONTEXTS, LABELS, LIQUIBASE, DEPLOYMENT_ID) VALUES ('add_version_column', 'R3.Corda', 'migration/node-services.changelog-init.xml', NOW(), 84, '8:ab6a3101d1da88b0f174ccc06a62feef', 'addColumn tableName=node_attachments; sql; addNotNullConstraint columnName=version, tableName=node_attachments', '', 'EXECUTED', NULL, NULL, '3.6.3', '3614860014') {changeSet=migration/node-services.changelog-init.xml::add_version_column::R3.Corda, databaseChangeLog=master.changelog.json}
?[m?[37m[INFO] 23:47:40,368 [Test worker] persistence.AttachmentVersionNumberMigration. - Start executing... {changeSet=migration/node-services.changelog-init.xml::update-version-of-whitelisted-jars::R3.Corda, databaseChangeLog=master.changelog.json}
?[m?[37m[INFO] 23:47:40,371 [Test worker] persistence.AttachmentVersionNumberMigration. - Attachment version creation from whitelisted JARs using network parameters from build\mock-network\20200701-144717.967\nodes\2\network-parameters, whitelistedContractImplementations: {}. {changeSet=migration/node-services.changelog-init.xml::update-version-of-whitelisted-jars::R3.Corda, databaseChangeLog=master.changelog.json}
?[m?[37m[INFO] 23:47:40,371 [Test worker] persistence.AttachmentVersionNumberMigration. - Attachment version creation from whitelisted JARs skipped, no attachments not found. {changeSet=migration/node-services.changelog-init.xml::update-version-of-whitelisted-jars::R3.Corda, databaseChangeLog=master.changelog.json}
?[m?[37m[INFO] 23:47:40,371 [Test worker] changelog.ChangeSet. - null {changeSet=migration/node-services.changelog-init.xml::update-version-of-whitelisted-jars::R3.Corda, databaseChangeLog=master.changelog.json}
?[m?[37m[INFO] 23:47:40,371 [Test worker] changelog.ChangeSet. - ChangeSet migration/node-services.changelog-init.xml::update-version-of-whitelisted-jars::R3.Corda ran successfully in 3ms {changeSet=migration/node-services.changelog-init.xml::update-version-of-whitelisted-jars::R3.Corda, databaseChangeLog=master.changelog.json}
?[m?[37m[INFO] 23:47:40,371 [Test worker] jvm.JdbcExecutor. - INSERT INTO PUBLIC.DATABASECHANGELOG (ID, AUTHOR, FILENAME, DATEEXECUTED, ORDEREXECUTED, MD5SUM, DESCRIPTION, COMMENTS, EXECTYPE, CONTEXTS, LABELS, LIQUIBASE, DEPLOYMENT_ID) VALUES ('update-version-of-whitelisted-jars', 'R3.Corda', 'migration/node-services.changelog-init.xml', NOW(), 85, '8:1d4174a12a4902070f6bf2ba624b0e97', 'customChange', '', 'EXECUTED', NULL, NULL, '3.6.3', '3614860014') {changeSet=migration/node-services.changelog-init.xml::update-version-of-whitelisted-jars::R3.Corda, databaseChangeLog=master.changelog.json}
?[m?[37m[INFO] 23:47:40,372 [Test worker] jvm.JdbcExecutor. - CREATE TABLE PUBLIC.node_identities_no_cert (pk_hash NVARCHAR(130) NOT NULL, name NVARCHAR(128) NOT NULL) {changeSet=migration/node-services.changelog-init.xml::add-new-persistence-table::R3.Corda, databaseChangeLog=master.changelog.json}
?[m?[37m[INFO] 23:47:40,373 [Test worker] changelog.ChangeSet. - Table node_identities_no_cert created {changeSet=migration/node-services.changelog-init.xml::add-new-persistence-table::R3.Corda, databaseChangeLog=master.changelog.json}
?[m?[37m[INFO] 23:47:40,373 [Test worker] jvm.JdbcExecutor. - ALTER TABLE PUBLIC.node_identities_no_cert ADD CONSTRAINT node_identities_no_cert_pkey PRIMARY KEY (pk_hash) {changeSet=migration/node-services.changelog-init.xml::add-new-persistence-table::R3.Corda, databaseChangeLog=master.changelog.json}
?[m?[37m[INFO] 23:47:40,373 [Test worker] changelog.ChangeSet. - Primary key added to node_identities_no_cert (pk_hash) {changeSet=migration/node-services.changelog-init.xml::add-new-persistence-table::R3.Corda, databaseChangeLog=master.changelog.json}
?[m?[37m[INFO] 23:47:40,373 [Test worker] changelog.ChangeSet. - ChangeSet migration/node-services.changelog-init.xml::add-new-persistence-table::R3.Corda ran successfully in 1ms {changeSet=migration/node-services.changelog-init.xml::add-new-persistence-table::R3.Corda, databaseChangeLog=master.changelog.json}
?[m?[37m[INFO] 23:47:40,375 [Test worker] jvm.JdbcExecutor. - INSERT INTO PUBLIC.DATABASECHANGELOG (ID, AUTHOR, FILENAME, DATEEXECUTED, ORDEREXECUTED, MD5SUM, DESCRIPTION, COMMENTS, EXECTYPE, CONTEXTS, LABELS, LIQUIBASE, DEPLOYMENT_ID) VALUES ('add-new-persistence-table', 'R3.Corda', 'migration/node-services.changelog-init.xml', NOW(), 86, '8:cb3302a80bf346270e0d8f3509c64a9b', 'createTable tableName=node_identities_no_cert; addPrimaryKey constraintName=node_identities_no_cert_pkey, tableName=node_identities_no_cert', '', 'EXECUTED', NULL, NULL, '3.6.3', '3614860014') {changeSet=migration/node-services.changelog-init.xml::add-new-persistence-table::R3.Corda, databaseChangeLog=master.changelog.json}
?[m?[37m[INFO] 23:47:40,375 [Test worker] jvm.JdbcExecutor. - ALTER TABLE PUBLIC.pk_hash_to_ext_id_map DROP COLUMN id {changeSet=migration/node-services.changelog-init.xml::migrate_pk_hash_to_ext_id::R3.Corda, databaseChangeLog=master.changelog.json}
?[m?[37m[INFO] 23:47:40,381 [Test worker] changelog.ChangeSet. - Column pk_hash_to_ext_id_map.id dropped {changeSet=migration/node-services.changelog-init.xml::migrate_pk_hash_to_ext_id::R3.Corda, databaseChangeLog=master.changelog.json}
?[m?[37m[INFO] 23:47:40,382 [Test worker] jvm.JdbcExecutor. - DROP INDEX PUBLIC.pk_hash_to_xid_idx {changeSet=migration/node-services.changelog-init.xml::migrate_pk_hash_to_ext_id::R3.Corda, databaseChangeLog=master.changelog.json}
?[m?[37m[INFO] 23:47:40,382 [Test worker] changelog.ChangeSet. - Index pk_hash_to_xid_idx dropped from table pk_hash_to_ext_id_map {changeSet=migration/node-services.changelog-init.xml::migrate_pk_hash_to_ext_id::R3.Corda, databaseChangeLog=master.changelog.json}
?[m?[37m[INFO] 23:47:40,382 [Test worker] jvm.JdbcExecutor. - ALTER TABLE PUBLIC.pk_hash_to_ext_id_map ADD CONSTRAINT pubkey_hash_to_external_id_pk PRIMARY KEY (public_key_hash) {changeSet=migration/node-services.changelog-init.xml::migrate_pk_hash_to_ext_id::R3.Corda, databaseChangeLog=master.changelog.json}
?[m?[37m[INFO] 23:47:40,383 [Test worker] changelog.ChangeSet. - Primary key added to pk_hash_to_ext_id_map (public_key_hash) {changeSet=migration/node-services.changelog-init.xml::migrate_pk_hash_to_ext_id::R3.Corda, databaseChangeLog=master.changelog.json}
?[m?[37m[INFO] 23:47:40,383 [Test worker] jvm.JdbcExecutor. - CREATE INDEX PUBLIC.ext_id_idx ON PUBLIC.pk_hash_to_ext_id_map(external_id) {changeSet=migration/node-services.changelog-init.xml::migrate_pk_hash_to_ext_id::R3.Corda, databaseChangeLog=master.changelog.json}
?[m?[37m[INFO] 23:47:40,384 [Test worker] changelog.ChangeSet. - Index ext_id_idx created {changeSet=migration/node-services.changelog-init.xml::migrate_pk_hash_to_ext_id::R3.Corda, databaseChangeLog=master.changelog.json}
?[m?[37m[INFO] 23:47:40,384 [Test worker] changelog.ChangeSet. - ChangeSet migration/node-services.changelog-init.xml::migrate_pk_hash_to_ext_id::R3.Corda ran successfully in 9ms {changeSet=migration/node-services.changelog-init.xml::migrate_pk_hash_to_ext_id::R3.Corda, databaseChangeLog=master.changelog.json}
?[m?[37m[INFO] 23:47:40,385 [Test worker] jvm.JdbcExecutor. - INSERT INTO PUBLIC.DATABASECHANGELOG (ID, AUTHOR, FILENAME, DATEEXECUTED, ORDEREXECUTED, MD5SUM, DESCRIPTION, COMMENTS, EXECTYPE, CONTEXTS, LABELS, LIQUIBASE, DEPLOYMENT_ID) VALUES ('migrate_pk_hash_to_ext_id', 'R3.Corda', 'migration/node-services.changelog-init.xml', NOW(), 87, '8:daf9ba8b9522b5ed5e0c474f220a5ef9', 'dropColumn columnName=id, tableName=pk_hash_to_ext_id_map; dropIndex indexName=pk_hash_to_xid_idx, tableName=pk_hash_to_ext_id_map; addPrimaryKey constraintName=pubkey_hash_to_external_id_pk, tableName=pk_hash_to_ext_id_map; createIndex indexName=...', '', 'EXECUTED', NULL, NULL, '3.6.3', '3614860014') {changeSet=migration/node-services.changelog-init.xml::migrate_pk_hash_to_ext_id::R3.Corda, databaseChangeLog=master.changelog.json}
?[m?[37m[INFO] 23:47:40,386 [Test worker] changelog.ChangeSet. - null {changeSet=migration/node-services.changelog-init.xml::migrate_identity_service_to_use_publicKey.toShortString()::R3.Corda, databaseChangeLog=master.changelog.json}
?[m?[37m[INFO] 23:47:40,386 [Test worker] changelog.ChangeSet. - ChangeSet migration/node-services.changelog-init.xml::migrate_identity_service_to_use_publicKey.toShortString()::R3.Corda ran successfully in 0ms {changeSet=migration/node-services.changelog-init.xml::migrate_identity_service_to_use_publicKey.toShortString()::R3.Corda, databaseChangeLog=master.changelog.json}
?[m?[37m[INFO] 23:47:40,387 [Test worker] jvm.JdbcExecutor. - INSERT INTO PUBLIC.DATABASECHANGELOG (ID, AUTHOR, FILENAME, DATEEXECUTED, ORDEREXECUTED, MD5SUM, DESCRIPTION, COMMENTS, EXECTYPE, CONTEXTS, LABELS, LIQUIBASE, DEPLOYMENT_ID) VALUES ('migrate_identity_service_to_use_publicKey.toShortString()', 'R3.Corda', 'migration/node-services.changelog-init.xml', NOW(), 88, '8:51a17ecff2c7f17e1502992fdda4356d', 'customChange', '', 'EXECUTED', NULL, NULL, '3.6.3', '3614860014') {changeSet=migration/node-services.changelog-init.xml::migrate_identity_service_to_use_publicKey.toShortString()::R3.Corda, databaseChangeLog=master.changelog.json}
?[m?[37m[INFO] 23:47:40,388 [Test worker] jvm.JdbcExecutor. - ALTER TABLE PUBLIC.node_transactions ADD status NVARCHAR(1) DEFAULT 'V' NOT NULL {changeSet=migration/node-services.changelog-init.xml::add_status_column::R3.Corda, databaseChangeLog=master.changelog.json}
?[m?[37m[INFO] 23:47:40,389 [Test worker] changelog.ChangeSet. - Columns status(NVARCHAR(1)) added to node_transactions {changeSet=migration/node-services.changelog-init.xml::add_status_column::R3.Corda, databaseChangeLog=master.changelog.json}
?[m?[37m[INFO] 23:47:40,389 [Test worker] changelog.ChangeSet. - ChangeSet migration/node-services.changelog-init.xml::add_status_column::R3.Corda ran successfully in 2ms {changeSet=migration/node-services.changelog-init.xml::add_status_column::R3.Corda, databaseChangeLog=master.changelog.json}
?[m?[37m[INFO] 23:47:40,391 [Test worker] jvm.JdbcExecutor. - INSERT INTO PUBLIC.DATABASECHANGELOG (ID, AUTHOR, FILENAME, DATEEXECUTED, ORDEREXECUTED, MD5SUM, DESCRIPTION, COMMENTS, EXECTYPE, CONTEXTS, LABELS, LIQUIBASE, DEPLOYMENT_ID) VALUES ('add_status_column', 'R3.Corda', 'migration/node-services.changelog-init.xml', NOW(), 89, '8:163dc66ab97910470ce080cd4c4d33ef', 'addColumn tableName=node_transactions', '', 'EXECUTED', NULL, NULL, '3.6.3', '3614860014') {changeSet=migration/node-services.changelog-init.xml::add_status_column::R3.Corda, databaseChangeLog=master.changelog.json}
?[m?[37m[INFO] 23:47:40,391 [Test worker] jvm.JdbcExecutor. - CREATE TABLE PUBLIC.node_hash_to_key (pk_hash NVARCHAR(130) NOT NULL, public_key BLOB NOT NULL) {changeSet=migration/node-services.changelog-init.xml::add-new-pk-hash-to-pk-table::R3.Corda, databaseChangeLog=master.changelog.json}
?[m?[37m[INFO] 23:47:40,392 [Test worker] changelog.ChangeSet. - Table node_hash_to_key created {changeSet=migration/node-services.changelog-init.xml::add-new-pk-hash-to-pk-table::R3.Corda, databaseChangeLog=master.changelog.json}
?[m?[37m[INFO] 23:47:40,392 [Test worker] jvm.JdbcExecutor. - ALTER TABLE PUBLIC.node_hash_to_key ADD CONSTRAINT node_hash_to_key_pk_hash PRIMARY KEY (pk_hash) {changeSet=migration/node-services.changelog-init.xml::add-new-pk-hash-to-pk-table::R3.Corda, databaseChangeLog=master.changelog.json}
?[m?[37m[INFO] 23:47:40,392 [Test worker] changelog.ChangeSet. - Primary key added to node_hash_to_key (pk_hash) {changeSet=migration/node-services.changelog-init.xml::add-new-pk-hash-to-pk-table::R3.Corda, databaseChangeLog=master.changelog.json}
?[m?[37m[INFO] 23:47:40,392 [Test worker] changelog.ChangeSet. - ChangeSet migration/node-services.changelog-init.xml::add-new-pk-hash-to-pk-table::R3.Corda ran successfully in 1ms {changeSet=migration/node-services.changelog-init.xml::add-new-pk-hash-to-pk-table::R3.Corda, databaseChangeLog=master.changelog.json}
?[m?[37m[INFO] 23:47:40,393 [Test worker] jvm.JdbcExecutor. - INSERT INTO PUBLIC.DATABASECHANGELOG (ID, AUTHOR, FILENAME, DATEEXECUTED, ORDEREXECUTED, MD5SUM, DESCRIPTION, COMMENTS, EXECTYPE, CONTEXTS, LABELS, LIQUIBASE, DEPLOYMENT_ID) VALUES ('add-new-pk-hash-to-pk-table', 'R3.Corda', 'migration/node-services.changelog-init.xml', NOW(), 90, '8:90ed8145a19f497b5c95a5c9542917f0', 'createTable tableName=node_hash_to_key; addPrimaryKey constraintName=node_hash_to_key_pk_hash, tableName=node_hash_to_key', '', 'EXECUTED', NULL, NULL, '3.6.3', '3614860014') {changeSet=migration/node-services.changelog-init.xml::add-new-pk-hash-to-pk-table::R3.Corda, databaseChangeLog=master.changelog.json}
?[m?[37m[INFO] 23:47:40,394 [Test worker] jvm.JdbcExecutor. - ALTER TABLE PUBLIC.node_transactions ADD timestamp TIMESTAMP DEFAULT '2000-01-01 12:00:00' NOT NULL {changeSet=migration/node-services.changelog-init.xml::add_timestamp_column_to_node_transactions::R3.Corda, databaseChangeLog=master.changelog.json}
?[m?[37m[INFO] 23:47:40,396 [Test worker] changelog.ChangeSet. - Columns timestamp(TIMESTAMP) added to node_transactions {changeSet=migration/node-services.changelog-init.xml::add_timestamp_column_to_node_transactions::R3.Corda, databaseChangeLog=master.changelog.json}
?[m?[37m[INFO] 23:47:40,396 [Test worker] changelog.ChangeSet. - ChangeSet migration/node-services.changelog-init.xml::add_timestamp_column_to_node_transactions::R3.Corda ran successfully in 2ms {changeSet=migration/node-services.changelog-init.xml::add_timestamp_column_to_node_transactions::R3.Corda, databaseChangeLog=master.changelog.json}
?[m?[37m[INFO] 23:47:40,397 [Test worker] jvm.JdbcExecutor. - INSERT INTO PUBLIC.DATABASECHANGELOG (ID, AUTHOR, FILENAME, DATEEXECUTED, ORDEREXECUTED, MD5SUM, DESCRIPTION, COMMENTS, EXECTYPE, CONTEXTS, LABELS, LIQUIBASE, DEPLOYMENT_ID) VALUES ('add_timestamp_column_to_node_transactions', 'R3.Corda', 'migration/node-services.changelog-init.xml', NOW(), 91, '8:bc308c6c38c83b58a03f11f0943a944f', 'addColumn tableName=node_transactions', '', 'EXECUTED', NULL, NULL, '3.6.3', '3614860014') {changeSet=migration/node-services.changelog-init.xml::add_timestamp_column_to_node_transactions::R3.Corda, databaseChangeLog=master.changelog.json}
?[m?[37m[INFO] 23:47:40,398 [Test worker] migration.VaultStateMigration. - Migrating vault state data to V4 tables {changeSet=migration/vault-schema.changelog-v9.xml::update-vault-states::R3.Corda, databaseChangeLog=master.changelog.json}
?[m?[37m[INFO] 23:47:40,402 [Test worker] persistence.HibernateConfiguration. - Init HibernateConfiguration for schemas: [VaultMigrationSchemaV1(name=net.corda.node.migration.VaultMigrationSchema, version=1), VaultSchemaV1(name=net.corda.node.services.vault.VaultSchema, version=1)] {changeSet=migration/vault-schema.changelog-v9.xml::update-vault-states::R3.Corda, databaseChangeLog=master.changelog.json}
?[m?[37m[INFO] 23:47:40,402 [Test worker] factory.BaseSessionFactoryFactory. - Creating session factory for schemas: [VaultMigrationSchemaV1(name=net.corda.node.migration.VaultMigrationSchema, version=1), VaultSchemaV1(name=net.corda.node.services.vault.VaultSchema, version=1)] {changeSet=migration/vault-schema.changelog-v9.xml::update-vault-states::R3.Corda, databaseChangeLog=master.changelog.json}
?[m?[37m[INFO] 23:47:40,411 [Test worker] internal.ConnectionProviderInitiator. - HHH000130: Instantiating explicit connection provider: net.corda.nodeapi.internal.persistence.HibernateConfiguration$NodeDatabaseConnectionProvider {changeSet=migration/vault-schema.changelog-v9.xml::update-vault-states::R3.Corda, databaseChangeLog=master.changelog.json}
?[m?[37m[INFO] 23:47:40,411 [Test worker] dialect.Dialect. - HHH000400: Using dialect: org.hibernate.dialect.H2Dialect {changeSet=migration/vault-schema.changelog-v9.xml::update-vault-states::R3.Corda, databaseChangeLog=master.changelog.json}
?[m?[37m[INFO] 23:47:40,528 [Test worker] connections.access. - HHH10001501: Connection obtained from JdbcConnectionAccess [org.hibernate.engine.jdbc.env.internal.JdbcEnvironmentInitiator$ConnectionProviderJdbcConnectionAccess@68043a3] for (non-JTA) DDL execution was not in auto-commit mode; the Connection 'local transaction' will be committed and the Connection will be set into auto-commit mode. {changeSet=migration/vault-schema.changelog-v9.xml::update-vault-states::R3.Corda, databaseChangeLog=master.changelog.json}
?[m?[37m[INFO] 23:47:40,657 [Test worker] internal.JtaPlatformInitiator. - HHH000490: Using JtaPlatform implementation: [org.hibernate.engine.transaction.jta.platform.internal.NoJtaPlatform] {changeSet=migration/vault-schema.changelog-v9.xml::update-vault-states::R3.Corda, databaseChangeLog=master.changelog.json}
?[m?[37m[INFO] 23:47:40,657 [Test worker] factory.BaseSessionFactoryFactory. - Created session factory for schemas: [VaultMigrationSchemaV1(name=net.corda.node.migration.VaultMigrationSchema, version=1), VaultSchemaV1(name=net.corda.node.services.vault.VaultSchema, version=1)] {changeSet=migration/vault-schema.changelog-v9.xml::update-vault-states::R3.Corda, databaseChangeLog=master.changelog.json}
?[m?[37m[INFO] 23:47:40,675 [Test worker] migration.VaultStateMigration. - Finished performing vault state data migration for 0 states {changeSet=migration/vault-schema.changelog-v9.xml::update-vault-states::R3.Corda, databaseChangeLog=master.changelog.json}
?[m?[37m[INFO] 23:47:40,675 [Test worker] changelog.ChangeSet. - null {changeSet=migration/vault-schema.changelog-v9.xml::update-vault-states::R3.Corda, databaseChangeLog=master.changelog.json}
?[m?[37m[INFO] 23:47:40,675 [Test worker] changelog.ChangeSet. - ChangeSet migration/vault-schema.changelog-v9.xml::update-vault-states::R3.Corda ran successfully in 278ms {changeSet=migration/vault-schema.changelog-v9.xml::update-vault-states::R3.Corda, databaseChangeLog=master.changelog.json}
?[m?[37m[INFO] 23:47:40,676 [Test worker] jvm.JdbcExecutor. - INSERT INTO PUBLIC.DATABASECHANGELOG (ID, AUTHOR, FILENAME, DATEEXECUTED, ORDEREXECUTED, MD5SUM, DESCRIPTION, COMMENTS, EXECTYPE, CONTEXTS, LABELS, LIQUIBASE, DEPLOYMENT_ID) VALUES ('update-vault-states', 'R3.Corda', 'migration/vault-schema.changelog-v9.xml', NOW(), 92, '8:f8f4c73846280164daf6855e1ecf3cc6', 'customChange', '', 'EXECUTED', NULL, NULL, '3.6.3', '3614860014') {changeSet=migration/vault-schema.changelog-v9.xml::update-vault-states::R3.Corda, databaseChangeLog=master.changelog.json}
?[m?[37m[INFO] 23:47:40,676 [Test worker] migration.PersistentIdentityMigrationNewTable. - Migrating persistent identities with certificates table into persistent table with no certificate data. {changeSet=migration/node-services.changelog-init.xml::transfer-to-new-persistence-table::R3.Corda, databaseChangeLog=master.changelog.json}
?[m?[37m[INFO] 23:47:40,681 [Test worker] persistence.HibernateConfiguration. - Init HibernateConfiguration for schemas: [MappedSchema(name=net.corda.node.migration.PersistentIdentitiesMigrationSchema, version=1)] {changeSet=migration/node-services.changelog-init.xml::transfer-to-new-persistence-table::R3.Corda, databaseChangeLog=master.changelog.json}
?[m?[37m[INFO] 23:47:40,681 [Test worker] factory.BaseSessionFactoryFactory. - Creating session factory for schemas: [MappedSchema(name=net.corda.node.migration.PersistentIdentitiesMigrationSchema, version=1)] {changeSet=migration/node-services.changelog-init.xml::transfer-to-new-persistence-table::R3.Corda, databaseChangeLog=master.changelog.json}
?[m?[37m[INFO] 23:47:40,689 [Test worker] internal.ConnectionProviderInitiator. - HHH000130: Instantiating explicit connection provider: net.corda.nodeapi.internal.persistence.HibernateConfiguration$NodeDatabaseConnectionProvider {changeSet=migration/node-services.changelog-init.xml::transfer-to-new-persistence-table::R3.Corda, databaseChangeLog=master.changelog.json}
?[m?[37m[INFO] 23:47:40,691 [Test worker] dialect.Dialect. - HHH000400: Using dialect: org.hibernate.dialect.H2Dialect {changeSet=migration/node-services.changelog-init.xml::transfer-to-new-persistence-table::R3.Corda, databaseChangeLog=master.changelog.json}
?[m?[37m[INFO] 23:47:40,765 [Test worker] connections.access. - HHH10001501: Connection obtained from JdbcConnectionAccess [org.hibernate.engine.jdbc.env.internal.JdbcEnvironmentInitiator$ConnectionProviderJdbcConnectionAccess@2036a44e] for (non-JTA) DDL execution was not in auto-commit mode; the Connection 'local transaction' will be committed and the Connection will be set into auto-commit mode. {changeSet=migration/node-services.changelog-init.xml::transfer-to-new-persistence-table::R3.Corda, databaseChangeLog=master.changelog.json}
?[m?[37m[INFO] 23:47:40,797 [Test worker] internal.JtaPlatformInitiator. - HHH000490: Using JtaPlatform implementation: [org.hibernate.engine.transaction.jta.platform.internal.NoJtaPlatform] {changeSet=migration/node-services.changelog-init.xml::transfer-to-new-persistence-table::R3.Corda, databaseChangeLog=master.changelog.json}
?[m?[37m[INFO] 23:47:40,797 [Test worker] factory.BaseSessionFactoryFactory. - Created session factory for schemas: [MappedSchema(name=net.corda.node.migration.PersistentIdentitiesMigrationSchema, version=1)] {changeSet=migration/node-services.changelog-init.xml::transfer-to-new-persistence-table::R3.Corda, databaseChangeLog=master.changelog.json}
?[m?[37m[INFO] 23:47:40,801 [Test worker] changelog.ChangeSet. - null {changeSet=migration/node-services.changelog-init.xml::transfer-to-new-persistence-table::R3.Corda, databaseChangeLog=master.changelog.json}
?[m?[37m[INFO] 23:47:40,801 [Test worker] changelog.ChangeSet. - ChangeSet migration/node-services.changelog-init.xml::transfer-to-new-persistence-table::R3.Corda ran successfully in 125ms {changeSet=migration/node-services.changelog-init.xml::transfer-to-new-persistence-table::R3.Corda, databaseChangeLog=master.changelog.json}
?[m?[37m[INFO] 23:47:40,802 [Test worker] jvm.JdbcExecutor. - INSERT INTO PUBLIC.DATABASECHANGELOG (ID, AUTHOR, FILENAME, DATEEXECUTED, ORDEREXECUTED, MD5SUM, DESCRIPTION, COMMENTS, EXECTYPE, CONTEXTS, LABELS, LIQUIBASE, DEPLOYMENT_ID) VALUES ('transfer-to-new-persistence-table', 'R3.Corda', 'migration/node-services.changelog-init.xml', NOW(), 93, '8:dc5c1913b593f4a2b95ddca810da11ba', 'customChange', '', 'EXECUTED', NULL, NULL, '3.6.3', '3614860014') {changeSet=migration/node-services.changelog-init.xml::transfer-to-new-persistence-table::R3.Corda, databaseChangeLog=master.changelog.json}
?[m?[37m[INFO] 23:47:40,803 [Test worker] lockservice.StandardLockService. - Successfully released change log lock
?[m?[37m[INFO] 23:47:40,805 [Test worker] internal.InternalMockNetwork$MockNode. - Connected to H2 database.
?[m?[37m[INFO] 23:47:40,810 [Test worker] persistence.HibernateConfiguration. - Init HibernateConfiguration for schemas: [CommonSchemaV1(name=net.corda.core.schemas.CommonSchema, version=1), VaultSchemaV1(name=net.corda.node.services.vault.VaultSchema, version=1), NodeInfoSchemaV1(name=net.corda.node.internal.schemas.NodeInfoSchema, version=1), NodeCoreV1(name=net.corda.node.services.schema.NodeSchemaService$NodeCore, version=1)]
?[m?[37m[INFO] 23:47:40,810 [Test worker] factory.BaseSessionFactoryFactory. - Creating session factory for schemas: [CommonSchemaV1(name=net.corda.core.schemas.CommonSchema, version=1), VaultSchemaV1(name=net.corda.node.services.vault.VaultSchema, version=1), NodeInfoSchemaV1(name=net.corda.node.internal.schemas.NodeInfoSchema, version=1), NodeCoreV1(name=net.corda.node.services.schema.NodeSchemaService$NodeCore, version=1)]
?[m?[37m[INFO] 23:47:40,817 [Test worker] internal.ConnectionProviderInitiator. - HHH000130: Instantiating explicit connection provider: net.corda.nodeapi.internal.persistence.HibernateConfiguration$NodeDatabaseConnectionProvider
?[m?[37m[INFO] 23:47:40,818 [Test worker] dialect.Dialect. - HHH000400: Using dialect: org.hibernate.dialect.H2Dialect
?[m?[37m[INFO] 23:47:40,916 [Test worker] connections.access. - HHH10001501: Connection obtained from JdbcConnectionAccess [org.hibernate.engine.jdbc.env.internal.JdbcEnvironmentInitiator$ConnectionProviderJdbcConnectionAccess@78a0b13d] for (non-JTA) DDL execution was not in auto-commit mode; the Connection 'local transaction' will be committed and the Connection will be set into auto-commit mode.
?[m?[37m[INFO] 23:47:40,955 [Test worker] internal.JtaPlatformInitiator. - HHH000490: Using JtaPlatform implementation: [org.hibernate.engine.transaction.jta.platform.internal.NoJtaPlatform]
?[m?[37m[INFO] 23:47:40,955 [Test worker] factory.BaseSessionFactoryFactory. - Created session factory for schemas: [CommonSchemaV1(name=net.corda.core.schemas.CommonSchema, version=1), VaultSchemaV1(name=net.corda.node.services.vault.VaultSchema, version=1), NodeInfoSchemaV1(name=net.corda.node.internal.schemas.NodeInfoSchema, version=1), NodeCoreV1(name=net.corda.node.services.schema.NodeSchemaService$NodeCore, version=1)]
?[m?[37m[INFO] 23:47:40,957 [Test worker] internal.InternalMockNetwork$MockNode. - identity-private-key not found in key store, generating fresh key!
?[m?[37m[INFO] 23:47:40,975 [Test worker] internal.InternalMockNetwork$MockNode. - Node-info has changed so submitting update. Old node-info was null
?[m?[37m[INFO] 23:47:40,975 [Test worker] network.PersistentNetworkMapCache. - Adding node with info: NodeInfo(addresses=[mock.node:1000], legalIdentitiesAndCerts=[O=RecipientNode1, L=Madrid, C=ES], platformVersion=7, serial=1593614860975)
?[m?[37m[INFO] 23:47:40,977 [Test worker] network.PersistentNetworkMapCache. - No previous node found for O=RecipientNode1, L=Madrid, C=ES
?[m?[37m[INFO] 23:47:40,984 [Test worker] internal.InternalMockNetwork$MockNode. - New node-info: NodeInfo(addresses=[mock.node:1000], legalIdentitiesAndCerts=[O=RecipientNode1, L=Madrid, C=ES], platformVersion=7, serial=1593614860975)
?[m?[37m[INFO] 23:47:40,990 [Test worker] network.NetworkMapUpdater. - Auto-accept enabled for network parameter changes which modify only: [epoch, modifiedTime, packageOwnership, whitelistedContractImplementations]
?[m?[37m[INFO] 23:47:40,990 [Test worker] internal.MockNodeMessagingService. - Status change to true
?[m?[37m[INFO] 23:47:40,991 [Test worker] internal.InternalMockNetwork$MockNode. - MessagingService active change to: true
?[m?[37m[INFO] 23:47:40,995 [MockNode-3-2] network.PersistentNetworkMapCache. - Adding node with info: NodeInfo(addresses=[mock.node:1000], legalIdentitiesAndCerts=[O=RecipientNode1, L=Madrid, C=ES], platformVersion=7, serial=1593614860975)
?[m?[37m[INFO] 23:47:41,000 [MockNode-3-2] network.PersistentNetworkMapCache. - Previous node was identical to incoming one - doing nothing
?[m?[37m[INFO] 23:47:41,021 [Test worker] statemachine.SingleThreadedStateMachineManager. - Node ready, info: NodeInfo(addresses=[mock.node:1000], legalIdentitiesAndCerts=[O=RecipientNode1, L=Madrid, C=ES], platformVersion=7, serial=1593614860975)
?[m?[37m[INFO] 23:47:41,022 [Test worker] network.PersistentNetworkMapCache. - Adding node with info: NodeInfo(addresses=[mock.node:1000], legalIdentitiesAndCerts=[O=Notary Service, L=Zurich, C=CH], platformVersion=7, serial=1593614856841)
?[m?[37m[INFO] 23:47:41,024 [Test worker] network.PersistentNetworkMapCache. - No previous node found for O=Notary Service, L=Zurich, C=CH
?[m?[37m[INFO] 23:47:41,033 [Test worker] network.PersistentNetworkMapCache. - Adding node with info: NodeInfo(addresses=[mock.node:1000], legalIdentitiesAndCerts=[O=RecipientNode1, L=Madrid, C=ES], platformVersion=7, serial=1593614860975)
?[m?[37m[INFO] 23:47:41,034 [Test worker] network.PersistentNetworkMapCache. - No previous node found for O=RecipientNode1, L=Madrid, C=ES
?[m?[37m[INFO] 23:47:41,043 [Test worker] network.PersistentNetworkMapCache. - Adding node with info: NodeInfo(addresses=[mock.node:1000], legalIdentitiesAndCerts=[O=SenderNode, L=Madrid, C=ES], platformVersion=7, serial=1593614859462)
?[m?[37m[INFO] 23:47:41,044 [Test worker] network.PersistentNetworkMapCache. - No previous node found for O=SenderNode, L=Madrid, C=ES
?[m?[37m[INFO] 23:47:41,054 [Test worker] network.PersistentNetworkMapCache. - Adding node with info: NodeInfo(addresses=[mock.node:1000], legalIdentitiesAndCerts=[O=RecipientNode1, L=Madrid, C=ES], platformVersion=7, serial=1593614860975)
?[m?[37m[INFO] 23:47:41,056 [Test worker] network.PersistentNetworkMapCache. - No previous node found for O=RecipientNode1, L=Madrid, C=ES
?[m?[37m[INFO] 23:47:41,066 [Test worker] network.PersistentNetworkMapCache. - Adding node with info: NodeInfo(addresses=[mock.node:1000], legalIdentitiesAndCerts=[O=RecipientNode1, L=Madrid, C=ES], platformVersion=7, serial=1593614860975)
?[m?[37m[INFO] 23:47:41,066 [Test worker] network.PersistentNetworkMapCache. - Previous node was identical to incoming one - doing nothing
?[m?[37m[INFO] 23:47:41,067 [Test worker] network.PersistentNetworkMapCache. - Adding node with info: NodeInfo(addresses=[mock.node:1000], legalIdentitiesAndCerts=[O=RecipientNode1, L=Madrid, C=ES], platformVersion=7, serial=1593614860975)
?[m?[37m[INFO] 23:47:41,067 [Test worker] network.PersistentNetworkMapCache. - Previous node was identical to incoming one - doing nothing
?[m?[37m[INFO] 23:47:41,074 [Test worker] cordapp.JarScanningCordappLoader. - Looking for CorDapps in [build\mock-network\20200701-144717.967\nodes\3\cordapps]
?[m?[37m[INFO] 23:47:41,076 [Test worker] cordapp.JarScanningCordappLoader. - Loading CorDapps from RestrictedURL(url=file:/E:/workspace/corda/samples-kotlin/Basic/pingpong/workflows-kotlin/build/mock-network/20200701-144717.967/nodes/3/cordapps/net.corda.examples.pingpong.flows.FlowParallelMessagingTests_1_7_94baeabf-1013-426c-a853-fe9265425153.jar, rootPackageName=null)
?[m?[37m[INFO] 23:47:41,076 [Test worker] cordapp.JarScanningCordappLoader. - Scanning CorDapp in file:/E:/workspace/corda/samples-kotlin/Basic/pingpong/workflows-kotlin/build/mock-network/20200701-144717.967/nodes/3/cordapps/net.corda.examples.pingpong.flows.FlowParallelMessagingTests_1_7_94baeabf-1013-426c-a853-fe9265425153.jar
?[m?[37m[INFO] 23:47:41,103 [Test worker] internal.InternalMockNetwork$MockNode. - MessagingService active change to: false
?[m?[37m[INFO] 23:47:41,104 [Test worker] internal.InternalMockNetwork$MockNode. - Flow external operation executor has a max of 2 threads
?[m?[37m[INFO] 23:47:41,105 [Test worker] internal.InternalMockNetwork$MockNode. - Node starting up ...
?[m?[37m[INFO] 23:47:41,138 [Test worker] internal.NodeFlowManager. - Registered net.corda.examples.pingpong.flows.FlowParallelMessagingTests$SenderFlow to initiate net.corda.examples.pingpong.flows.FlowParallelMessagingTests$RecipientFlow (version 1)
?[m?[37m[INFO] 23:47:41,138 [Test worker] internal.NodeFlowManager. - Registered net.corda.examples.pingpong.flows.FlowParallelMessagingTests$StagedSenderFlow to initiate net.corda.examples.pingpong.flows.FlowParallelMessagingTests$StagedRecipientFlow (version 1)
?[m?[37m[INFO] 23:47:41,144 [Test worker] internal.InternalMockNetwork$MockNode. - Loaded network parameters: NetworkParameters {
      minimumPlatformVersion=1
      notaries=[NotaryInfo(identity=O=Notary Service, L=Zurich, C=CH, validating=true)]
      maxMessageSize=10485760
      maxTransactionSize=524288000
      whitelistedContractImplementations {
        
      }
      eventHorizon=PT720H
      packageOwnership {
        
      }
      modifiedTime=2020-07-01T14:47:17.967Z
      epoch=1
  }
?[m?[37m[INFO] 23:47:41,145 [Test worker] hikari.HikariDataSource. - HikariPool-4 - Starting...
?[m?[37m[INFO] 23:47:41,146 [Test worker] hikari.HikariDataSource. - HikariPool-4 - Start completed.
?[m?[37m[INFO] 23:47:41,352 [Test worker] changelog.StandardChangeLogHistoryService. - Creating database history table with name: PUBLIC.DATABASECHANGELOG
?[m?[37m[INFO] 23:47:41,352 [Test worker] jvm.JdbcExecutor. - CREATE TABLE PUBLIC.DATABASECHANGELOG (ID VARCHAR(255) NOT NULL, AUTHOR VARCHAR(255) NOT NULL, FILENAME VARCHAR(255) NOT NULL, DATEEXECUTED TIMESTAMP NOT NULL, ORDEREXECUTED INT NOT NULL, EXECTYPE VARCHAR(10) NOT NULL, MD5SUM VARCHAR(35), DESCRIPTION VARCHAR(255), COMMENTS VARCHAR(255), TAG VARCHAR(255), LIQUIBASE VARCHAR(20), CONTEXTS VARCHAR(255), LABELS VARCHAR(255), DEPLOYMENT_ID VARCHAR(10))
?[m?[37m[INFO] 23:47:41,352 [Test worker] jvm.JdbcExecutor. - SELECT COUNT(*) FROM PUBLIC.DATABASECHANGELOG
?[m?[37m[INFO] 23:47:41,353 [Test worker] changelog.StandardChangeLogHistoryService. - Reading from PUBLIC.DATABASECHANGELOG
?[m?[37m[INFO] 23:47:41,353 [Test worker] jvm.JdbcExecutor. - SELECT * FROM PUBLIC.DATABASECHANGELOG ORDER BY DATEEXECUTED ASC, ORDEREXECUTED ASC
?[m?[37m[INFO] 23:47:41,353 [Test worker] jvm.JdbcExecutor. - SELECT COUNT(*) FROM PUBLIC.DATABASECHANGELOGLOCK
?[m?[37m[INFO] 23:47:41,354 [Test worker] jvm.JdbcExecutor. - CREATE TABLE PUBLIC.DATABASECHANGELOGLOCK (ID INT NOT NULL, LOCKED BOOLEAN NOT NULL, LOCKGRANTED TIMESTAMP, LOCKEDBY VARCHAR(255), CONSTRAINT PK_DATABASECHANGELOGLOCK PRIMARY KEY (ID))
?[m?[37m[INFO] 23:47:41,354 [Test worker] jvm.JdbcExecutor. - SELECT COUNT(*) FROM PUBLIC.DATABASECHANGELOGLOCK
?[m?[37m[INFO] 23:47:41,355 [Test worker] jvm.JdbcExecutor. - DELETE FROM PUBLIC.DATABASECHANGELOGLOCK
?[m?[37m[INFO] 23:47:41,355 [Test worker] jvm.JdbcExecutor. - INSERT INTO PUBLIC.DATABASECHANGELOGLOCK (ID, LOCKED) VALUES (1, FALSE)
?[m?[37m[INFO] 23:47:41,368 [Test worker] visitor.ValidatingVisitor. - Skipping change set migration/vault-schema.changelog-pkey.xml::non-clustered_pk-11::R3.Corda due to validation error(s): clustered is not allowed on h2 {changeSet=migration/vault-schema.changelog-pkey.xml::non-clustered_pk-11::R3.Corda, databaseChangeLog=master.changelog.json}
?[m?[37m[INFO] 23:47:41,368 [Test worker] visitor.ValidatingVisitor. - Skipping change set migration/vault-schema.changelog-pkey.xml::non-clustered_pk-12::R3.Corda due to validation error(s): clustered is not allowed on h2 {changeSet=migration/vault-schema.changelog-pkey.xml::non-clustered_pk-12::R3.Corda, databaseChangeLog=master.changelog.json}
?[m?[37m[INFO] 23:47:41,369 [Test worker] visitor.ValidatingVisitor. - Skipping change set migration/vault-schema.changelog-pkey.xml::non-clustered_pk-13::R3.Corda due to validation error(s): clustered is not allowed on h2 {changeSet=migration/vault-schema.changelog-pkey.xml::non-clustered_pk-13::R3.Corda, databaseChangeLog=master.changelog.json}
?[m?[37m[INFO] 23:47:41,387 [Test worker] visitor.ValidatingVisitor. - Skipping change set migration/node-core.changelog-pkey.xml::non-clustered_pk-1::R3.Corda due to validation error(s): clustered is not allowed on h2 {changeSet=migration/node-core.changelog-pkey.xml::non-clustered_pk-1::R3.Corda, databaseChangeLog=master.changelog.json}
?[m?[37m[INFO] 23:47:41,387 [Test worker] visitor.ValidatingVisitor. - Skipping change set migration/node-core.changelog-pkey.xml::non-clustered_pk-2::R3.Corda due to validation error(s): clustered is not allowed on h2 {changeSet=migration/node-core.changelog-pkey.xml::non-clustered_pk-2::R3.Corda, databaseChangeLog=master.changelog.json}
?[m?[37m[INFO] 23:47:41,387 [Test worker] visitor.ValidatingVisitor. - Skipping change set migration/node-core.changelog-pkey.xml::non-clustered_pk-3::R3.Corda due to validation error(s): clustered is not allowed on h2 {changeSet=migration/node-core.changelog-pkey.xml::non-clustered_pk-3::R3.Corda, databaseChangeLog=master.changelog.json}
?[m?[37m[INFO] 23:47:41,388 [Test worker] visitor.ValidatingVisitor. - Skipping change set migration/node-core.changelog-pkey.xml::non-clustered_pk-4::R3.Corda due to validation error(s): clustered is not allowed on h2 {changeSet=migration/node-core.changelog-pkey.xml::non-clustered_pk-4::R3.Corda, databaseChangeLog=master.changelog.json}
?[m?[37m[INFO] 23:47:41,388 [Test worker] visitor.ValidatingVisitor. - Skipping change set migration/node-core.changelog-pkey.xml::non-clustered_pk-5::R3.Corda due to validation error(s): clustered is not allowed on h2 {changeSet=migration/node-core.changelog-pkey.xml::non-clustered_pk-5::R3.Corda, databaseChangeLog=master.changelog.json}
?[m?[37m[INFO] 23:47:41,389 [Test worker] visitor.ValidatingVisitor. - Skipping change set migration/node-core.changelog-pkey.xml::non-clustered_pk-6::R3.Corda due to validation error(s): clustered is not allowed on h2 {changeSet=migration/node-core.changelog-pkey.xml::non-clustered_pk-6::R3.Corda, databaseChangeLog=master.changelog.json}
?[m?[37m[INFO] 23:47:41,389 [Test worker] visitor.ValidatingVisitor. - Skipping change set migration/node-core.changelog-pkey.xml::non-clustered_pk-7::R3.Corda due to validation error(s): clustered is not allowed on h2 {changeSet=migration/node-core.changelog-pkey.xml::non-clustered_pk-7::R3.Corda, databaseChangeLog=master.changelog.json}
?[m?[37m[INFO] 23:47:41,401 [Test worker] jvm.JdbcExecutor. - SELECT COUNT(*) FROM PUBLIC.DATABASECHANGELOGLOCK
?[m?[37m[INFO] 23:47:41,402 [Test worker] jvm.JdbcExecutor. - SELECT LOCKED FROM PUBLIC.DATABASECHANGELOGLOCK WHERE ID=1
?[m?[37m[INFO] 23:47:41,403 [Test worker] lockservice.StandardLockService. - Successfully acquired change log lock
?[m?[37m[INFO] 23:47:41,406 [Test worker] visitor.ValidatingVisitor. - Skipping change set migration/vault-schema.changelog-pkey.xml::non-clustered_pk-11::R3.Corda due to validation error(s): clustered is not allowed on h2 {changeSet=migration/vault-schema.changelog-pkey.xml::non-clustered_pk-11::R3.Corda, databaseChangeLog=master.changelog.json}
?[m?[37m[INFO] 23:47:41,406 [Test worker] visitor.ValidatingVisitor. - Skipping change set migration/vault-schema.changelog-pkey.xml::non-clustered_pk-12::R3.Corda due to validation error(s): clustered is not allowed on h2 {changeSet=migration/vault-schema.changelog-pkey.xml::non-clustered_pk-12::R3.Corda, databaseChangeLog=master.changelog.json}
?[m?[37m[INFO] 23:47:41,408 [Test worker] visitor.ValidatingVisitor. - Skipping change set migration/vault-schema.changelog-pkey.xml::non-clustered_pk-13::R3.Corda due to validation error(s): clustered is not allowed on h2 {changeSet=migration/vault-schema.changelog-pkey.xml::non-clustered_pk-13::R3.Corda, databaseChangeLog=master.changelog.json}
?[m?[37m[INFO] 23:47:41,416 [Test worker] visitor.ValidatingVisitor. - Skipping change set migration/node-core.changelog-pkey.xml::non-clustered_pk-1::R3.Corda due to validation error(s): clustered is not allowed on h2 {changeSet=migration/node-core.changelog-pkey.xml::non-clustered_pk-1::R3.Corda, databaseChangeLog=master.changelog.json}
?[m?[37m[INFO] 23:47:41,416 [Test worker] visitor.ValidatingVisitor. - Skipping change set migration/node-core.changelog-pkey.xml::non-clustered_pk-2::R3.Corda due to validation error(s): clustered is not allowed on h2 {changeSet=migration/node-core.changelog-pkey.xml::non-clustered_pk-2::R3.Corda, databaseChangeLog=master.changelog.json}
?[m?[37m[INFO] 23:47:41,416 [Test worker] visitor.ValidatingVisitor. - Skipping change set migration/node-core.changelog-pkey.xml::non-clustered_pk-3::R3.Corda due to validation error(s): clustered is not allowed on h2 {changeSet=migration/node-core.changelog-pkey.xml::non-clustered_pk-3::R3.Corda, databaseChangeLog=master.changelog.json}
?[m?[37m[INFO] 23:47:41,416 [Test worker] visitor.ValidatingVisitor. - Skipping change set migration/node-core.changelog-pkey.xml::non-clustered_pk-4::R3.Corda due to validation error(s): clustered is not allowed on h2 {changeSet=migration/node-core.changelog-pkey.xml::non-clustered_pk-4::R3.Corda, databaseChangeLog=master.changelog.json}
?[m?[37m[INFO] 23:47:41,416 [Test worker] visitor.ValidatingVisitor. - Skipping change set migration/node-core.changelog-pkey.xml::non-clustered_pk-5::R3.Corda due to validation error(s): clustered is not allowed on h2 {changeSet=migration/node-core.changelog-pkey.xml::non-clustered_pk-5::R3.Corda, databaseChangeLog=master.changelog.json}
?[m?[37m[INFO] 23:47:41,416 [Test worker] visitor.ValidatingVisitor. - Skipping change set migration/node-core.changelog-pkey.xml::non-clustered_pk-6::R3.Corda due to validation error(s): clustered is not allowed on h2 {changeSet=migration/node-core.changelog-pkey.xml::non-clustered_pk-6::R3.Corda, databaseChangeLog=master.changelog.json}
?[m?[37m[INFO] 23:47:41,416 [Test worker] visitor.ValidatingVisitor. - Skipping change set migration/node-core.changelog-pkey.xml::non-clustered_pk-7::R3.Corda due to validation error(s): clustered is not allowed on h2 {changeSet=migration/node-core.changelog-pkey.xml::non-clustered_pk-7::R3.Corda, databaseChangeLog=master.changelog.json}
?[m?[37m[INFO] 23:47:41,418 [Test worker] jvm.JdbcExecutor. - SELECT SEQUENCE_NAME FROM INFORMATION_SCHEMA.SEQUENCES WHERE SEQUENCE_SCHEMA = 'null' AND IS_GENERATED=FALSE {changeSet=migration/common.changelog-init.xml::1511451595465-1.1::R3.Corda, databaseChangeLog=master.changelog.json}
?[m?[37m[INFO] 23:47:41,419 [Test worker] jvm.JdbcExecutor. - SELECT SEQUENCE_NAME FROM INFORMATION_SCHEMA.SEQUENCES WHERE SEQUENCE_SCHEMA = 'PUBLIC' AND IS_GENERATED=FALSE {changeSet=migration/common.changelog-init.xml::1511451595465-1.1::R3.Corda, databaseChangeLog=master.changelog.json}
?[m?[37m[INFO] 23:47:41,420 [Test worker] jvm.JdbcExecutor. - CREATE SEQUENCE PUBLIC.hibernate_sequence {changeSet=migration/common.changelog-init.xml::1511451595465-1.1::R3.Corda, databaseChangeLog=master.changelog.json}
?[m?[37m[INFO] 23:47:41,420 [Test worker] changelog.ChangeSet. - Sequence hibernate_sequence created {changeSet=migration/common.changelog-init.xml::1511451595465-1.1::R3.Corda, databaseChangeLog=master.changelog.json}
?[m?[37m[INFO] 23:47:41,420 [Test worker] changelog.ChangeSet. - ChangeSet migration/common.changelog-init.xml::1511451595465-1.1::R3.Corda ran successfully in 2ms {changeSet=migration/common.changelog-init.xml::1511451595465-1.1::R3.Corda, databaseChangeLog=master.changelog.json}
?[m?[37m[INFO] 23:47:41,420 [Test worker] jvm.JdbcExecutor. - SELECT MAX(ORDEREXECUTED) FROM PUBLIC.DATABASECHANGELOG {changeSet=migration/common.changelog-init.xml::1511451595465-1.1::R3.Corda, databaseChangeLog=master.changelog.json}
?[m?[37m[INFO] 23:47:41,421 [Test worker] jvm.JdbcExecutor. - INSERT INTO PUBLIC.DATABASECHANGELOG (ID, AUTHOR, FILENAME, DATEEXECUTED, ORDEREXECUTED, MD5SUM, DESCRIPTION, COMMENTS, EXECTYPE, CONTEXTS, LABELS, LIQUIBASE, DEPLOYMENT_ID) VALUES ('1511451595465-1.1', 'R3.Corda', 'migration/common.changelog-init.xml', NOW(), 1, '8:9df4ee4464a4a10dfcf2717c73a52620', 'createSequence sequenceName=hibernate_sequence', '', 'EXECUTED', NULL, NULL, '3.6.3', '3614861403') {changeSet=migration/common.changelog-init.xml::1511451595465-1.1::R3.Corda, databaseChangeLog=master.changelog.json}
?[m?[37m[INFO] 23:47:41,422 [Test worker] jvm.JdbcExecutor. - CREATE TABLE PUBLIC.vault_fungible_states (output_index INT NOT NULL, transaction_id NVARCHAR(64) NOT NULL, issuer_name NVARCHAR(255), issuer_ref VARBINARY(512), owner_name NVARCHAR(255), quantity BIGINT) {changeSet=migration/vault-schema.changelog-init.xml::1511451595465-22::R3.Corda, databaseChangeLog=master.changelog.json}
?[m?[37m[INFO] 23:47:41,422 [Test worker] changelog.ChangeSet. - Table vault_fungible_states created {changeSet=migration/vault-schema.changelog-init.xml::1511451595465-22::R3.Corda, databaseChangeLog=master.changelog.json}
?[m?[37m[INFO] 23:47:41,423 [Test worker] changelog.ChangeSet. - ChangeSet migration/vault-schema.changelog-init.xml::1511451595465-22::R3.Corda ran successfully in 1ms {changeSet=migration/vault-schema.changelog-init.xml::1511451595465-22::R3.Corda, databaseChangeLog=master.changelog.json}
?[m?[37m[INFO] 23:47:41,426 [Test worker] jvm.JdbcExecutor. - INSERT INTO PUBLIC.DATABASECHANGELOG (ID, AUTHOR, FILENAME, DATEEXECUTED, ORDEREXECUTED, MD5SUM, DESCRIPTION, COMMENTS, EXECTYPE, CONTEXTS, LABELS, LIQUIBASE, DEPLOYMENT_ID) VALUES ('1511451595465-22', 'R3.Corda', 'migration/vault-schema.changelog-init.xml', NOW(), 2, '8:4ae481f11ac84744a4392bbfd533fa75', 'createTable tableName=vault_fungible_states', '', 'EXECUTED', NULL, NULL, '3.6.3', '3614861403') {changeSet=migration/vault-schema.changelog-init.xml::1511451595465-22::R3.Corda, databaseChangeLog=master.changelog.json}
?[m?[37m[INFO] 23:47:41,427 [Test worker] jvm.JdbcExecutor. - CREATE TABLE PUBLIC.vault_fungible_states_parts (output_index INT NOT NULL, transaction_id NVARCHAR(64) NOT NULL, participants NVARCHAR(255)) {changeSet=migration/vault-schema.changelog-init.xml::1511451595465-23::R3.Corda, databaseChangeLog=master.changelog.json}
?[m?[37m[INFO] 23:47:41,427 [Test worker] changelog.ChangeSet. - Table vault_fungible_states_parts created {changeSet=migration/vault-schema.changelog-init.xml::1511451595465-23::R3.Corda, databaseChangeLog=master.changelog.json}
?[m?[37m[INFO] 23:47:41,427 [Test worker] changelog.ChangeSet. - ChangeSet migration/vault-schema.changelog-init.xml::1511451595465-23::R3.Corda ran successfully in 0ms {changeSet=migration/vault-schema.changelog-init.xml::1511451595465-23::R3.Corda, databaseChangeLog=master.changelog.json}
?[m?[37m[INFO] 23:47:41,428 [Test worker] jvm.JdbcExecutor. - INSERT INTO PUBLIC.DATABASECHANGELOG (ID, AUTHOR, FILENAME, DATEEXECUTED, ORDEREXECUTED, MD5SUM, DESCRIPTION, COMMENTS, EXECTYPE, CONTEXTS, LABELS, LIQUIBASE, DEPLOYMENT_ID) VALUES ('1511451595465-23', 'R3.Corda', 'migration/vault-schema.changelog-init.xml', NOW(), 3, '8:3222255d3b2e04b9dfad42d9acab103e', 'createTable tableName=vault_fungible_states_parts', '', 'EXECUTED', NULL, NULL, '3.6.3', '3614861403') {changeSet=migration/vault-schema.changelog-init.xml::1511451595465-23::R3.Corda, databaseChangeLog=master.changelog.json}
?[m?[37m[INFO] 23:47:41,429 [Test worker] jvm.JdbcExecutor. - CREATE TABLE PUBLIC.vault_linear_states (output_index INT NOT NULL, transaction_id NVARCHAR(64) NOT NULL, external_id NVARCHAR(255), uuid VARCHAR(255) NOT NULL) {changeSet=migration/vault-schema.changelog-init.xml::1511451595465-24::R3.Corda, databaseChangeLog=master.changelog.json}
?[m?[37m[INFO] 23:47:41,429 [Test worker] changelog.ChangeSet. - Table vault_linear_states created {changeSet=migration/vault-schema.changelog-init.xml::1511451595465-24::R3.Corda, databaseChangeLog=master.changelog.json}
?[m?[37m[INFO] 23:47:41,429 [Test worker] changelog.ChangeSet. - ChangeSet migration/vault-schema.changelog-init.xml::1511451595465-24::R3.Corda ran successfully in 0ms {changeSet=migration/vault-schema.changelog-init.xml::1511451595465-24::R3.Corda, databaseChangeLog=master.changelog.json}
?[m?[37m[INFO] 23:47:41,430 [Test worker] jvm.JdbcExecutor. - INSERT INTO PUBLIC.DATABASECHANGELOG (ID, AUTHOR, FILENAME, DATEEXECUTED, ORDEREXECUTED, MD5SUM, DESCRIPTION, COMMENTS, EXECTYPE, CONTEXTS, LABELS, LIQUIBASE, DEPLOYMENT_ID) VALUES ('1511451595465-24', 'R3.Corda', 'migration/vault-schema.changelog-init.xml', NOW(), 4, '8:fb2c5b52213239424320d137dc22059b', 'createTable tableName=vault_linear_states', '', 'EXECUTED', NULL, NULL, '3.6.3', '3614861403') {changeSet=migration/vault-schema.changelog-init.xml::1511451595465-24::R3.Corda, databaseChangeLog=master.changelog.json}
?[m?[37m[INFO] 23:47:41,431 [Test worker] jvm.JdbcExecutor. - CREATE TABLE PUBLIC.vault_linear_states_parts (output_index INT NOT NULL, transaction_id NVARCHAR(64) NOT NULL, participants NVARCHAR(255)) {changeSet=migration/vault-schema.changelog-init.xml::1511451595465-25::R3.Corda, databaseChangeLog=master.changelog.json}
?[m?[37m[INFO] 23:47:41,431 [Test worker] changelog.ChangeSet. - Table vault_linear_states_parts created {changeSet=migration/vault-schema.changelog-init.xml::1511451595465-25::R3.Corda, databaseChangeLog=master.changelog.json}
?[m?[37m[INFO] 23:47:41,431 [Test worker] changelog.ChangeSet. - ChangeSet migration/vault-schema.changelog-init.xml::1511451595465-25::R3.Corda ran successfully in 1ms {changeSet=migration/vault-schema.changelog-init.xml::1511451595465-25::R3.Corda, databaseChangeLog=master.changelog.json}
?[m?[37m[INFO] 23:47:41,432 [Test worker] jvm.JdbcExecutor. - INSERT INTO PUBLIC.DATABASECHANGELOG (ID, AUTHOR, FILENAME, DATEEXECUTED, ORDEREXECUTED, MD5SUM, DESCRIPTION, COMMENTS, EXECTYPE, CONTEXTS, LABELS, LIQUIBASE, DEPLOYMENT_ID) VALUES ('1511451595465-25', 'R3.Corda', 'migration/vault-schema.changelog-init.xml', NOW(), 5, '8:ccb2ca1b37c0eeb2ac12506f17bc8ee0', 'createTable tableName=vault_linear_states_parts', '', 'EXECUTED', NULL, NULL, '3.6.3', '3614861403') {changeSet=migration/vault-schema.changelog-init.xml::1511451595465-25::R3.Corda, databaseChangeLog=master.changelog.json}
?[m?[37m[INFO] 23:47:41,433 [Test worker] jvm.JdbcExecutor. - CREATE TABLE PUBLIC.vault_states (output_index INT NOT NULL, transaction_id NVARCHAR(64) NOT NULL, consumed_timestamp TIMESTAMP, contract_state_class_name NVARCHAR(255), lock_id NVARCHAR(255), lock_timestamp TIMESTAMP, notary_name NVARCHAR(255), recorded_timestamp TIMESTAMP, state_status INT) {changeSet=migration/vault-schema.changelog-init.xml::1511451595465-26::R3.Corda, databaseChangeLog=master.changelog.json}
?[m?[37m[INFO] 23:47:41,433 [Test worker] changelog.ChangeSet. - Table vault_states created {changeSet=migration/vault-schema.changelog-init.xml::1511451595465-26::R3.Corda, databaseChangeLog=master.changelog.json}
?[m?[37m[INFO] 23:47:41,433 [Test worker] changelog.ChangeSet. - ChangeSet migration/vault-schema.changelog-init.xml::1511451595465-26::R3.Corda ran successfully in 1ms {changeSet=migration/vault-schema.changelog-init.xml::1511451595465-26::R3.Corda, databaseChangeLog=master.changelog.json}
?[m?[37m[INFO] 23:47:41,434 [Test worker] jvm.JdbcExecutor. - INSERT INTO PUBLIC.DATABASECHANGELOG (ID, AUTHOR, FILENAME, DATEEXECUTED, ORDEREXECUTED, MD5SUM, DESCRIPTION, COMMENTS, EXECTYPE, CONTEXTS, LABELS, LIQUIBASE, DEPLOYMENT_ID) VALUES ('1511451595465-26', 'R3.Corda', 'migration/vault-schema.changelog-init.xml', NOW(), 6, '8:971edadc2af9e847ed490f418530d40b', 'createTable tableName=vault_states', '', 'EXECUTED', NULL, NULL, '3.6.3', '3614861403') {changeSet=migration/vault-schema.changelog-init.xml::1511451595465-26::R3.Corda, databaseChangeLog=master.changelog.json}
?[m?[37m[INFO] 23:47:41,435 [Test worker] jvm.JdbcExecutor. - CREATE TABLE PUBLIC.vault_transaction_notes (seq_no INT NOT NULL, note NVARCHAR(255), transaction_id NVARCHAR(64)) {changeSet=migration/vault-schema.changelog-init.xml::1511451595465-27::R3.Corda, databaseChangeLog=master.changelog.json}
?[m?[37m[INFO] 23:47:41,436 [Test worker] changelog.ChangeSet. - Table vault_transaction_notes created {changeSet=migration/vault-schema.changelog-init.xml::1511451595465-27::R3.Corda, databaseChangeLog=master.changelog.json}
?[m?[37m[INFO] 23:47:41,436 [Test worker] changelog.ChangeSet. - ChangeSet migration/vault-schema.changelog-init.xml::1511451595465-27::R3.Corda ran successfully in 2ms {changeSet=migration/vault-schema.changelog-init.xml::1511451595465-27::R3.Corda, databaseChangeLog=master.changelog.json}
?[m?[37m[INFO] 23:47:41,437 [Test worker] jvm.JdbcExecutor. - INSERT INTO PUBLIC.DATABASECHANGELOG (ID, AUTHOR, FILENAME, DATEEXECUTED, ORDEREXECUTED, MD5SUM, DESCRIPTION, COMMENTS, EXECTYPE, CONTEXTS, LABELS, LIQUIBASE, DEPLOYMENT_ID) VALUES ('1511451595465-27', 'R3.Corda', 'migration/vault-schema.changelog-init.xml', NOW(), 7, '8:7a8064e58d100a02ed56e538122296e4', 'createTable tableName=vault_transaction_notes', '', 'EXECUTED', NULL, NULL, '3.6.3', '3614861403') {changeSet=migration/vault-schema.changelog-init.xml::1511451595465-27::R3.Corda, databaseChangeLog=master.changelog.json}
?[m?[37m[INFO] 23:47:41,437 [Test worker] jvm.JdbcExecutor. - ALTER TABLE PUBLIC.vault_fungible_states ADD CONSTRAINT vault_fungible_states_pkey PRIMARY KEY (output_index, transaction_id) {changeSet=migration/vault-schema.changelog-init.xml::1511451595465-47::R3.Corda, databaseChangeLog=master.changelog.json}
?[m?[37m[INFO] 23:47:41,438 [Test worker] changelog.ChangeSet. - Primary key added to vault_fungible_states (output_index, transaction_id) {changeSet=migration/vault-schema.changelog-init.xml::1511451595465-47::R3.Corda, databaseChangeLog=master.changelog.json}
?[m?[37m[INFO] 23:47:41,438 [Test worker] changelog.ChangeSet. - ChangeSet migration/vault-schema.changelog-init.xml::1511451595465-47::R3.Corda ran successfully in 1ms {changeSet=migration/vault-schema.changelog-init.xml::1511451595465-47::R3.Corda, databaseChangeLog=master.changelog.json}
?[m?[37m[INFO] 23:47:41,438 [Test worker] jvm.JdbcExecutor. - INSERT INTO PUBLIC.DATABASECHANGELOG (ID, AUTHOR, FILENAME, DATEEXECUTED, ORDEREXECUTED, MD5SUM, DESCRIPTION, COMMENTS, EXECTYPE, CONTEXTS, LABELS, LIQUIBASE, DEPLOYMENT_ID) VALUES ('1511451595465-47', 'R3.Corda', 'migration/vault-schema.changelog-init.xml', NOW(), 8, '8:4eddd48de14b69bdd265a4b0c438f070', 'addPrimaryKey constraintName=vault_fungible_states_pkey, tableName=vault_fungible_states', '', 'EXECUTED', NULL, NULL, '3.6.3', '3614861403') {changeSet=migration/vault-schema.changelog-init.xml::1511451595465-47::R3.Corda, databaseChangeLog=master.changelog.json}
?[m?[37m[INFO] 23:47:41,440 [Test worker] jvm.JdbcExecutor. - ALTER TABLE PUBLIC.vault_linear_states ADD CONSTRAINT vault_linear_states_pkey PRIMARY KEY (output_index, transaction_id) {changeSet=migration/vault-schema.changelog-init.xml::1511451595465-48::R3.Corda, databaseChangeLog=master.changelog.json}
?[m?[37m[INFO] 23:47:41,441 [Test worker] changelog.ChangeSet. - Primary key added to vault_linear_states (output_index, transaction_id) {changeSet=migration/vault-schema.changelog-init.xml::1511451595465-48::R3.Corda, databaseChangeLog=master.changelog.json}
?[m?[37m[INFO] 23:47:41,441 [Test worker] changelog.ChangeSet. - ChangeSet migration/vault-schema.changelog-init.xml::1511451595465-48::R3.Corda ran successfully in 1ms {changeSet=migration/vault-schema.changelog-init.xml::1511451595465-48::R3.Corda, databaseChangeLog=master.changelog.json}
?[m?[37m[INFO] 23:47:41,443 [Test worker] jvm.JdbcExecutor. - INSERT INTO PUBLIC.DATABASECHANGELOG (ID, AUTHOR, FILENAME, DATEEXECUTED, ORDEREXECUTED, MD5SUM, DESCRIPTION, COMMENTS, EXECTYPE, CONTEXTS, LABELS, LIQUIBASE, DEPLOYMENT_ID) VALUES ('1511451595465-48', 'R3.Corda', 'migration/vault-schema.changelog-init.xml', NOW(), 9, '8:3695c44ddebef2dde359dec253a5969a', 'addPrimaryKey constraintName=vault_linear_states_pkey, tableName=vault_linear_states', '', 'EXECUTED', NULL, NULL, '3.6.3', '3614861403') {changeSet=migration/vault-schema.changelog-init.xml::1511451595465-48::R3.Corda, databaseChangeLog=master.changelog.json}
?[m?[37m[INFO] 23:47:41,444 [Test worker] jvm.JdbcExecutor. - ALTER TABLE PUBLIC.vault_states ADD CONSTRAINT vault_states_pkey PRIMARY KEY (output_index, transaction_id) {changeSet=migration/vault-schema.changelog-init.xml::1511451595465-49::R3.Corda, databaseChangeLog=master.changelog.json}
?[m?[37m[INFO] 23:47:41,445 [Test worker] changelog.ChangeSet. - Primary key added to vault_states (output_index, transaction_id) {changeSet=migration/vault-schema.changelog-init.xml::1511451595465-49::R3.Corda, databaseChangeLog=master.changelog.json}
?[m?[37m[INFO] 23:47:41,445 [Test worker] changelog.ChangeSet. - ChangeSet migration/vault-schema.changelog-init.xml::1511451595465-49::R3.Corda ran successfully in 1ms {changeSet=migration/vault-schema.changelog-init.xml::1511451595465-49::R3.Corda, databaseChangeLog=master.changelog.json}
?[m?[37m[INFO] 23:47:41,446 [Test worker] jvm.JdbcExecutor. - INSERT INTO PUBLIC.DATABASECHANGELOG (ID, AUTHOR, FILENAME, DATEEXECUTED, ORDEREXECUTED, MD5SUM, DESCRIPTION, COMMENTS, EXECTYPE, CONTEXTS, LABELS, LIQUIBASE, DEPLOYMENT_ID) VALUES ('1511451595465-49', 'R3.Corda', 'migration/vault-schema.changelog-init.xml', NOW(), 10, '8:5d21dc3c09051ea30475250d25178892', 'addPrimaryKey constraintName=vault_states_pkey, tableName=vault_states', '', 'EXECUTED', NULL, NULL, '3.6.3', '3614861403') {changeSet=migration/vault-schema.changelog-init.xml::1511451595465-49::R3.Corda, databaseChangeLog=master.changelog.json}
?[m?[37m[INFO] 23:47:41,447 [Test worker] jvm.JdbcExecutor. - ALTER TABLE PUBLIC.vault_transaction_notes ADD CONSTRAINT vault_transaction_notes_pkey PRIMARY KEY (seq_no) {changeSet=migration/vault-schema.changelog-init.xml::1511451595465-50::R3.Corda, databaseChangeLog=master.changelog.json}
?[m?[37m[INFO] 23:47:41,447 [Test worker] changelog.ChangeSet. - Primary key added to vault_transaction_notes (seq_no) {changeSet=migration/vault-schema.changelog-init.xml::1511451595465-50::R3.Corda, databaseChangeLog=master.changelog.json}
?[m?[37m[INFO] 23:47:41,447 [Test worker] changelog.ChangeSet. - ChangeSet migration/vault-schema.changelog-init.xml::1511451595465-50::R3.Corda ran successfully in 1ms {changeSet=migration/vault-schema.changelog-init.xml::1511451595465-50::R3.Corda, databaseChangeLog=master.changelog.json}
?[m?[37m[INFO] 23:47:41,448 [Test worker] jvm.JdbcExecutor. - INSERT INTO PUBLIC.DATABASECHANGELOG (ID, AUTHOR, FILENAME, DATEEXECUTED, ORDEREXECUTED, MD5SUM, DESCRIPTION, COMMENTS, EXECTYPE, CONTEXTS, LABELS, LIQUIBASE, DEPLOYMENT_ID) VALUES ('1511451595465-50', 'R3.Corda', 'migration/vault-schema.changelog-init.xml', NOW(), 11, '8:2bf545e5d7593a3456708426c3686ebb', 'addPrimaryKey constraintName=vault_transaction_notes_pkey, tableName=vault_transaction_notes', '', 'EXECUTED', NULL, NULL, '3.6.3', '3614861403') {changeSet=migration/vault-schema.changelog-init.xml::1511451595465-50::R3.Corda, databaseChangeLog=master.changelog.json}
?[m?[37m[INFO] 23:47:41,449 [Test worker] jvm.JdbcExecutor. - CREATE INDEX PUBLIC.external_id_index ON PUBLIC.vault_linear_states(external_id) {changeSet=migration/vault-schema.changelog-init.xml::1511451595465-53::R3.Corda, databaseChangeLog=master.changelog.json}
?[m?[37m[INFO] 23:47:41,449 [Test worker] changelog.ChangeSet. - Index external_id_index created {changeSet=migration/vault-schema.changelog-init.xml::1511451595465-53::R3.Corda, databaseChangeLog=master.changelog.json}
?[m?[37m[INFO] 23:47:41,449 [Test worker] changelog.ChangeSet. - ChangeSet migration/vault-schema.changelog-init.xml::1511451595465-53::R3.Corda ran successfully in 1ms {changeSet=migration/vault-schema.changelog-init.xml::1511451595465-53::R3.Corda, databaseChangeLog=master.changelog.json}
?[m?[37m[INFO] 23:47:41,450 [Test worker] jvm.JdbcExecutor. - INSERT INTO PUBLIC.DATABASECHANGELOG (ID, AUTHOR, FILENAME, DATEEXECUTED, ORDEREXECUTED, MD5SUM, DESCRIPTION, COMMENTS, EXECTYPE, CONTEXTS, LABELS, LIQUIBASE, DEPLOYMENT_ID) VALUES ('1511451595465-53', 'R3.Corda', 'migration/vault-schema.changelog-init.xml', NOW(), 12, '8:b1272090dcd2325b0382f829ce13a1ff', 'createIndex indexName=external_id_index, tableName=vault_linear_states', '', 'EXECUTED', NULL, NULL, '3.6.3', '3614861403') {changeSet=migration/vault-schema.changelog-init.xml::1511451595465-53::R3.Corda, databaseChangeLog=master.changelog.json}
?[m?[37m[INFO] 23:47:41,450 [Test worker] jvm.JdbcExecutor. - CREATE INDEX PUBLIC.lock_id_idx ON PUBLIC.vault_states(lock_id, state_status) {changeSet=migration/vault-schema.changelog-init.xml::1511451595465-55::R3.Corda, databaseChangeLog=master.changelog.json}
?[m?[37m[INFO] 23:47:41,450 [Test worker] changelog.ChangeSet. - Index lock_id_idx created {changeSet=migration/vault-schema.changelog-init.xml::1511451595465-55::R3.Corda, databaseChangeLog=master.changelog.json}
?[m?[37m[INFO] 23:47:41,450 [Test worker] changelog.ChangeSet. - ChangeSet migration/vault-schema.changelog-init.xml::1511451595465-55::R3.Corda ran successfully in 0ms {changeSet=migration/vault-schema.changelog-init.xml::1511451595465-55::R3.Corda, databaseChangeLog=master.changelog.json}
?[m?[37m[INFO] 23:47:41,451 [Test worker] jvm.JdbcExecutor. - INSERT INTO PUBLIC.DATABASECHANGELOG (ID, AUTHOR, FILENAME, DATEEXECUTED, ORDEREXECUTED, MD5SUM, DESCRIPTION, COMMENTS, EXECTYPE, CONTEXTS, LABELS, LIQUIBASE, DEPLOYMENT_ID) VALUES ('1511451595465-55', 'R3.Corda', 'migration/vault-schema.changelog-init.xml', NOW(), 13, '8:0b77fbedaccc2eed4b8efd6fddf6581b', 'createIndex indexName=lock_id_idx, tableName=vault_states', '', 'EXECUTED', NULL, NULL, '3.6.3', '3614861403') {changeSet=migration/vault-schema.changelog-init.xml::1511451595465-55::R3.Corda, databaseChangeLog=master.changelog.json}
?[m?[37m[INFO] 23:47:41,452 [Test worker] jvm.JdbcExecutor. - CREATE INDEX PUBLIC.state_status_idx ON PUBLIC.vault_states(state_status) {changeSet=migration/vault-schema.changelog-init.xml::1511451595465-58::R3.Corda, databaseChangeLog=master.changelog.json}
?[m?[37m[INFO] 23:47:41,452 [Test worker] changelog.ChangeSet. - Index state_status_idx created {changeSet=migration/vault-schema.changelog-init.xml::1511451595465-58::R3.Corda, databaseChangeLog=master.changelog.json}
?[m?[37m[INFO] 23:47:41,452 [Test worker] changelog.ChangeSet. - ChangeSet migration/vault-schema.changelog-init.xml::1511451595465-58::R3.Corda ran successfully in 0ms {changeSet=migration/vault-schema.changelog-init.xml::1511451595465-58::R3.Corda, databaseChangeLog=master.changelog.json}
?[m?[37m[INFO] 23:47:41,453 [Test worker] jvm.JdbcExecutor. - INSERT INTO PUBLIC.DATABASECHANGELOG (ID, AUTHOR, FILENAME, DATEEXECUTED, ORDEREXECUTED, MD5SUM, DESCRIPTION, COMMENTS, EXECTYPE, CONTEXTS, LABELS, LIQUIBASE, DEPLOYMENT_ID) VALUES ('1511451595465-58', 'R3.Corda', 'migration/vault-schema.changelog-init.xml', NOW(), 14, '8:7a1bbb20835907728df143e4cc1bfc04', 'createIndex indexName=state_status_idx, tableName=vault_states', '', 'EXECUTED', NULL, NULL, '3.6.3', '3614861403') {changeSet=migration/vault-schema.changelog-init.xml::1511451595465-58::R3.Corda, databaseChangeLog=master.changelog.json}
?[m?[37m[INFO] 23:47:41,453 [Test worker] jvm.JdbcExecutor. - CREATE INDEX PUBLIC.transaction_id_index ON PUBLIC.vault_transaction_notes(transaction_id) {changeSet=migration/vault-schema.changelog-init.xml::1511451595465-59::R3.Corda, databaseChangeLog=master.changelog.json}
?[m?[37m[INFO] 23:47:41,454 [Test worker] changelog.ChangeSet. - Index transaction_id_index created {changeSet=migration/vault-schema.changelog-init.xml::1511451595465-59::R3.Corda, databaseChangeLog=master.changelog.json}
?[m?[37m[INFO] 23:47:41,454 [Test worker] changelog.ChangeSet. - ChangeSet migration/vault-schema.changelog-init.xml::1511451595465-59::R3.Corda ran successfully in 1ms {changeSet=migration/vault-schema.changelog-init.xml::1511451595465-59::R3.Corda, databaseChangeLog=master.changelog.json}
?[m?[37m[INFO] 23:47:41,455 [Test worker] jvm.JdbcExecutor. - INSERT INTO PUBLIC.DATABASECHANGELOG (ID, AUTHOR, FILENAME, DATEEXECUTED, ORDEREXECUTED, MD5SUM, DESCRIPTION, COMMENTS, EXECTYPE, CONTEXTS, LABELS, LIQUIBASE, DEPLOYMENT_ID) VALUES ('1511451595465-59', 'R3.Corda', 'migration/vault-schema.changelog-init.xml', NOW(), 15, '8:2bfe64cedfc8120dc219d42dc19d49f6', 'createIndex indexName=transaction_id_index, tableName=vault_transaction_notes', '', 'EXECUTED', NULL, NULL, '3.6.3', '3614861403') {changeSet=migration/vault-schema.changelog-init.xml::1511451595465-59::R3.Corda, databaseChangeLog=master.changelog.json}
?[m?[37m[INFO] 23:47:41,456 [Test worker] jvm.JdbcExecutor. - CREATE INDEX PUBLIC.uuid_index ON PUBLIC.vault_linear_states(uuid) {changeSet=migration/vault-schema.changelog-init.xml::1511451595465-60::R3.Corda, databaseChangeLog=master.changelog.json}
?[m?[37m[INFO] 23:47:41,456 [Test worker] changelog.ChangeSet. - Index uuid_index created {changeSet=migration/vault-schema.changelog-init.xml::1511451595465-60::R3.Corda, databaseChangeLog=master.changelog.json}
?[m?[37m[INFO] 23:47:41,456 [Test worker] changelog.ChangeSet. - ChangeSet migration/vault-schema.changelog-init.xml::1511451595465-60::R3.Corda ran successfully in 1ms {changeSet=migration/vault-schema.changelog-init.xml::1511451595465-60::R3.Corda, databaseChangeLog=master.changelog.json}
?[m?[37m[INFO] 23:47:41,457 [Test worker] jvm.JdbcExecutor. - INSERT INTO PUBLIC.DATABASECHANGELOG (ID, AUTHOR, FILENAME, DATEEXECUTED, ORDEREXECUTED, MD5SUM, DESCRIPTION, COMMENTS, EXECTYPE, CONTEXTS, LABELS, LIQUIBASE, DEPLOYMENT_ID) VALUES ('1511451595465-60', 'R3.Corda', 'migration/vault-schema.changelog-init.xml', NOW(), 16, '8:4cffb289ce33d922274cc829175a2a55', 'createIndex indexName=uuid_index, tableName=vault_linear_states', '', 'EXECUTED', NULL, NULL, '3.6.3', '3614861403') {changeSet=migration/vault-schema.changelog-init.xml::1511451595465-60::R3.Corda, databaseChangeLog=master.changelog.json}
?[m?[37m[INFO] 23:47:41,458 [Test worker] jvm.JdbcExecutor. - ALTER TABLE PUBLIC.vault_fungible_states_parts ADD CONSTRAINT FK__fung_st_parts__fung_st FOREIGN KEY (output_index, transaction_id) REFERENCES PUBLIC.vault_fungible_states (output_index, transaction_id) {changeSet=migration/vault-schema.changelog-init.xml::1511451595465-64::R3.Corda, databaseChangeLog=master.changelog.json}
?[m?[37m[INFO] 23:47:41,460 [Test worker] changelog.ChangeSet. - Foreign key constraint added to vault_fungible_states_parts (output_index,transaction_id) {changeSet=migration/vault-schema.changelog-init.xml::1511451595465-64::R3.Corda, databaseChangeLog=master.changelog.json}
?[m?[37m[INFO] 23:47:41,460 [Test worker] changelog.ChangeSet. - ChangeSet migration/vault-schema.changelog-init.xml::1511451595465-64::R3.Corda ran successfully in 3ms {changeSet=migration/vault-schema.changelog-init.xml::1511451595465-64::R3.Corda, databaseChangeLog=master.changelog.json}
?[m?[37m[INFO] 23:47:41,461 [Test worker] jvm.JdbcExecutor. - INSERT INTO PUBLIC.DATABASECHANGELOG (ID, AUTHOR, FILENAME, DATEEXECUTED, ORDEREXECUTED, MD5SUM, DESCRIPTION, COMMENTS, EXECTYPE, CONTEXTS, LABELS, LIQUIBASE, DEPLOYMENT_ID) VALUES ('1511451595465-64', 'R3.Corda', 'migration/vault-schema.changelog-init.xml', NOW(), 17, '8:1bde72346badbbe52e74b189ce1d079c', 'addForeignKeyConstraint baseTableName=vault_fungible_states_parts, constraintName=FK__fung_st_parts__fung_st, referencedTableName=vault_fungible_states', '', 'EXECUTED', NULL, NULL, '3.6.3', '3614861403') {changeSet=migration/vault-schema.changelog-init.xml::1511451595465-64::R3.Corda, databaseChangeLog=master.changelog.json}
?[m?[37m[INFO] 23:47:41,462 [Test worker] jvm.JdbcExecutor. - ALTER TABLE PUBLIC.vault_linear_states_parts ADD CONSTRAINT FK__lin_stat_parts__lin_stat FOREIGN KEY (output_index, transaction_id) REFERENCES PUBLIC.vault_linear_states (output_index, transaction_id) {changeSet=migration/vault-schema.changelog-init.xml::1511451595465-65::R3.Corda, databaseChangeLog=master.changelog.json}
?[m?[37m[INFO] 23:47:41,462 [Test worker] changelog.ChangeSet. - Foreign key constraint added to vault_linear_states_parts (output_index,transaction_id) {changeSet=migration/vault-schema.changelog-init.xml::1511451595465-65::R3.Corda, databaseChangeLog=master.changelog.json}
?[m?[37m[INFO] 23:47:41,462 [Test worker] changelog.ChangeSet. - ChangeSet migration/vault-schema.changelog-init.xml::1511451595465-65::R3.Corda ran successfully in 1ms {changeSet=migration/vault-schema.changelog-init.xml::1511451595465-65::R3.Corda, databaseChangeLog=master.changelog.json}
?[m?[37m[INFO] 23:47:41,463 [Test worker] jvm.JdbcExecutor. - INSERT INTO PUBLIC.DATABASECHANGELOG (ID, AUTHOR, FILENAME, DATEEXECUTED, ORDEREXECUTED, MD5SUM, DESCRIPTION, COMMENTS, EXECTYPE, CONTEXTS, LABELS, LIQUIBASE, DEPLOYMENT_ID) VALUES ('1511451595465-65', 'R3.Corda', 'migration/vault-schema.changelog-init.xml', NOW(), 18, '8:9a5d0106c45f631cb60a3e2f9542d2c2', 'addForeignKeyConstraint baseTableName=vault_linear_states_parts, constraintName=FK__lin_stat_parts__lin_stat, referencedTableName=vault_linear_states', '', 'EXECUTED', NULL, NULL, '3.6.3', '3614861403') {changeSet=migration/vault-schema.changelog-init.xml::1511451595465-65::R3.Corda, databaseChangeLog=master.changelog.json}
?[m?[37m[INFO] 23:47:41,464 [Test worker] jvm.JdbcExecutor. - DELETE FROM PUBLIC.vault_fungible_states_parts {changeSet=migration/vault-schema.changelog-v3.xml::clean_vault::R3.Corda, databaseChangeLog=master.changelog.json}
?[m?[37m[INFO] 23:47:41,464 [Test worker] changelog.ChangeSet. - Data deleted from vault_fungible_states_parts {changeSet=migration/vault-schema.changelog-v3.xml::clean_vault::R3.Corda, databaseChangeLog=master.changelog.json}
?[m?[37m[INFO] 23:47:41,464 [Test worker] jvm.JdbcExecutor. - DELETE FROM PUBLIC.vault_fungible_states {changeSet=migration/vault-schema.changelog-v3.xml::clean_vault::R3.Corda, databaseChangeLog=master.changelog.json}
?[m?[37m[INFO] 23:47:41,464 [Test worker] changelog.ChangeSet. - Data deleted from vault_fungible_states {changeSet=migration/vault-schema.changelog-v3.xml::clean_vault::R3.Corda, databaseChangeLog=master.changelog.json}
?[m?[37m[INFO] 23:47:41,464 [Test worker] jvm.JdbcExecutor. - DELETE FROM PUBLIC.vault_linear_states_parts {changeSet=migration/vault-schema.changelog-v3.xml::clean_vault::R3.Corda, databaseChangeLog=master.changelog.json}
?[m?[37m[INFO] 23:47:41,465 [Test worker] changelog.ChangeSet. - Data deleted from vault_linear_states_parts {changeSet=migration/vault-schema.changelog-v3.xml::clean_vault::R3.Corda, databaseChangeLog=master.changelog.json}
?[m?[37m[INFO] 23:47:41,465 [Test worker] jvm.JdbcExecutor. - DELETE FROM PUBLIC.vault_linear_states {changeSet=migration/vault-schema.changelog-v3.xml::clean_vault::R3.Corda, databaseChangeLog=master.changelog.json}
?[m?[37m[INFO] 23:47:41,465 [Test worker] changelog.ChangeSet. - Data deleted from vault_linear_states {changeSet=migration/vault-schema.changelog-v3.xml::clean_vault::R3.Corda, databaseChangeLog=master.changelog.json}
?[m?[37m[INFO] 23:47:41,465 [Test worker] jvm.JdbcExecutor. - DELETE FROM PUBLIC.vault_states {changeSet=migration/vault-schema.changelog-v3.xml::clean_vault::R3.Corda, databaseChangeLog=master.changelog.json}
?[m?[37m[INFO] 23:47:41,465 [Test worker] changelog.ChangeSet. - Data deleted from vault_states {changeSet=migration/vault-schema.changelog-v3.xml::clean_vault::R3.Corda, databaseChangeLog=master.changelog.json}
?[m?[37m[INFO] 23:47:41,465 [Test worker] jvm.JdbcExecutor. - DELETE FROM PUBLIC.vault_transaction_notes {changeSet=migration/vault-schema.changelog-v3.xml::clean_vault::R3.Corda, databaseChangeLog=master.changelog.json}
?[m?[37m[INFO] 23:47:41,465 [Test worker] changelog.ChangeSet. - Data deleted from vault_transaction_notes {changeSet=migration/vault-schema.changelog-v3.xml::clean_vault::R3.Corda, databaseChangeLog=master.changelog.json}
?[m?[37m[INFO] 23:47:41,465 [Test worker] changelog.ChangeSet. - ChangeSet migration/vault-schema.changelog-v3.xml::clean_vault::R3.Corda ran successfully in 1ms {changeSet=migration/vault-schema.changelog-v3.xml::clean_vault::R3.Corda, databaseChangeLog=master.changelog.json}
?[m?[37m[INFO] 23:47:41,466 [Test worker] jvm.JdbcExecutor. - INSERT INTO PUBLIC.DATABASECHANGELOG (ID, AUTHOR, FILENAME, DATEEXECUTED, ORDEREXECUTED, MD5SUM, DESCRIPTION, COMMENTS, EXECTYPE, CONTEXTS, LABELS, LIQUIBASE, DEPLOYMENT_ID) VALUES ('clean_vault', 'R3.Corda', 'migration/vault-schema.changelog-v3.xml', NOW(), 19, '8:0701d37bf9b322ada2323cea6db9393c', 'delete tableName=vault_fungible_states_parts; delete tableName=vault_fungible_states; delete tableName=vault_linear_states_parts; delete tableName=vault_linear_states; delete tableName=vault_states; delete tableName=vault_transaction_notes', '', 'EXECUTED', NULL, NULL, '3.6.3', '3614861403') {changeSet=migration/vault-schema.changelog-v3.xml::clean_vault::R3.Corda, databaseChangeLog=master.changelog.json}
?[m?[37m[INFO] 23:47:41,467 [Test worker] jvm.JdbcExecutor. - ALTER TABLE PUBLIC.vault_fungible_states ALTER COLUMN quantity SET NOT NULL {changeSet=migration/vault-schema.changelog-v4.xml::nullability::R3.Corda, databaseChangeLog=master.changelog.json}
?[m?[37m[INFO] 23:47:41,467 [Test worker] changelog.ChangeSet. - NOT NULL constraint has been added to vault_fungible_states.quantity {changeSet=migration/vault-schema.changelog-v4.xml::nullability::R3.Corda, databaseChangeLog=master.changelog.json}
?[m?[37m[INFO] 23:47:41,479 [Test worker] jvm.JdbcExecutor. - ALTER TABLE PUBLIC.vault_states ALTER COLUMN contract_state_class_name SET NOT NULL {changeSet=migration/vault-schema.changelog-v4.xml::nullability::R3.Corda, databaseChangeLog=master.changelog.json}
?[m?[37m[INFO] 23:47:41,479 [Test worker] changelog.ChangeSet. - NOT NULL constraint has been added to vault_states.contract_state_class_name {changeSet=migration/vault-schema.changelog-v4.xml::nullability::R3.Corda, databaseChangeLog=master.changelog.json}
?[m?[37m[INFO] 23:47:41,480 [Test worker] jvm.JdbcExecutor. - ALTER TABLE PUBLIC.vault_states ALTER COLUMN notary_name SET NOT NULL {changeSet=migration/vault-schema.changelog-v4.xml::nullability::R3.Corda, databaseChangeLog=master.changelog.json}
?[m?[37m[INFO] 23:47:41,480 [Test worker] changelog.ChangeSet. - NOT NULL constraint has been added to vault_states.notary_name {changeSet=migration/vault-schema.changelog-v4.xml::nullability::R3.Corda, databaseChangeLog=master.changelog.json}
?[m?[37m[INFO] 23:47:41,480 [Test worker] jvm.JdbcExecutor. - ALTER TABLE PUBLIC.vault_states ALTER COLUMN recorded_timestamp SET NOT NULL {changeSet=migration/vault-schema.changelog-v4.xml::nullability::R3.Corda, databaseChangeLog=master.changelog.json}
?[m?[37m[INFO] 23:47:41,480 [Test worker] changelog.ChangeSet. - NOT NULL constraint has been added to vault_states.recorded_timestamp {changeSet=migration/vault-schema.changelog-v4.xml::nullability::R3.Corda, databaseChangeLog=master.changelog.json}
?[m?[37m[INFO] 23:47:41,480 [Test worker] jvm.JdbcExecutor. - DROP INDEX PUBLIC.state_status_idx {changeSet=migration/vault-schema.changelog-v4.xml::nullability::R3.Corda, databaseChangeLog=master.changelog.json}
?[m?[37m[INFO] 23:47:41,480 [Test worker] changelog.ChangeSet. - Index state_status_idx dropped from table vault_states {changeSet=migration/vault-schema.changelog-v4.xml::nullability::R3.Corda, databaseChangeLog=master.changelog.json}
?[m?[37m[INFO] 23:47:41,481 [Test worker] jvm.JdbcExecutor. - DROP INDEX PUBLIC.lock_id_idx {changeSet=migration/vault-schema.changelog-v4.xml::nullability::R3.Corda, databaseChangeLog=master.changelog.json}
?[m?[37m[INFO] 23:47:41,481 [Test worker] changelog.ChangeSet. - Index lock_id_idx dropped from table vault_states {changeSet=migration/vault-schema.changelog-v4.xml::nullability::R3.Corda, databaseChangeLog=master.changelog.json}
?[m?[37m[INFO] 23:47:41,481 [Test worker] jvm.JdbcExecutor. - ALTER TABLE PUBLIC.vault_states ALTER COLUMN state_status SET NOT NULL {changeSet=migration/vault-schema.changelog-v4.xml::nullability::R3.Corda, databaseChangeLog=master.changelog.json}
?[m?[37m[INFO] 23:47:41,481 [Test worker] changelog.ChangeSet. - NOT NULL constraint has been added to vault_states.state_status {changeSet=migration/vault-schema.changelog-v4.xml::nullability::R3.Corda, databaseChangeLog=master.changelog.json}
?[m?[37m[INFO] 23:47:41,481 [Test worker] jvm.JdbcExecutor. - CREATE INDEX PUBLIC.state_status_idx ON PUBLIC.vault_states(state_status) {changeSet=migration/vault-schema.changelog-v4.xml::nullability::R3.Corda, databaseChangeLog=master.changelog.json}
?[m?[37m[INFO] 23:47:41,481 [Test worker] changelog.ChangeSet. - Index state_status_idx created {changeSet=migration/vault-schema.changelog-v4.xml::nullability::R3.Corda, databaseChangeLog=master.changelog.json}
?[m?[37m[INFO] 23:47:41,482 [Test worker] jvm.JdbcExecutor. - CREATE INDEX PUBLIC.lock_id_idx ON PUBLIC.vault_states(lock_id, state_status) {changeSet=migration/vault-schema.changelog-v4.xml::nullability::R3.Corda, databaseChangeLog=master.changelog.json}
?[m?[37m[INFO] 23:47:41,482 [Test worker] changelog.ChangeSet. - Index lock_id_idx created {changeSet=migration/vault-schema.changelog-v4.xml::nullability::R3.Corda, databaseChangeLog=master.changelog.json}
?[m?[37m[INFO] 23:47:41,482 [Test worker] jvm.JdbcExecutor. - DROP INDEX PUBLIC.transaction_id_index {changeSet=migration/vault-schema.changelog-v4.xml::nullability::R3.Corda, databaseChangeLog=master.changelog.json}
?[m?[37m[INFO] 23:47:41,482 [Test worker] changelog.ChangeSet. - Index transaction_id_index dropped from table vault_transaction_notes {changeSet=migration/vault-schema.changelog-v4.xml::nullability::R3.Corda, databaseChangeLog=master.changelog.json}
?[m?[37m[INFO] 23:47:41,482 [Test worker] jvm.JdbcExecutor. - ALTER TABLE PUBLIC.vault_transaction_notes ALTER COLUMN note SET NOT NULL {changeSet=migration/vault-schema.changelog-v4.xml::nullability::R3.Corda, databaseChangeLog=master.changelog.json}
?[m?[37m[INFO] 23:47:41,483 [Test worker] changelog.ChangeSet. - NOT NULL constraint has been added to vault_transaction_notes.note {changeSet=migration/vault-schema.changelog-v4.xml::nullability::R3.Corda, databaseChangeLog=master.changelog.json}
?[m?[37m[INFO] 23:47:41,483 [Test worker] jvm.JdbcExecutor. - ALTER TABLE PUBLIC.vault_transaction_notes ALTER COLUMN transaction_id SET NOT NULL {changeSet=migration/vault-schema.changelog-v4.xml::nullability::R3.Corda, databaseChangeLog=master.changelog.json}
?[m?[37m[INFO] 23:47:41,483 [Test worker] changelog.ChangeSet. - NOT NULL constraint has been added to vault_transaction_notes.transaction_id {changeSet=migration/vault-schema.changelog-v4.xml::nullability::R3.Corda, databaseChangeLog=master.changelog.json}
?[m?[37m[INFO] 23:47:41,483 [Test worker] jvm.JdbcExecutor. - CREATE INDEX PUBLIC.transaction_id_index ON PUBLIC.vault_transaction_notes(transaction_id) {changeSet=migration/vault-schema.changelog-v4.xml::nullability::R3.Corda, databaseChangeLog=master.changelog.json}
?[m?[37m[INFO] 23:47:41,484 [Test worker] changelog.ChangeSet. - Index transaction_id_index created {changeSet=migration/vault-schema.changelog-v4.xml::nullability::R3.Corda, databaseChangeLog=master.changelog.json}
?[m?[37m[INFO] 23:47:41,484 [Test worker] changelog.ChangeSet. - ChangeSet migration/vault-schema.changelog-v4.xml::nullability::R3.Corda ran successfully in 18ms {changeSet=migration/vault-schema.changelog-v4.xml::nullability::R3.Corda, databaseChangeLog=master.changelog.json}
?[m?[37m[INFO] 23:47:41,485 [Test worker] jvm.JdbcExecutor. - INSERT INTO PUBLIC.DATABASECHANGELOG (ID, AUTHOR, FILENAME, DATEEXECUTED, ORDEREXECUTED, MD5SUM, DESCRIPTION, COMMENTS, EXECTYPE, CONTEXTS, LABELS, LIQUIBASE, DEPLOYMENT_ID) VALUES ('nullability', 'R3.Corda', 'migration/vault-schema.changelog-v4.xml', NOW(), 20, '8:853fd1e24b974ff22712322ebb2860bf', 'addNotNullConstraint columnName=quantity, tableName=vault_fungible_states; addNotNullConstraint columnName=contract_state_class_name, tableName=vault_states; addNotNullConstraint columnName=notary_name, tableName=vault_states; addNotNullConstraint...', '', 'EXECUTED', NULL, NULL, '3.6.3', '3614861403') {changeSet=migration/vault-schema.changelog-v4.xml::nullability::R3.Corda, databaseChangeLog=master.changelog.json}
?[m?[37m[INFO] 23:47:41,486 [Test worker] jvm.JdbcExecutor. - INSERT INTO PUBLIC.DATABASECHANGELOG (ID, AUTHOR, FILENAME, DATEEXECUTED, ORDEREXECUTED, MD5SUM, DESCRIPTION, COMMENTS, EXECTYPE, CONTEXTS, LABELS, LIQUIBASE, DEPLOYMENT_ID) VALUES ('non-clustered_pk-11', 'R3.Corda', 'migration/vault-schema.changelog-pkey.xml', NOW(), 21, '8:7fca5375330f0b3b62de65b84274dd6e', 'dropForeignKeyConstraint baseTableName=vault_fungible_states_parts, constraintName=FK__fung_st_parts__fung_st; dropPrimaryKey constraintName=vault_fungible_states_pkey, tableName=vault_fungible_states; addPrimaryKey constraintName=vault_fungible_s...', '', 'MARK_RAN', NULL, NULL, '3.6.3', '3614861403') {changeSet=migration/vault-schema.changelog-pkey.xml::non-clustered_pk-11::R3.Corda, databaseChangeLog=master.changelog.json}
?[m?[37m[INFO] 23:47:41,488 [Test worker] jvm.JdbcExecutor. - INSERT INTO PUBLIC.DATABASECHANGELOG (ID, AUTHOR, FILENAME, DATEEXECUTED, ORDEREXECUTED, MD5SUM, DESCRIPTION, COMMENTS, EXECTYPE, CONTEXTS, LABELS, LIQUIBASE, DEPLOYMENT_ID) VALUES ('non-clustered_pk-12', 'R3.Corda', 'migration/vault-schema.changelog-pkey.xml', NOW(), 22, '8:8469058af292b08d108fcf1b3eb8fca4', 'dropForeignKeyConstraint baseTableName=vault_linear_states_parts, constraintName=FK__lin_stat_parts__lin_stat; dropPrimaryKey constraintName=vault_linear_states_pkey, tableName=vault_linear_states; addPrimaryKey constraintName=vault_linear_states_...', '', 'MARK_RAN', NULL, NULL, '3.6.3', '3614861403') {changeSet=migration/vault-schema.changelog-pkey.xml::non-clustered_pk-12::R3.Corda, databaseChangeLog=master.changelog.json}
?[m?[37m[INFO] 23:47:41,489 [Test worker] jvm.JdbcExecutor. - INSERT INTO PUBLIC.DATABASECHANGELOG (ID, AUTHOR, FILENAME, DATEEXECUTED, ORDEREXECUTED, MD5SUM, DESCRIPTION, COMMENTS, EXECTYPE, CONTEXTS, LABELS, LIQUIBASE, DEPLOYMENT_ID) VALUES ('non-clustered_pk-13', 'R3.Corda', 'migration/vault-schema.changelog-pkey.xml', NOW(), 23, '8:e0ccce8941c28a45870d60f5bf54cd50', 'dropPrimaryKey constraintName=vault_states_pkey, tableName=vault_states; addPrimaryKey constraintName=vault_states_pkey, tableName=vault_states', '', 'MARK_RAN', NULL, NULL, '3.6.3', '3614861403') {changeSet=migration/vault-schema.changelog-pkey.xml::non-clustered_pk-13::R3.Corda, databaseChangeLog=master.changelog.json}
?[m?[37m[INFO] 23:47:41,490 [Test worker] jvm.JdbcExecutor. - ALTER TABLE PUBLIC.vault_states ADD relevancy_status INT {changeSet=migration/vault-schema.changelog-v5.xml::add_relevancy_status_column::R3.Corda, databaseChangeLog=master.changelog.json}
?[m?[37m[INFO] 23:47:41,493 [Test worker] changelog.ChangeSet. - Columns relevancy_status(INT) added to vault_states {changeSet=migration/vault-schema.changelog-v5.xml::add_relevancy_status_column::R3.Corda, databaseChangeLog=master.changelog.json}
?[m?[37m[INFO] 23:47:41,493 [Test worker] jvm.JdbcExecutor. - UPDATE PUBLIC.vault_states SET relevancy_status = 0 {changeSet=migration/vault-schema.changelog-v5.xml::add_relevancy_status_column::R3.Corda, databaseChangeLog=master.changelog.json}
?[m?[37m[INFO] 23:47:41,493 [Test worker] changelog.ChangeSet. - Data updated in vault_states {changeSet=migration/vault-schema.changelog-v5.xml::add_relevancy_status_column::R3.Corda, databaseChangeLog=master.changelog.json}
?[m?[37m[INFO] 23:47:41,493 [Test worker] jvm.JdbcExecutor. - ALTER TABLE PUBLIC.vault_states ALTER COLUMN relevancy_status SET NOT NULL {changeSet=migration/vault-schema.changelog-v5.xml::add_relevancy_status_column::R3.Corda, databaseChangeLog=master.changelog.json}
?[m?[37m[INFO] 23:47:41,493 [Test worker] changelog.ChangeSet. - NOT NULL constraint has been added to vault_states.relevancy_status {changeSet=migration/vault-schema.changelog-v5.xml::add_relevancy_status_column::R3.Corda, databaseChangeLog=master.changelog.json}
?[m?[37m[INFO] 23:47:41,493 [Test worker] changelog.ChangeSet. - ChangeSet migration/vault-schema.changelog-v5.xml::add_relevancy_status_column::R3.Corda ran successfully in 4ms {changeSet=migration/vault-schema.changelog-v5.xml::add_relevancy_status_column::R3.Corda, databaseChangeLog=master.changelog.json}
?[m?[37m[INFO] 23:47:41,495 [Test worker] jvm.JdbcExecutor. - INSERT INTO PUBLIC.DATABASECHANGELOG (ID, AUTHOR, FILENAME, DATEEXECUTED, ORDEREXECUTED, MD5SUM, DESCRIPTION, COMMENTS, EXECTYPE, CONTEXTS, LABELS, LIQUIBASE, DEPLOYMENT_ID) VALUES ('add_relevancy_status_column', 'R3.Corda', 'migration/vault-schema.changelog-v5.xml', NOW(), 24, '8:93c5dcaf00387d4d643def4355a54b56', 'addColumn tableName=vault_states; update tableName=vault_states; addNotNullConstraint columnName=relevancy_status, tableName=vault_states', '', 'EXECUTED', NULL, NULL, '3.6.3', '3614861403') {changeSet=migration/vault-schema.changelog-v5.xml::add_relevancy_status_column::R3.Corda, databaseChangeLog=master.changelog.json}
?[m?[37m[INFO] 23:47:41,495 [Test worker] jvm.JdbcExecutor. - ALTER TABLE PUBLIC.vault_states ADD constraint_type INT DEFAULT '0' NOT NULL {changeSet=migration/vault-schema.changelog-v6.xml::add_is_constraint_information_columns::R3.Corda, databaseChangeLog=master.changelog.json}
?[m?[37m[INFO] 23:47:41,498 [Test worker] changelog.ChangeSet. - Columns constraint_type(INT) added to vault_states {changeSet=migration/vault-schema.changelog-v6.xml::add_is_constraint_information_columns::R3.Corda, databaseChangeLog=master.changelog.json}
?[m?[37m[INFO] 23:47:41,498 [Test worker] jvm.JdbcExecutor. - ALTER TABLE PUBLIC.vault_states ADD constraint_data VARBINARY(563) {changeSet=migration/vault-schema.changelog-v6.xml::add_is_constraint_information_columns::R3.Corda, databaseChangeLog=master.changelog.json}
?[m?[37m[INFO] 23:47:41,500 [Test worker] changelog.ChangeSet. - Columns constraint_data(varbinary(563)) added to vault_states {changeSet=migration/vault-schema.changelog-v6.xml::add_is_constraint_information_columns::R3.Corda, databaseChangeLog=master.changelog.json}
?[m?[37m[INFO] 23:47:41,500 [Test worker] changelog.ChangeSet. - ChangeSet migration/vault-schema.changelog-v6.xml::add_is_constraint_information_columns::R3.Corda ran successfully in 5ms {changeSet=migration/vault-schema.changelog-v6.xml::add_is_constraint_information_columns::R3.Corda, databaseChangeLog=master.changelog.json}
?[m?[37m[INFO] 23:47:41,500 [Test worker] jvm.JdbcExecutor. - INSERT INTO PUBLIC.DATABASECHANGELOG (ID, AUTHOR, FILENAME, DATEEXECUTED, ORDEREXECUTED, MD5SUM, DESCRIPTION, COMMENTS, EXECTYPE, CONTEXTS, LABELS, LIQUIBASE, DEPLOYMENT_ID) VALUES ('add_is_constraint_information_columns', 'R3.Corda', 'migration/vault-schema.changelog-v6.xml', NOW(), 25, '8:acf60bd84f648e157d402de8f8e22f3a', 'addColumn tableName=vault_states; addColumn tableName=vault_states', '', 'EXECUTED', NULL, NULL, '3.6.3', '3614861403') {changeSet=migration/vault-schema.changelog-v6.xml::add_is_constraint_information_columns::R3.Corda, databaseChangeLog=master.changelog.json}
?[m?[37m[INFO] 23:47:41,501 [Test worker] jvm.JdbcExecutor. - ALTER TABLE PUBLIC.vault_fungible_states ALTER COLUMN issuer_ref SET NULL {changeSet=migration/vault-schema.changelog-v7.xml::make_issuer_ref_nullable::R3.Corda, databaseChangeLog=master.changelog.json}
?[m?[37m[INFO] 23:47:41,501 [Test worker] changelog.ChangeSet. - Null constraint dropped from vault_fungible_states.issuer_ref {changeSet=migration/vault-schema.changelog-v7.xml::make_issuer_ref_nullable::R3.Corda, databaseChangeLog=master.changelog.json}
?[m?[37m[INFO] 23:47:41,501 [Test worker] changelog.ChangeSet. - ChangeSet migration/vault-schema.changelog-v7.xml::make_issuer_ref_nullable::R3.Corda ran successfully in 0ms {changeSet=migration/vault-schema.changelog-v7.xml::make_issuer_ref_nullable::R3.Corda, databaseChangeLog=master.changelog.json}
?[m?[37m[INFO] 23:47:41,502 [Test worker] jvm.JdbcExecutor. - INSERT INTO PUBLIC.DATABASECHANGELOG (ID, AUTHOR, FILENAME, DATEEXECUTED, ORDEREXECUTED, MD5SUM, DESCRIPTION, COMMENTS, EXECTYPE, CONTEXTS, LABELS, LIQUIBASE, DEPLOYMENT_ID) VALUES ('make_issuer_ref_nullable', 'R3.Corda', 'migration/vault-schema.changelog-v7.xml', NOW(), 26, '8:58039722b4808e90a7711d3c82e5fc95', 'dropNotNullConstraint columnName=issuer_ref, tableName=vault_fungible_states', '', 'EXECUTED', NULL, NULL, '3.6.3', '3614861403') {changeSet=migration/vault-schema.changelog-v7.xml::make_issuer_ref_nullable::R3.Corda, databaseChangeLog=master.changelog.json}
?[m?[37m[INFO] 23:47:41,503 [Test worker] jvm.JdbcExecutor. - CREATE TABLE PUBLIC.state_party (output_index INT, transaction_id NVARCHAR(64), public_key_hash NVARCHAR(255) NOT NULL, x500_name NVARCHAR(255)) {changeSet=migration/vault-schema.changelog-v8.xml::create-external-id-to-state-party-view::R3.Corda, databaseChangeLog=master.changelog.json}
?[m?[37m[INFO] 23:47:41,503 [Test worker] changelog.ChangeSet. - Table state_party created {changeSet=migration/vault-schema.changelog-v8.xml::create-external-id-to-state-party-view::R3.Corda, databaseChangeLog=master.changelog.json}
?[m?[37m[INFO] 23:47:41,504 [Test worker] jvm.JdbcExecutor. - CREATE INDEX PUBLIC.state_pk_hash_idx ON PUBLIC.state_party(public_key_hash) {changeSet=migration/vault-schema.changelog-v8.xml::create-external-id-to-state-party-view::R3.Corda, databaseChangeLog=master.changelog.json}
?[m?[37m[INFO] 23:47:41,504 [Test worker] changelog.ChangeSet. - Index state_pk_hash_idx created {changeSet=migration/vault-schema.changelog-v8.xml::create-external-id-to-state-party-view::R3.Corda, databaseChangeLog=master.changelog.json}
?[m?[37m[INFO] 23:47:41,504 [Test worker] jvm.JdbcExecutor. - CREATE TABLE PUBLIC.pk_hash_to_ext_id_map (id BIGINT NOT NULL, external_id VARCHAR(255) NOT NULL, public_key_hash NVARCHAR(255) NOT NULL) {changeSet=migration/vault-schema.changelog-v8.xml::create-external-id-to-state-party-view::R3.Corda, databaseChangeLog=master.changelog.json}
?[m?[37m[INFO] 23:47:41,505 [Test worker] changelog.ChangeSet. - Table pk_hash_to_ext_id_map created {changeSet=migration/vault-schema.changelog-v8.xml::create-external-id-to-state-party-view::R3.Corda, databaseChangeLog=master.changelog.json}
?[m?[37m[INFO] 23:47:41,505 [Test worker] jvm.JdbcExecutor. - CREATE INDEX PUBLIC.pk_hash_to_xid_idx ON PUBLIC.pk_hash_to_ext_id_map(public_key_hash) {changeSet=migration/vault-schema.changelog-v8.xml::create-external-id-to-state-party-view::R3.Corda, databaseChangeLog=master.changelog.json}
?[m?[37m[INFO] 23:47:41,505 [Test worker] changelog.ChangeSet. - Index pk_hash_to_xid_idx created {changeSet=migration/vault-schema.changelog-v8.xml::create-external-id-to-state-party-view::R3.Corda, databaseChangeLog=master.changelog.json}
?[m?[37m[INFO] 23:47:41,507 [Test worker] jvm.JdbcExecutor. - CREATE VIEW PUBLIC.v_pkey_hash_ex_id_map AS select
                state_party.public_key_hash,
                state_party.transaction_id,
                state_party.output_index,
                pk_hash_to_ext_id_map.external_id
            from state_party
            join pk_hash_to_ext_id_map
            on state_party.public_key_hash = pk_hash_to_ext_id_map.public_key_hash {changeSet=migration/vault-schema.changelog-v8.xml::create-external-id-to-state-party-view::R3.Corda, databaseChangeLog=master.changelog.json}
?[m?[37m[INFO] 23:47:41,508 [Test worker] changelog.ChangeSet. - View v_pkey_hash_ex_id_map created {changeSet=migration/vault-schema.changelog-v8.xml::create-external-id-to-state-party-view::R3.Corda, databaseChangeLog=master.changelog.json}
?[m?[37m[INFO] 23:47:41,508 [Test worker] changelog.ChangeSet. - ChangeSet migration/vault-schema.changelog-v8.xml::create-external-id-to-state-party-view::R3.Corda ran successfully in 6ms {changeSet=migration/vault-schema.changelog-v8.xml::create-external-id-to-state-party-view::R3.Corda, databaseChangeLog=master.changelog.json}
?[m?[37m[INFO] 23:47:41,509 [Test worker] jvm.JdbcExecutor. - INSERT INTO PUBLIC.DATABASECHANGELOG (ID, AUTHOR, FILENAME, DATEEXECUTED, ORDEREXECUTED, MD5SUM, DESCRIPTION, COMMENTS, EXECTYPE, CONTEXTS, LABELS, LIQUIBASE, DEPLOYMENT_ID) VALUES ('create-external-id-to-state-party-view', 'R3.Corda', 'migration/vault-schema.changelog-v8.xml', NOW(), 27, '8:9a5b20f7b7367bb3b86f600bccaa423b', 'createTable tableName=state_party; createIndex indexName=state_pk_hash_idx, tableName=state_party; createTable tableName=pk_hash_to_ext_id_map; createIndex indexName=pk_hash_to_xid_idx, tableName=pk_hash_to_ext_id_map; createView viewName=v_pkey_h...', '', 'EXECUTED', NULL, NULL, '3.6.3', '3614861403') {changeSet=migration/vault-schema.changelog-v8.xml::create-external-id-to-state-party-view::R3.Corda, databaseChangeLog=master.changelog.json}
?[m?[37m[INFO] 23:47:41,509 [Test worker] jvm.JdbcExecutor. - ALTER TABLE PUBLIC.vault_states ALTER COLUMN constraint_data VARBINARY(20000) {changeSet=migration/vault-schema.changelog-v11.xml::expand_constraint_data_size::R3.Corda, databaseChangeLog=master.changelog.json}
?[m?[37m[INFO] 23:47:41,511 [Test worker] changelog.ChangeSet. - vault_states.constraint_data datatype was changed to varbinary(20000) {changeSet=migration/vault-schema.changelog-v11.xml::expand_constraint_data_size::R3.Corda, databaseChangeLog=master.changelog.json}
?[m?[37m[INFO] 23:47:41,511 [Test worker] changelog.ChangeSet. - ChangeSet migration/vault-schema.changelog-v11.xml::expand_constraint_data_size::R3.Corda ran successfully in 2ms {changeSet=migration/vault-schema.changelog-v11.xml::expand_constraint_data_size::R3.Corda, databaseChangeLog=master.changelog.json}
?[m?[37m[INFO] 23:47:41,512 [Test worker] jvm.JdbcExecutor. - INSERT INTO PUBLIC.DATABASECHANGELOG (ID, AUTHOR, FILENAME, DATEEXECUTED, ORDEREXECUTED, MD5SUM, DESCRIPTION, COMMENTS, EXECTYPE, CONTEXTS, LABELS, LIQUIBASE, DEPLOYMENT_ID) VALUES ('expand_constraint_data_size', 'R3.Corda', 'migration/vault-schema.changelog-v11.xml', NOW(), 28, '8:0bd51f3d930d4b03d7b1075454bb2d70', 'modifyDataType columnName=constraint_data, tableName=vault_states', '', 'EXECUTED', NULL, NULL, '3.6.3', '3614861403') {changeSet=migration/vault-schema.changelog-v11.xml::expand_constraint_data_size::R3.Corda, databaseChangeLog=master.changelog.json}
?[m?[37m[INFO] 23:47:41,513 [Test worker] jvm.JdbcExecutor. - CREATE TABLE PUBLIC.node_link_nodeinfo_party (node_info_id INT NOT NULL, party_name NVARCHAR(255) NOT NULL) {changeSet=migration/node-info.changelog-init.xml::1511451595465-4::R3.Corda, databaseChangeLog=master.changelog.json}
?[m?[37m[INFO] 23:47:41,514 [Test worker] changelog.ChangeSet. - Table node_link_nodeinfo_party created {changeSet=migration/node-info.changelog-init.xml::1511451595465-4::R3.Corda, databaseChangeLog=master.changelog.json}
?[m?[37m[INFO] 23:47:41,514 [Test worker] changelog.ChangeSet. - ChangeSet migration/node-info.changelog-init.xml::1511451595465-4::R3.Corda ran successfully in 1ms {changeSet=migration/node-info.changelog-init.xml::1511451595465-4::R3.Corda, databaseChangeLog=master.changelog.json}
?[m?[37m[INFO] 23:47:41,514 [Test worker] jvm.JdbcExecutor. - INSERT INTO PUBLIC.DATABASECHANGELOG (ID, AUTHOR, FILENAME, DATEEXECUTED, ORDEREXECUTED, MD5SUM, DESCRIPTION, COMMENTS, EXECTYPE, CONTEXTS, LABELS, LIQUIBASE, DEPLOYMENT_ID) VALUES ('1511451595465-4', 'R3.Corda', 'migration/node-info.changelog-init.xml', NOW(), 29, '8:cbf3edf78266c3bd22738eaf20c7c111', 'createTable tableName=node_link_nodeinfo_party', '', 'EXECUTED', NULL, NULL, '3.6.3', '3614861403') {changeSet=migration/node-info.changelog-init.xml::1511451595465-4::R3.Corda, databaseChangeLog=master.changelog.json}
?[m?[37m[INFO] 23:47:41,515 [Test worker] jvm.JdbcExecutor. - CREATE TABLE PUBLIC.node_info_hosts (host NVARCHAR(255) NOT NULL, port INT NOT NULL, node_info_id INT) {changeSet=migration/node-info.changelog-init.xml::1511451595465-10::R3.Corda, databaseChangeLog=master.changelog.json}
?[m?[37m[INFO] 23:47:41,516 [Test worker] changelog.ChangeSet. - Table node_info_hosts created {changeSet=migration/node-info.changelog-init.xml::1511451595465-10::R3.Corda, databaseChangeLog=master.changelog.json}
?[m?[37m[INFO] 23:47:41,516 [Test worker] changelog.ChangeSet. - ChangeSet migration/node-info.changelog-init.xml::1511451595465-10::R3.Corda ran successfully in 1ms {changeSet=migration/node-info.changelog-init.xml::1511451595465-10::R3.Corda, databaseChangeLog=master.changelog.json}
?[m?[37m[INFO] 23:47:41,517 [Test worker] jvm.JdbcExecutor. - INSERT INTO PUBLIC.DATABASECHANGELOG (ID, AUTHOR, FILENAME, DATEEXECUTED, ORDEREXECUTED, MD5SUM, DESCRIPTION, COMMENTS, EXECTYPE, CONTEXTS, LABELS, LIQUIBASE, DEPLOYMENT_ID) VALUES ('1511451595465-10', 'R3.Corda', 'migration/node-info.changelog-init.xml', NOW(), 30, '8:f0b2c5a77ffde6aaa3c417095fc220a9', 'createTable tableName=node_info_hosts', '', 'EXECUTED', NULL, NULL, '3.6.3', '3614861403') {changeSet=migration/node-info.changelog-init.xml::1511451595465-10::R3.Corda, databaseChangeLog=master.changelog.json}
?[m?[37m[INFO] 23:47:41,517 [Test worker] jvm.JdbcExecutor. - CREATE TABLE PUBLIC.node_info_party_cert (party_name NVARCHAR(255) NOT NULL, ismain BOOLEAN NOT NULL, owning_key_hash NVARCHAR(130), party_cert_binary BLOB) {changeSet=migration/node-info.changelog-init.xml::1511451595465-11::R3.Corda, databaseChangeLog=master.changelog.json}
?[m?[37m[INFO] 23:47:41,518 [Test worker] changelog.ChangeSet. - Table node_info_party_cert created {changeSet=migration/node-info.changelog-init.xml::1511451595465-11::R3.Corda, databaseChangeLog=master.changelog.json}
?[m?[37m[INFO] 23:47:41,518 [Test worker] changelog.ChangeSet. - ChangeSet migration/node-info.changelog-init.xml::1511451595465-11::R3.Corda ran successfully in 1ms {changeSet=migration/node-info.changelog-init.xml::1511451595465-11::R3.Corda, databaseChangeLog=master.changelog.json}
?[m?[37m[INFO] 23:47:41,519 [Test worker] jvm.JdbcExecutor. - INSERT INTO PUBLIC.DATABASECHANGELOG (ID, AUTHOR, FILENAME, DATEEXECUTED, ORDEREXECUTED, MD5SUM, DESCRIPTION, COMMENTS, EXECTYPE, CONTEXTS, LABELS, LIQUIBASE, DEPLOYMENT_ID) VALUES ('1511451595465-11', 'R3.Corda', 'migration/node-info.changelog-init.xml', NOW(), 31, '8:5eacbf7ce0d85376219f1903b55f5e18', 'createTable tableName=node_info_party_cert', '', 'EXECUTED', NULL, NULL, '3.6.3', '3614861403') {changeSet=migration/node-info.changelog-init.xml::1511451595465-11::R3.Corda, databaseChangeLog=master.changelog.json}
?[m?[37m[INFO] 23:47:41,519 [Test worker] jvm.JdbcExecutor. - CREATE TABLE PUBLIC.node_infos (node_info_id INT NOT NULL, node_info_hash NVARCHAR(64), platform_version INT, serial BIGINT) {changeSet=migration/node-info.changelog-init.xml::1511451595465-12::R3.Corda, databaseChangeLog=master.changelog.json}
?[m?[37m[INFO] 23:47:41,520 [Test worker] changelog.ChangeSet. - Table node_infos created {changeSet=migration/node-info.changelog-init.xml::1511451595465-12::R3.Corda, databaseChangeLog=master.changelog.json}
?[m?[37m[INFO] 23:47:41,520 [Test worker] changelog.ChangeSet. - ChangeSet migration/node-info.changelog-init.xml::1511451595465-12::R3.Corda ran successfully in 1ms {changeSet=migration/node-info.changelog-init.xml::1511451595465-12::R3.Corda, databaseChangeLog=master.changelog.json}
?[m?[37m[INFO] 23:47:41,520 [Test worker] jvm.JdbcExecutor. - INSERT INTO PUBLIC.DATABASECHANGELOG (ID, AUTHOR, FILENAME, DATEEXECUTED, ORDEREXECUTED, MD5SUM, DESCRIPTION, COMMENTS, EXECTYPE, CONTEXTS, LABELS, LIQUIBASE, DEPLOYMENT_ID) VALUES ('1511451595465-12', 'R3.Corda', 'migration/node-info.changelog-init.xml', NOW(), 32, '8:7e30f20cf268860d637ecfb8635f45a3', 'createTable tableName=node_infos', '', 'EXECUTED', NULL, NULL, '3.6.3', '3614861403') {changeSet=migration/node-info.changelog-init.xml::1511451595465-12::R3.Corda, databaseChangeLog=master.changelog.json}
?[m?[37m[INFO] 23:47:41,521 [Test worker] jvm.JdbcExecutor. - ALTER TABLE PUBLIC.node_info_hosts ADD CONSTRAINT node_info_hosts_pkey PRIMARY KEY (host, port) {changeSet=migration/node-info.changelog-init.xml::1511451595465-35::R3.Corda, databaseChangeLog=master.changelog.json}
?[m?[37m[INFO] 23:47:41,521 [Test worker] changelog.ChangeSet. - Primary key added to node_info_hosts (host, port) {changeSet=migration/node-info.changelog-init.xml::1511451595465-35::R3.Corda, databaseChangeLog=master.changelog.json}
?[m?[37m[INFO] 23:47:41,521 [Test worker] changelog.ChangeSet. - ChangeSet migration/node-info.changelog-init.xml::1511451595465-35::R3.Corda ran successfully in 0ms {changeSet=migration/node-info.changelog-init.xml::1511451595465-35::R3.Corda, databaseChangeLog=master.changelog.json}
?[m?[37m[INFO] 23:47:41,522 [Test worker] jvm.JdbcExecutor. - INSERT INTO PUBLIC.DATABASECHANGELOG (ID, AUTHOR, FILENAME, DATEEXECUTED, ORDEREXECUTED, MD5SUM, DESCRIPTION, COMMENTS, EXECTYPE, CONTEXTS, LABELS, LIQUIBASE, DEPLOYMENT_ID) VALUES ('1511451595465-35', 'R3.Corda', 'migration/node-info.changelog-init.xml', NOW(), 33, '8:0d1a734e7350a8278808f540d992fedf', 'addPrimaryKey constraintName=node_info_hosts_pkey, tableName=node_info_hosts', '', 'EXECUTED', NULL, NULL, '3.6.3', '3614861403') {changeSet=migration/node-info.changelog-init.xml::1511451595465-35::R3.Corda, databaseChangeLog=master.changelog.json}
?[m?[37m[INFO] 23:47:41,523 [Test worker] jvm.JdbcExecutor. - ALTER TABLE PUBLIC.node_info_party_cert ADD CONSTRAINT node_info_party_cert_pkey PRIMARY KEY (party_name) {changeSet=migration/node-info.changelog-init.xml::1511451595465-36::R3.Corda, databaseChangeLog=master.changelog.json}
?[m?[37m[INFO] 23:47:41,524 [Test worker] changelog.ChangeSet. - Primary key added to node_info_party_cert (party_name) {changeSet=migration/node-info.changelog-init.xml::1511451595465-36::R3.Corda, databaseChangeLog=master.changelog.json}
?[m?[37m[INFO] 23:47:41,524 [Test worker] changelog.ChangeSet. - ChangeSet migration/node-info.changelog-init.xml::1511451595465-36::R3.Corda ran successfully in 1ms {changeSet=migration/node-info.changelog-init.xml::1511451595465-36::R3.Corda, databaseChangeLog=master.changelog.json}
?[m?[37m[INFO] 23:47:41,525 [Test worker] jvm.JdbcExecutor. - INSERT INTO PUBLIC.DATABASECHANGELOG (ID, AUTHOR, FILENAME, DATEEXECUTED, ORDEREXECUTED, MD5SUM, DESCRIPTION, COMMENTS, EXECTYPE, CONTEXTS, LABELS, LIQUIBASE, DEPLOYMENT_ID) VALUES ('1511451595465-36', 'R3.Corda', 'migration/node-info.changelog-init.xml', NOW(), 34, '8:dc78ba227ce869f406d2645c2064e8dc', 'addPrimaryKey constraintName=node_info_party_cert_pkey, tableName=node_info_party_cert', '', 'EXECUTED', NULL, NULL, '3.6.3', '3614861403') {changeSet=migration/node-info.changelog-init.xml::1511451595465-36::R3.Corda, databaseChangeLog=master.changelog.json}
?[m?[37m[INFO] 23:47:41,526 [Test worker] jvm.JdbcExecutor. - ALTER TABLE PUBLIC.node_infos ADD CONSTRAINT node_infos_pkey PRIMARY KEY (node_info_id) {changeSet=migration/node-info.changelog-init.xml::1511451595465-37::R3.Corda, databaseChangeLog=master.changelog.json}
?[m?[37m[INFO] 23:47:41,526 [Test worker] changelog.ChangeSet. - Primary key added to node_infos (node_info_id) {changeSet=migration/node-info.changelog-init.xml::1511451595465-37::R3.Corda, databaseChangeLog=master.changelog.json}
?[m?[37m[INFO] 23:47:41,526 [Test worker] changelog.ChangeSet. - ChangeSet migration/node-info.changelog-init.xml::1511451595465-37::R3.Corda ran successfully in 0ms {changeSet=migration/node-info.changelog-init.xml::1511451595465-37::R3.Corda, databaseChangeLog=master.changelog.json}
?[m?[37m[INFO] 23:47:41,527 [Test worker] jvm.JdbcExecutor. - INSERT INTO PUBLIC.DATABASECHANGELOG (ID, AUTHOR, FILENAME, DATEEXECUTED, ORDEREXECUTED, MD5SUM, DESCRIPTION, COMMENTS, EXECTYPE, CONTEXTS, LABELS, LIQUIBASE, DEPLOYMENT_ID) VALUES ('1511451595465-37', 'R3.Corda', 'migration/node-info.changelog-init.xml', NOW(), 35, '8:c07cbda2d04c6d77539ac802c66df023', 'addPrimaryKey constraintName=node_infos_pkey, tableName=node_infos', '', 'EXECUTED', NULL, NULL, '3.6.3', '3614861403') {changeSet=migration/node-info.changelog-init.xml::1511451595465-37::R3.Corda, databaseChangeLog=master.changelog.json}
?[m?[37m[INFO] 23:47:41,528 [Test worker] jvm.JdbcExecutor. - ALTER TABLE PUBLIC.node_link_nodeinfo_party ADD CONSTRAINT FK__link_nodeinfo_party__infos FOREIGN KEY (node_info_id) REFERENCES PUBLIC.node_infos (node_info_id) {changeSet=migration/node-info.changelog-init.xml::1511451595465-62::R3.Corda, databaseChangeLog=master.changelog.json}
?[m?[37m[INFO] 23:47:41,529 [Test worker] changelog.ChangeSet. - Foreign key constraint added to node_link_nodeinfo_party (node_info_id) {changeSet=migration/node-info.changelog-init.xml::1511451595465-62::R3.Corda, databaseChangeLog=master.changelog.json}
?[m?[37m[INFO] 23:47:41,529 [Test worker] changelog.ChangeSet. - ChangeSet migration/node-info.changelog-init.xml::1511451595465-62::R3.Corda ran successfully in 1ms {changeSet=migration/node-info.changelog-init.xml::1511451595465-62::R3.Corda, databaseChangeLog=master.changelog.json}
?[m?[37m[INFO] 23:47:41,531 [Test worker] jvm.JdbcExecutor. - INSERT INTO PUBLIC.DATABASECHANGELOG (ID, AUTHOR, FILENAME, DATEEXECUTED, ORDEREXECUTED, MD5SUM, DESCRIPTION, COMMENTS, EXECTYPE, CONTEXTS, LABELS, LIQUIBASE, DEPLOYMENT_ID) VALUES ('1511451595465-62', 'R3.Corda', 'migration/node-info.changelog-init.xml', NOW(), 36, '8:073bbdb8865055a19cde67340a2063e2', 'addForeignKeyConstraint baseTableName=node_link_nodeinfo_party, constraintName=FK__link_nodeinfo_party__infos, referencedTableName=node_infos', '', 'EXECUTED', NULL, NULL, '3.6.3', '3614861403') {changeSet=migration/node-info.changelog-init.xml::1511451595465-62::R3.Corda, databaseChangeLog=master.changelog.json}
?[m?[37m[INFO] 23:47:41,534 [Test worker] jvm.JdbcExecutor. - ALTER TABLE PUBLIC.node_info_hosts ADD CONSTRAINT FK__info_hosts__infos FOREIGN KEY (node_info_id) REFERENCES PUBLIC.node_infos (node_info_id) {changeSet=migration/node-info.changelog-init.xml::1511451595465-63::R3.Corda, databaseChangeLog=master.changelog.json}
?[m?[37m[INFO] 23:47:41,538 [Test worker] changelog.ChangeSet. - Foreign key constraint added to node_info_hosts (node_info_id) {changeSet=migration/node-info.changelog-init.xml::1511451595465-63::R3.Corda, databaseChangeLog=master.changelog.json}
?[m?[37m[INFO] 23:47:41,538 [Test worker] changelog.ChangeSet. - ChangeSet migration/node-info.changelog-init.xml::1511451595465-63::R3.Corda ran successfully in 7ms {changeSet=migration/node-info.changelog-init.xml::1511451595465-63::R3.Corda, databaseChangeLog=master.changelog.json}
?[m?[37m[INFO] 23:47:41,541 [Test worker] jvm.JdbcExecutor. - INSERT INTO PUBLIC.DATABASECHANGELOG (ID, AUTHOR, FILENAME, DATEEXECUTED, ORDEREXECUTED, MD5SUM, DESCRIPTION, COMMENTS, EXECTYPE, CONTEXTS, LABELS, LIQUIBASE, DEPLOYMENT_ID) VALUES ('1511451595465-63', 'R3.Corda', 'migration/node-info.changelog-init.xml', NOW(), 37, '8:fa5ee007de41334ad2ac991b32969076', 'addForeignKeyConstraint baseTableName=node_info_hosts, constraintName=FK__info_hosts__infos, referencedTableName=node_infos', '', 'EXECUTED', NULL, NULL, '3.6.3', '3614861403') {changeSet=migration/node-info.changelog-init.xml::1511451595465-63::R3.Corda, databaseChangeLog=master.changelog.json}
?[m?[37m[INFO] 23:47:41,542 [Test worker] jvm.JdbcExecutor. - DELETE FROM PUBLIC.node_infos {changeSet=migration/node-info.changelog-init.xml::remove_host_port_pk::R3.Corda, databaseChangeLog=master.changelog.json}
?[m?[37m[INFO] 23:47:41,542 [Test worker] changelog.ChangeSet. - Data deleted from node_infos {changeSet=migration/node-info.changelog-init.xml::remove_host_port_pk::R3.Corda, databaseChangeLog=master.changelog.json}
?[m?[37m[INFO] 23:47:41,543 [Test worker] jvm.JdbcExecutor. - DELETE FROM PUBLIC.node_link_nodeinfo_party {changeSet=migration/node-info.changelog-init.xml::remove_host_port_pk::R3.Corda, databaseChangeLog=master.changelog.json}
?[m?[37m[INFO] 23:47:41,543 [Test worker] changelog.ChangeSet. - Data deleted from node_link_nodeinfo_party {changeSet=migration/node-info.changelog-init.xml::remove_host_port_pk::R3.Corda, databaseChangeLog=master.changelog.json}
?[m?[37m[INFO] 23:47:41,543 [Test worker] jvm.JdbcExecutor. - DELETE FROM PUBLIC.node_info_hosts {changeSet=migration/node-info.changelog-init.xml::remove_host_port_pk::R3.Corda, databaseChangeLog=master.changelog.json}
?[m?[37m[INFO] 23:47:41,543 [Test worker] changelog.ChangeSet. - Data deleted from node_info_hosts {changeSet=migration/node-info.changelog-init.xml::remove_host_port_pk::R3.Corda, databaseChangeLog=master.changelog.json}
?[m?[37m[INFO] 23:47:41,543 [Test worker] jvm.JdbcExecutor. - DELETE FROM PUBLIC.node_info_party_cert {changeSet=migration/node-info.changelog-init.xml::remove_host_port_pk::R3.Corda, databaseChangeLog=master.changelog.json}
?[m?[37m[INFO] 23:47:41,543 [Test worker] changelog.ChangeSet. - Data deleted from node_info_party_cert {changeSet=migration/node-info.changelog-init.xml::remove_host_port_pk::R3.Corda, databaseChangeLog=master.changelog.json}
?[m?[37m[INFO] 23:47:41,543 [Test worker] jvm.JdbcExecutor. - ALTER TABLE PUBLIC.node_info_hosts DROP PRIMARY KEY {changeSet=migration/node-info.changelog-init.xml::remove_host_port_pk::R3.Corda, databaseChangeLog=master.changelog.json}
?[m?[37m[INFO] 23:47:41,543 [Test worker] changelog.ChangeSet. - Primary key dropped from node_info_hosts {changeSet=migration/node-info.changelog-init.xml::remove_host_port_pk::R3.Corda, databaseChangeLog=master.changelog.json}
?[m?[37m[INFO] 23:47:41,543 [Test worker] jvm.JdbcExecutor. - ALTER TABLE PUBLIC.node_info_hosts ADD hosts_id INT NOT NULL {changeSet=migration/node-info.changelog-init.xml::remove_host_port_pk::R3.Corda, databaseChangeLog=master.changelog.json}
?[m?[37m[INFO] 23:47:41,547 [Test worker] changelog.ChangeSet. - Columns hosts_id(INT) added to node_info_hosts {changeSet=migration/node-info.changelog-init.xml::remove_host_port_pk::R3.Corda, databaseChangeLog=master.changelog.json}
?[m?[37m[INFO] 23:47:41,547 [Test worker] jvm.JdbcExecutor. - ALTER TABLE PUBLIC.node_info_hosts ADD CONSTRAINT node_info_hosts_pkey_id PRIMARY KEY (hosts_id) {changeSet=migration/node-info.changelog-init.xml::remove_host_port_pk::R3.Corda, databaseChangeLog=master.changelog.json}
?[m?[37m[INFO] 23:47:41,548 [Test worker] changelog.ChangeSet. - Primary key added to node_info_hosts (hosts_id) {changeSet=migration/node-info.changelog-init.xml::remove_host_port_pk::R3.Corda, databaseChangeLog=master.changelog.json}
?[m?[37m[INFO] 23:47:41,548 [Test worker] changelog.ChangeSet. - ChangeSet migration/node-info.changelog-init.xml::remove_host_port_pk::R3.Corda ran successfully in 7ms {changeSet=migration/node-info.changelog-init.xml::remove_host_port_pk::R3.Corda, databaseChangeLog=master.changelog.json}
?[m?[37m[INFO] 23:47:41,550 [Test worker] jvm.JdbcExecutor. - INSERT INTO PUBLIC.DATABASECHANGELOG (ID, AUTHOR, FILENAME, DATEEXECUTED, ORDEREXECUTED, MD5SUM, DESCRIPTION, COMMENTS, EXECTYPE, CONTEXTS, LABELS, LIQUIBASE, DEPLOYMENT_ID) VALUES ('remove_host_port_pk', 'R3.Corda', 'migration/node-info.changelog-init.xml', NOW(), 38, '8:50fa65c10fd9bb3d89e0ad75d29a0e4d', 'delete tableName=node_infos; delete tableName=node_link_nodeinfo_party; delete tableName=node_info_hosts; delete tableName=node_info_party_cert; dropPrimaryKey constraintName=node_info_hosts_pkey, tableName=node_info_hosts; addColumn tableName=nod...', '', 'EXECUTED', NULL, NULL, '3.6.3', '3614861403') {changeSet=migration/node-info.changelog-init.xml::remove_host_port_pk::R3.Corda, databaseChangeLog=master.changelog.json}
?[m?[37m[INFO] 23:47:41,553 [Test worker] jvm.JdbcExecutor. - CREATE TABLE PUBLIC.node_properties (property_key NVARCHAR(255) NOT NULL, property_value NVARCHAR(255)) {changeSet=migration/node-info.changelog-v1.xml::key/value node properties table::R3.Corda, databaseChangeLog=master.changelog.json}
?[m?[37m[INFO] 23:47:41,555 [Test worker] changelog.ChangeSet. - Table node_properties created {changeSet=migration/node-info.changelog-v1.xml::key/value node properties table::R3.Corda, databaseChangeLog=master.changelog.json}
?[m?[37m[INFO] 23:47:41,555 [Test worker] changelog.ChangeSet. - ChangeSet migration/node-info.changelog-v1.xml::key/value node properties table::R3.Corda ran successfully in 3ms {changeSet=migration/node-info.changelog-v1.xml::key/value node properties table::R3.Corda, databaseChangeLog=master.changelog.json}
?[m?[37m[INFO] 23:47:41,560 [Test worker] jvm.JdbcExecutor. - INSERT INTO PUBLIC.DATABASECHANGELOG (ID, AUTHOR, FILENAME, DATEEXECUTED, ORDEREXECUTED, MD5SUM, DESCRIPTION, COMMENTS, EXECTYPE, CONTEXTS, LABELS, LIQUIBASE, DEPLOYMENT_ID) VALUES ('key/value node properties table', 'R3.Corda', 'migration/node-info.changelog-v1.xml', NOW(), 39, '8:39e4c897aa5e893e79a0434af2948a91', 'createTable tableName=node_properties', '', 'EXECUTED', NULL, NULL, '3.6.3', '3614861403') {changeSet=migration/node-info.changelog-v1.xml::key/value node properties table::R3.Corda, databaseChangeLog=master.changelog.json}
?[m?[37m[INFO] 23:47:41,560 [Test worker] jvm.JdbcExecutor. - ALTER TABLE PUBLIC.node_infos ALTER COLUMN node_info_hash SET NOT NULL {changeSet=migration/node-info.changelog-v2.xml::1525962920::R3.Corda, databaseChangeLog=master.changelog.json}
?[m?[37m[INFO] 23:47:41,561 [Test worker] changelog.ChangeSet. - NOT NULL constraint has been added to node_infos.node_info_hash {changeSet=migration/node-info.changelog-v2.xml::1525962920::R3.Corda, databaseChangeLog=master.changelog.json}
?[m?[37m[INFO] 23:47:41,561 [Test worker] jvm.JdbcExecutor. - ALTER TABLE PUBLIC.node_infos ALTER COLUMN platform_version SET NOT NULL {changeSet=migration/node-info.changelog-v2.xml::1525962920::R3.Corda, databaseChangeLog=master.changelog.json}
?[m?[37m[INFO] 23:47:41,561 [Test worker] changelog.ChangeSet. - NOT NULL constraint has been added to node_infos.platform_version {changeSet=migration/node-info.changelog-v2.xml::1525962920::R3.Corda, databaseChangeLog=master.changelog.json}
?[m?[37m[INFO] 23:47:41,561 [Test worker] jvm.JdbcExecutor. - ALTER TABLE PUBLIC.node_infos ALTER COLUMN serial SET NOT NULL {changeSet=migration/node-info.changelog-v2.xml::1525962920::R3.Corda, databaseChangeLog=master.changelog.json}
?[m?[37m[INFO] 23:47:41,562 [Test worker] changelog.ChangeSet. - NOT NULL constraint has been added to node_infos.serial {changeSet=migration/node-info.changelog-v2.xml::1525962920::R3.Corda, databaseChangeLog=master.changelog.json}
?[m?[37m[INFO] 23:47:41,562 [Test worker] jvm.JdbcExecutor. - ALTER TABLE PUBLIC.node_info_hosts ALTER COLUMN host SET NULL {changeSet=migration/node-info.changelog-v2.xml::1525962920::R3.Corda, databaseChangeLog=master.changelog.json}
?[m?[37m[INFO] 23:47:41,562 [Test worker] changelog.ChangeSet. - Null constraint dropped from node_info_hosts.host {changeSet=migration/node-info.changelog-v2.xml::1525962920::R3.Corda, databaseChangeLog=master.changelog.json}
?[m?[37m[INFO] 23:47:41,562 [Test worker] jvm.JdbcExecutor. - ALTER TABLE PUBLIC.node_info_hosts ALTER COLUMN port SET NULL {changeSet=migration/node-info.changelog-v2.xml::1525962920::R3.Corda, databaseChangeLog=master.changelog.json}
?[m?[37m[INFO] 23:47:41,562 [Test worker] changelog.ChangeSet. - Null constraint dropped from node_info_hosts.port {changeSet=migration/node-info.changelog-v2.xml::1525962920::R3.Corda, databaseChangeLog=master.changelog.json}
?[m?[37m[INFO] 23:47:41,562 [Test worker] jvm.JdbcExecutor. - ALTER TABLE PUBLIC.node_info_party_cert ALTER COLUMN owning_key_hash SET NOT NULL {changeSet=migration/node-info.changelog-v2.xml::1525962920::R3.Corda, databaseChangeLog=master.changelog.json}
?[m?[37m[INFO] 23:47:41,563 [Test worker] changelog.ChangeSet. - NOT NULL constraint has been added to node_info_party_cert.owning_key_hash {changeSet=migration/node-info.changelog-v2.xml::1525962920::R3.Corda, databaseChangeLog=master.changelog.json}
?[m?[37m[INFO] 23:47:41,563 [Test worker] jvm.JdbcExecutor. - ALTER TABLE PUBLIC.node_info_party_cert ALTER COLUMN party_cert_binary SET NOT NULL {changeSet=migration/node-info.changelog-v2.xml::1525962920::R3.Corda, databaseChangeLog=master.changelog.json}
?[m?[37m[INFO] 23:47:41,563 [Test worker] changelog.ChangeSet. - NOT NULL constraint has been added to node_info_party_cert.party_cert_binary {changeSet=migration/node-info.changelog-v2.xml::1525962920::R3.Corda, databaseChangeLog=master.changelog.json}
?[m?[37m[INFO] 23:47:41,563 [Test worker] changelog.ChangeSet. - ChangeSet migration/node-info.changelog-v2.xml::1525962920::R3.Corda ran successfully in 3ms {changeSet=migration/node-info.changelog-v2.xml::1525962920::R3.Corda, databaseChangeLog=master.changelog.json}
?[m?[37m[INFO] 23:47:41,564 [Test worker] jvm.JdbcExecutor. - INSERT INTO PUBLIC.DATABASECHANGELOG (ID, AUTHOR, FILENAME, DATEEXECUTED, ORDEREXECUTED, MD5SUM, DESCRIPTION, COMMENTS, EXECTYPE, CONTEXTS, LABELS, LIQUIBASE, DEPLOYMENT_ID) VALUES ('1525962920', 'R3.Corda', 'migration/node-info.changelog-v2.xml', NOW(), 40, '8:cc835e848ed6cc1f4b2a2e8e31fa92f1', 'addNotNullConstraint columnName=node_info_hash, tableName=node_infos; addNotNullConstraint columnName=platform_version, tableName=node_infos; addNotNullConstraint columnName=serial, tableName=node_infos; dropNotNullConstraint columnName=host, tabl...', '', 'EXECUTED', NULL, NULL, '3.6.3', '3614861403') {changeSet=migration/node-info.changelog-v2.xml::1525962920::R3.Corda, databaseChangeLog=master.changelog.json}
?[m?[37m[INFO] 23:47:41,566 [Test worker] jvm.JdbcExecutor. - ALTER TABLE PUBLIC.node_info_hosts ALTER COLUMN host RENAME TO host_name {changeSet=migration/node-info.changelog-v3.xml::column_host_name::R3.Corda, databaseChangeLog=master.changelog.json}
?[m?[37m[INFO] 23:47:41,566 [Test worker] changelog.ChangeSet. - Column node_info_hosts.host renamed to host_name {changeSet=migration/node-info.changelog-v3.xml::column_host_name::R3.Corda, databaseChangeLog=master.changelog.json}
?[m?[37m[INFO] 23:47:41,566 [Test worker] changelog.ChangeSet. - ChangeSet migration/node-info.changelog-v3.xml::column_host_name::R3.Corda ran successfully in 1ms {changeSet=migration/node-info.changelog-v3.xml::column_host_name::R3.Corda, databaseChangeLog=master.changelog.json}
?[m?[37m[INFO] 23:47:41,567 [Test worker] jvm.JdbcExecutor. - INSERT INTO PUBLIC.DATABASECHANGELOG (ID, AUTHOR, FILENAME, DATEEXECUTED, ORDEREXECUTED, MD5SUM, DESCRIPTION, COMMENTS, EXECTYPE, CONTEXTS, LABELS, LIQUIBASE, DEPLOYMENT_ID) VALUES ('column_host_name', 'R3.Corda', 'migration/node-info.changelog-v3.xml', NOW(), 41, '8:e5fb9380221a91515f45ee44c9c30053', 'renameColumn newColumnName=host_name, oldColumnName=host, tableName=node_info_hosts', '', 'EXECUTED', NULL, NULL, '3.6.3', '3614861403') {changeSet=migration/node-info.changelog-v3.xml::column_host_name::R3.Corda, databaseChangeLog=master.changelog.json}
?[m?[37m[INFO] 23:47:41,568 [Test worker] jvm.JdbcExecutor. - CREATE TABLE PUBLIC.node_attachments (att_id NVARCHAR(255) NOT NULL, content BLOB, filename NVARCHAR(255), insertion_date TIMESTAMP NOT NULL, uploader NVARCHAR(255)) {changeSet=migration/node-services.changelog-init.xml::1511451595465-5::R3.Corda, databaseChangeLog=master.changelog.json}
?[m?[37m[INFO] 23:47:41,568 [Test worker] changelog.ChangeSet. - Table node_attachments created {changeSet=migration/node-services.changelog-init.xml::1511451595465-5::R3.Corda, databaseChangeLog=master.changelog.json}
?[m?[37m[INFO] 23:47:41,568 [Test worker] changelog.ChangeSet. - ChangeSet migration/node-services.changelog-init.xml::1511451595465-5::R3.Corda ran successfully in 0ms {changeSet=migration/node-services.changelog-init.xml::1511451595465-5::R3.Corda, databaseChangeLog=master.changelog.json}
?[m?[37m[INFO] 23:47:41,569 [Test worker] jvm.JdbcExecutor. - INSERT INTO PUBLIC.DATABASECHANGELOG (ID, AUTHOR, FILENAME, DATEEXECUTED, ORDEREXECUTED, MD5SUM, DESCRIPTION, COMMENTS, EXECTYPE, CONTEXTS, LABELS, LIQUIBASE, DEPLOYMENT_ID) VALUES ('1511451595465-5', 'R3.Corda', 'migration/node-services.changelog-init.xml', NOW(), 42, '8:380e64788d9896c1166e4c22336d01e4', 'createTable tableName=node_attachments', '', 'EXECUTED', NULL, NULL, '3.6.3', '3614861403') {changeSet=migration/node-services.changelog-init.xml::1511451595465-5::R3.Corda, databaseChangeLog=master.changelog.json}
?[m?[37m[INFO] 23:47:41,570 [Test worker] jvm.JdbcExecutor. - CREATE TABLE PUBLIC.node_checkpoints (checkpoint_id NVARCHAR(64) NOT NULL, checkpoint_value BLOB) {changeSet=migration/node-services.changelog-init.xml::1511451595465-7::R3.Corda, databaseChangeLog=master.changelog.json}
?[m?[37m[INFO] 23:47:41,570 [Test worker] changelog.ChangeSet. - Table node_checkpoints created {changeSet=migration/node-services.changelog-init.xml::1511451595465-7::R3.Corda, databaseChangeLog=master.changelog.json}
?[m?[37m[INFO] 23:47:41,570 [Test worker] changelog.ChangeSet. - ChangeSet migration/node-services.changelog-init.xml::1511451595465-7::R3.Corda ran successfully in 0ms {changeSet=migration/node-services.changelog-init.xml::1511451595465-7::R3.Corda, databaseChangeLog=master.changelog.json}
?[m?[37m[INFO] 23:47:41,571 [Test worker] jvm.JdbcExecutor. - INSERT INTO PUBLIC.DATABASECHANGELOG (ID, AUTHOR, FILENAME, DATEEXECUTED, ORDEREXECUTED, MD5SUM, DESCRIPTION, COMMENTS, EXECTYPE, CONTEXTS, LABELS, LIQUIBASE, DEPLOYMENT_ID) VALUES ('1511451595465-7', 'R3.Corda', 'migration/node-services.changelog-init.xml', NOW(), 43, '8:8aefa1967ed80f8f98b69247c70c9f24', 'createTable tableName=node_checkpoints', '', 'EXECUTED', NULL, NULL, '3.6.3', '3614861403') {changeSet=migration/node-services.changelog-init.xml::1511451595465-7::R3.Corda, databaseChangeLog=master.changelog.json}
?[m?[37m[INFO] 23:47:41,572 [Test worker] jvm.JdbcExecutor. - CREATE TABLE PUBLIC.node_contract_upgrades (state_ref NVARCHAR(96) NOT NULL, contract_class_name NVARCHAR(255)) {changeSet=migration/node-services.changelog-init.xml::1511451595465-8::R3.Corda, databaseChangeLog=master.changelog.json}
?[m?[37m[INFO] 23:47:41,572 [Test worker] changelog.ChangeSet. - Table node_contract_upgrades created {changeSet=migration/node-services.changelog-init.xml::1511451595465-8::R3.Corda, databaseChangeLog=master.changelog.json}
?[m?[37m[INFO] 23:47:41,572 [Test worker] changelog.ChangeSet. - ChangeSet migration/node-services.changelog-init.xml::1511451595465-8::R3.Corda ran successfully in 0ms {changeSet=migration/node-services.changelog-init.xml::1511451595465-8::R3.Corda, databaseChangeLog=master.changelog.json}
?[m?[37m[INFO] 23:47:41,573 [Test worker] jvm.JdbcExecutor. - INSERT INTO PUBLIC.DATABASECHANGELOG (ID, AUTHOR, FILENAME, DATEEXECUTED, ORDEREXECUTED, MD5SUM, DESCRIPTION, COMMENTS, EXECTYPE, CONTEXTS, LABELS, LIQUIBASE, DEPLOYMENT_ID) VALUES ('1511451595465-8', 'R3.Corda', 'migration/node-services.changelog-init.xml', NOW(), 44, '8:6b06fe4c0ef085967f4dbd00dca08533', 'createTable tableName=node_contract_upgrades', '', 'EXECUTED', NULL, NULL, '3.6.3', '3614861403') {changeSet=migration/node-services.changelog-init.xml::1511451595465-8::R3.Corda, databaseChangeLog=master.changelog.json}
?[m?[37m[INFO] 23:47:41,574 [Test worker] jvm.JdbcExecutor. - CREATE TABLE PUBLIC.node_identities (pk_hash NVARCHAR(130) NOT NULL, identity_value BLOB) {changeSet=migration/node-services.changelog-init.xml::1511451595465-9::R3.Corda, databaseChangeLog=master.changelog.json}
?[m?[37m[INFO] 23:47:41,575 [Test worker] changelog.ChangeSet. - Table node_identities created {changeSet=migration/node-services.changelog-init.xml::1511451595465-9::R3.Corda, databaseChangeLog=master.changelog.json}
?[m?[37m[INFO] 23:47:41,575 [Test worker] changelog.ChangeSet. - ChangeSet migration/node-services.changelog-init.xml::1511451595465-9::R3.Corda ran successfully in 1ms {changeSet=migration/node-services.changelog-init.xml::1511451595465-9::R3.Corda, databaseChangeLog=master.changelog.json}
?[m?[37m[INFO] 23:47:41,576 [Test worker] jvm.JdbcExecutor. - INSERT INTO PUBLIC.DATABASECHANGELOG (ID, AUTHOR, FILENAME, DATEEXECUTED, ORDEREXECUTED, MD5SUM, DESCRIPTION, COMMENTS, EXECTYPE, CONTEXTS, LABELS, LIQUIBASE, DEPLOYMENT_ID) VALUES ('1511451595465-9', 'R3.Corda', 'migration/node-services.changelog-init.xml', NOW(), 45, '8:293963c9989772e272e1397c8ae9dfb1', 'createTable tableName=node_identities', '', 'EXECUTED', NULL, NULL, '3.6.3', '3614861403') {changeSet=migration/node-services.changelog-init.xml::1511451595465-9::R3.Corda, databaseChangeLog=master.changelog.json}
?[m?[37m[INFO] 23:47:41,577 [Test worker] jvm.JdbcExecutor. - CREATE TABLE PUBLIC.node_message_ids (message_id NVARCHAR(64) NOT NULL, insertion_time TIMESTAMP) {changeSet=migration/node-services.changelog-init.xml::1511451595465-13::R3.Corda, databaseChangeLog=master.changelog.json}
?[m?[37m[INFO] 23:47:41,578 [Test worker] changelog.ChangeSet. - Table node_message_ids created {changeSet=migration/node-services.changelog-init.xml::1511451595465-13::R3.Corda, databaseChangeLog=master.changelog.json}
?[m?[37m[INFO] 23:47:41,578 [Test worker] changelog.ChangeSet. - ChangeSet migration/node-services.changelog-init.xml::1511451595465-13::R3.Corda ran successfully in 1ms {changeSet=migration/node-services.changelog-init.xml::1511451595465-13::R3.Corda, databaseChangeLog=master.changelog.json}
?[m?[37m[INFO] 23:47:41,578 [Test worker] jvm.JdbcExecutor. - INSERT INTO PUBLIC.DATABASECHANGELOG (ID, AUTHOR, FILENAME, DATEEXECUTED, ORDEREXECUTED, MD5SUM, DESCRIPTION, COMMENTS, EXECTYPE, CONTEXTS, LABELS, LIQUIBASE, DEPLOYMENT_ID) VALUES ('1511451595465-13', 'R3.Corda', 'migration/node-services.changelog-init.xml', NOW(), 46, '8:421bb9432660d6cdf67a18c6f0acdeb4', 'createTable tableName=node_message_ids', '', 'EXECUTED', NULL, NULL, '3.6.3', '3614861403') {changeSet=migration/node-services.changelog-init.xml::1511451595465-13::R3.Corda, databaseChangeLog=master.changelog.json}
?[m?[37m[INFO] 23:47:41,579 [Test worker] jvm.JdbcExecutor. - CREATE TABLE PUBLIC.node_message_retry (message_id BIGINT NOT NULL, message BLOB, recipients BLOB) {changeSet=migration/node-services.changelog-init.xml::1511451595465-14::R3.Corda, databaseChangeLog=master.changelog.json}
?[m?[37m[INFO] 23:47:41,579 [Test worker] changelog.ChangeSet. - Table node_message_retry created {changeSet=migration/node-services.changelog-init.xml::1511451595465-14::R3.Corda, databaseChangeLog=master.changelog.json}
?[m?[37m[INFO] 23:47:41,579 [Test worker] changelog.ChangeSet. - ChangeSet migration/node-services.changelog-init.xml::1511451595465-14::R3.Corda ran successfully in 0ms {changeSet=migration/node-services.changelog-init.xml::1511451595465-14::R3.Corda, databaseChangeLog=master.changelog.json}
?[m?[37m[INFO] 23:47:41,580 [Test worker] jvm.JdbcExecutor. - INSERT INTO PUBLIC.DATABASECHANGELOG (ID, AUTHOR, FILENAME, DATEEXECUTED, ORDEREXECUTED, MD5SUM, DESCRIPTION, COMMENTS, EXECTYPE, CONTEXTS, LABELS, LIQUIBASE, DEPLOYMENT_ID) VALUES ('1511451595465-14', 'R3.Corda', 'migration/node-services.changelog-init.xml', NOW(), 47, '8:ba7acbbe63086c3c9fb627ea948864b2', 'createTable tableName=node_message_retry', '', 'EXECUTED', NULL, NULL, '3.6.3', '3614861403') {changeSet=migration/node-services.changelog-init.xml::1511451595465-14::R3.Corda, databaseChangeLog=master.changelog.json}
?[m?[37m[INFO] 23:47:41,581 [Test worker] jvm.JdbcExecutor. - CREATE TABLE PUBLIC.node_named_identities (name NVARCHAR(128) NOT NULL, pk_hash NVARCHAR(130)) {changeSet=migration/node-services.changelog-init.xml::1511451595465-15::R3.Corda, databaseChangeLog=master.changelog.json}
?[m?[37m[INFO] 23:47:41,581 [Test worker] changelog.ChangeSet. - Table node_named_identities created {changeSet=migration/node-services.changelog-init.xml::1511451595465-15::R3.Corda, databaseChangeLog=master.changelog.json}
?[m?[37m[INFO] 23:47:41,581 [Test worker] changelog.ChangeSet. - ChangeSet migration/node-services.changelog-init.xml::1511451595465-15::R3.Corda ran successfully in 1ms {changeSet=migration/node-services.changelog-init.xml::1511451595465-15::R3.Corda, databaseChangeLog=master.changelog.json}
?[m?[37m[INFO] 23:47:41,582 [Test worker] jvm.JdbcExecutor. - INSERT INTO PUBLIC.DATABASECHANGELOG (ID, AUTHOR, FILENAME, DATEEXECUTED, ORDEREXECUTED, MD5SUM, DESCRIPTION, COMMENTS, EXECTYPE, CONTEXTS, LABELS, LIQUIBASE, DEPLOYMENT_ID) VALUES ('1511451595465-15', 'R3.Corda', 'migration/node-services.changelog-init.xml', NOW(), 48, '8:bf6ca4e45e140b225f6f934935dd2f34', 'createTable tableName=node_named_identities', '', 'EXECUTED', NULL, NULL, '3.6.3', '3614861403') {changeSet=migration/node-services.changelog-init.xml::1511451595465-15::R3.Corda, databaseChangeLog=master.changelog.json}
?[m?[37m[INFO] 23:47:41,582 [Test worker] jvm.JdbcExecutor. - CREATE TABLE PUBLIC.node_our_key_pairs (public_key_hash NVARCHAR(130) NOT NULL, private_key BLOB, public_key BLOB) {changeSet=migration/node-services.changelog-init.xml::1511451595465-17::R3.Corda, databaseChangeLog=master.changelog.json}
?[m?[37m[INFO] 23:47:41,583 [Test worker] changelog.ChangeSet. - Table node_our_key_pairs created {changeSet=migration/node-services.changelog-init.xml::1511451595465-17::R3.Corda, databaseChangeLog=master.changelog.json}
?[m?[37m[INFO] 23:47:41,583 [Test worker] changelog.ChangeSet. - ChangeSet migration/node-services.changelog-init.xml::1511451595465-17::R3.Corda ran successfully in 1ms {changeSet=migration/node-services.changelog-init.xml::1511451595465-17::R3.Corda, databaseChangeLog=master.changelog.json}
?[m?[37m[INFO] 23:47:41,584 [Test worker] jvm.JdbcExecutor. - INSERT INTO PUBLIC.DATABASECHANGELOG (ID, AUTHOR, FILENAME, DATEEXECUTED, ORDEREXECUTED, MD5SUM, DESCRIPTION, COMMENTS, EXECTYPE, CONTEXTS, LABELS, LIQUIBASE, DEPLOYMENT_ID) VALUES ('1511451595465-17', 'R3.Corda', 'migration/node-services.changelog-init.xml', NOW(), 49, '8:e91eb86cb57176d4605d948f694d8441', 'createTable tableName=node_our_key_pairs', '', 'EXECUTED', NULL, NULL, '3.6.3', '3614861403') {changeSet=migration/node-services.changelog-init.xml::1511451595465-17::R3.Corda, databaseChangeLog=master.changelog.json}
?[m?[37m[INFO] 23:47:41,585 [Test worker] jvm.JdbcExecutor. - CREATE TABLE PUBLIC.node_scheduled_states (output_index INT NOT NULL, transaction_id NVARCHAR(64) NOT NULL, scheduled_at TIMESTAMP NOT NULL) {changeSet=migration/node-services.changelog-init.xml::1511451595465-19::R3.Corda, databaseChangeLog=master.changelog.json}
?[m?[37m[INFO] 23:47:41,585 [Test worker] changelog.ChangeSet. - Table node_scheduled_states created {changeSet=migration/node-services.changelog-init.xml::1511451595465-19::R3.Corda, databaseChangeLog=master.changelog.json}
?[m?[37m[INFO] 23:47:41,585 [Test worker] changelog.ChangeSet. - ChangeSet migration/node-services.changelog-init.xml::1511451595465-19::R3.Corda ran successfully in 1ms {changeSet=migration/node-services.changelog-init.xml::1511451595465-19::R3.Corda, databaseChangeLog=master.changelog.json}
?[m?[37m[INFO] 23:47:41,586 [Test worker] jvm.JdbcExecutor. - INSERT INTO PUBLIC.DATABASECHANGELOG (ID, AUTHOR, FILENAME, DATEEXECUTED, ORDEREXECUTED, MD5SUM, DESCRIPTION, COMMENTS, EXECTYPE, CONTEXTS, LABELS, LIQUIBASE, DEPLOYMENT_ID) VALUES ('1511451595465-19', 'R3.Corda', 'migration/node-services.changelog-init.xml', NOW(), 50, '8:55282f9fbfc1cb8f7583a90173e3ff4c', 'createTable tableName=node_scheduled_states', '', 'EXECUTED', NULL, NULL, '3.6.3', '3614861403') {changeSet=migration/node-services.changelog-init.xml::1511451595465-19::R3.Corda, databaseChangeLog=master.changelog.json}
?[m?[37m[INFO] 23:47:41,587 [Test worker] jvm.JdbcExecutor. - CREATE TABLE PUBLIC.node_transaction_mappings (tx_id NVARCHAR(64) NOT NULL, state_machine_run_id NVARCHAR(36)) {changeSet=migration/node-services.changelog-init.xml::1511451595465-20::R3.Corda, databaseChangeLog=master.changelog.json}
?[m?[37m[INFO] 23:47:41,587 [Test worker] changelog.ChangeSet. - Table node_transaction_mappings created {changeSet=migration/node-services.changelog-init.xml::1511451595465-20::R3.Corda, databaseChangeLog=master.changelog.json}
?[m?[37m[INFO] 23:47:41,587 [Test worker] changelog.ChangeSet. - ChangeSet migration/node-services.changelog-init.xml::1511451595465-20::R3.Corda ran successfully in 1ms {changeSet=migration/node-services.changelog-init.xml::1511451595465-20::R3.Corda, databaseChangeLog=master.changelog.json}
?[m?[37m[INFO] 23:47:41,588 [Test worker] jvm.JdbcExecutor. - INSERT INTO PUBLIC.DATABASECHANGELOG (ID, AUTHOR, FILENAME, DATEEXECUTED, ORDEREXECUTED, MD5SUM, DESCRIPTION, COMMENTS, EXECTYPE, CONTEXTS, LABELS, LIQUIBASE, DEPLOYMENT_ID) VALUES ('1511451595465-20', 'R3.Corda', 'migration/node-services.changelog-init.xml', NOW(), 51, '8:cc085b3d33f3d53b75c8866522653f98', 'createTable tableName=node_transaction_mappings', '', 'EXECUTED', NULL, NULL, '3.6.3', '3614861403') {changeSet=migration/node-services.changelog-init.xml::1511451595465-20::R3.Corda, databaseChangeLog=master.changelog.json}
?[m?[37m[INFO] 23:47:41,588 [Test worker] jvm.JdbcExecutor. - CREATE TABLE PUBLIC.node_transactions (tx_id NVARCHAR(64) NOT NULL, transaction_value BLOB) {changeSet=migration/node-services.changelog-init.xml::1511451595465-21::R3.Corda, databaseChangeLog=master.changelog.json}
?[m?[37m[INFO] 23:47:41,589 [Test worker] changelog.ChangeSet. - Table node_transactions created {changeSet=migration/node-services.changelog-init.xml::1511451595465-21::R3.Corda, databaseChangeLog=master.changelog.json}
?[m?[37m[INFO] 23:47:41,589 [Test worker] changelog.ChangeSet. - ChangeSet migration/node-services.changelog-init.xml::1511451595465-21::R3.Corda ran successfully in 1ms {changeSet=migration/node-services.changelog-init.xml::1511451595465-21::R3.Corda, databaseChangeLog=master.changelog.json}
?[m?[37m[INFO] 23:47:41,590 [Test worker] jvm.JdbcExecutor. - INSERT INTO PUBLIC.DATABASECHANGELOG (ID, AUTHOR, FILENAME, DATEEXECUTED, ORDEREXECUTED, MD5SUM, DESCRIPTION, COMMENTS, EXECTYPE, CONTEXTS, LABELS, LIQUIBASE, DEPLOYMENT_ID) VALUES ('1511451595465-21', 'R3.Corda', 'migration/node-services.changelog-init.xml', NOW(), 52, '8:69feb7582f3b77828510a56cb111cfd8', 'createTable tableName=node_transactions', '', 'EXECUTED', NULL, NULL, '3.6.3', '3614861403') {changeSet=migration/node-services.changelog-init.xml::1511451595465-21::R3.Corda, databaseChangeLog=master.changelog.json}
?[m?[37m[INFO] 23:47:41,591 [Test worker] jvm.JdbcExecutor. - ALTER TABLE PUBLIC.node_attachments ADD CONSTRAINT node_attachments_pkey PRIMARY KEY (att_id) {changeSet=migration/node-services.changelog-init.xml::1511451595465-30::R3.Corda, databaseChangeLog=master.changelog.json}
?[m?[37m[INFO] 23:47:41,591 [Test worker] changelog.ChangeSet. - Primary key added to node_attachments (att_id) {changeSet=migration/node-services.changelog-init.xml::1511451595465-30::R3.Corda, databaseChangeLog=master.changelog.json}
?[m?[37m[INFO] 23:47:41,591 [Test worker] changelog.ChangeSet. - ChangeSet migration/node-services.changelog-init.xml::1511451595465-30::R3.Corda ran successfully in 1ms {changeSet=migration/node-services.changelog-init.xml::1511451595465-30::R3.Corda, databaseChangeLog=master.changelog.json}
?[m?[37m[INFO] 23:47:41,592 [Test worker] jvm.JdbcExecutor. - INSERT INTO PUBLIC.DATABASECHANGELOG (ID, AUTHOR, FILENAME, DATEEXECUTED, ORDEREXECUTED, MD5SUM, DESCRIPTION, COMMENTS, EXECTYPE, CONTEXTS, LABELS, LIQUIBASE, DEPLOYMENT_ID) VALUES ('1511451595465-30', 'R3.Corda', 'migration/node-services.changelog-init.xml', NOW(), 53, '8:97c42d4eac368e79f47df345a072b237', 'addPrimaryKey constraintName=node_attachments_pkey, tableName=node_attachments', '', 'EXECUTED', NULL, NULL, '3.6.3', '3614861403') {changeSet=migration/node-services.changelog-init.xml::1511451595465-30::R3.Corda, databaseChangeLog=master.changelog.json}
?[m?[37m[INFO] 23:47:41,593 [Test worker] jvm.JdbcExecutor. - ALTER TABLE PUBLIC.node_checkpoints ADD CONSTRAINT node_checkpoints_pkey PRIMARY KEY (checkpoint_id) {changeSet=migration/node-services.changelog-init.xml::1511451595465-32::R3.Corda, databaseChangeLog=master.changelog.json}
?[m?[37m[INFO] 23:47:41,593 [Test worker] changelog.ChangeSet. - Primary key added to node_checkpoints (checkpoint_id) {changeSet=migration/node-services.changelog-init.xml::1511451595465-32::R3.Corda, databaseChangeLog=master.changelog.json}
?[m?[37m[INFO] 23:47:41,593 [Test worker] changelog.ChangeSet. - ChangeSet migration/node-services.changelog-init.xml::1511451595465-32::R3.Corda ran successfully in 1ms {changeSet=migration/node-services.changelog-init.xml::1511451595465-32::R3.Corda, databaseChangeLog=master.changelog.json}
?[m?[37m[INFO] 23:47:41,594 [Test worker] jvm.JdbcExecutor. - INSERT INTO PUBLIC.DATABASECHANGELOG (ID, AUTHOR, FILENAME, DATEEXECUTED, ORDEREXECUTED, MD5SUM, DESCRIPTION, COMMENTS, EXECTYPE, CONTEXTS, LABELS, LIQUIBASE, DEPLOYMENT_ID) VALUES ('1511451595465-32', 'R3.Corda', 'migration/node-services.changelog-init.xml', NOW(), 54, '8:7224c32660081d3e820e52e2b70b365f', 'addPrimaryKey constraintName=node_checkpoints_pkey, tableName=node_checkpoints', '', 'EXECUTED', NULL, NULL, '3.6.3', '3614861403') {changeSet=migration/node-services.changelog-init.xml::1511451595465-32::R3.Corda, databaseChangeLog=master.changelog.json}
?[m?[37m[INFO] 23:47:41,594 [Test worker] jvm.JdbcExecutor. - ALTER TABLE PUBLIC.node_contract_upgrades ADD CONSTRAINT node_contract_upgrades_pkey PRIMARY KEY (state_ref) {changeSet=migration/node-services.changelog-init.xml::1511451595465-33::R3.Corda, databaseChangeLog=master.changelog.json}
?[m?[37m[INFO] 23:47:41,595 [Test worker] changelog.ChangeSet. - Primary key added to node_contract_upgrades (state_ref) {changeSet=migration/node-services.changelog-init.xml::1511451595465-33::R3.Corda, databaseChangeLog=master.changelog.json}
?[m?[37m[INFO] 23:47:41,595 [Test worker] changelog.ChangeSet. - ChangeSet migration/node-services.changelog-init.xml::1511451595465-33::R3.Corda ran successfully in 1ms {changeSet=migration/node-services.changelog-init.xml::1511451595465-33::R3.Corda, databaseChangeLog=master.changelog.json}
?[m?[37m[INFO] 23:47:41,595 [Test worker] jvm.JdbcExecutor. - INSERT INTO PUBLIC.DATABASECHANGELOG (ID, AUTHOR, FILENAME, DATEEXECUTED, ORDEREXECUTED, MD5SUM, DESCRIPTION, COMMENTS, EXECTYPE, CONTEXTS, LABELS, LIQUIBASE, DEPLOYMENT_ID) VALUES ('1511451595465-33', 'R3.Corda', 'migration/node-services.changelog-init.xml', NOW(), 55, '8:85bcae037a29317065e3b922e0563902', 'addPrimaryKey constraintName=node_contract_upgrades_pkey, tableName=node_contract_upgrades', '', 'EXECUTED', NULL, NULL, '3.6.3', '3614861403') {changeSet=migration/node-services.changelog-init.xml::1511451595465-33::R3.Corda, databaseChangeLog=master.changelog.json}
?[m?[37m[INFO] 23:47:41,596 [Test worker] jvm.JdbcExecutor. - ALTER TABLE PUBLIC.node_identities ADD CONSTRAINT node_identities_pkey PRIMARY KEY (pk_hash) {changeSet=migration/node-services.changelog-init.xml::1511451595465-34::R3.Corda, databaseChangeLog=master.changelog.json}
?[m?[37m[INFO] 23:47:41,596 [Test worker] changelog.ChangeSet. - Primary key added to node_identities (pk_hash) {changeSet=migration/node-services.changelog-init.xml::1511451595465-34::R3.Corda, databaseChangeLog=master.changelog.json}
?[m?[37m[INFO] 23:47:41,596 [Test worker] changelog.ChangeSet. - ChangeSet migration/node-services.changelog-init.xml::1511451595465-34::R3.Corda ran successfully in 0ms {changeSet=migration/node-services.changelog-init.xml::1511451595465-34::R3.Corda, databaseChangeLog=master.changelog.json}
?[m?[37m[INFO] 23:47:41,597 [Test worker] jvm.JdbcExecutor. - INSERT INTO PUBLIC.DATABASECHANGELOG (ID, AUTHOR, FILENAME, DATEEXECUTED, ORDEREXECUTED, MD5SUM, DESCRIPTION, COMMENTS, EXECTYPE, CONTEXTS, LABELS, LIQUIBASE, DEPLOYMENT_ID) VALUES ('1511451595465-34', 'R3.Corda', 'migration/node-services.changelog-init.xml', NOW(), 56, '8:308ffe9985df3029fc05bd41c60010a9', 'addPrimaryKey constraintName=node_identities_pkey, tableName=node_identities', '', 'EXECUTED', NULL, NULL, '3.6.3', '3614861403') {changeSet=migration/node-services.changelog-init.xml::1511451595465-34::R3.Corda, databaseChangeLog=master.changelog.json}
?[m?[37m[INFO] 23:47:41,599 [Test worker] jvm.JdbcExecutor. - ALTER TABLE PUBLIC.node_message_ids ADD CONSTRAINT node_message_ids_pkey PRIMARY KEY (message_id) {changeSet=migration/node-services.changelog-init.xml::1511451595465-38::R3.Corda, databaseChangeLog=master.changelog.json}
?[m?[37m[INFO] 23:47:41,599 [Test worker] changelog.ChangeSet. - Primary key added to node_message_ids (message_id) {changeSet=migration/node-services.changelog-init.xml::1511451595465-38::R3.Corda, databaseChangeLog=master.changelog.json}
?[m?[37m[INFO] 23:47:41,599 [Test worker] changelog.ChangeSet. - ChangeSet migration/node-services.changelog-init.xml::1511451595465-38::R3.Corda ran successfully in 1ms {changeSet=migration/node-services.changelog-init.xml::1511451595465-38::R3.Corda, databaseChangeLog=master.changelog.json}
?[m?[37m[INFO] 23:47:41,601 [Test worker] jvm.JdbcExecutor. - INSERT INTO PUBLIC.DATABASECHANGELOG (ID, AUTHOR, FILENAME, DATEEXECUTED, ORDEREXECUTED, MD5SUM, DESCRIPTION, COMMENTS, EXECTYPE, CONTEXTS, LABELS, LIQUIBASE, DEPLOYMENT_ID) VALUES ('1511451595465-38', 'R3.Corda', 'migration/node-services.changelog-init.xml', NOW(), 57, '8:18b1b83ce2a778af1a8a8c9c56bb9651', 'addPrimaryKey constraintName=node_message_ids_pkey, tableName=node_message_ids', '', 'EXECUTED', NULL, NULL, '3.6.3', '3614861403') {changeSet=migration/node-services.changelog-init.xml::1511451595465-38::R3.Corda, databaseChangeLog=master.changelog.json}
?[m?[37m[INFO] 23:47:41,602 [Test worker] jvm.JdbcExecutor. - ALTER TABLE PUBLIC.node_message_retry ADD CONSTRAINT node_message_retry_pkey PRIMARY KEY (message_id) {changeSet=migration/node-services.changelog-init.xml::1511451595465-39::R3.Corda, databaseChangeLog=master.changelog.json}
?[m?[37m[INFO] 23:47:41,602 [Test worker] changelog.ChangeSet. - Primary key added to node_message_retry (message_id) {changeSet=migration/node-services.changelog-init.xml::1511451595465-39::R3.Corda, databaseChangeLog=master.changelog.json}
?[m?[37m[INFO] 23:47:41,602 [Test worker] changelog.ChangeSet. - ChangeSet migration/node-services.changelog-init.xml::1511451595465-39::R3.Corda ran successfully in 0ms {changeSet=migration/node-services.changelog-init.xml::1511451595465-39::R3.Corda, databaseChangeLog=master.changelog.json}
?[m?[37m[INFO] 23:47:41,603 [Test worker] jvm.JdbcExecutor. - INSERT INTO PUBLIC.DATABASECHANGELOG (ID, AUTHOR, FILENAME, DATEEXECUTED, ORDEREXECUTED, MD5SUM, DESCRIPTION, COMMENTS, EXECTYPE, CONTEXTS, LABELS, LIQUIBASE, DEPLOYMENT_ID) VALUES ('1511451595465-39', 'R3.Corda', 'migration/node-services.changelog-init.xml', NOW(), 58, '8:0359c73c9db723c73ee0171620ff4ac6', 'addPrimaryKey constraintName=node_message_retry_pkey, tableName=node_message_retry', '', 'EXECUTED', NULL, NULL, '3.6.3', '3614861403') {changeSet=migration/node-services.changelog-init.xml::1511451595465-39::R3.Corda, databaseChangeLog=master.changelog.json}
?[m?[37m[INFO] 23:47:41,604 [Test worker] jvm.JdbcExecutor. - ALTER TABLE PUBLIC.node_named_identities ADD CONSTRAINT node_named_identities_pkey PRIMARY KEY (name) {changeSet=migration/node-services.changelog-init.xml::1511451595465-40::R3.Corda, databaseChangeLog=master.changelog.json}
?[m?[37m[INFO] 23:47:41,604 [Test worker] changelog.ChangeSet. - Primary key added to node_named_identities (name) {changeSet=migration/node-services.changelog-init.xml::1511451595465-40::R3.Corda, databaseChangeLog=master.changelog.json}
?[m?[37m[INFO] 23:47:41,604 [Test worker] changelog.ChangeSet. - ChangeSet migration/node-services.changelog-init.xml::1511451595465-40::R3.Corda ran successfully in 0ms {changeSet=migration/node-services.changelog-init.xml::1511451595465-40::R3.Corda, databaseChangeLog=master.changelog.json}
?[m?[37m[INFO] 23:47:41,605 [Test worker] jvm.JdbcExecutor. - INSERT INTO PUBLIC.DATABASECHANGELOG (ID, AUTHOR, FILENAME, DATEEXECUTED, ORDEREXECUTED, MD5SUM, DESCRIPTION, COMMENTS, EXECTYPE, CONTEXTS, LABELS, LIQUIBASE, DEPLOYMENT_ID) VALUES ('1511451595465-40', 'R3.Corda', 'migration/node-services.changelog-init.xml', NOW(), 59, '8:ef3ab101a3e4c5820f575d5adcb85c08', 'addPrimaryKey constraintName=node_named_identities_pkey, tableName=node_named_identities', '', 'EXECUTED', NULL, NULL, '3.6.3', '3614861403') {changeSet=migration/node-services.changelog-init.xml::1511451595465-40::R3.Corda, databaseChangeLog=master.changelog.json}
?[m?[37m[INFO] 23:47:41,608 [Test worker] jvm.JdbcExecutor. - ALTER TABLE PUBLIC.node_our_key_pairs ADD CONSTRAINT node_our_key_pairs_pkey PRIMARY KEY (public_key_hash) {changeSet=migration/node-services.changelog-init.xml::1511451595465-42::R3.Corda, databaseChangeLog=master.changelog.json}
?[m?[37m[INFO] 23:47:41,608 [Test worker] changelog.ChangeSet. - Primary key added to node_our_key_pairs (public_key_hash) {changeSet=migration/node-services.changelog-init.xml::1511451595465-42::R3.Corda, databaseChangeLog=master.changelog.json}
?[m?[37m[INFO] 23:47:41,608 [Test worker] changelog.ChangeSet. - ChangeSet migration/node-services.changelog-init.xml::1511451595465-42::R3.Corda ran successfully in 2ms {changeSet=migration/node-services.changelog-init.xml::1511451595465-42::R3.Corda, databaseChangeLog=master.changelog.json}
?[m?[37m[INFO] 23:47:41,609 [Test worker] jvm.JdbcExecutor. - INSERT INTO PUBLIC.DATABASECHANGELOG (ID, AUTHOR, FILENAME, DATEEXECUTED, ORDEREXECUTED, MD5SUM, DESCRIPTION, COMMENTS, EXECTYPE, CONTEXTS, LABELS, LIQUIBASE, DEPLOYMENT_ID) VALUES ('1511451595465-42', 'R3.Corda', 'migration/node-services.changelog-init.xml', NOW(), 60, '8:d742088fd258d00e0a1fbffcf2e27c61', 'addPrimaryKey constraintName=node_our_key_pairs_pkey, tableName=node_our_key_pairs', '', 'EXECUTED', NULL, NULL, '3.6.3', '3614861403') {changeSet=migration/node-services.changelog-init.xml::1511451595465-42::R3.Corda, databaseChangeLog=master.changelog.json}
?[m?[37m[INFO] 23:47:41,610 [Test worker] jvm.JdbcExecutor. - ALTER TABLE PUBLIC.node_scheduled_states ADD CONSTRAINT node_scheduled_states_pkey PRIMARY KEY (output_index, transaction_id) {changeSet=migration/node-services.changelog-init.xml::1511451595465-44::R3.Corda, databaseChangeLog=master.changelog.json}
?[m?[37m[INFO] 23:47:41,610 [Test worker] changelog.ChangeSet. - Primary key added to node_scheduled_states (output_index, transaction_id) {changeSet=migration/node-services.changelog-init.xml::1511451595465-44::R3.Corda, databaseChangeLog=master.changelog.json}
?[m?[37m[INFO] 23:47:41,610 [Test worker] changelog.ChangeSet. - ChangeSet migration/node-services.changelog-init.xml::1511451595465-44::R3.Corda ran successfully in 0ms {changeSet=migration/node-services.changelog-init.xml::1511451595465-44::R3.Corda, databaseChangeLog=master.changelog.json}
?[m?[37m[INFO] 23:47:41,612 [Test worker] jvm.JdbcExecutor. - INSERT INTO PUBLIC.DATABASECHANGELOG (ID, AUTHOR, FILENAME, DATEEXECUTED, ORDEREXECUTED, MD5SUM, DESCRIPTION, COMMENTS, EXECTYPE, CONTEXTS, LABELS, LIQUIBASE, DEPLOYMENT_ID) VALUES ('1511451595465-44', 'R3.Corda', 'migration/node-services.changelog-init.xml', NOW(), 61, '8:dc8b980de5154038877f6d2e43b97ad1', 'addPrimaryKey constraintName=node_scheduled_states_pkey, tableName=node_scheduled_states', '', 'EXECUTED', NULL, NULL, '3.6.3', '3614861403') {changeSet=migration/node-services.changelog-init.xml::1511451595465-44::R3.Corda, databaseChangeLog=master.changelog.json}
?[m?[37m[INFO] 23:47:41,612 [Test worker] jvm.JdbcExecutor. - ALTER TABLE PUBLIC.node_transaction_mappings ADD CONSTRAINT node_transaction_mappings_pkey PRIMARY KEY (tx_id) {changeSet=migration/node-services.changelog-init.xml::1511451595465-45::R3.Corda, databaseChangeLog=master.changelog.json}
?[m?[37m[INFO] 23:47:41,613 [Test worker] changelog.ChangeSet. - Primary key added to node_transaction_mappings (tx_id) {changeSet=migration/node-services.changelog-init.xml::1511451595465-45::R3.Corda, databaseChangeLog=master.changelog.json}
?[m?[37m[INFO] 23:47:41,613 [Test worker] changelog.ChangeSet. - ChangeSet migration/node-services.changelog-init.xml::1511451595465-45::R3.Corda ran successfully in 1ms {changeSet=migration/node-services.changelog-init.xml::1511451595465-45::R3.Corda, databaseChangeLog=master.changelog.json}
?[m?[37m[INFO] 23:47:41,614 [Test worker] jvm.JdbcExecutor. - INSERT INTO PUBLIC.DATABASECHANGELOG (ID, AUTHOR, FILENAME, DATEEXECUTED, ORDEREXECUTED, MD5SUM, DESCRIPTION, COMMENTS, EXECTYPE, CONTEXTS, LABELS, LIQUIBASE, DEPLOYMENT_ID) VALUES ('1511451595465-45', 'R3.Corda', 'migration/node-services.changelog-init.xml', NOW(), 62, '8:2ae0fa18530e20aa3bcd6109b7d95247', 'addPrimaryKey constraintName=node_transaction_mappings_pkey, tableName=node_transaction_mappings', '', 'EXECUTED', NULL, NULL, '3.6.3', '3614861403') {changeSet=migration/node-services.changelog-init.xml::1511451595465-45::R3.Corda, databaseChangeLog=master.changelog.json}
?[m?[37m[INFO] 23:47:41,615 [Test worker] jvm.JdbcExecutor. - ALTER TABLE PUBLIC.node_transactions ADD CONSTRAINT node_transactions_pkey PRIMARY KEY (tx_id) {changeSet=migration/node-services.changelog-init.xml::1511451595465-46::R3.Corda, databaseChangeLog=master.changelog.json}
?[m?[37m[INFO] 23:47:41,615 [Test worker] changelog.ChangeSet. - Primary key added to node_transactions (tx_id) {changeSet=migration/node-services.changelog-init.xml::1511451595465-46::R3.Corda, databaseChangeLog=master.changelog.json}
?[m?[37m[INFO] 23:47:41,615 [Test worker] changelog.ChangeSet. - ChangeSet migration/node-services.changelog-init.xml::1511451595465-46::R3.Corda ran successfully in 1ms {changeSet=migration/node-services.changelog-init.xml::1511451595465-46::R3.Corda, databaseChangeLog=master.changelog.json}
?[m?[37m[INFO] 23:47:41,616 [Test worker] jvm.JdbcExecutor. - INSERT INTO PUBLIC.DATABASECHANGELOG (ID, AUTHOR, FILENAME, DATEEXECUTED, ORDEREXECUTED, MD5SUM, DESCRIPTION, COMMENTS, EXECTYPE, CONTEXTS, LABELS, LIQUIBASE, DEPLOYMENT_ID) VALUES ('1511451595465-46', 'R3.Corda', 'migration/node-services.changelog-init.xml', NOW(), 63, '8:d5e4dd3dba8e89f77b6eeff0fc5b7a49', 'addPrimaryKey constraintName=node_transactions_pkey, tableName=node_transactions', '', 'EXECUTED', NULL, NULL, '3.6.3', '3614861403') {changeSet=migration/node-services.changelog-init.xml::1511451595465-46::R3.Corda, databaseChangeLog=master.changelog.json}
?[m?[37m[INFO] 23:47:41,617 [Test worker] jvm.JdbcExecutor. - ALTER TABLE PUBLIC.node_link_nodeinfo_party ADD CONSTRAINT FK__link_ni_p__info_p_cert FOREIGN KEY (party_name) REFERENCES PUBLIC.node_info_party_cert (party_name) {changeSet=migration/node-services.changelog-init.xml::1511451595465-61::R3.Corda, databaseChangeLog=master.changelog.json}
?[m?[37m[INFO] 23:47:41,618 [Test worker] changelog.ChangeSet. - Foreign key constraint added to node_link_nodeinfo_party (party_name) {changeSet=migration/node-services.changelog-init.xml::1511451595465-61::R3.Corda, databaseChangeLog=master.changelog.json}
?[m?[37m[INFO] 23:47:41,618 [Test worker] changelog.ChangeSet. - ChangeSet migration/node-services.changelog-init.xml::1511451595465-61::R3.Corda ran successfully in 1ms {changeSet=migration/node-services.changelog-init.xml::1511451595465-61::R3.Corda, databaseChangeLog=master.changelog.json}
?[m?[37m[INFO] 23:47:41,619 [Test worker] jvm.JdbcExecutor. - INSERT INTO PUBLIC.DATABASECHANGELOG (ID, AUTHOR, FILENAME, DATEEXECUTED, ORDEREXECUTED, MD5SUM, DESCRIPTION, COMMENTS, EXECTYPE, CONTEXTS, LABELS, LIQUIBASE, DEPLOYMENT_ID) VALUES ('1511451595465-61', 'R3.Corda', 'migration/node-services.changelog-init.xml', NOW(), 64, '8:1d4e406a8056aa782ccbd978771f1fb9', 'addForeignKeyConstraint baseTableName=node_link_nodeinfo_party, constraintName=FK__link_ni_p__info_p_cert, referencedTableName=node_info_party_cert', '', 'EXECUTED', NULL, NULL, '3.6.3', '3614861403') {changeSet=migration/node-services.changelog-init.xml::1511451595465-61::R3.Corda, databaseChangeLog=master.changelog.json}
?[m?[37m[INFO] 23:47:41,620 [Test worker] jvm.JdbcExecutor. - CREATE INDEX PUBLIC.att_id_idx ON PUBLIC.node_attachments(att_id) {changeSet=migration/node-services.changelog-init.xml::add index att_id::R3.Corda, databaseChangeLog=master.changelog.json}
?[m?[37m[INFO] 23:47:41,620 [Test worker] changelog.ChangeSet. - Index att_id_idx created {changeSet=migration/node-services.changelog-init.xml::add index att_id::R3.Corda, databaseChangeLog=master.changelog.json}
?[m?[37m[INFO] 23:47:41,620 [Test worker] changelog.ChangeSet. - ChangeSet migration/node-services.changelog-init.xml::add index att_id::R3.Corda ran successfully in 0ms {changeSet=migration/node-services.changelog-init.xml::add index att_id::R3.Corda, databaseChangeLog=master.changelog.json}
?[m?[37m[INFO] 23:47:41,621 [Test worker] jvm.JdbcExecutor. - INSERT INTO PUBLIC.DATABASECHANGELOG (ID, AUTHOR, FILENAME, DATEEXECUTED, ORDEREXECUTED, MD5SUM, DESCRIPTION, COMMENTS, EXECTYPE, CONTEXTS, LABELS, LIQUIBASE, DEPLOYMENT_ID) VALUES ('add index att_id', 'R3.Corda', 'migration/node-services.changelog-init.xml', NOW(), 65, '8:ccf9b08f32d685dc60d6e34a3013bffc', 'createIndex indexName=att_id_idx, tableName=node_attachments', '', 'EXECUTED', NULL, NULL, '3.6.3', '3614861403') {changeSet=migration/node-services.changelog-init.xml::add index att_id::R3.Corda, databaseChangeLog=master.changelog.json}
?[m?[37m[INFO] 23:47:41,622 [Test worker] jvm.JdbcExecutor. - CREATE TABLE PUBLIC.node_attchments_contracts (att_id NVARCHAR(255) NOT NULL, contract_class_name NVARCHAR(255)) {changeSet=migration/node-services.changelog-init.xml::add_contract_attachment::R3.Corda, databaseChangeLog=master.changelog.json}
?[m?[37m[INFO] 23:47:41,623 [Test worker] changelog.ChangeSet. - Table node_attchments_contracts created {changeSet=migration/node-services.changelog-init.xml::add_contract_attachment::R3.Corda, databaseChangeLog=master.changelog.json}
?[m?[37m[INFO] 23:47:41,625 [Test worker] jvm.JdbcExecutor. - ALTER TABLE PUBLIC.node_attchments_contracts ADD CONSTRAINT FK__ctr_class__attachments FOREIGN KEY (att_id) REFERENCES PUBLIC.node_attachments (att_id) {changeSet=migration/node-services.changelog-init.xml::add_contract_attachment::R3.Corda, databaseChangeLog=master.changelog.json}
?[m?[37m[INFO] 23:47:41,626 [Test worker] changelog.ChangeSet. - Foreign key constraint added to node_attchments_contracts (att_id) {changeSet=migration/node-services.changelog-init.xml::add_contract_attachment::R3.Corda, databaseChangeLog=master.changelog.json}
?[m?[37m[INFO] 23:47:41,626 [Test worker] jvm.JdbcExecutor. - DELETE FROM PUBLIC.node_attachments {changeSet=migration/node-services.changelog-init.xml::add_contract_attachment::R3.Corda, databaseChangeLog=master.changelog.json}
?[m?[37m[INFO] 23:47:41,626 [Test worker] changelog.ChangeSet. - Data deleted from node_attachments {changeSet=migration/node-services.changelog-init.xml::add_contract_attachment::R3.Corda, databaseChangeLog=master.changelog.json}
?[m?[37m[INFO] 23:47:41,626 [Test worker] changelog.ChangeSet. - ChangeSet migration/node-services.changelog-init.xml::add_contract_attachment::R3.Corda ran successfully in 4ms {changeSet=migration/node-services.changelog-init.xml::add_contract_attachment::R3.Corda, databaseChangeLog=master.changelog.json}
?[m?[37m[INFO] 23:47:41,627 [Test worker] jvm.JdbcExecutor. - INSERT INTO PUBLIC.DATABASECHANGELOG (ID, AUTHOR, FILENAME, DATEEXECUTED, ORDEREXECUTED, MD5SUM, DESCRIPTION, COMMENTS, EXECTYPE, CONTEXTS, LABELS, LIQUIBASE, DEPLOYMENT_ID) VALUES ('add_contract_attachment', 'R3.Corda', 'migration/node-services.changelog-init.xml', NOW(), 66, '8:8898557cf18644883f6f3b0c5e784c0b', 'createTable tableName=node_attchments_contracts; addForeignKeyConstraint baseTableName=node_attchments_contracts, constraintName=FK__ctr_class__attachments, referencedTableName=node_attachments; delete tableName=node_attachments', '', 'EXECUTED', NULL, NULL, '3.6.3', '3614861403') {changeSet=migration/node-services.changelog-init.xml::add_contract_attachment::R3.Corda, databaseChangeLog=master.changelog.json}
?[m?[37m[INFO] 23:47:41,628 [Test worker] jvm.JdbcExecutor. - ALTER TABLE PUBLIC.node_message_ids ADD sender NVARCHAR(64) {changeSet=migration/node-services.changelog-init.xml::add_dedup_columns::R3.Corda, databaseChangeLog=master.changelog.json}
?[m?[37m[INFO] 23:47:41,630 [Test worker] jvm.JdbcExecutor. - ALTER TABLE PUBLIC.node_message_ids ADD sequence_number BIGINT {changeSet=migration/node-services.changelog-init.xml::add_dedup_columns::R3.Corda, databaseChangeLog=master.changelog.json}
?[m?[37m[INFO] 23:47:41,631 [Test worker] changelog.ChangeSet. - Columns sender(NVARCHAR(64)),sequence_number(BIGINT) added to node_message_ids {changeSet=migration/node-services.changelog-init.xml::add_dedup_columns::R3.Corda, databaseChangeLog=master.changelog.json}
?[m?[37m[INFO] 23:47:41,631 [Test worker] changelog.ChangeSet. - ChangeSet migration/node-services.changelog-init.xml::add_dedup_columns::R3.Corda ran successfully in 4ms {changeSet=migration/node-services.changelog-init.xml::add_dedup_columns::R3.Corda, databaseChangeLog=master.changelog.json}
?[m?[37m[INFO] 23:47:41,632 [Test worker] jvm.JdbcExecutor. - INSERT INTO PUBLIC.DATABASECHANGELOG (ID, AUTHOR, FILENAME, DATEEXECUTED, ORDEREXECUTED, MD5SUM, DESCRIPTION, COMMENTS, EXECTYPE, CONTEXTS, LABELS, LIQUIBASE, DEPLOYMENT_ID) VALUES ('add_dedup_columns', 'R3.Corda', 'migration/node-services.changelog-init.xml', NOW(), 67, '8:5924ebdacff695e1f30aa3e0173eccdf', 'addColumn tableName=node_message_ids', '', 'EXECUTED', NULL, NULL, '3.6.3', '3614861403') {changeSet=migration/node-services.changelog-init.xml::add_dedup_columns::R3.Corda, databaseChangeLog=master.changelog.json}
?[m?[37m[INFO] 23:47:41,633 [Test worker] jvm.JdbcExecutor. - ALTER TABLE PUBLIC.node_attchments_contracts RENAME TO node_attachments_contracts {changeSet=migration/node-core.changelog-v4.xml::attchments_rename::R3.Corda, databaseChangeLog=master.changelog.json}
?[m?[37m[INFO] 23:47:41,633 [Test worker] changelog.ChangeSet. - Table node_attchments_contracts renamed to node_attachments_contracts {changeSet=migration/node-core.changelog-v4.xml::attchments_rename::R3.Corda, databaseChangeLog=master.changelog.json}
?[m?[37m[INFO] 23:47:41,633 [Test worker] changelog.ChangeSet. - ChangeSet migration/node-core.changelog-v4.xml::attchments_rename::R3.Corda ran successfully in 0ms {changeSet=migration/node-core.changelog-v4.xml::attchments_rename::R3.Corda, databaseChangeLog=master.changelog.json}
?[m?[37m[INFO] 23:47:41,634 [Test worker] jvm.JdbcExecutor. - INSERT INTO PUBLIC.DATABASECHANGELOG (ID, AUTHOR, FILENAME, DATEEXECUTED, ORDEREXECUTED, MD5SUM, DESCRIPTION, COMMENTS, EXECTYPE, CONTEXTS, LABELS, LIQUIBASE, DEPLOYMENT_ID) VALUES ('attchments_rename', 'R3.Corda', 'migration/node-core.changelog-v4.xml', NOW(), 68, '8:94816d7657264059f2b8da4e97d4b15d', 'renameTable newTableName=node_attachments_contracts, oldTableName=node_attchments_contracts', '', 'EXECUTED', NULL, NULL, '3.6.3', '3614861403') {changeSet=migration/node-core.changelog-v4.xml::attchments_rename::R3.Corda, databaseChangeLog=master.changelog.json}
?[m?[37m[INFO] 23:47:41,635 [Test worker] jvm.JdbcExecutor. - ALTER TABLE PUBLIC.node_identities ALTER COLUMN identity_value SET NOT NULL {changeSet=migration/node-core.changelog-v4.xml::nullability::R3.Corda, databaseChangeLog=master.changelog.json}
?[m?[37m[INFO] 23:47:41,636 [Test worker] changelog.ChangeSet. - NOT NULL constraint has been added to node_identities.identity_value {changeSet=migration/node-core.changelog-v4.xml::nullability::R3.Corda, databaseChangeLog=master.changelog.json}
?[m?[37m[INFO] 23:47:41,636 [Test worker] jvm.JdbcExecutor. - ALTER TABLE PUBLIC.node_attachments ALTER COLUMN content SET NOT NULL {changeSet=migration/node-core.changelog-v4.xml::nullability::R3.Corda, databaseChangeLog=master.changelog.json}
?[m?[37m[INFO] 23:47:41,636 [Test worker] changelog.ChangeSet. - NOT NULL constraint has been added to node_attachments.content {changeSet=migration/node-core.changelog-v4.xml::nullability::R3.Corda, databaseChangeLog=master.changelog.json}
?[m?[37m[INFO] 23:47:41,636 [Test worker] jvm.JdbcExecutor. - ALTER TABLE PUBLIC.node_attachments_contracts ALTER COLUMN contract_class_name SET NOT NULL {changeSet=migration/node-core.changelog-v4.xml::nullability::R3.Corda, databaseChangeLog=master.changelog.json}
?[m?[37m[INFO] 23:47:41,636 [Test worker] changelog.ChangeSet. - NOT NULL constraint has been added to node_attachments_contracts.contract_class_name {changeSet=migration/node-core.changelog-v4.xml::nullability::R3.Corda, databaseChangeLog=master.changelog.json}
?[m?[37m[INFO] 23:47:41,637 [Test worker] jvm.JdbcExecutor. - ALTER TABLE PUBLIC.node_checkpoints ALTER COLUMN checkpoint_value SET NOT NULL {changeSet=migration/node-core.changelog-v4.xml::nullability::R3.Corda, databaseChangeLog=master.changelog.json}
?[m?[37m[INFO] 23:47:41,637 [Test worker] changelog.ChangeSet. - NOT NULL constraint has been added to node_checkpoints.checkpoint_value {changeSet=migration/node-core.changelog-v4.xml::nullability::R3.Corda, databaseChangeLog=master.changelog.json}
?[m?[37m[INFO] 23:47:41,637 [Test worker] jvm.JdbcExecutor. - ALTER TABLE PUBLIC.node_contract_upgrades ALTER COLUMN contract_class_name SET NOT NULL {changeSet=migration/node-core.changelog-v4.xml::nullability::R3.Corda, databaseChangeLog=master.changelog.json}
?[m?[37m[INFO] 23:47:41,638 [Test worker] changelog.ChangeSet. - NOT NULL constraint has been added to node_contract_upgrades.contract_class_name {changeSet=migration/node-core.changelog-v4.xml::nullability::R3.Corda, databaseChangeLog=master.changelog.json}
?[m?[37m[INFO] 23:47:41,638 [Test worker] jvm.JdbcExecutor. - ALTER TABLE PUBLIC.node_message_ids ALTER COLUMN insertion_time SET NOT NULL {changeSet=migration/node-core.changelog-v4.xml::nullability::R3.Corda, databaseChangeLog=master.changelog.json}
?[m?[37m[INFO] 23:47:41,638 [Test worker] changelog.ChangeSet. - NOT NULL constraint has been added to node_message_ids.insertion_time {changeSet=migration/node-core.changelog-v4.xml::nullability::R3.Corda, databaseChangeLog=master.changelog.json}
?[m?[37m[INFO] 23:47:41,638 [Test worker] jvm.JdbcExecutor. - ALTER TABLE PUBLIC.node_message_retry ALTER COLUMN message SET NOT NULL {changeSet=migration/node-core.changelog-v4.xml::nullability::R3.Corda, databaseChangeLog=master.changelog.json}
?[m?[37m[INFO] 23:47:41,639 [Test worker] changelog.ChangeSet. - NOT NULL constraint has been added to node_message_retry.message {changeSet=migration/node-core.changelog-v4.xml::nullability::R3.Corda, databaseChangeLog=master.changelog.json}
?[m?[37m[INFO] 23:47:41,639 [Test worker] jvm.JdbcExecutor. - ALTER TABLE PUBLIC.node_message_retry ALTER COLUMN recipients SET NOT NULL {changeSet=migration/node-core.changelog-v4.xml::nullability::R3.Corda, databaseChangeLog=master.changelog.json}
?[m?[37m[INFO] 23:47:41,639 [Test worker] changelog.ChangeSet. - NOT NULL constraint has been added to node_message_retry.recipients {changeSet=migration/node-core.changelog-v4.xml::nullability::R3.Corda, databaseChangeLog=master.changelog.json}
?[m?[37m[INFO] 23:47:41,642 [Test worker] jvm.JdbcExecutor. - ALTER TABLE PUBLIC.node_named_identities ALTER COLUMN pk_hash SET NOT NULL {changeSet=migration/node-core.changelog-v4.xml::nullability::R3.Corda, databaseChangeLog=master.changelog.json}
?[m?[37m[INFO] 23:47:41,642 [Test worker] changelog.ChangeSet. - NOT NULL constraint has been added to node_named_identities.pk_hash {changeSet=migration/node-core.changelog-v4.xml::nullability::R3.Corda, databaseChangeLog=master.changelog.json}
?[m?[37m[INFO] 23:47:41,642 [Test worker] jvm.JdbcExecutor. - ALTER TABLE PUBLIC.node_our_key_pairs ALTER COLUMN private_key SET NOT NULL {changeSet=migration/node-core.changelog-v4.xml::nullability::R3.Corda, databaseChangeLog=master.changelog.json}
?[m?[37m[INFO] 23:47:41,642 [Test worker] changelog.ChangeSet. - NOT NULL constraint has been added to node_our_key_pairs.private_key {changeSet=migration/node-core.changelog-v4.xml::nullability::R3.Corda, databaseChangeLog=master.changelog.json}
?[m?[37m[INFO] 23:47:41,642 [Test worker] jvm.JdbcExecutor. - ALTER TABLE PUBLIC.node_our_key_pairs ALTER COLUMN public_key SET NOT NULL {changeSet=migration/node-core.changelog-v4.xml::nullability::R3.Corda, databaseChangeLog=master.changelog.json}
?[m?[37m[INFO] 23:47:41,643 [Test worker] changelog.ChangeSet. - NOT NULL constraint has been added to node_our_key_pairs.public_key {changeSet=migration/node-core.changelog-v4.xml::nullability::R3.Corda, databaseChangeLog=master.changelog.json}
?[m?[37m[INFO] 23:47:41,643 [Test worker] jvm.JdbcExecutor. - ALTER TABLE PUBLIC.node_transaction_mappings ALTER COLUMN state_machine_run_id SET NOT NULL {changeSet=migration/node-core.changelog-v4.xml::nullability::R3.Corda, databaseChangeLog=master.changelog.json}
?[m?[37m[INFO] 23:47:41,644 [Test worker] changelog.ChangeSet. - NOT NULL constraint has been added to node_transaction_mappings.state_machine_run_id {changeSet=migration/node-core.changelog-v4.xml::nullability::R3.Corda, databaseChangeLog=master.changelog.json}
?[m?[37m[INFO] 23:47:41,644 [Test worker] jvm.JdbcExecutor. - ALTER TABLE PUBLIC.node_transactions ALTER COLUMN transaction_value SET NOT NULL {changeSet=migration/node-core.changelog-v4.xml::nullability::R3.Corda, databaseChangeLog=master.changelog.json}
?[m?[37m[INFO] 23:47:41,644 [Test worker] changelog.ChangeSet. - NOT NULL constraint has been added to node_transactions.transaction_value {changeSet=migration/node-core.changelog-v4.xml::nullability::R3.Corda, databaseChangeLog=master.changelog.json}
?[m?[37m[INFO] 23:47:41,644 [Test worker] changelog.ChangeSet. - ChangeSet migration/node-core.changelog-v4.xml::nullability::R3.Corda ran successfully in 9ms {changeSet=migration/node-core.changelog-v4.xml::nullability::R3.Corda, databaseChangeLog=master.changelog.json}
?[m?[37m[INFO] 23:47:41,646 [Test worker] jvm.JdbcExecutor. - INSERT INTO PUBLIC.DATABASECHANGELOG (ID, AUTHOR, FILENAME, DATEEXECUTED, ORDEREXECUTED, MD5SUM, DESCRIPTION, COMMENTS, EXECTYPE, CONTEXTS, LABELS, LIQUIBASE, DEPLOYMENT_ID) VALUES ('nullability', 'R3.Corda', 'migration/node-core.changelog-v4.xml', NOW(), 69, '8:62ddcf64aece5dc383fa400ac8ccc392', 'addNotNullConstraint columnName=identity_value, tableName=node_identities; addNotNullConstraint columnName=content, tableName=node_attachments; addNotNullConstraint columnName=contract_class_name, tableName=node_attachments_contracts; addNotNullCo...', '', 'EXECUTED', NULL, NULL, '3.6.3', '3614861403') {changeSet=migration/node-core.changelog-v4.xml::nullability::R3.Corda, databaseChangeLog=master.changelog.json}
?[m?[37m[INFO] 23:47:41,647 [Test worker] jvm.JdbcExecutor. - DROP TABLE PUBLIC.node_message_retry {changeSet=migration/node-core.changelog-v5.xml::remove_unused_node_message_retry::R3.Corda, databaseChangeLog=master.changelog.json}
?[m?[37m[INFO] 23:47:41,647 [Test worker] changelog.ChangeSet. - Table node_message_retry dropped {changeSet=migration/node-core.changelog-v5.xml::remove_unused_node_message_retry::R3.Corda, databaseChangeLog=master.changelog.json}
?[m?[37m[INFO] 23:47:41,647 [Test worker] changelog.ChangeSet. - ChangeSet migration/node-core.changelog-v5.xml::remove_unused_node_message_retry::R3.Corda ran successfully in 1ms {changeSet=migration/node-core.changelog-v5.xml::remove_unused_node_message_retry::R3.Corda, databaseChangeLog=master.changelog.json}
?[m?[37m[INFO] 23:47:41,648 [Test worker] jvm.JdbcExecutor. - INSERT INTO PUBLIC.DATABASECHANGELOG (ID, AUTHOR, FILENAME, DATEEXECUTED, ORDEREXECUTED, MD5SUM, DESCRIPTION, COMMENTS, EXECTYPE, CONTEXTS, LABELS, LIQUIBASE, DEPLOYMENT_ID) VALUES ('remove_unused_node_message_retry', 'R3.Corda', 'migration/node-core.changelog-v5.xml', NOW(), 70, '8:7f43b1a30ed49119520e7d14de6b57bd', 'dropTable tableName=node_message_retry', '', 'EXECUTED', NULL, NULL, '3.6.3', '3614861403') {changeSet=migration/node-core.changelog-v5.xml::remove_unused_node_message_retry::R3.Corda, databaseChangeLog=master.changelog.json}
?[m?[37m[INFO] 23:47:41,651 [Test worker] jvm.JdbcExecutor. - INSERT INTO PUBLIC.DATABASECHANGELOG (ID, AUTHOR, FILENAME, DATEEXECUTED, ORDEREXECUTED, MD5SUM, DESCRIPTION, COMMENTS, EXECTYPE, CONTEXTS, LABELS, LIQUIBASE, DEPLOYMENT_ID) VALUES ('non-clustered_pk-1', 'R3.Corda', 'migration/node-core.changelog-pkey.xml', NOW(), 71, '8:fc341b0d5ff080f0093d8a528299de25', 'dropPrimaryKey constraintName=node_checkpoints_pkey, tableName=node_checkpoints; addPrimaryKey constraintName=node_checkpoints_pkey, tableName=node_checkpoints', '', 'MARK_RAN', NULL, NULL, '3.6.3', '3614861403') {changeSet=migration/node-core.changelog-pkey.xml::non-clustered_pk-1::R3.Corda, databaseChangeLog=master.changelog.json}
?[m?[37m[INFO] 23:47:41,657 [Test worker] jvm.JdbcExecutor. - INSERT INTO PUBLIC.DATABASECHANGELOG (ID, AUTHOR, FILENAME, DATEEXECUTED, ORDEREXECUTED, MD5SUM, DESCRIPTION, COMMENTS, EXECTYPE, CONTEXTS, LABELS, LIQUIBASE, DEPLOYMENT_ID) VALUES ('non-clustered_pk-2', 'R3.Corda', 'migration/node-core.changelog-pkey.xml', NOW(), 72, '8:438db96910ca09a1e8910e74fe31d943', 'dropPrimaryKey constraintName=node_identities_pkey, tableName=node_identities; addPrimaryKey constraintName=node_identities_pkey, tableName=node_identities', '', 'MARK_RAN', NULL, NULL, '3.6.3', '3614861403') {changeSet=migration/node-core.changelog-pkey.xml::non-clustered_pk-2::R3.Corda, databaseChangeLog=master.changelog.json}
?[m?[37m[INFO] 23:47:41,659 [Test worker] jvm.JdbcExecutor. - INSERT INTO PUBLIC.DATABASECHANGELOG (ID, AUTHOR, FILENAME, DATEEXECUTED, ORDEREXECUTED, MD5SUM, DESCRIPTION, COMMENTS, EXECTYPE, CONTEXTS, LABELS, LIQUIBASE, DEPLOYMENT_ID) VALUES ('non-clustered_pk-3', 'R3.Corda', 'migration/node-core.changelog-pkey.xml', NOW(), 73, '8:b02515ba3eb419e880a62ad581d57d9a', 'dropPrimaryKey constraintName=node_message_ids_pkey, tableName=node_message_ids; addPrimaryKey constraintName=node_message_ids_pkey, tableName=node_message_ids', '', 'MARK_RAN', NULL, NULL, '3.6.3', '3614861403') {changeSet=migration/node-core.changelog-pkey.xml::non-clustered_pk-3::R3.Corda, databaseChangeLog=master.changelog.json}
?[m?[37m[INFO] 23:47:41,663 [Test worker] jvm.JdbcExecutor. - INSERT INTO PUBLIC.DATABASECHANGELOG (ID, AUTHOR, FILENAME, DATEEXECUTED, ORDEREXECUTED, MD5SUM, DESCRIPTION, COMMENTS, EXECTYPE, CONTEXTS, LABELS, LIQUIBASE, DEPLOYMENT_ID) VALUES ('non-clustered_pk-4', 'R3.Corda', 'migration/node-core.changelog-pkey.xml', NOW(), 74, '8:9a733c73c5a8ca979384c41d59473644', 'dropPrimaryKey constraintName=node_named_identities_pkey, tableName=node_named_identities; addPrimaryKey constraintName=node_named_identities_pkey, tableName=node_named_identities', '', 'MARK_RAN', NULL, NULL, '3.6.3', '3614861403') {changeSet=migration/node-core.changelog-pkey.xml::non-clustered_pk-4::R3.Corda, databaseChangeLog=master.changelog.json}
?[m?[37m[INFO] 23:47:41,665 [Test worker] jvm.JdbcExecutor. - INSERT INTO PUBLIC.DATABASECHANGELOG (ID, AUTHOR, FILENAME, DATEEXECUTED, ORDEREXECUTED, MD5SUM, DESCRIPTION, COMMENTS, EXECTYPE, CONTEXTS, LABELS, LIQUIBASE, DEPLOYMENT_ID) VALUES ('non-clustered_pk-5', 'R3.Corda', 'migration/node-core.changelog-pkey.xml', NOW(), 75, '8:48cf4a4dad77b6a8f7c3c73c09cc3959', 'dropPrimaryKey constraintName=node_our_key_pairs_pkey, tableName=node_our_key_pairs; addPrimaryKey constraintName=node_our_key_pairs_pkey, tableName=node_our_key_pairs', '', 'MARK_RAN', NULL, NULL, '3.6.3', '3614861403') {changeSet=migration/node-core.changelog-pkey.xml::non-clustered_pk-5::R3.Corda, databaseChangeLog=master.changelog.json}
?[m?[37m[INFO] 23:47:41,666 [Test worker] jvm.JdbcExecutor. - INSERT INTO PUBLIC.DATABASECHANGELOG (ID, AUTHOR, FILENAME, DATEEXECUTED, ORDEREXECUTED, MD5SUM, DESCRIPTION, COMMENTS, EXECTYPE, CONTEXTS, LABELS, LIQUIBASE, DEPLOYMENT_ID) VALUES ('non-clustered_pk-6', 'R3.Corda', 'migration/node-core.changelog-pkey.xml', NOW(), 76, '8:25c5581ce04f688ea83704ffa44bab8e', 'dropPrimaryKey constraintName=node_transaction_mappings_pkey, tableName=node_transaction_mappings; addPrimaryKey constraintName=node_transaction_mappings_pkey, tableName=node_transaction_mappings', '', 'MARK_RAN', NULL, NULL, '3.6.3', '3614861403') {changeSet=migration/node-core.changelog-pkey.xml::non-clustered_pk-6::R3.Corda, databaseChangeLog=master.changelog.json}
?[m?[37m[INFO] 23:47:41,668 [Test worker] jvm.JdbcExecutor. - INSERT INTO PUBLIC.DATABASECHANGELOG (ID, AUTHOR, FILENAME, DATEEXECUTED, ORDEREXECUTED, MD5SUM, DESCRIPTION, COMMENTS, EXECTYPE, CONTEXTS, LABELS, LIQUIBASE, DEPLOYMENT_ID) VALUES ('non-clustered_pk-7', 'R3.Corda', 'migration/node-core.changelog-pkey.xml', NOW(), 77, '8:64773359f27e2f85fe6df6097823ce69', 'dropPrimaryKey constraintName=node_transactions_pkey, tableName=node_transactions; addPrimaryKey constraintName=node_transactions_pkey, tableName=node_transactions', '', 'MARK_RAN', NULL, NULL, '3.6.3', '3614861403') {changeSet=migration/node-core.changelog-pkey.xml::non-clustered_pk-7::R3.Corda, databaseChangeLog=master.changelog.json}
?[m?[37m[INFO] 23:47:41,679 [Test worker] changelog.ChangeSet. - Marking ChangeSet: migration/node-core.changelog-v8.xml::conditional_attchments_rename::R3.Corda ran despite precondition failure due to onFail='MARK_RAN': 
          master.changelog.json : Table PUBLIC.NODE_ATTCHMENTS_CONTRACTS does not exist
 {changeSet=migration/node-core.changelog-v8.xml::conditional_attchments_rename::R3.Corda, databaseChangeLog=master.changelog.json}
?[m?[37m[INFO] 23:47:41,680 [Test worker] jvm.JdbcExecutor. - INSERT INTO PUBLIC.DATABASECHANGELOG (ID, AUTHOR, FILENAME, DATEEXECUTED, ORDEREXECUTED, MD5SUM, DESCRIPTION, COMMENTS, EXECTYPE, CONTEXTS, LABELS, LIQUIBASE, DEPLOYMENT_ID) VALUES ('conditional_attchments_rename', 'R3.Corda', 'migration/node-core.changelog-v8.xml', NOW(), 78, '8:114fc6d1775676ecf274989170741a5b', 'renameTable newTableName=NODE_ATTACHMENTS_CONTRACTS, oldTableName=NODE_ATTCHMENTS_CONTRACTS', '', 'MARK_RAN', NULL, NULL, '3.6.3', '3614861403') {changeSet=migration/node-core.changelog-v8.xml::conditional_attchments_rename::R3.Corda, databaseChangeLog=master.changelog.json}
?[m?[37m[INFO] 23:47:41,686 [Test worker] changelog.ChangeSet. - Marking ChangeSet: migration/node-core.changelog-v8.xml::conditional_attchments_contracts::R3.Corda ran despite precondition failure due to onFail='MARK_RAN': 
          master.changelog.json : Table PUBLIC.NODE_ATTACHMENTS_CONTRACT_CLASS_NAME does not exist
 {changeSet=migration/node-core.changelog-v8.xml::conditional_attchments_contracts::R3.Corda, databaseChangeLog=master.changelog.json}
?[m?[37m[INFO] 23:47:41,687 [Test worker] jvm.JdbcExecutor. - INSERT INTO PUBLIC.DATABASECHANGELOG (ID, AUTHOR, FILENAME, DATEEXECUTED, ORDEREXECUTED, MD5SUM, DESCRIPTION, COMMENTS, EXECTYPE, CONTEXTS, LABELS, LIQUIBASE, DEPLOYMENT_ID) VALUES ('conditional_attchments_contracts', 'R3.Corda', 'migration/node-core.changelog-v8.xml', NOW(), 79, '8:c26d868db33a85bdd25570b094635db5', 'renameTable newTableName=NODE_ATTACHMENTS_CONTRACTS, oldTableName=NODE_ATTACHMENTS_CONTRACT_CLASS_NAME', '', 'MARK_RAN', NULL, NULL, '3.6.3', '3614861403') {changeSet=migration/node-core.changelog-v8.xml::conditional_attchments_contracts::R3.Corda, databaseChangeLog=master.changelog.json}
?[m?[37m[INFO] 23:47:41,687 [Test worker] jvm.JdbcExecutor. - CREATE TABLE PUBLIC.node_attachments_signers (att_id NVARCHAR(255) NOT NULL, signer NVARCHAR(1024)) {changeSet=migration/node-core.changelog-v8.xml::add_signers::R3.Corda, databaseChangeLog=master.changelog.json}
?[m?[37m[INFO] 23:47:41,688 [Test worker] changelog.ChangeSet. - Table node_attachments_signers created {changeSet=migration/node-core.changelog-v8.xml::add_signers::R3.Corda, databaseChangeLog=master.changelog.json}
?[m?[37m[INFO] 23:47:41,688 [Test worker] jvm.JdbcExecutor. - ALTER TABLE PUBLIC.node_attachments_signers ADD CONSTRAINT FK__signers__attachments FOREIGN KEY (att_id) REFERENCES PUBLIC.node_attachments (att_id) {changeSet=migration/node-core.changelog-v8.xml::add_signers::R3.Corda, databaseChangeLog=master.changelog.json}
?[m?[37m[INFO] 23:47:41,689 [Test worker] changelog.ChangeSet. - Foreign key constraint added to node_attachments_signers (att_id) {changeSet=migration/node-core.changelog-v8.xml::add_signers::R3.Corda, databaseChangeLog=master.changelog.json}
?[m?[37m[INFO] 23:47:41,689 [Test worker] changelog.ChangeSet. - ChangeSet migration/node-core.changelog-v8.xml::add_signers::R3.Corda ran successfully in 2ms {changeSet=migration/node-core.changelog-v8.xml::add_signers::R3.Corda, databaseChangeLog=master.changelog.json}
?[m?[37m[INFO] 23:47:41,690 [Test worker] jvm.JdbcExecutor. - INSERT INTO PUBLIC.DATABASECHANGELOG (ID, AUTHOR, FILENAME, DATEEXECUTED, ORDEREXECUTED, MD5SUM, DESCRIPTION, COMMENTS, EXECTYPE, CONTEXTS, LABELS, LIQUIBASE, DEPLOYMENT_ID) VALUES ('add_signers', 'R3.Corda', 'migration/node-core.changelog-v8.xml', NOW(), 80, '8:6a033a579a3a8e11a35846d455833835', 'createTable tableName=node_attachments_signers; addForeignKeyConstraint baseTableName=node_attachments_signers, constraintName=FK__signers__attachments, referencedTableName=node_attachments', '', 'EXECUTED', NULL, NULL, '3.6.3', '3614861403') {changeSet=migration/node-core.changelog-v8.xml::add_signers::R3.Corda, databaseChangeLog=master.changelog.json}
?[m?[37m[INFO] 23:47:41,691 [Test worker] jvm.JdbcExecutor. - ALTER TABLE PUBLIC.node_transactions ADD state_machine_run_id NVARCHAR(36) {changeSet=migration/node-core.changelog-tx-mapping.xml::add_tx_mapping_column::R3.Corda, databaseChangeLog=master.changelog.json}
?[m?[37m[INFO] 23:47:41,694 [Test worker] changelog.ChangeSet. - Columns state_machine_run_id(NVARCHAR(36)) added to node_transactions {changeSet=migration/node-core.changelog-tx-mapping.xml::add_tx_mapping_column::R3.Corda, databaseChangeLog=master.changelog.json}
?[m?[37m[INFO] 23:47:41,695 [Test worker] jvm.JdbcExecutor. - update node_transactions set state_machine_run_id=(select state_machine_run_id from
            node_transaction_mappings where node_transactions.tx_id = node_transaction_mappings.tx_id) {changeSet=migration/node-core.changelog-tx-mapping.xml::add_tx_mapping_column::R3.Corda, databaseChangeLog=master.changelog.json}
?[m?[37m[INFO] 23:47:41,695 [Test worker] changelog.ChangeSet. - Custom SQL executed {changeSet=migration/node-core.changelog-tx-mapping.xml::add_tx_mapping_column::R3.Corda, databaseChangeLog=master.changelog.json}
?[m?[37m[INFO] 23:47:41,695 [Test worker] jvm.JdbcExecutor. - DROP TABLE PUBLIC.node_transaction_mappings {changeSet=migration/node-core.changelog-tx-mapping.xml::add_tx_mapping_column::R3.Corda, databaseChangeLog=master.changelog.json}
?[m?[37m[INFO] 23:47:41,696 [Test worker] changelog.ChangeSet. - Table node_transaction_mappings dropped {changeSet=migration/node-core.changelog-tx-mapping.xml::add_tx_mapping_column::R3.Corda, databaseChangeLog=master.changelog.json}
?[m?[37m[INFO] 23:47:41,696 [Test worker] changelog.ChangeSet. - ChangeSet migration/node-core.changelog-tx-mapping.xml::add_tx_mapping_column::R3.Corda ran successfully in 6ms {changeSet=migration/node-core.changelog-tx-mapping.xml::add_tx_mapping_column::R3.Corda, databaseChangeLog=master.changelog.json}
?[m?[37m[INFO] 23:47:41,697 [Test worker] jvm.JdbcExecutor. - INSERT INTO PUBLIC.DATABASECHANGELOG (ID, AUTHOR, FILENAME, DATEEXECUTED, ORDEREXECUTED, MD5SUM, DESCRIPTION, COMMENTS, EXECTYPE, CONTEXTS, LABELS, LIQUIBASE, DEPLOYMENT_ID) VALUES ('add_tx_mapping_column', 'R3.Corda', 'migration/node-core.changelog-tx-mapping.xml', NOW(), 81, '8:6d9d8484a635e932dd8e8f45db1b3d7e', 'addColumn tableName=node_transactions; sql; dropTable tableName=node_transaction_mappings', '', 'EXECUTED', NULL, NULL, '3.6.3', '3614861403') {changeSet=migration/node-core.changelog-tx-mapping.xml::add_tx_mapping_column::R3.Corda, databaseChangeLog=master.changelog.json}
?[m?[37m[INFO] 23:47:41,698 [Test worker] jvm.JdbcExecutor. - CREATE TABLE PUBLIC.node_network_parameters (hash NVARCHAR(130) NOT NULL, epoch INT NOT NULL, parameters_bytes BLOB NOT NULL, signature_bytes BLOB NOT NULL, cert BLOB NOT NULL, parent_cert_path BLOB NOT NULL) {changeSet=migration/node-services.changelog-init.xml::add_network_parameters_storage::R3.Corda, databaseChangeLog=master.changelog.json}
?[m?[37m[INFO] 23:47:41,698 [Test worker] changelog.ChangeSet. - Table node_network_parameters created {changeSet=migration/node-services.changelog-init.xml::add_network_parameters_storage::R3.Corda, databaseChangeLog=master.changelog.json}
?[m?[37m[INFO] 23:47:41,698 [Test worker] changelog.ChangeSet. - ChangeSet migration/node-services.changelog-init.xml::add_network_parameters_storage::R3.Corda ran successfully in 0ms {changeSet=migration/node-services.changelog-init.xml::add_network_parameters_storage::R3.Corda, databaseChangeLog=master.changelog.json}
?[m?[37m[INFO] 23:47:41,699 [Test worker] jvm.JdbcExecutor. - INSERT INTO PUBLIC.DATABASECHANGELOG (ID, AUTHOR, FILENAME, DATEEXECUTED, ORDEREXECUTED, MD5SUM, DESCRIPTION, COMMENTS, EXECTYPE, CONTEXTS, LABELS, LIQUIBASE, DEPLOYMENT_ID) VALUES ('add_network_parameters_storage', 'R3.Corda', 'migration/node-services.changelog-init.xml', NOW(), 82, '8:b448755ba392674254c59e2b9489140f', 'createTable tableName=node_network_parameters', '', 'EXECUTED', NULL, NULL, '3.6.3', '3614861403') {changeSet=migration/node-services.changelog-init.xml::add_network_parameters_storage::R3.Corda, databaseChangeLog=master.changelog.json}
?[m?[37m[INFO] 23:47:41,700 [Test worker] jvm.JdbcExecutor. - ALTER TABLE PUBLIC.node_network_parameters ADD CONSTRAINT node_network_parameters_pkey PRIMARY KEY (hash) {changeSet=migration/node-services.changelog-init.xml::network_parameters_pk::R3.Corda, databaseChangeLog=master.changelog.json}
?[m?[37m[INFO] 23:47:41,700 [Test worker] changelog.ChangeSet. - Primary key added to node_network_parameters (hash) {changeSet=migration/node-services.changelog-init.xml::network_parameters_pk::R3.Corda, databaseChangeLog=master.changelog.json}
?[m?[37m[INFO] 23:47:41,700 [Test worker] changelog.ChangeSet. - ChangeSet migration/node-services.changelog-init.xml::network_parameters_pk::R3.Corda ran successfully in 0ms {changeSet=migration/node-services.changelog-init.xml::network_parameters_pk::R3.Corda, databaseChangeLog=master.changelog.json}
?[m?[37m[INFO] 23:47:41,701 [Test worker] jvm.JdbcExecutor. - INSERT INTO PUBLIC.DATABASECHANGELOG (ID, AUTHOR, FILENAME, DATEEXECUTED, ORDEREXECUTED, MD5SUM, DESCRIPTION, COMMENTS, EXECTYPE, CONTEXTS, LABELS, LIQUIBASE, DEPLOYMENT_ID) VALUES ('network_parameters_pk', 'R3.Corda', 'migration/node-services.changelog-init.xml', NOW(), 83, '8:fc0358b8cab487b52558cd68d6feaf9e', 'addPrimaryKey constraintName=node_network_parameters_pkey, tableName=node_network_parameters', '', 'EXECUTED', NULL, NULL, '3.6.3', '3614861403') {changeSet=migration/node-services.changelog-init.xml::network_parameters_pk::R3.Corda, databaseChangeLog=master.changelog.json}
?[m?[37m[INFO] 23:47:41,702 [Test worker] jvm.JdbcExecutor. - ALTER TABLE PUBLIC.node_attachments ADD version INT {changeSet=migration/node-services.changelog-init.xml::add_version_column::R3.Corda, databaseChangeLog=master.changelog.json}
?[m?[37m[INFO] 23:47:41,704 [Test worker] changelog.ChangeSet. - Columns version(INT) added to node_attachments {changeSet=migration/node-services.changelog-init.xml::add_version_column::R3.Corda, databaseChangeLog=master.changelog.json}
?[m?[37m[INFO] 23:47:41,704 [Test worker] jvm.JdbcExecutor. - update node_attachments set version = 1 {changeSet=migration/node-services.changelog-init.xml::add_version_column::R3.Corda, databaseChangeLog=master.changelog.json}
?[m?[37m[INFO] 23:47:41,704 [Test worker] changelog.ChangeSet. - Custom SQL executed {changeSet=migration/node-services.changelog-init.xml::add_version_column::R3.Corda, databaseChangeLog=master.changelog.json}
?[m?[37m[INFO] 23:47:41,705 [Test worker] jvm.JdbcExecutor. - ALTER TABLE PUBLIC.node_attachments ALTER COLUMN version SET NOT NULL {changeSet=migration/node-services.changelog-init.xml::add_version_column::R3.Corda, databaseChangeLog=master.changelog.json}
?[m?[37m[INFO] 23:47:41,705 [Test worker] changelog.ChangeSet. - NOT NULL constraint has been added to node_attachments.version {changeSet=migration/node-services.changelog-init.xml::add_version_column::R3.Corda, databaseChangeLog=master.changelog.json}
?[m?[37m[INFO] 23:47:41,705 [Test worker] changelog.ChangeSet. - ChangeSet migration/node-services.changelog-init.xml::add_version_column::R3.Corda ran successfully in 4ms {changeSet=migration/node-services.changelog-init.xml::add_version_column::R3.Corda, databaseChangeLog=master.changelog.json}
?[m?[37m[INFO] 23:47:41,706 [Test worker] jvm.JdbcExecutor. - INSERT INTO PUBLIC.DATABASECHANGELOG (ID, AUTHOR, FILENAME, DATEEXECUTED, ORDEREXECUTED, MD5SUM, DESCRIPTION, COMMENTS, EXECTYPE, CONTEXTS, LABELS, LIQUIBASE, DEPLOYMENT_ID) VALUES ('add_version_column', 'R3.Corda', 'migration/node-services.changelog-init.xml', NOW(), 84, '8:ab6a3101d1da88b0f174ccc06a62feef', 'addColumn tableName=node_attachments; sql; addNotNullConstraint columnName=version, tableName=node_attachments', '', 'EXECUTED', NULL, NULL, '3.6.3', '3614861403') {changeSet=migration/node-services.changelog-init.xml::add_version_column::R3.Corda, databaseChangeLog=master.changelog.json}
?[m?[37m[INFO] 23:47:41,708 [Test worker] persistence.AttachmentVersionNumberMigration. - Start executing... {changeSet=migration/node-services.changelog-init.xml::update-version-of-whitelisted-jars::R3.Corda, databaseChangeLog=master.changelog.json}
?[m?[37m[INFO] 23:47:41,713 [Test worker] persistence.AttachmentVersionNumberMigration. - Attachment version creation from whitelisted JARs using network parameters from build\mock-network\20200701-144717.967\nodes\3\network-parameters, whitelistedContractImplementations: {}. {changeSet=migration/node-services.changelog-init.xml::update-version-of-whitelisted-jars::R3.Corda, databaseChangeLog=master.changelog.json}
?[m?[37m[INFO] 23:47:41,713 [Test worker] persistence.AttachmentVersionNumberMigration. - Attachment version creation from whitelisted JARs skipped, no attachments not found. {changeSet=migration/node-services.changelog-init.xml::update-version-of-whitelisted-jars::R3.Corda, databaseChangeLog=master.changelog.json}
?[m?[37m[INFO] 23:47:41,713 [Test worker] changelog.ChangeSet. - null {changeSet=migration/node-services.changelog-init.xml::update-version-of-whitelisted-jars::R3.Corda, databaseChangeLog=master.changelog.json}
?[m?[37m[INFO] 23:47:41,713 [Test worker] changelog.ChangeSet. - ChangeSet migration/node-services.changelog-init.xml::update-version-of-whitelisted-jars::R3.Corda ran successfully in 6ms {changeSet=migration/node-services.changelog-init.xml::update-version-of-whitelisted-jars::R3.Corda, databaseChangeLog=master.changelog.json}
?[m?[37m[INFO] 23:47:41,714 [Test worker] jvm.JdbcExecutor. - INSERT INTO PUBLIC.DATABASECHANGELOG (ID, AUTHOR, FILENAME, DATEEXECUTED, ORDEREXECUTED, MD5SUM, DESCRIPTION, COMMENTS, EXECTYPE, CONTEXTS, LABELS, LIQUIBASE, DEPLOYMENT_ID) VALUES ('update-version-of-whitelisted-jars', 'R3.Corda', 'migration/node-services.changelog-init.xml', NOW(), 85, '8:1d4174a12a4902070f6bf2ba624b0e97', 'customChange', '', 'EXECUTED', NULL, NULL, '3.6.3', '3614861403') {changeSet=migration/node-services.changelog-init.xml::update-version-of-whitelisted-jars::R3.Corda, databaseChangeLog=master.changelog.json}
?[m?[37m[INFO] 23:47:41,715 [Test worker] jvm.JdbcExecutor. - CREATE TABLE PUBLIC.node_identities_no_cert (pk_hash NVARCHAR(130) NOT NULL, name NVARCHAR(128) NOT NULL) {changeSet=migration/node-services.changelog-init.xml::add-new-persistence-table::R3.Corda, databaseChangeLog=master.changelog.json}
?[m?[37m[INFO] 23:47:41,716 [Test worker] changelog.ChangeSet. - Table node_identities_no_cert created {changeSet=migration/node-services.changelog-init.xml::add-new-persistence-table::R3.Corda, databaseChangeLog=master.changelog.json}
?[m?[37m[INFO] 23:47:41,716 [Test worker] jvm.JdbcExecutor. - ALTER TABLE PUBLIC.node_identities_no_cert ADD CONSTRAINT node_identities_no_cert_pkey PRIMARY KEY (pk_hash) {changeSet=migration/node-services.changelog-init.xml::add-new-persistence-table::R3.Corda, databaseChangeLog=master.changelog.json}
?[m?[37m[INFO] 23:47:41,716 [Test worker] changelog.ChangeSet. - Primary key added to node_identities_no_cert (pk_hash) {changeSet=migration/node-services.changelog-init.xml::add-new-persistence-table::R3.Corda, databaseChangeLog=master.changelog.json}
?[m?[37m[INFO] 23:47:41,716 [Test worker] changelog.ChangeSet. - ChangeSet migration/node-services.changelog-init.xml::add-new-persistence-table::R3.Corda ran successfully in 1ms {changeSet=migration/node-services.changelog-init.xml::add-new-persistence-table::R3.Corda, databaseChangeLog=master.changelog.json}
?[m?[37m[INFO] 23:47:41,717 [Test worker] jvm.JdbcExecutor. - INSERT INTO PUBLIC.DATABASECHANGELOG (ID, AUTHOR, FILENAME, DATEEXECUTED, ORDEREXECUTED, MD5SUM, DESCRIPTION, COMMENTS, EXECTYPE, CONTEXTS, LABELS, LIQUIBASE, DEPLOYMENT_ID) VALUES ('add-new-persistence-table', 'R3.Corda', 'migration/node-services.changelog-init.xml', NOW(), 86, '8:cb3302a80bf346270e0d8f3509c64a9b', 'createTable tableName=node_identities_no_cert; addPrimaryKey constraintName=node_identities_no_cert_pkey, tableName=node_identities_no_cert', '', 'EXECUTED', NULL, NULL, '3.6.3', '3614861403') {changeSet=migration/node-services.changelog-init.xml::add-new-persistence-table::R3.Corda, databaseChangeLog=master.changelog.json}
?[m?[37m[INFO] 23:47:41,718 [Test worker] jvm.JdbcExecutor. - ALTER TABLE PUBLIC.pk_hash_to_ext_id_map DROP COLUMN id {changeSet=migration/node-services.changelog-init.xml::migrate_pk_hash_to_ext_id::R3.Corda, databaseChangeLog=master.changelog.json}
?[m?[37m[INFO] 23:47:41,721 [Test worker] changelog.ChangeSet. - Column pk_hash_to_ext_id_map.id dropped {changeSet=migration/node-services.changelog-init.xml::migrate_pk_hash_to_ext_id::R3.Corda, databaseChangeLog=master.changelog.json}
?[m?[37m[INFO] 23:47:41,721 [Test worker] jvm.JdbcExecutor. - DROP INDEX PUBLIC.pk_hash_to_xid_idx {changeSet=migration/node-services.changelog-init.xml::migrate_pk_hash_to_ext_id::R3.Corda, databaseChangeLog=master.changelog.json}
?[m?[37m[INFO] 23:47:41,721 [Test worker] changelog.ChangeSet. - Index pk_hash_to_xid_idx dropped from table pk_hash_to_ext_id_map {changeSet=migration/node-services.changelog-init.xml::migrate_pk_hash_to_ext_id::R3.Corda, databaseChangeLog=master.changelog.json}
?[m?[37m[INFO] 23:47:41,722 [Test worker] jvm.JdbcExecutor. - ALTER TABLE PUBLIC.pk_hash_to_ext_id_map ADD CONSTRAINT pubkey_hash_to_external_id_pk PRIMARY KEY (public_key_hash) {changeSet=migration/node-services.changelog-init.xml::migrate_pk_hash_to_ext_id::R3.Corda, databaseChangeLog=master.changelog.json}
?[m?[37m[INFO] 23:47:41,722 [Test worker] changelog.ChangeSet. - Primary key added to pk_hash_to_ext_id_map (public_key_hash) {changeSet=migration/node-services.changelog-init.xml::migrate_pk_hash_to_ext_id::R3.Corda, databaseChangeLog=master.changelog.json}
?[m?[37m[INFO] 23:47:41,722 [Test worker] jvm.JdbcExecutor. - CREATE INDEX PUBLIC.ext_id_idx ON PUBLIC.pk_hash_to_ext_id_map(external_id) {changeSet=migration/node-services.changelog-init.xml::migrate_pk_hash_to_ext_id::R3.Corda, databaseChangeLog=master.changelog.json}
?[m?[37m[INFO] 23:47:41,723 [Test worker] changelog.ChangeSet. - Index ext_id_idx created {changeSet=migration/node-services.changelog-init.xml::migrate_pk_hash_to_ext_id::R3.Corda, databaseChangeLog=master.changelog.json}
?[m?[37m[INFO] 23:47:41,723 [Test worker] changelog.ChangeSet. - ChangeSet migration/node-services.changelog-init.xml::migrate_pk_hash_to_ext_id::R3.Corda ran successfully in 5ms {changeSet=migration/node-services.changelog-init.xml::migrate_pk_hash_to_ext_id::R3.Corda, databaseChangeLog=master.changelog.json}
?[m?[37m[INFO] 23:47:41,726 [Test worker] jvm.JdbcExecutor. - INSERT INTO PUBLIC.DATABASECHANGELOG (ID, AUTHOR, FILENAME, DATEEXECUTED, ORDEREXECUTED, MD5SUM, DESCRIPTION, COMMENTS, EXECTYPE, CONTEXTS, LABELS, LIQUIBASE, DEPLOYMENT_ID) VALUES ('migrate_pk_hash_to_ext_id', 'R3.Corda', 'migration/node-services.changelog-init.xml', NOW(), 87, '8:daf9ba8b9522b5ed5e0c474f220a5ef9', 'dropColumn columnName=id, tableName=pk_hash_to_ext_id_map; dropIndex indexName=pk_hash_to_xid_idx, tableName=pk_hash_to_ext_id_map; addPrimaryKey constraintName=pubkey_hash_to_external_id_pk, tableName=pk_hash_to_ext_id_map; createIndex indexName=...', '', 'EXECUTED', NULL, NULL, '3.6.3', '3614861403') {changeSet=migration/node-services.changelog-init.xml::migrate_pk_hash_to_ext_id::R3.Corda, databaseChangeLog=master.changelog.json}
?[m?[37m[INFO] 23:47:41,727 [Test worker] changelog.ChangeSet. - null {changeSet=migration/node-services.changelog-init.xml::migrate_identity_service_to_use_publicKey.toShortString()::R3.Corda, databaseChangeLog=master.changelog.json}
?[m?[37m[INFO] 23:47:41,727 [Test worker] changelog.ChangeSet. - ChangeSet migration/node-services.changelog-init.xml::migrate_identity_service_to_use_publicKey.toShortString()::R3.Corda ran successfully in 0ms {changeSet=migration/node-services.changelog-init.xml::migrate_identity_service_to_use_publicKey.toShortString()::R3.Corda, databaseChangeLog=master.changelog.json}
?[m?[37m[INFO] 23:47:41,728 [Test worker] jvm.JdbcExecutor. - INSERT INTO PUBLIC.DATABASECHANGELOG (ID, AUTHOR, FILENAME, DATEEXECUTED, ORDEREXECUTED, MD5SUM, DESCRIPTION, COMMENTS, EXECTYPE, CONTEXTS, LABELS, LIQUIBASE, DEPLOYMENT_ID) VALUES ('migrate_identity_service_to_use_publicKey.toShortString()', 'R3.Corda', 'migration/node-services.changelog-init.xml', NOW(), 88, '8:51a17ecff2c7f17e1502992fdda4356d', 'customChange', '', 'EXECUTED', NULL, NULL, '3.6.3', '3614861403') {changeSet=migration/node-services.changelog-init.xml::migrate_identity_service_to_use_publicKey.toShortString()::R3.Corda, databaseChangeLog=master.changelog.json}
?[m?[37m[INFO] 23:47:41,729 [Test worker] jvm.JdbcExecutor. - ALTER TABLE PUBLIC.node_transactions ADD status NVARCHAR(1) DEFAULT 'V' NOT NULL {changeSet=migration/node-services.changelog-init.xml::add_status_column::R3.Corda, databaseChangeLog=master.changelog.json}
?[m?[37m[INFO] 23:47:41,731 [Test worker] changelog.ChangeSet. - Columns status(NVARCHAR(1)) added to node_transactions {changeSet=migration/node-services.changelog-init.xml::add_status_column::R3.Corda, databaseChangeLog=master.changelog.json}
?[m?[37m[INFO] 23:47:41,731 [Test worker] changelog.ChangeSet. - ChangeSet migration/node-services.changelog-init.xml::add_status_column::R3.Corda ran successfully in 2ms {changeSet=migration/node-services.changelog-init.xml::add_status_column::R3.Corda, databaseChangeLog=master.changelog.json}
?[m?[37m[INFO] 23:47:41,732 [Test worker] jvm.JdbcExecutor. - INSERT INTO PUBLIC.DATABASECHANGELOG (ID, AUTHOR, FILENAME, DATEEXECUTED, ORDEREXECUTED, MD5SUM, DESCRIPTION, COMMENTS, EXECTYPE, CONTEXTS, LABELS, LIQUIBASE, DEPLOYMENT_ID) VALUES ('add_status_column', 'R3.Corda', 'migration/node-services.changelog-init.xml', NOW(), 89, '8:163dc66ab97910470ce080cd4c4d33ef', 'addColumn tableName=node_transactions', '', 'EXECUTED', NULL, NULL, '3.6.3', '3614861403') {changeSet=migration/node-services.changelog-init.xml::add_status_column::R3.Corda, databaseChangeLog=master.changelog.json}
?[m?[37m[INFO] 23:47:41,733 [Test worker] jvm.JdbcExecutor. - CREATE TABLE PUBLIC.node_hash_to_key (pk_hash NVARCHAR(130) NOT NULL, public_key BLOB NOT NULL) {changeSet=migration/node-services.changelog-init.xml::add-new-pk-hash-to-pk-table::R3.Corda, databaseChangeLog=master.changelog.json}
?[m?[37m[INFO] 23:47:41,733 [Test worker] changelog.ChangeSet. - Table node_hash_to_key created {changeSet=migration/node-services.changelog-init.xml::add-new-pk-hash-to-pk-table::R3.Corda, databaseChangeLog=master.changelog.json}
?[m?[37m[INFO] 23:47:41,733 [Test worker] jvm.JdbcExecutor. - ALTER TABLE PUBLIC.node_hash_to_key ADD CONSTRAINT node_hash_to_key_pk_hash PRIMARY KEY (pk_hash) {changeSet=migration/node-services.changelog-init.xml::add-new-pk-hash-to-pk-table::R3.Corda, databaseChangeLog=master.changelog.json}
?[m?[37m[INFO] 23:47:41,734 [Test worker] changelog.ChangeSet. - Primary key added to node_hash_to_key (pk_hash) {changeSet=migration/node-services.changelog-init.xml::add-new-pk-hash-to-pk-table::R3.Corda, databaseChangeLog=master.changelog.json}
?[m?[37m[INFO] 23:47:41,734 [Test worker] changelog.ChangeSet. - ChangeSet migration/node-services.changelog-init.xml::add-new-pk-hash-to-pk-table::R3.Corda ran successfully in 2ms {changeSet=migration/node-services.changelog-init.xml::add-new-pk-hash-to-pk-table::R3.Corda, databaseChangeLog=master.changelog.json}
?[m?[37m[INFO] 23:47:41,735 [Test worker] jvm.JdbcExecutor. - INSERT INTO PUBLIC.DATABASECHANGELOG (ID, AUTHOR, FILENAME, DATEEXECUTED, ORDEREXECUTED, MD5SUM, DESCRIPTION, COMMENTS, EXECTYPE, CONTEXTS, LABELS, LIQUIBASE, DEPLOYMENT_ID) VALUES ('add-new-pk-hash-to-pk-table', 'R3.Corda', 'migration/node-services.changelog-init.xml', NOW(), 90, '8:90ed8145a19f497b5c95a5c9542917f0', 'createTable tableName=node_hash_to_key; addPrimaryKey constraintName=node_hash_to_key_pk_hash, tableName=node_hash_to_key', '', 'EXECUTED', NULL, NULL, '3.6.3', '3614861403') {changeSet=migration/node-services.changelog-init.xml::add-new-pk-hash-to-pk-table::R3.Corda, databaseChangeLog=master.changelog.json}
?[m?[37m[INFO] 23:47:41,736 [Test worker] jvm.JdbcExecutor. - ALTER TABLE PUBLIC.node_transactions ADD timestamp TIMESTAMP DEFAULT '2000-01-01 12:00:00' NOT NULL {changeSet=migration/node-services.changelog-init.xml::add_timestamp_column_to_node_transactions::R3.Corda, databaseChangeLog=master.changelog.json}
?[m?[37m[INFO] 23:47:41,738 [Test worker] changelog.ChangeSet. - Columns timestamp(TIMESTAMP) added to node_transactions {changeSet=migration/node-services.changelog-init.xml::add_timestamp_column_to_node_transactions::R3.Corda, databaseChangeLog=master.changelog.json}
?[m?[37m[INFO] 23:47:41,738 [Test worker] changelog.ChangeSet. - ChangeSet migration/node-services.changelog-init.xml::add_timestamp_column_to_node_transactions::R3.Corda ran successfully in 3ms {changeSet=migration/node-services.changelog-init.xml::add_timestamp_column_to_node_transactions::R3.Corda, databaseChangeLog=master.changelog.json}
?[m?[37m[INFO] 23:47:41,739 [Test worker] jvm.JdbcExecutor. - INSERT INTO PUBLIC.DATABASECHANGELOG (ID, AUTHOR, FILENAME, DATEEXECUTED, ORDEREXECUTED, MD5SUM, DESCRIPTION, COMMENTS, EXECTYPE, CONTEXTS, LABELS, LIQUIBASE, DEPLOYMENT_ID) VALUES ('add_timestamp_column_to_node_transactions', 'R3.Corda', 'migration/node-services.changelog-init.xml', NOW(), 91, '8:bc308c6c38c83b58a03f11f0943a944f', 'addColumn tableName=node_transactions', '', 'EXECUTED', NULL, NULL, '3.6.3', '3614861403') {changeSet=migration/node-services.changelog-init.xml::add_timestamp_column_to_node_transactions::R3.Corda, databaseChangeLog=master.changelog.json}
?[m?[37m[INFO] 23:47:41,739 [Test worker] migration.VaultStateMigration. - Migrating vault state data to V4 tables {changeSet=migration/vault-schema.changelog-v9.xml::update-vault-states::R3.Corda, databaseChangeLog=master.changelog.json}
?[m?[37m[INFO] 23:47:41,749 [Test worker] persistence.HibernateConfiguration. - Init HibernateConfiguration for schemas: [VaultMigrationSchemaV1(name=net.corda.node.migration.VaultMigrationSchema, version=1), VaultSchemaV1(name=net.corda.node.services.vault.VaultSchema, version=1)] {changeSet=migration/vault-schema.changelog-v9.xml::update-vault-states::R3.Corda, databaseChangeLog=master.changelog.json}
?[m?[37m[INFO] 23:47:41,749 [Test worker] factory.BaseSessionFactoryFactory. - Creating session factory for schemas: [VaultMigrationSchemaV1(name=net.corda.node.migration.VaultMigrationSchema, version=1), VaultSchemaV1(name=net.corda.node.services.vault.VaultSchema, version=1)] {changeSet=migration/vault-schema.changelog-v9.xml::update-vault-states::R3.Corda, databaseChangeLog=master.changelog.json}
?[m?[37m[INFO] 23:47:41,764 [Test worker] internal.ConnectionProviderInitiator. - HHH000130: Instantiating explicit connection provider: net.corda.nodeapi.internal.persistence.HibernateConfiguration$NodeDatabaseConnectionProvider {changeSet=migration/vault-schema.changelog-v9.xml::update-vault-states::R3.Corda, databaseChangeLog=master.changelog.json}
?[m?[37m[INFO] 23:47:41,764 [Test worker] dialect.Dialect. - HHH000400: Using dialect: org.hibernate.dialect.H2Dialect {changeSet=migration/vault-schema.changelog-v9.xml::update-vault-states::R3.Corda, databaseChangeLog=master.changelog.json}
?[m?[37m[INFO] 23:47:41,838 [Test worker] connections.access. - HHH10001501: Connection obtained from JdbcConnectionAccess [org.hibernate.engine.jdbc.env.internal.JdbcEnvironmentInitiator$ConnectionProviderJdbcConnectionAccess@684a5bef] for (non-JTA) DDL execution was not in auto-commit mode; the Connection 'local transaction' will be committed and the Connection will be set into auto-commit mode. {changeSet=migration/vault-schema.changelog-v9.xml::update-vault-states::R3.Corda, databaseChangeLog=master.changelog.json}
?[m?[37m[INFO] 23:47:41,860 [Test worker] internal.JtaPlatformInitiator. - HHH000490: Using JtaPlatform implementation: [org.hibernate.engine.transaction.jta.platform.internal.NoJtaPlatform] {changeSet=migration/vault-schema.changelog-v9.xml::update-vault-states::R3.Corda, databaseChangeLog=master.changelog.json}
?[m?[37m[INFO] 23:47:41,860 [Test worker] factory.BaseSessionFactoryFactory. - Created session factory for schemas: [VaultMigrationSchemaV1(name=net.corda.node.migration.VaultMigrationSchema, version=1), VaultSchemaV1(name=net.corda.node.services.vault.VaultSchema, version=1)] {changeSet=migration/vault-schema.changelog-v9.xml::update-vault-states::R3.Corda, databaseChangeLog=master.changelog.json}
?[m?[37m[INFO] 23:47:41,869 [Test worker] migration.VaultStateMigration. - Finished performing vault state data migration for 0 states {changeSet=migration/vault-schema.changelog-v9.xml::update-vault-states::R3.Corda, databaseChangeLog=master.changelog.json}
?[m?[37m[INFO] 23:47:41,869 [Test worker] changelog.ChangeSet. - null {changeSet=migration/vault-schema.changelog-v9.xml::update-vault-states::R3.Corda, databaseChangeLog=master.changelog.json}
?[m?[37m[INFO] 23:47:41,869 [Test worker] changelog.ChangeSet. - ChangeSet migration/vault-schema.changelog-v9.xml::update-vault-states::R3.Corda ran successfully in 130ms {changeSet=migration/vault-schema.changelog-v9.xml::update-vault-states::R3.Corda, databaseChangeLog=master.changelog.json}
?[m?[37m[INFO] 23:47:41,870 [Test worker] jvm.JdbcExecutor. - INSERT INTO PUBLIC.DATABASECHANGELOG (ID, AUTHOR, FILENAME, DATEEXECUTED, ORDEREXECUTED, MD5SUM, DESCRIPTION, COMMENTS, EXECTYPE, CONTEXTS, LABELS, LIQUIBASE, DEPLOYMENT_ID) VALUES ('update-vault-states', 'R3.Corda', 'migration/vault-schema.changelog-v9.xml', NOW(), 92, '8:f8f4c73846280164daf6855e1ecf3cc6', 'customChange', '', 'EXECUTED', NULL, NULL, '3.6.3', '3614861403') {changeSet=migration/vault-schema.changelog-v9.xml::update-vault-states::R3.Corda, databaseChangeLog=master.changelog.json}
?[m?[37m[INFO] 23:47:41,870 [Test worker] migration.PersistentIdentityMigrationNewTable. - Migrating persistent identities with certificates table into persistent table with no certificate data. {changeSet=migration/node-services.changelog-init.xml::transfer-to-new-persistence-table::R3.Corda, databaseChangeLog=master.changelog.json}
?[m?[37m[INFO] 23:47:41,875 [Test worker] persistence.HibernateConfiguration. - Init HibernateConfiguration for schemas: [MappedSchema(name=net.corda.node.migration.PersistentIdentitiesMigrationSchema, version=1)] {changeSet=migration/node-services.changelog-init.xml::transfer-to-new-persistence-table::R3.Corda, databaseChangeLog=master.changelog.json}
?[m?[37m[INFO] 23:47:41,875 [Test worker] factory.BaseSessionFactoryFactory. - Creating session factory for schemas: [MappedSchema(name=net.corda.node.migration.PersistentIdentitiesMigrationSchema, version=1)] {changeSet=migration/node-services.changelog-init.xml::transfer-to-new-persistence-table::R3.Corda, databaseChangeLog=master.changelog.json}
?[m?[37m[INFO] 23:47:41,879 [Test worker] internal.ConnectionProviderInitiator. - HHH000130: Instantiating explicit connection provider: net.corda.nodeapi.internal.persistence.HibernateConfiguration$NodeDatabaseConnectionProvider {changeSet=migration/node-services.changelog-init.xml::transfer-to-new-persistence-table::R3.Corda, databaseChangeLog=master.changelog.json}
?[m?[37m[INFO] 23:47:41,880 [Test worker] dialect.Dialect. - HHH000400: Using dialect: org.hibernate.dialect.H2Dialect {changeSet=migration/node-services.changelog-init.xml::transfer-to-new-persistence-table::R3.Corda, databaseChangeLog=master.changelog.json}
?[m?[37m[INFO] 23:47:41,899 [Test worker] connections.access. - HHH10001501: Connection obtained from JdbcConnectionAccess [org.hibernate.engine.jdbc.env.internal.JdbcEnvironmentInitiator$ConnectionProviderJdbcConnectionAccess@4e504028] for (non-JTA) DDL execution was not in auto-commit mode; the Connection 'local transaction' will be committed and the Connection will be set into auto-commit mode. {changeSet=migration/node-services.changelog-init.xml::transfer-to-new-persistence-table::R3.Corda, databaseChangeLog=master.changelog.json}
?[m?[37m[INFO] 23:47:41,919 [Test worker] internal.JtaPlatformInitiator. - HHH000490: Using JtaPlatform implementation: [org.hibernate.engine.transaction.jta.platform.internal.NoJtaPlatform] {changeSet=migration/node-services.changelog-init.xml::transfer-to-new-persistence-table::R3.Corda, databaseChangeLog=master.changelog.json}
?[m?[37m[INFO] 23:47:41,919 [Test worker] factory.BaseSessionFactoryFactory. - Created session factory for schemas: [MappedSchema(name=net.corda.node.migration.PersistentIdentitiesMigrationSchema, version=1)] {changeSet=migration/node-services.changelog-init.xml::transfer-to-new-persistence-table::R3.Corda, databaseChangeLog=master.changelog.json}
?[m?[37m[INFO] 23:47:41,921 [Test worker] changelog.ChangeSet. - null {changeSet=migration/node-services.changelog-init.xml::transfer-to-new-persistence-table::R3.Corda, databaseChangeLog=master.changelog.json}
?[m?[37m[INFO] 23:47:41,921 [Test worker] changelog.ChangeSet. - ChangeSet migration/node-services.changelog-init.xml::transfer-to-new-persistence-table::R3.Corda ran successfully in 51ms {changeSet=migration/node-services.changelog-init.xml::transfer-to-new-persistence-table::R3.Corda, databaseChangeLog=master.changelog.json}
?[m?[37m[INFO] 23:47:41,922 [Test worker] jvm.JdbcExecutor. - INSERT INTO PUBLIC.DATABASECHANGELOG (ID, AUTHOR, FILENAME, DATEEXECUTED, ORDEREXECUTED, MD5SUM, DESCRIPTION, COMMENTS, EXECTYPE, CONTEXTS, LABELS, LIQUIBASE, DEPLOYMENT_ID) VALUES ('transfer-to-new-persistence-table', 'R3.Corda', 'migration/node-services.changelog-init.xml', NOW(), 93, '8:dc5c1913b593f4a2b95ddca810da11ba', 'customChange', '', 'EXECUTED', NULL, NULL, '3.6.3', '3614861403') {changeSet=migration/node-services.changelog-init.xml::transfer-to-new-persistence-table::R3.Corda, databaseChangeLog=master.changelog.json}
?[m?[37m[INFO] 23:47:41,922 [Test worker] lockservice.StandardLockService. - Successfully released change log lock
?[m?[37m[INFO] 23:47:41,924 [Test worker] internal.InternalMockNetwork$MockNode. - Connected to H2 database.
?[m?[37m[INFO] 23:47:41,926 [Test worker] persistence.HibernateConfiguration. - Init HibernateConfiguration for schemas: [CommonSchemaV1(name=net.corda.core.schemas.CommonSchema, version=1), VaultSchemaV1(name=net.corda.node.services.vault.VaultSchema, version=1), NodeInfoSchemaV1(name=net.corda.node.internal.schemas.NodeInfoSchema, version=1), NodeCoreV1(name=net.corda.node.services.schema.NodeSchemaService$NodeCore, version=1)]
?[m?[37m[INFO] 23:47:41,926 [Test worker] factory.BaseSessionFactoryFactory. - Creating session factory for schemas: [CommonSchemaV1(name=net.corda.core.schemas.CommonSchema, version=1), VaultSchemaV1(name=net.corda.node.services.vault.VaultSchema, version=1), NodeInfoSchemaV1(name=net.corda.node.internal.schemas.NodeInfoSchema, version=1), NodeCoreV1(name=net.corda.node.services.schema.NodeSchemaService$NodeCore, version=1)]
?[m?[37m[INFO] 23:47:41,931 [Test worker] internal.ConnectionProviderInitiator. - HHH000130: Instantiating explicit connection provider: net.corda.nodeapi.internal.persistence.HibernateConfiguration$NodeDatabaseConnectionProvider
?[m?[37m[INFO] 23:47:41,932 [Test worker] dialect.Dialect. - HHH000400: Using dialect: org.hibernate.dialect.H2Dialect
?[m?[37m[INFO] 23:47:41,985 [Test worker] connections.access. - HHH10001501: Connection obtained from JdbcConnectionAccess [org.hibernate.engine.jdbc.env.internal.JdbcEnvironmentInitiator$ConnectionProviderJdbcConnectionAccess@22501f1f] for (non-JTA) DDL execution was not in auto-commit mode; the Connection 'local transaction' will be committed and the Connection will be set into auto-commit mode.
?[m?[37m[INFO] 23:47:42,015 [Test worker] internal.JtaPlatformInitiator. - HHH000490: Using JtaPlatform implementation: [org.hibernate.engine.transaction.jta.platform.internal.NoJtaPlatform]
?[m?[37m[INFO] 23:47:42,015 [Test worker] factory.BaseSessionFactoryFactory. - Created session factory for schemas: [CommonSchemaV1(name=net.corda.core.schemas.CommonSchema, version=1), VaultSchemaV1(name=net.corda.node.services.vault.VaultSchema, version=1), NodeInfoSchemaV1(name=net.corda.node.internal.schemas.NodeInfoSchema, version=1), NodeCoreV1(name=net.corda.node.services.schema.NodeSchemaService$NodeCore, version=1)]
?[m?[37m[INFO] 23:47:42,016 [Test worker] internal.InternalMockNetwork$MockNode. - identity-private-key not found in key store, generating fresh key!
?[m?[37m[INFO] 23:47:42,039 [Test worker] internal.InternalMockNetwork$MockNode. - Node-info has changed so submitting update. Old node-info was null
?[m?[37m[INFO] 23:47:42,039 [Test worker] network.PersistentNetworkMapCache. - Adding node with info: NodeInfo(addresses=[mock.node:1000], legalIdentitiesAndCerts=[O=RecipientNode2, L=Madrid, C=ES], platformVersion=7, serial=1593614862039)
?[m?[37m[INFO] 23:47:42,042 [Test worker] network.PersistentNetworkMapCache. - No previous node found for O=RecipientNode2, L=Madrid, C=ES
?[m?[37m[INFO] 23:47:42,048 [Test worker] internal.InternalMockNetwork$MockNode. - New node-info: NodeInfo(addresses=[mock.node:1000], legalIdentitiesAndCerts=[O=RecipientNode2, L=Madrid, C=ES], platformVersion=7, serial=1593614862039)
?[m?[37m[INFO] 23:47:42,053 [Test worker] network.NetworkMapUpdater. - Auto-accept enabled for network parameter changes which modify only: [epoch, modifiedTime, packageOwnership, whitelistedContractImplementations]
?[m?[37m[INFO] 23:47:42,053 [Test worker] internal.MockNodeMessagingService. - Status change to true
?[m?[37m[INFO] 23:47:42,053 [Test worker] internal.InternalMockNetwork$MockNode. - MessagingService active change to: true
?[m?[37m[INFO] 23:47:42,057 [MockNode-4-2] network.PersistentNetworkMapCache. - Adding node with info: NodeInfo(addresses=[mock.node:1000], legalIdentitiesAndCerts=[O=RecipientNode2, L=Madrid, C=ES], platformVersion=7, serial=1593614862039)
?[m?[37m[INFO] 23:47:42,062 [MockNode-4-2] network.PersistentNetworkMapCache. - Previous node was identical to incoming one - doing nothing
?[m?[37m[INFO] 23:47:42,081 [Test worker] statemachine.SingleThreadedStateMachineManager. - Node ready, info: NodeInfo(addresses=[mock.node:1000], legalIdentitiesAndCerts=[O=RecipientNode2, L=Madrid, C=ES], platformVersion=7, serial=1593614862039)
?[m?[37m[INFO] 23:47:42,082 [Test worker] network.PersistentNetworkMapCache. - Adding node with info: NodeInfo(addresses=[mock.node:1000], legalIdentitiesAndCerts=[O=Notary Service, L=Zurich, C=CH], platformVersion=7, serial=1593614856841)
?[m?[37m[INFO] 23:47:42,084 [Test worker] network.PersistentNetworkMapCache. - No previous node found for O=Notary Service, L=Zurich, C=CH
?[m?[37m[INFO] 23:47:42,094 [Test worker] network.PersistentNetworkMapCache. - Adding node with info: NodeInfo(addresses=[mock.node:1000], legalIdentitiesAndCerts=[O=RecipientNode2, L=Madrid, C=ES], platformVersion=7, serial=1593614862039)
?[m?[37m[INFO] 23:47:42,095 [Test worker] network.PersistentNetworkMapCache. - No previous node found for O=RecipientNode2, L=Madrid, C=ES
?[m?[37m[INFO] 23:47:42,105 [Test worker] network.PersistentNetworkMapCache. - Adding node with info: NodeInfo(addresses=[mock.node:1000], legalIdentitiesAndCerts=[O=SenderNode, L=Madrid, C=ES], platformVersion=7, serial=1593614859462)
?[m?[37m[INFO] 23:47:42,106 [Test worker] network.PersistentNetworkMapCache. - No previous node found for O=SenderNode, L=Madrid, C=ES
?[m?[37m[INFO] 23:47:42,114 [Test worker] network.PersistentNetworkMapCache. - Adding node with info: NodeInfo(addresses=[mock.node:1000], legalIdentitiesAndCerts=[O=RecipientNode2, L=Madrid, C=ES], platformVersion=7, serial=1593614862039)
?[m?[37m[INFO] 23:47:42,115 [Test worker] network.PersistentNetworkMapCache. - No previous node found for O=RecipientNode2, L=Madrid, C=ES
?[m?[37m[INFO] 23:47:42,124 [Test worker] network.PersistentNetworkMapCache. - Adding node with info: NodeInfo(addresses=[mock.node:1000], legalIdentitiesAndCerts=[O=RecipientNode1, L=Madrid, C=ES], platformVersion=7, serial=1593614860975)
?[m?[37m[INFO] 23:47:42,125 [Test worker] network.PersistentNetworkMapCache. - No previous node found for O=RecipientNode1, L=Madrid, C=ES
?[m?[37m[INFO] 23:47:42,132 [Test worker] network.PersistentNetworkMapCache. - Adding node with info: NodeInfo(addresses=[mock.node:1000], legalIdentitiesAndCerts=[O=RecipientNode2, L=Madrid, C=ES], platformVersion=7, serial=1593614862039)
?[m?[37m[INFO] 23:47:42,133 [Test worker] network.PersistentNetworkMapCache. - No previous node found for O=RecipientNode2, L=Madrid, C=ES
?[m?[37m[INFO] 23:47:42,142 [Test worker] network.PersistentNetworkMapCache. - Adding node with info: NodeInfo(addresses=[mock.node:1000], legalIdentitiesAndCerts=[O=RecipientNode2, L=Madrid, C=ES], platformVersion=7, serial=1593614862039)
?[m?[37m[INFO] 23:47:42,142 [Test worker] network.PersistentNetworkMapCache. - Previous node was identical to incoming one - doing nothing
?[m?[37m[INFO] 23:47:42,142 [Test worker] network.PersistentNetworkMapCache. - Adding node with info: NodeInfo(addresses=[mock.node:1000], legalIdentitiesAndCerts=[O=RecipientNode2, L=Madrid, C=ES], platformVersion=7, serial=1593614862039)
?[m?[37m[INFO] 23:47:42,142 [Test worker] network.PersistentNetworkMapCache. - Previous node was identical to incoming one - doing nothing
?[m?[37m[INFO] 23:47:42,728 [Time-limited test] identity.PersistentIdentityService. - Linking: 4FD6377AB3E36B8718CC29471AB812C214C70B892D51A094CFFE3AC1A3642177 to O=SenderNode, L=Madrid, C=ES
?[m?[37m[INFO] 23:47:42,742 [Time-limited test] identity.PersistentIdentityService. - Linking: A977FD085BCEEB8FC46D1032E014704462A4AC53590CA77037D6BF8AD5D1EDC6 to O=RecipientNode1, L=Madrid, C=ES
?[m?[37m[INFO] 23:47:42,754 [Time-limited test] identity.PersistentIdentityService. - Linking: 2DF0E9D7F88BA8F27B72A04DCFA9B217B2A25BA148AE0A68BF3CDF62A587BC9E to O=RecipientNode2, L=Madrid, C=ES
?[m?[37m[INFO] 23:47:42,947 [Mock network] corda.flow. - Flow raised an error: A flow session can only appear once as argument.. Sending it to flow hospital to be triaged. {actor_id=Only For Testing, actor_owning_identity=O=SenderNode, L=Madrid, C=ES, actor_store_id=TEST, fiber-id=10000011, flow-id=1167b56f-4696-4b0b-9951-21d9ae5aa843, invocation_id=8b11d8d5-da49-4b9a-a46b-bf80c4f7ec1e, invocation_timestamp=2020-07-01T14:47:42.943Z, origin=Only For Testing, session_id=8b11d8d5-da49-4b9a-a46b-bf80c4f7ec1e, session_timestamp=2020-07-01T14:47:42.943Z, thread-id=153}
?[m?[37m[INFO] 23:47:42,950 [Mock network] statemachine.StaffedFlowHospital. - Flow [1167b56f-4696-4b0b-9951-21d9ae5aa843] admitted to hospital in state StateMachineState(checkpoint=Checkpoint(invocationContext=InvocationContext(origin=RPC(actor=Actor(id=Id(value=Only For Testing), serviceId=AuthServiceId(value=TEST), owningLegalIdentity=O=SenderNode, L=Madrid, C=ES)), trace=Trace(invocationId=8b11d8d5-da49-4b9a-a46b-bf80c4f7ec1e, timestamp: 2020-07-01T14:47:42.943Z, entityType: Invocation, sessionId=8b11d8d5-da49-4b9a-a46b-bf80c4f7ec1e, timestamp: 2020-07-01T14:47:42.943Z, entityType: Session), actor=Actor(id=Id(value=Only For Testing), serviceId=AuthServiceId(value=TEST), owningLegalIdentity=O=SenderNode, L=Madrid, C=ES), externalTrace=null, impersonatedActor=null), ourIdentity=O=SenderNode, L=Madrid, C=ES, sessions={SessionId(toLong=-2412721118403211759)=Uninitiated(destination=O=RecipientNode1, L=Madrid, C=ES, initiatingSubFlow=Initiating(flowClass=class net.corda.examples.pingpong.flows.FlowParallelMessagingTests$InvalidReceiveFlow, classToInitiateWith=class net.corda.examples.pingpong.flows.FlowParallelMessagingTests$InvalidReceiveFlow, flowInfo=FlowInfo(flowVersion=1, appName=<unknown>), subFlowVersion=CorDappFlow(platformVersion=7, corDappName=net.corda.examples.pingpong.flows.FlowParallelMessagingTests_1_7_94baeabf-1013-426c-a853-fe9265425153, corDappHash=9893A4D0E4286E72F36401C7108B2B343032041D5F1669E1409C82D86C6C5BEA), isEnabledTimedFlow=false), sourceSessionId=SessionId(toLong=-2412721118403211759), additionalEntropy=4917914562914719990)}, subFlowStack=[Initiating(flowClass=class net.corda.examples.pingpong.flows.FlowParallelMessagingTests$InvalidReceiveFlow, classToInitiateWith=class net.corda.examples.pingpong.flows.FlowParallelMessagingTests$InvalidReceiveFlow, flowInfo=FlowInfo(flowVersion=1, appName=<unknown>), subFlowVersion=CorDappFlow(platformVersion=7, corDappName=net.corda.examples.pingpong.flows.FlowParallelMessagingTests_1_7_94baeabf-1013-426c-a853-fe9265425153, corDappHash=9893A4D0E4286E72F36401C7108B2B343032041D5F1669E1409C82D86C6C5BEA), isEnabledTimedFlow=false)], flowState=Unstarted(flowStart=Explicit, frozenFlowLogic=1A07E367B40E4C1F959034C69CDE6575D6A573D4CDA923B1C4176D62F3F6B343), errorState=Clean, numberOfSuspends=0), flowLogic=net.corda.examples.pingpong.flows.FlowParallelMessagingTests$InvalidReceiveFlow@5ffa6545, pendingDeduplicationHandlers=[], isFlowResumed=true, isWaitingForFuture=false, future=null, isAnyCheckpointPersisted=true, isStartIdempotent=false, isRemoved=false, isKilled=false, senderUUID=d2710dd6-bb39-4072-80cd-05460bd4adcf) {actor_id=Only For Testing, actor_owning_identity=O=SenderNode, L=Madrid, C=ES, actor_store_id=TEST, fiber-id=10000011, flow-id=1167b56f-4696-4b0b-9951-21d9ae5aa843, invocation_id=8b11d8d5-da49-4b9a-a46b-bf80c4f7ec1e, invocation_timestamp=2020-07-01T14:47:42.943Z, origin=Only For Testing, session_id=8b11d8d5-da49-4b9a-a46b-bf80c4f7ec1e, session_timestamp=2020-07-01T14:47:42.943Z, thread-id=153}
?[m?[37m[INFO] 23:47:42,953 [Mock network] statemachine.StaffedFlowHospital. - Error 1 of 1: {actor_id=Only For Testing, actor_owning_identity=O=SenderNode, L=Madrid, C=ES, actor_store_id=TEST, fiber-id=10000011, flow-id=1167b56f-4696-4b0b-9951-21d9ae5aa843, invocation_id=8b11d8d5-da49-4b9a-a46b-bf80c4f7ec1e, invocation_timestamp=2020-07-01T14:47:42.943Z, origin=Only For Testing, session_id=8b11d8d5-da49-4b9a-a46b-bf80c4f7ec1e, session_timestamp=2020-07-01T14:47:42.943Z, thread-id=153}
?[m java.lang.IllegalArgumentException: A flow session can only appear once as argument.
	at net.corda.core.flows.FlowLogic.enforceNoDuplicates(FlowLogic.kt:555) ~[corda-core-4.5-RC02.jar:?]
	at net.corda.core.flows.FlowLogic.receiveAll(FlowLogic.kt:340) ~[corda-core-4.5-RC02.jar:?]
	at net.corda.core.flows.FlowLogic.receiveAll$default(FlowLogic.kt:338) ~[corda-core-4.5-RC02.jar:?]
	at net.corda.examples.pingpong.flows.FlowParallelMessagingTests$InvalidReceiveFlow.call(FlowParallelMessagingTests.kt:231) ~[test/:?]
	at net.corda.examples.pingpong.flows.FlowParallelMessagingTests$InvalidReceiveFlow.call(FlowParallelMessagingTests.kt:224) ~[test/:?]
	at net.corda.node.services.statemachine.FlowStateMachineImpl.run(FlowStateMachineImpl.kt:299) ~[corda-node-4.5-RC02.jar:?]
	at net.corda.node.services.statemachine.FlowStateMachineImpl.run(FlowStateMachineImpl.kt:66) ~[corda-node-4.5-RC02.jar:?]
	at co.paralleluniverse.fibers.Fiber.run1(Fiber.java:1092) ~[quasar-core-0.7.10-jdk8.jar:0.7.10]
	at co.paralleluniverse.fibers.Fiber.exec(Fiber.java:788) ~[quasar-core-0.7.10-jdk8.jar:0.7.10]
	at co.paralleluniverse.fibers.RunnableFiberTask.doExec(RunnableFiberTask.java:100) ~[quasar-core-0.7.10-jdk8.jar:0.7.10]
	at co.paralleluniverse.fibers.RunnableFiberTask.run(RunnableFiberTask.java:91) ~[quasar-core-0.7.10-jdk8.jar:0.7.10]
	at java.util.concurrent.Executors$RunnableAdapter.call(Executors.java:511) ~[?:1.8.0_171]
	at java.util.concurrent.FutureTask.run(FutureTask.java:266) ~[?:1.8.0_171]
	at java.util.concurrent.ScheduledThreadPoolExecutor$ScheduledFutureTask.access$201(ScheduledThreadPoolExecutor.java:180) ~[?:1.8.0_171]
	at java.util.concurrent.ScheduledThreadPoolExecutor$ScheduledFutureTask.run(ScheduledThreadPoolExecutor.java:293) ~[?:1.8.0_171]
	at java.util.concurrent.ThreadPoolExecutor.runWorker(ThreadPoolExecutor.java:1149) ~[?:1.8.0_171]
	at java.util.concurrent.ThreadPoolExecutor$Worker.run(ThreadPoolExecutor.java:624) ~[?:1.8.0_171]
	at net.corda.node.utilities.AffinityExecutor$ServiceAffinityExecutor$1$thread$1.run(AffinityExecutor.kt:63) ~[corda-node-4.5-RC02.jar:?]
?[37m[INFO] 23:47:42,961 [Mock network] statemachine.StaffedFlowHospital. - Flow error allowed to propagate {actor_id=Only For Testing, actor_owning_identity=O=SenderNode, L=Madrid, C=ES, actor_store_id=TEST, fiber-id=10000011, flow-id=1167b56f-4696-4b0b-9951-21d9ae5aa843, invocation_id=8b11d8d5-da49-4b9a-a46b-bf80c4f7ec1e, invocation_timestamp=2020-07-01T14:47:42.943Z, origin=Only For Testing, session_id=8b11d8d5-da49-4b9a-a46b-bf80c4f7ec1e, session_timestamp=2020-07-01T14:47:42.943Z, thread-id=153}
?[m java.lang.IllegalArgumentException: A flow session can only appear once as argument.
	at net.corda.core.flows.FlowLogic.enforceNoDuplicates(FlowLogic.kt:555) ~[corda-core-4.5-RC02.jar:?]
	at net.corda.core.flows.FlowLogic.receiveAll(FlowLogic.kt:340) ~[corda-core-4.5-RC02.jar:?]
	at net.corda.core.flows.FlowLogic.receiveAll$default(FlowLogic.kt:338) ~[corda-core-4.5-RC02.jar:?]
	at net.corda.examples.pingpong.flows.FlowParallelMessagingTests$InvalidReceiveFlow.call(FlowParallelMessagingTests.kt:231) ~[test/:?]
	at net.corda.examples.pingpong.flows.FlowParallelMessagingTests$InvalidReceiveFlow.call(FlowParallelMessagingTests.kt:224) ~[test/:?]
	at net.corda.node.services.statemachine.FlowStateMachineImpl.run(FlowStateMachineImpl.kt:299) ~[corda-node-4.5-RC02.jar:?]
	at net.corda.node.services.statemachine.FlowStateMachineImpl.run(FlowStateMachineImpl.kt:66) ~[corda-node-4.5-RC02.jar:?]
	at co.paralleluniverse.fibers.Fiber.run1(Fiber.java:1092) ~[quasar-core-0.7.10-jdk8.jar:0.7.10]
	at co.paralleluniverse.fibers.Fiber.exec(Fiber.java:788) ~[quasar-core-0.7.10-jdk8.jar:0.7.10]
	at co.paralleluniverse.fibers.RunnableFiberTask.doExec(RunnableFiberTask.java:100) ~[quasar-core-0.7.10-jdk8.jar:0.7.10]
	at co.paralleluniverse.fibers.RunnableFiberTask.run(RunnableFiberTask.java:91) ~[quasar-core-0.7.10-jdk8.jar:0.7.10]
	at java.util.concurrent.Executors$RunnableAdapter.call(Executors.java:511) ~[?:1.8.0_171]
	at java.util.concurrent.FutureTask.run(FutureTask.java:266) ~[?:1.8.0_171]
	at java.util.concurrent.ScheduledThreadPoolExecutor$ScheduledFutureTask.access$201(ScheduledThreadPoolExecutor.java:180) ~[?:1.8.0_171]
	at java.util.concurrent.ScheduledThreadPoolExecutor$ScheduledFutureTask.run(ScheduledThreadPoolExecutor.java:293) ~[?:1.8.0_171]
	at java.util.concurrent.ThreadPoolExecutor.runWorker(ThreadPoolExecutor.java:1149) ~[?:1.8.0_171]
	at java.util.concurrent.ThreadPoolExecutor$Worker.run(ThreadPoolExecutor.java:624) ~[?:1.8.0_171]
	at net.corda.node.utilities.AffinityExecutor$ServiceAffinityExecutor$1$thread$1.run(AffinityExecutor.kt:63) ~[corda-node-4.5-RC02.jar:?]
?[31m[WARN] 23:47:42,981 [Mock network] interceptors.DumpHistoryOnErrorInterceptor. - Flow [1167b56f-4696-4b0b-9951-21d9ae5aa843] errored, dumping all transitions:

 --- Transition of flow [1167b56f-4696-4b0b-9951-21d9ae5aa843] ---
  Timestamp: 2020-07-01T14:47:42.946Z
  Event: DoRemainingWork
  Actions: 
    CreateTransaction
    PersistCheckpoint(id=[1167b56f-4696-4b0b-9951-21d9ae5aa843], checkpoint=Checkpoint(invocationContext=InvocationContext(origin=RPC(actor=Actor(id=Id(value=Only For Testing), serviceId=AuthServiceId(value=TEST), owningLegalIdentity=O=SenderNode, L=Madrid, C=ES)), trace=Trace(invocationId=8b11d8d5-da49-4b9a-a46b-bf80c4f7ec1e, timestamp: 2020-07-01T14:47:42.943Z, entityType: Invocation, sessionId=8b11d8d5-da49-4b9a-a46b-bf80c4f7ec1e, timestamp: 2020-07-01T14:47:42.943Z, entityType: Session), actor=Actor(id=Id(value=Only For Testing), serviceId=AuthServiceId(value=TEST), owningLegalIdentity=O=SenderNode, L=Madrid, C=ES), externalTrace=null, impersonatedActor=null), ourIdentity=O=SenderNode, L=Madrid, C=ES, sessions={}, subFlowStack=[Initiating(flowClass=class net.corda.examples.pingpong.flows.FlowParallelMessagingTests$InvalidReceiveFlow, classToInitiateWith=class net.corda.examples.pingpong.flows.FlowParallelMessagingTests$InvalidReceiveFlow, flowInfo=FlowInfo(flowVersion=1, appName=<unknown>), subFlowVersion=CorDappFlow(platformVersion=7, corDappName=net.corda.examples.pingpong.flows.FlowParallelMessagingTests_1_7_94baeabf-1013-426c-a853-fe9265425153, corDappHash=9893A4D0E4286E72F36401C7108B2B343032041D5F1669E1409C82D86C6C5BEA), isEnabledTimedFlow=false)], flowState=Unstarted(flowStart=Explicit, frozenFlowLogic=1A07E367B40E4C1F959034C69CDE6575D6A573D4CDA923B1C4176D62F3F6B343), errorState=Clean, numberOfSuspends=0), isCheckpointUpdate=false)
    PersistDeduplicationFacts(deduplicationHandlers=[net.corda.node.internal.FlowStarterImpl$startFlow$startFlowEvent$1@2ffb257])
    CommitTransaction
    AcknowledgeMessages(deduplicationHandlers=[net.corda.node.internal.FlowStarterImpl$startFlow$startFlowEvent$1@2ffb257])
    SignalFlowHasStarted(flowId=[1167b56f-4696-4b0b-9951-21d9ae5aa843])
    CreateTransaction
  Continuation: Resume(result=null)
  Diff between previous and next state:
isFlowResumed: 
    false
    true
isAnyCheckpointPersisted: 
    false
    true
pendingDeduplicationHandlers: 
    [net.corda.node.internal.FlowStarterImpl$startFlow$startFlowEvent$1@2ffb257]
    []


 --- Transition of flow [1167b56f-4696-4b0b-9951-21d9ae5aa843] ---
  Timestamp: 2020-07-01T14:47:42.947Z
  Event: InitiateFlow(destination=O=RecipientNode1, L=Madrid, C=ES, wellKnownParty=O=RecipientNode1, L=Madrid, C=ES)
  Actions: 
    AddSessionBinding(flowId=[1167b56f-4696-4b0b-9951-21d9ae5aa843], sessionId=SessionId(toLong=-2412721118403211759))
  Continuation: Resume(result=class net.corda.node.services.statemachine.FlowSessionImpl)
  Diff between previous and next state:
checkpoint.timestamp: 
    2020-07-01T14:47:42.944Z
    2020-07-01T14:47:42.947Z
checkpoint.sessions.SessionId(toLong=-2412721118403211759): 
    null
    Uninitiated(destination=O=RecipientNode1, L=Madrid, C=ES, initiatingSubFlow=Initiating(flowClass=class net.corda.examples.pingpong.flows.FlowParallelMessagingTests$InvalidReceiveFlow, classToInitiateWith=class net.corda.examples.pingpong.flows.FlowParallelMessagingTests$InvalidReceiveFlow, flowInfo=FlowInfo(flowVersion=1, appName=<unknown>), subFlowVersion=CorDappFlow(platformVersion=7, corDappName=net.corda.examples.pingpong.flows.FlowParallelMessagingTests_1_7_94baeabf-1013-426c-a853-fe9265425153, corDappHash=9893A4D0E4286E72F36401C7108B2B343032041D5F1669E1409C82D86C6C5BEA), isEnabledTimedFlow=false), sourceSessionId=SessionId(toLong=-2412721118403211759), additionalEntropy=4917914562914719990)


 --- Transition of flow [1167b56f-4696-4b0b-9951-21d9ae5aa843] ---
  Timestamp: 2020-07-01T14:47:42.962Z
  Event: Error(exception=java.lang.IllegalArgumentException: A flow session can only appear once as argument.)
  Actions: 
    RollbackTransaction
    ScheduleEvent(event=DoRemainingWork)
  Continuation: ProcessEvents
  Diff between previous and next state:
checkpoint.timestamp: 
    2020-07-01T14:47:42.947Z
    2020-07-01T14:47:42.949Z
checkpoint.errorState: 
    Clean
    Errored(errors=[FlowError(errorId=5781534540466295588, exception=java.lang.IllegalArgumentException: A flow session can only appear once as argument.)], propagatedIndex=0, propagating=false)
isFlowResumed: 
    true
    false


 --- Transition of flow [1167b56f-4696-4b0b-9951-21d9ae5aa843] ---
  Timestamp: 2020-07-01T14:47:42.967Z
  Event: DoRemainingWork
  Actions: 
    
  Continuation: ProcessEvents
  Diff between previous and next state:
null

 --- Transition of flow [1167b56f-4696-4b0b-9951-21d9ae5aa843] ---
  Timestamp: 2020-07-01T14:47:42.969Z
  Event: StartErrorPropagation
  Actions: 
    ScheduleEvent(event=DoRemainingWork)
  Continuation: ProcessEvents
  Diff between previous and next state:
checkpoint.timestamp: 
    2020-07-01T14:47:42.949Z
    2020-07-01T14:47:42.969Z
checkpoint.errorState.propagating: 
    false
    true
 {actor_id=Only For Testing, actor_owning_identity=O=SenderNode, L=Madrid, C=ES, actor_store_id=TEST, fiber-id=10000011, flow-id=1167b56f-4696-4b0b-9951-21d9ae5aa843, invocation_id=8b11d8d5-da49-4b9a-a46b-bf80c4f7ec1e, invocation_timestamp=2020-07-01T14:47:42.943Z, origin=Only For Testing, session_id=8b11d8d5-da49-4b9a-a46b-bf80c4f7ec1e, session_timestamp=2020-07-01T14:47:42.943Z, thread-id=153}
?[m?[31m[WARN] 23:47:42,981 [Mock network] interceptors.DumpHistoryOnErrorInterceptor. - A flow session can only appear once as argument. [errorCode=vljw91, moreInformationAt=https://errors.corda.net/OS/4.5-RC02/vljw91] {actor_id=Only For Testing, actor_owning_identity=O=SenderNode, L=Madrid, C=ES, actor_store_id=TEST, fiber-id=10000011, flow-id=1167b56f-4696-4b0b-9951-21d9ae5aa843, invocation_id=8b11d8d5-da49-4b9a-a46b-bf80c4f7ec1e, invocation_timestamp=2020-07-01T14:47:42.943Z, origin=Only For Testing, session_id=8b11d8d5-da49-4b9a-a46b-bf80c4f7ec1e, session_timestamp=2020-07-01T14:47:42.943Z, thread-id=153}
?[m java.lang.IllegalArgumentException: A flow session can only appear once as argument.
	at net.corda.core.flows.FlowLogic.enforceNoDuplicates(FlowLogic.kt:555) ~[corda-core-4.5-RC02.jar:?]
	at net.corda.core.flows.FlowLogic.receiveAll(FlowLogic.kt:340) ~[corda-core-4.5-RC02.jar:?]
	at net.corda.core.flows.FlowLogic.receiveAll$default(FlowLogic.kt:338) ~[corda-core-4.5-RC02.jar:?]
	at net.corda.examples.pingpong.flows.FlowParallelMessagingTests$InvalidReceiveFlow.call(FlowParallelMessagingTests.kt:231) ~[test/:?]
	at net.corda.examples.pingpong.flows.FlowParallelMessagingTests$InvalidReceiveFlow.call(FlowParallelMessagingTests.kt:224) ~[test/:?]
	at net.corda.node.services.statemachine.FlowStateMachineImpl.run(FlowStateMachineImpl.kt:299) ~[corda-node-4.5-RC02.jar:?]
	at net.corda.node.services.statemachine.FlowStateMachineImpl.run(FlowStateMachineImpl.kt:66) ~[corda-node-4.5-RC02.jar:?]
	at co.paralleluniverse.fibers.Fiber.run1(Fiber.java:1092) ~[quasar-core-0.7.10-jdk8.jar:0.7.10]
	at co.paralleluniverse.fibers.Fiber.exec(Fiber.java:788) ~[quasar-core-0.7.10-jdk8.jar:0.7.10]
	at co.paralleluniverse.fibers.RunnableFiberTask.doExec(RunnableFiberTask.java:100) ~[quasar-core-0.7.10-jdk8.jar:0.7.10]
	at co.paralleluniverse.fibers.RunnableFiberTask.run(RunnableFiberTask.java:91) ~[quasar-core-0.7.10-jdk8.jar:0.7.10]
	at java.util.concurrent.Executors$RunnableAdapter.call(Executors.java:511) ~[?:1.8.0_171]
	at java.util.concurrent.FutureTask.run(FutureTask.java:266) ~[?:1.8.0_171]
	at java.util.concurrent.ScheduledThreadPoolExecutor$ScheduledFutureTask.access$201(ScheduledThreadPoolExecutor.java:180) ~[?:1.8.0_171]
	at java.util.concurrent.ScheduledThreadPoolExecutor$ScheduledFutureTask.run(ScheduledThreadPoolExecutor.java:293) ~[?:1.8.0_171]
	at java.util.concurrent.ThreadPoolExecutor.runWorker(ThreadPoolExecutor.java:1149) ~[?:1.8.0_171]
	at java.util.concurrent.ThreadPoolExecutor$Worker.run(ThreadPoolExecutor.java:624) ~[?:1.8.0_171]
	at net.corda.node.utilities.AffinityExecutor$ServiceAffinityExecutor$1$thread$1.run(AffinityExecutor.kt:63) ~[corda-node-4.5-RC02.jar:?]
?[31m[WARN] 23:47:42,983 [Mock network] statemachine.ActionExecutorImpl. - Propagating error {actor_id=Only For Testing, actor_owning_identity=O=SenderNode, L=Madrid, C=ES, actor_store_id=TEST, fiber-id=10000011, flow-id=1167b56f-4696-4b0b-9951-21d9ae5aa843, invocation_id=8b11d8d5-da49-4b9a-a46b-bf80c4f7ec1e, invocation_timestamp=2020-07-01T14:47:42.943Z, origin=Only For Testing, session_id=8b11d8d5-da49-4b9a-a46b-bf80c4f7ec1e, session_timestamp=2020-07-01T14:47:42.943Z, thread-id=153}
?[m?[31m[WARN] 23:47:43,018 [Mock network] interceptors.DumpHistoryOnErrorInterceptor. - Flow [1167b56f-4696-4b0b-9951-21d9ae5aa843] errored, dumping all transitions:

 --- Transition of flow [1167b56f-4696-4b0b-9951-21d9ae5aa843] ---
  Timestamp: 2020-07-01T14:47:42.946Z
  Event: DoRemainingWork
  Actions: 
    CreateTransaction
    PersistCheckpoint(id=[1167b56f-4696-4b0b-9951-21d9ae5aa843], checkpoint=Checkpoint(invocationContext=InvocationContext(origin=RPC(actor=Actor(id=Id(value=Only For Testing), serviceId=AuthServiceId(value=TEST), owningLegalIdentity=O=SenderNode, L=Madrid, C=ES)), trace=Trace(invocationId=8b11d8d5-da49-4b9a-a46b-bf80c4f7ec1e, timestamp: 2020-07-01T14:47:42.943Z, entityType: Invocation, sessionId=8b11d8d5-da49-4b9a-a46b-bf80c4f7ec1e, timestamp: 2020-07-01T14:47:42.943Z, entityType: Session), actor=Actor(id=Id(value=Only For Testing), serviceId=AuthServiceId(value=TEST), owningLegalIdentity=O=SenderNode, L=Madrid, C=ES), externalTrace=null, impersonatedActor=null), ourIdentity=O=SenderNode, L=Madrid, C=ES, sessions={}, subFlowStack=[Initiating(flowClass=class net.corda.examples.pingpong.flows.FlowParallelMessagingTests$InvalidReceiveFlow, classToInitiateWith=class net.corda.examples.pingpong.flows.FlowParallelMessagingTests$InvalidReceiveFlow, flowInfo=FlowInfo(flowVersion=1, appName=<unknown>), subFlowVersion=CorDappFlow(platformVersion=7, corDappName=net.corda.examples.pingpong.flows.FlowParallelMessagingTests_1_7_94baeabf-1013-426c-a853-fe9265425153, corDappHash=9893A4D0E4286E72F36401C7108B2B343032041D5F1669E1409C82D86C6C5BEA), isEnabledTimedFlow=false)], flowState=Unstarted(flowStart=Explicit, frozenFlowLogic=1A07E367B40E4C1F959034C69CDE6575D6A573D4CDA923B1C4176D62F3F6B343), errorState=Clean, numberOfSuspends=0), isCheckpointUpdate=false)
    PersistDeduplicationFacts(deduplicationHandlers=[net.corda.node.internal.FlowStarterImpl$startFlow$startFlowEvent$1@2ffb257])
    CommitTransaction
    AcknowledgeMessages(deduplicationHandlers=[net.corda.node.internal.FlowStarterImpl$startFlow$startFlowEvent$1@2ffb257])
    SignalFlowHasStarted(flowId=[1167b56f-4696-4b0b-9951-21d9ae5aa843])
    CreateTransaction
  Continuation: Resume(result=null)
  Diff between previous and next state:
isFlowResumed: 
    false
    true
isAnyCheckpointPersisted: 
    false
    true
pendingDeduplicationHandlers: 
    [net.corda.node.internal.FlowStarterImpl$startFlow$startFlowEvent$1@2ffb257]
    []


 --- Transition of flow [1167b56f-4696-4b0b-9951-21d9ae5aa843] ---
  Timestamp: 2020-07-01T14:47:42.947Z
  Event: InitiateFlow(destination=O=RecipientNode1, L=Madrid, C=ES, wellKnownParty=O=RecipientNode1, L=Madrid, C=ES)
  Actions: 
    AddSessionBinding(flowId=[1167b56f-4696-4b0b-9951-21d9ae5aa843], sessionId=SessionId(toLong=-2412721118403211759))
  Continuation: Resume(result=class net.corda.node.services.statemachine.FlowSessionImpl)
  Diff between previous and next state:
checkpoint.timestamp: 
    2020-07-01T14:47:42.944Z
    2020-07-01T14:47:42.947Z
checkpoint.sessions.SessionId(toLong=-2412721118403211759): 
    null
    Uninitiated(destination=O=RecipientNode1, L=Madrid, C=ES, initiatingSubFlow=Initiating(flowClass=class net.corda.examples.pingpong.flows.FlowParallelMessagingTests$InvalidReceiveFlow, classToInitiateWith=class net.corda.examples.pingpong.flows.FlowParallelMessagingTests$InvalidReceiveFlow, flowInfo=FlowInfo(flowVersion=1, appName=<unknown>), subFlowVersion=CorDappFlow(platformVersion=7, corDappName=net.corda.examples.pingpong.flows.FlowParallelMessagingTests_1_7_94baeabf-1013-426c-a853-fe9265425153, corDappHash=9893A4D0E4286E72F36401C7108B2B343032041D5F1669E1409C82D86C6C5BEA), isEnabledTimedFlow=false), sourceSessionId=SessionId(toLong=-2412721118403211759), additionalEntropy=4917914562914719990)


 --- Transition of flow [1167b56f-4696-4b0b-9951-21d9ae5aa843] ---
  Timestamp: 2020-07-01T14:47:42.962Z
  Event: Error(exception=java.lang.IllegalArgumentException: A flow session can only appear once as argument.)
  Actions: 
    RollbackTransaction
    ScheduleEvent(event=DoRemainingWork)
  Continuation: ProcessEvents
  Diff between previous and next state:
checkpoint.timestamp: 
    2020-07-01T14:47:42.947Z
    2020-07-01T14:47:42.949Z
checkpoint.errorState: 
    Clean
    Errored(errors=[FlowError(errorId=5781534540466295588, exception=java.lang.IllegalArgumentException: A flow session can only appear once as argument.)], propagatedIndex=0, propagating=false)
isFlowResumed: 
    true
    false


 --- Transition of flow [1167b56f-4696-4b0b-9951-21d9ae5aa843] ---
  Timestamp: 2020-07-01T14:47:42.967Z
  Event: DoRemainingWork
  Actions: 
    
  Continuation: ProcessEvents
  Diff between previous and next state:
null

 --- Transition of flow [1167b56f-4696-4b0b-9951-21d9ae5aa843] ---
  Timestamp: 2020-07-01T14:47:42.969Z
  Event: StartErrorPropagation
  Actions: 
    ScheduleEvent(event=DoRemainingWork)
  Continuation: ProcessEvents
  Diff between previous and next state:
checkpoint.timestamp: 
    2020-07-01T14:47:42.949Z
    2020-07-01T14:47:42.969Z
checkpoint.errorState.propagating: 
    false
    true


 --- Transition of flow [1167b56f-4696-4b0b-9951-21d9ae5aa843] ---
  Timestamp: 2020-07-01T14:47:43.015Z
  Event: DoRemainingWork
  Actions: 
    PropagateErrors(errorMessages=[ErrorSessionMessage(flowException=null, errorId=5781534540466295588)], sessions=[], senderUUID=d2710dd6-bb39-4072-80cd-05460bd4adcf)
    CreateTransaction
    RemoveCheckpoint(id=[1167b56f-4696-4b0b-9951-21d9ae5aa843])
    PersistDeduplicationFacts(deduplicationHandlers=[])
    ReleaseSoftLocks(uuid=1167b56f-4696-4b0b-9951-21d9ae5aa843)
    CommitTransaction
    AcknowledgeMessages(deduplicationHandlers=[])
    RemoveSessionBindings(sessionIds=[SessionId(toLong=-2412721118403211759)])
    RemoveFlow(flowId=[1167b56f-4696-4b0b-9951-21d9ae5aa843], removalReason=ErrorFinish(flowErrors=[FlowError(errorId=5781534540466295588, exception=java.lang.IllegalArgumentException: A flow session can only appear once as argument.)]), lastState=StateMachineState(checkpoint=Checkpoint(invocationContext=InvocationContext(origin=RPC(actor=Actor(id=Id(value=Only For Testing), serviceId=AuthServiceId(value=TEST), owningLegalIdentity=O=SenderNode, L=Madrid, C=ES)), trace=Trace(invocationId=8b11d8d5-da49-4b9a-a46b-bf80c4f7ec1e, timestamp: 2020-07-01T14:47:42.943Z, entityType: Invocation, sessionId=8b11d8d5-da49-4b9a-a46b-bf80c4f7ec1e, timestamp: 2020-07-01T14:47:42.943Z, entityType: Session), actor=Actor(id=Id(value=Only For Testing), serviceId=AuthServiceId(value=TEST), owningLegalIdentity=O=SenderNode, L=Madrid, C=ES), externalTrace=null, impersonatedActor=null), ourIdentity=O=SenderNode, L=Madrid, C=ES, sessions={SessionId(toLong=-2412721118403211759)=Uninitiated(destination=O=RecipientNode1, L=Madrid, C=ES, initiatingSubFlow=Initiating(flowClass=class net.corda.examples.pingpong.flows.FlowParallelMessagingTests$InvalidReceiveFlow, classToInitiateWith=class net.corda.examples.pingpong.flows.FlowParallelMessagingTests$InvalidReceiveFlow, flowInfo=FlowInfo(flowVersion=1, appName=<unknown>), subFlowVersion=CorDappFlow(platformVersion=7, corDappName=net.corda.examples.pingpong.flows.FlowParallelMessagingTests_1_7_94baeabf-1013-426c-a853-fe9265425153, corDappHash=9893A4D0E4286E72F36401C7108B2B343032041D5F1669E1409C82D86C6C5BEA), isEnabledTimedFlow=false), sourceSessionId=SessionId(toLong=-2412721118403211759), additionalEntropy=4917914562914719990)}, subFlowStack=[Initiating(flowClass=class net.corda.examples.pingpong.flows.FlowParallelMessagingTests$InvalidReceiveFlow, classToInitiateWith=class net.corda.examples.pingpong.flows.FlowParallelMessagingTests$InvalidReceiveFlow, flowInfo=FlowInfo(flowVersion=1, appName=<unknown>), subFlowVersion=CorDappFlow(platformVersion=7, corDappName=net.corda.examples.pingpong.flows.FlowParallelMessagingTests_1_7_94baeabf-1013-426c-a853-fe9265425153, corDappHash=9893A4D0E4286E72F36401C7108B2B343032041D5F1669E1409C82D86C6C5BEA), isEnabledTimedFlow=false)], flowState=Unstarted(flowStart=Explicit, frozenFlowLogic=1A07E367B40E4C1F959034C69CDE6575D6A573D4CDA923B1C4176D62F3F6B343), errorState=Errored(errors=[FlowError(errorId=5781534540466295588, exception=java.lang.IllegalArgumentException: A flow session can only appear once as argument.)], propagatedIndex=1, propagating=true), numberOfSuspends=0), flowLogic=net.corda.examples.pingpong.flows.FlowParallelMessagingTests$InvalidReceiveFlow@5ffa6545, pendingDeduplicationHandlers=[], isFlowResumed=false, isWaitingForFuture=false, future=null, isAnyCheckpointPersisted=true, isStartIdempotent=false, isRemoved=true, isKilled=false, senderUUID=d2710dd6-bb39-4072-80cd-05460bd4adcf))
  Continuation: Abort
  Diff between previous and next state:
checkpoint.timestamp: 
    2020-07-01T14:47:42.969Z
    2020-07-01T14:47:42.982Z
checkpoint.errorState.propagatedIndex: 
    0
    1
isRemoved: 
    false
    true
 {actor_id=Only For Testing, actor_owning_identity=O=SenderNode, L=Madrid, C=ES, actor_store_id=TEST, fiber-id=10000011, flow-id=1167b56f-4696-4b0b-9951-21d9ae5aa843, invocation_id=8b11d8d5-da49-4b9a-a46b-bf80c4f7ec1e, invocation_timestamp=2020-07-01T14:47:42.943Z, origin=Only For Testing, session_id=8b11d8d5-da49-4b9a-a46b-bf80c4f7ec1e, session_timestamp=2020-07-01T14:47:42.943Z, thread-id=153}
?[m?[31m[WARN] 23:47:43,018 [Mock network] interceptors.DumpHistoryOnErrorInterceptor. - A flow session can only appear once as argument. [errorCode=vljw91, moreInformationAt=https://errors.corda.net/OS/4.5-RC02/vljw91] {actor_id=Only For Testing, actor_owning_identity=O=SenderNode, L=Madrid, C=ES, actor_store_id=TEST, fiber-id=10000011, flow-id=1167b56f-4696-4b0b-9951-21d9ae5aa843, invocation_id=8b11d8d5-da49-4b9a-a46b-bf80c4f7ec1e, invocation_timestamp=2020-07-01T14:47:42.943Z, origin=Only For Testing, session_id=8b11d8d5-da49-4b9a-a46b-bf80c4f7ec1e, session_timestamp=2020-07-01T14:47:42.943Z, thread-id=153}
?[m java.lang.IllegalArgumentException: A flow session can only appear once as argument.
	at net.corda.core.flows.FlowLogic.enforceNoDuplicates(FlowLogic.kt:555) ~[corda-core-4.5-RC02.jar:?]
	at net.corda.core.flows.FlowLogic.receiveAll(FlowLogic.kt:340) ~[corda-core-4.5-RC02.jar:?]
	at net.corda.core.flows.FlowLogic.receiveAll$default(FlowLogic.kt:338) ~[corda-core-4.5-RC02.jar:?]
	at net.corda.examples.pingpong.flows.FlowParallelMessagingTests$InvalidReceiveFlow.call(FlowParallelMessagingTests.kt:231) ~[test/:?]
	at net.corda.examples.pingpong.flows.FlowParallelMessagingTests$InvalidReceiveFlow.call(FlowParallelMessagingTests.kt:224) ~[test/:?]
	at net.corda.node.services.statemachine.FlowStateMachineImpl.run(FlowStateMachineImpl.kt:299) ~[corda-node-4.5-RC02.jar:?]
	at net.corda.node.services.statemachine.FlowStateMachineImpl.run(FlowStateMachineImpl.kt:66) ~[corda-node-4.5-RC02.jar:?]
	at co.paralleluniverse.fibers.Fiber.run1(Fiber.java:1092) ~[quasar-core-0.7.10-jdk8.jar:0.7.10]
	at co.paralleluniverse.fibers.Fiber.exec(Fiber.java:788) ~[quasar-core-0.7.10-jdk8.jar:0.7.10]
	at co.paralleluniverse.fibers.RunnableFiberTask.doExec(RunnableFiberTask.java:100) ~[quasar-core-0.7.10-jdk8.jar:0.7.10]
	at co.paralleluniverse.fibers.RunnableFiberTask.run(RunnableFiberTask.java:91) ~[quasar-core-0.7.10-jdk8.jar:0.7.10]
	at java.util.concurrent.Executors$RunnableAdapter.call(Executors.java:511) ~[?:1.8.0_171]
	at java.util.concurrent.FutureTask.run(FutureTask.java:266) ~[?:1.8.0_171]
	at java.util.concurrent.ScheduledThreadPoolExecutor$ScheduledFutureTask.access$201(ScheduledThreadPoolExecutor.java:180) ~[?:1.8.0_171]
	at java.util.concurrent.ScheduledThreadPoolExecutor$ScheduledFutureTask.run(ScheduledThreadPoolExecutor.java:293) ~[?:1.8.0_171]
	at java.util.concurrent.ThreadPoolExecutor.runWorker(ThreadPoolExecutor.java:1149) ~[?:1.8.0_171]
	at java.util.concurrent.ThreadPoolExecutor$Worker.run(ThreadPoolExecutor.java:624) ~[?:1.8.0_171]
	at net.corda.node.utilities.AffinityExecutor$ServiceAffinityExecutor$1$thread$1.run(AffinityExecutor.kt:63) ~[corda-node-4.5-RC02.jar:?]
?[37m[INFO] 23:47:43,091 [Log4j2-TF-1-AsyncLogger[AsyncContextNoThreadLocal@73d16e93]-1] manifests.Manifests. - 149 attributes loaded from 220 stream(s) in 90ms, 149 saved, 3477 ignored: ["ActiveMQ-Version", "Agent-Class", "Ant-Version", "Application-Class", "Application-ID", "Application-Library-Allowable-Codebase", "Application-Name", "Application-Version", "Apr-Version", "Archiver-Version", "Automatic-Module-Name", "Bnd-LastModified", "BoringSSL-Branch", "BoringSSL-Revision", "Branch", "Build-Date", "Build-Host", "Build-Id", "Build-Java-Version", "Build-Jdk", "Build-Jdk-Spec", "Build-Job", "Build-Number", "Build-Revision", "Build-Time", "Build-Timestamp", "Build-Version", "Built-By", "Built-OS", "Built-Status", "Bundle-ActivationPolicy", "Bundle-Activator", "Bundle-Category", "Bundle-ClassPath", "Bundle-Classpath", "Bundle-Copyright", "Bundle-Description", "Bundle-DocURL", "Bundle-License", "Bundle-ManifestVersion", "Bundle-Name", "Bundle-NativeCode", "Bundle-RequiredExecutionEnvironment", "Bundle-SymbolicName", "Bundle-Vendor", "Bundle-Version", "Caller-Allowable-Codebase", "Can-Redefine-Classes", "Can-Retransform-Classes", "Can-Set-Native-Method-Prefix", "Caplets", "Change", "Class-Path", "Codebase", "Corda-DJVM-Dependencies", "Corda-Deterministic-Classpath", "Corda-Deterministic-Runtime", "Corda-Docs-Link", "Corda-Platform-Version", "Corda-Release-Version", "Corda-Revision", "Corda-Testing", "Corda-Vendor", "Cordapp-Contract-Licence", "Cordapp-Contract-Name", "Cordapp-Contract-Vendor", "Cordapp-Contract-Version", "Cordapp-Workflow-Licence", "Cordapp-Workflow-Name", "Cordapp-Workflow-Vendor", "Cordapp-Workflow-Version", "Created-By", "DynamicImport-Package", "Eclipse-BuddyPolicy", "Eclipse-LazyStart", "Embed-Dependency", "Export-Package", "Extension-Name", "Fragment-Host", "Git-Revision", "Git-Url", "Gradle-Version", "Hibernate-JpaVersion", "Hibernate-VersionFamily", "Ignore-Package", "Implementation-Build", "Implementation-Build-Date", "Implementation-Build-Id", "Implementation-Title", "Implementation-URL", "Implementation-Url", "Implementation-Vendor", "Implementation-Vendor-Id", "Implementation-Version", "Import-Package", "Include-Resource", "JCabi-Build", "JCabi-Date", "JCabi-Version", "JVM-Args", "Java-Agents", "Java-Vendor", "Java-Version", "Kotlin-Runtime-Component", "Kotlin-Version", "Liquibase-Package", "Log4jReleaseKey", "Log4jReleaseManager", "Log4jReleaseVersion", "Main-Class", "Main-class", "Major-Version", "Manifest-Version", "Min-Java-Version", "Min-Platform-Version", "Min-Update-Version", "Module-Email", "Module-Origin", "Module-Owner", "Module-Source", "Multi-Release", "Originally-Created-By", "Os-Arch", "Os-Name", "Os-Version", "Permissions", "Premain-Class", "Private-Package", "Provide-Capability", "Require-Capability", "SCM-Revision", "SCM-url", "Scm-Connection", "Scm-Revision", "Scm-Url", "Sealed", "Service-Component", "Specification-Title", "Specification-Vendor", "Specification-Version", "System-Properties", "Target-Platform-Version", "Tool", "Trusted-Library", "URL", "X-Compile-Source-JDK", "X-Compile-Target-JDK", "service", "url"]
?[m?[37m[INFO] 23:47:43,302 [Mock network] corda.flow. - Flow raised an error: crash. Sending it to flow hospital to be triaged. {fiber-id=10000014, flow-id=24470faf-9fcd-46cc-b525-903ccf39ef43, invocation_id=83d5494d-c322-4060-930c-11523e27af66, invocation_timestamp=2020-07-01T14:47:43.295Z, origin=O=SenderNode, L=Madrid, C=ES, session_id=83d5494d-c322-4060-930c-11523e27af66, session_timestamp=2020-07-01T14:47:43.295Z, thread-id=153}
?[m?[37m[INFO] 23:47:43,303 [Mock network] statemachine.StaffedFlowHospital. - Flow [24470faf-9fcd-46cc-b525-903ccf39ef43] admitted to hospital in state StateMachineState(checkpoint=Checkpoint(invocationContext=InvocationContext(origin=Peer(party=O=SenderNode, L=Madrid, C=ES), trace=Trace(invocationId=83d5494d-c322-4060-930c-11523e27af66, timestamp: 2020-07-01T14:47:43.295Z, entityType: Invocation, sessionId=83d5494d-c322-4060-930c-11523e27af66, timestamp: 2020-07-01T14:47:43.295Z, entityType: Session), actor=null, externalTrace=null, impersonatedActor=null), ourIdentity=O=RecipientNode2, L=Madrid, C=ES, sessions={SessionId(toLong=-919550330557557522)=Initiated(peerParty=O=SenderNode, L=Madrid, C=ES, peerFlowInfo=FlowInfo(flowVersion=1, appName=<unknown>), receivedMessages=[], initiatedState=Live(peerSinkSessionId=SessionId(toLong=-9130508402392496491)), errors=[], deduplicationSeed=D--9130508402392496491--8626874419002354812)}, subFlowStack=[Inlined(flowClass=class net.corda.examples.pingpong.flows.FlowParallelMessagingTests$RecipientFlow, subFlowVersion=CorDappFlow(platformVersion=7, corDappName=net.corda.examples.pingpong.flows.FlowParallelMessagingTests_1_7_94baeabf-1013-426c-a853-fe9265425153, corDappHash=9893A4D0E4286E72F36401C7108B2B343032041D5F1669E1409C82D86C6C5BEA), isEnabledTimedFlow=false)], flowState=Started(flowIORequest=Receive(sessions=[FlowSessionImpl(destination=O=SenderNode, L=Madrid, C=ES, sourceSessionId=SessionId(toLong=-919550330557557522))]), frozenFiber=3FD543D9B04AE7CF557856225501F0BD4B1B93260E4CDA94B75635DF54C50BF0), errorState=Clean, numberOfSuspends=1), flowLogic=net.corda.examples.pingpong.flows.FlowParallelMessagingTests$RecipientFlow@b299ed7, pendingDeduplicationHandlers=[], isFlowResumed=true, isWaitingForFuture=false, future=null, isAnyCheckpointPersisted=true, isStartIdempotent=false, isRemoved=false, isKilled=false, senderUUID=8e2425d8-5f8b-40b1-bc3a-940bdf4d4088) {fiber-id=10000014, flow-id=24470faf-9fcd-46cc-b525-903ccf39ef43, invocation_id=83d5494d-c322-4060-930c-11523e27af66, invocation_timestamp=2020-07-01T14:47:43.295Z, origin=O=SenderNode, L=Madrid, C=ES, session_id=83d5494d-c322-4060-930c-11523e27af66, session_timestamp=2020-07-01T14:47:43.295Z, thread-id=153}
?[m?[37m[INFO] 23:47:43,303 [Mock network] statemachine.StaffedFlowHospital. - Error 1 of 1: {fiber-id=10000014, flow-id=24470faf-9fcd-46cc-b525-903ccf39ef43, invocation_id=83d5494d-c322-4060-930c-11523e27af66, invocation_timestamp=2020-07-01T14:47:43.295Z, origin=O=SenderNode, L=Madrid, C=ES, session_id=83d5494d-c322-4060-930c-11523e27af66, session_timestamp=2020-07-01T14:47:43.295Z, thread-id=153}
?[m java.lang.RuntimeException: crash
	at net.corda.examples.pingpong.flows.FlowParallelMessagingTests$RecipientFlow.call(FlowParallelMessagingTests.kt:174) ~[test/:?]
	at net.corda.examples.pingpong.flows.FlowParallelMessagingTests$RecipientFlow.call(FlowParallelMessagingTests.kt:167) ~[test/:?]
	at net.corda.node.services.statemachine.FlowStateMachineImpl.run(FlowStateMachineImpl.kt:299) ~[corda-node-4.5-RC02.jar:?]
	at net.corda.node.services.statemachine.FlowStateMachineImpl.run(FlowStateMachineImpl.kt:66) ~[corda-node-4.5-RC02.jar:?]
	at co.paralleluniverse.fibers.Fiber.run1(Fiber.java:1092) ~[quasar-core-0.7.10-jdk8.jar:0.7.10]
	at co.paralleluniverse.fibers.Fiber.exec(Fiber.java:788) ~[quasar-core-0.7.10-jdk8.jar:0.7.10]
	at co.paralleluniverse.fibers.RunnableFiberTask.doExec(RunnableFiberTask.java:100) ~[quasar-core-0.7.10-jdk8.jar:0.7.10]
	at co.paralleluniverse.fibers.RunnableFiberTask.run(RunnableFiberTask.java:91) ~[quasar-core-0.7.10-jdk8.jar:0.7.10]
	at java.util.concurrent.Executors$RunnableAdapter.call(Executors.java:511) ~[?:1.8.0_171]
	at java.util.concurrent.FutureTask.run(FutureTask.java:266) ~[?:1.8.0_171]
	at java.util.concurrent.ScheduledThreadPoolExecutor$ScheduledFutureTask.access$201(ScheduledThreadPoolExecutor.java:180) ~[?:1.8.0_171]
	at java.util.concurrent.ScheduledThreadPoolExecutor$ScheduledFutureTask.run(ScheduledThreadPoolExecutor.java:293) ~[?:1.8.0_171]
	at java.util.concurrent.ThreadPoolExecutor.runWorker(ThreadPoolExecutor.java:1149) ~[?:1.8.0_171]
	at java.util.concurrent.ThreadPoolExecutor$Worker.run(ThreadPoolExecutor.java:624) ~[?:1.8.0_171]
	at net.corda.node.utilities.AffinityExecutor$ServiceAffinityExecutor$1$thread$1.run(AffinityExecutor.kt:63) ~[corda-node-4.5-RC02.jar:?]
?[37m[INFO] 23:47:43,303 [Mock network] statemachine.StaffedFlowHospital. - Flow error allowed to propagate {fiber-id=10000014, flow-id=24470faf-9fcd-46cc-b525-903ccf39ef43, invocation_id=83d5494d-c322-4060-930c-11523e27af66, invocation_timestamp=2020-07-01T14:47:43.295Z, origin=O=SenderNode, L=Madrid, C=ES, session_id=83d5494d-c322-4060-930c-11523e27af66, session_timestamp=2020-07-01T14:47:43.295Z, thread-id=153}
?[m java.lang.RuntimeException: crash
	at net.corda.examples.pingpong.flows.FlowParallelMessagingTests$RecipientFlow.call(FlowParallelMessagingTests.kt:174) ~[test/:?]
	at net.corda.examples.pingpong.flows.FlowParallelMessagingTests$RecipientFlow.call(FlowParallelMessagingTests.kt:167) ~[test/:?]
	at net.corda.node.services.statemachine.FlowStateMachineImpl.run(FlowStateMachineImpl.kt:299) ~[corda-node-4.5-RC02.jar:?]
	at net.corda.node.services.statemachine.FlowStateMachineImpl.run(FlowStateMachineImpl.kt:66) ~[corda-node-4.5-RC02.jar:?]
	at co.paralleluniverse.fibers.Fiber.run1(Fiber.java:1092) ~[quasar-core-0.7.10-jdk8.jar:0.7.10]
	at co.paralleluniverse.fibers.Fiber.exec(Fiber.java:788) ~[quasar-core-0.7.10-jdk8.jar:0.7.10]
	at co.paralleluniverse.fibers.RunnableFiberTask.doExec(RunnableFiberTask.java:100) ~[quasar-core-0.7.10-jdk8.jar:0.7.10]
	at co.paralleluniverse.fibers.RunnableFiberTask.run(RunnableFiberTask.java:91) ~[quasar-core-0.7.10-jdk8.jar:0.7.10]
	at java.util.concurrent.Executors$RunnableAdapter.call(Executors.java:511) ~[?:1.8.0_171]
	at java.util.concurrent.FutureTask.run(FutureTask.java:266) ~[?:1.8.0_171]
	at java.util.concurrent.ScheduledThreadPoolExecutor$ScheduledFutureTask.access$201(ScheduledThreadPoolExecutor.java:180) ~[?:1.8.0_171]
	at java.util.concurrent.ScheduledThreadPoolExecutor$ScheduledFutureTask.run(ScheduledThreadPoolExecutor.java:293) ~[?:1.8.0_171]
	at java.util.concurrent.ThreadPoolExecutor.runWorker(ThreadPoolExecutor.java:1149) ~[?:1.8.0_171]
	at java.util.concurrent.ThreadPoolExecutor$Worker.run(ThreadPoolExecutor.java:624) ~[?:1.8.0_171]
	at net.corda.node.utilities.AffinityExecutor$ServiceAffinityExecutor$1$thread$1.run(AffinityExecutor.kt:63) ~[corda-node-4.5-RC02.jar:?]
?[31m[WARN] 23:47:43,308 [Mock network] interceptors.DumpHistoryOnErrorInterceptor. - Flow [24470faf-9fcd-46cc-b525-903ccf39ef43] errored, dumping all transitions:

 --- Transition of flow [24470faf-9fcd-46cc-b525-903ccf39ef43] ---
  Timestamp: 2020-07-01T14:47:43.298Z
  Event: DoRemainingWork
  Actions: 
    CreateTransaction
    PersistCheckpoint(id=[24470faf-9fcd-46cc-b525-903ccf39ef43], checkpoint=Checkpoint(invocationContext=InvocationContext(origin=Peer(party=O=SenderNode, L=Madrid, C=ES), trace=Trace(invocationId=83d5494d-c322-4060-930c-11523e27af66, timestamp: 2020-07-01T14:47:43.295Z, entityType: Invocation, sessionId=83d5494d-c322-4060-930c-11523e27af66, timestamp: 2020-07-01T14:47:43.295Z, entityType: Session), actor=null, externalTrace=null, impersonatedActor=null), ourIdentity=O=RecipientNode2, L=Madrid, C=ES, sessions={}, subFlowStack=[Inlined(flowClass=class net.corda.examples.pingpong.flows.FlowParallelMessagingTests$RecipientFlow, subFlowVersion=CorDappFlow(platformVersion=7, corDappName=net.corda.examples.pingpong.flows.FlowParallelMessagingTests_1_7_94baeabf-1013-426c-a853-fe9265425153, corDappHash=9893A4D0E4286E72F36401C7108B2B343032041D5F1669E1409C82D86C6C5BEA), isEnabledTimedFlow=false)], flowState=Unstarted(flowStart=Initiated, frozenFlowLogic=7D9BB8C6C1724AC19CC1BB789BBE7DD0FBF1290E84F4C14B8B5D9A56565344ED), errorState=Clean, numberOfSuspends=0), isCheckpointUpdate=false)
    PersistDeduplicationFacts(deduplicationHandlers=[net.corda.testing.node.internal.MockNodeMessagingService$InMemoryDeduplicationHandler@6d7af60f])
    CommitTransaction
    AcknowledgeMessages(deduplicationHandlers=[net.corda.testing.node.internal.MockNodeMessagingService$InMemoryDeduplicationHandler@6d7af60f])
    SignalFlowHasStarted(flowId=[24470faf-9fcd-46cc-b525-903ccf39ef43])
    SendExisting(peerParty=O=SenderNode, L=Madrid, C=ES, message=ExistingSessionMessage(recipientSessionId=SessionId(toLong=-9130508402392496491), payload=ConfirmSessionMessage(initiatedSessionId=SessionId(toLong=-919550330557557522), initiatedFlowInfo=FlowInfo(flowVersion=1, appName=<unknown>))), deduplicationId=SenderDeduplicationId(deduplicationId=DeduplicationId(toString=N-D--9130508402392496491--8626874419002354812-0-0), senderUUID=8e2425d8-5f8b-40b1-bc3a-940bdf4d4088))
    CreateTransaction
  Continuation: Resume(result=null)
  Diff between previous and next state:
checkpoint.sessions.SessionId(toLong=-919550330557557522): 
    null
    Initiated(peerParty=O=SenderNode, L=Madrid, C=ES, peerFlowInfo=FlowInfo(flowVersion=1, appName=<unknown>), receivedMessages=[DataSessionMessage(payload=class net.corda.core.serialization.SerializedBytes)], initiatedState=Live(peerSinkSessionId=SessionId(toLong=-9130508402392496491)), errors=[], deduplicationSeed=D--9130508402392496491--8626874419002354812)
isFlowResumed: 
    false
    true
isAnyCheckpointPersisted: 
    false
    true
pendingDeduplicationHandlers: 
    [net.corda.testing.node.internal.MockNodeMessagingService$InMemoryDeduplicationHandler@6d7af60f]
    []


 --- Transition of flow [24470faf-9fcd-46cc-b525-903ccf39ef43] ---
  Timestamp: 2020-07-01T14:47:43.301Z
  Event: Suspend(ioRequest=Receive(sessions=[FlowSessionImpl(destination=O=SenderNode, L=Madrid, C=ES, sourceSessionId=SessionId(toLong=-919550330557557522))]), maySkipCheckpoint=false, fiber=3FD543D9B04AE7CF557856225501F0BD4B1B93260E4CDA94B75635DF54C50BF0, )
  Actions: 
    PersistCheckpoint(id=[24470faf-9fcd-46cc-b525-903ccf39ef43], checkpoint=Checkpoint(invocationContext=InvocationContext(origin=Peer(party=O=SenderNode, L=Madrid, C=ES), trace=Trace(invocationId=83d5494d-c322-4060-930c-11523e27af66, timestamp: 2020-07-01T14:47:43.295Z, entityType: Invocation, sessionId=83d5494d-c322-4060-930c-11523e27af66, timestamp: 2020-07-01T14:47:43.295Z, entityType: Session), actor=null, externalTrace=null, impersonatedActor=null), ourIdentity=O=RecipientNode2, L=Madrid, C=ES, sessions={SessionId(toLong=-919550330557557522)=Initiated(peerParty=O=SenderNode, L=Madrid, C=ES, peerFlowInfo=FlowInfo(flowVersion=1, appName=<unknown>), receivedMessages=[DataSessionMessage(payload=class net.corda.core.serialization.SerializedBytes)], initiatedState=Live(peerSinkSessionId=SessionId(toLong=-9130508402392496491)), errors=[], deduplicationSeed=D--9130508402392496491--8626874419002354812)}, subFlowStack=[Inlined(flowClass=class net.corda.examples.pingpong.flows.FlowParallelMessagingTests$RecipientFlow, subFlowVersion=CorDappFlow(platformVersion=7, corDappName=net.corda.examples.pingpong.flows.FlowParallelMessagingTests_1_7_94baeabf-1013-426c-a853-fe9265425153, corDappHash=9893A4D0E4286E72F36401C7108B2B343032041D5F1669E1409C82D86C6C5BEA), isEnabledTimedFlow=false)], flowState=Started(flowIORequest=Receive(sessions=[FlowSessionImpl(destination=O=SenderNode, L=Madrid, C=ES, sourceSessionId=SessionId(toLong=-919550330557557522))]), frozenFiber=3FD543D9B04AE7CF557856225501F0BD4B1B93260E4CDA94B75635DF54C50BF0), errorState=Clean, numberOfSuspends=1), isCheckpointUpdate=true)
    PersistDeduplicationFacts(deduplicationHandlers=[])
    CommitTransaction
    AcknowledgeMessages(deduplicationHandlers=[])
    ScheduleEvent(event=DoRemainingWork)
  Continuation: ProcessEvents
  Diff between previous and next state:
checkpoint.timestamp: 
    2020-07-01T14:47:43.296Z
    2020-07-01T14:47:43.300Z
checkpoint.flowState: 
    Unstarted(flowStart=Initiated, frozenFlowLogic=7D9BB8C6C1724AC19CC1BB789BBE7DD0FBF1290E84F4C14B8B5D9A56565344ED)
    Started(flowIORequest=Receive(sessions=[FlowSessionImpl(destination=O=SenderNode, L=Madrid, C=ES, sourceSessionId=SessionId(toLong=-919550330557557522))]), frozenFiber=3FD543D9B04AE7CF557856225501F0BD4B1B93260E4CDA94B75635DF54C50BF0)
checkpoint.numberOfSuspends: 
    0
    1
isFlowResumed: 
    true
    false


 --- Transition of flow [24470faf-9fcd-46cc-b525-903ccf39ef43] ---
  Timestamp: 2020-07-01T14:47:43.301Z
  Event: DoRemainingWork
  Actions: 
    CreateTransaction
  Continuation: Resume(result=class java.util.LinkedHashMap)
  Diff between previous and next state:
checkpoint.timestamp: 
    2020-07-01T14:47:43.300Z
    2020-07-01T14:47:43.301Z
checkpoint.sessions.SessionId(toLong=-919550330557557522).receivedMessages: 
    [DataSessionMessage(payload=class net.corda.core.serialization.SerializedBytes)]
    []
isFlowResumed: 
    false
    true


 --- Transition of flow [24470faf-9fcd-46cc-b525-903ccf39ef43] ---
  Timestamp: 2020-07-01T14:47:43.303Z
  Event: Error(exception=java.lang.RuntimeException: crash)
  Actions: 
    RollbackTransaction
    ScheduleEvent(event=DoRemainingWork)
  Continuation: ProcessEvents
  Diff between previous and next state:
checkpoint.timestamp: 
    2020-07-01T14:47:43.301Z
    2020-07-01T14:47:43.302Z
checkpoint.errorState: 
    Clean
    Errored(errors=[FlowError(errorId=6022563001805952918, exception=java.lang.RuntimeException: crash)], propagatedIndex=0, propagating=false)
isFlowResumed: 
    true
    false


 --- Transition of flow [24470faf-9fcd-46cc-b525-903ccf39ef43] ---
  Timestamp: 2020-07-01T14:47:43.303Z
  Event: DoRemainingWork
  Actions: 
    
  Continuation: ProcessEvents
  Diff between previous and next state:
null

 --- Transition of flow [24470faf-9fcd-46cc-b525-903ccf39ef43] ---
  Timestamp: 2020-07-01T14:47:43.303Z
  Event: StartErrorPropagation
  Actions: 
    ScheduleEvent(event=DoRemainingWork)
  Continuation: ProcessEvents
  Diff between previous and next state:
checkpoint.timestamp: 
    2020-07-01T14:47:43.302Z
    2020-07-01T14:47:43.303Z
checkpoint.errorState.propagating: 
    false
    true
 {fiber-id=10000014, flow-id=24470faf-9fcd-46cc-b525-903ccf39ef43, invocation_id=83d5494d-c322-4060-930c-11523e27af66, invocation_timestamp=2020-07-01T14:47:43.295Z, origin=O=SenderNode, L=Madrid, C=ES, session_id=83d5494d-c322-4060-930c-11523e27af66, session_timestamp=2020-07-01T14:47:43.295Z, thread-id=153}
?[m?[31m[WARN] 23:47:43,308 [Mock network] interceptors.DumpHistoryOnErrorInterceptor. - crash [errorCode=omfmh1, moreInformationAt=https://errors.corda.net/OS/4.5-RC02/omfmh1] {fiber-id=10000014, flow-id=24470faf-9fcd-46cc-b525-903ccf39ef43, invocation_id=83d5494d-c322-4060-930c-11523e27af66, invocation_timestamp=2020-07-01T14:47:43.295Z, origin=O=SenderNode, L=Madrid, C=ES, session_id=83d5494d-c322-4060-930c-11523e27af66, session_timestamp=2020-07-01T14:47:43.295Z, thread-id=153}
?[m java.lang.RuntimeException: crash
	at net.corda.examples.pingpong.flows.FlowParallelMessagingTests$RecipientFlow.call(FlowParallelMessagingTests.kt:174) ~[test/:?]
	at net.corda.examples.pingpong.flows.FlowParallelMessagingTests$RecipientFlow.call(FlowParallelMessagingTests.kt:167) ~[test/:?]
	at net.corda.node.services.statemachine.FlowStateMachineImpl.run(FlowStateMachineImpl.kt:299) ~[corda-node-4.5-RC02.jar:?]
	at net.corda.node.services.statemachine.FlowStateMachineImpl.run(FlowStateMachineImpl.kt:66) ~[corda-node-4.5-RC02.jar:?]
	at co.paralleluniverse.fibers.Fiber.run1(Fiber.java:1092) ~[quasar-core-0.7.10-jdk8.jar:0.7.10]
	at co.paralleluniverse.fibers.Fiber.exec(Fiber.java:788) ~[quasar-core-0.7.10-jdk8.jar:0.7.10]
	at co.paralleluniverse.fibers.RunnableFiberTask.doExec(RunnableFiberTask.java:100) ~[quasar-core-0.7.10-jdk8.jar:0.7.10]
	at co.paralleluniverse.fibers.RunnableFiberTask.run(RunnableFiberTask.java:91) ~[quasar-core-0.7.10-jdk8.jar:0.7.10]
	at java.util.concurrent.Executors$RunnableAdapter.call(Executors.java:511) ~[?:1.8.0_171]
	at java.util.concurrent.FutureTask.run(FutureTask.java:266) ~[?:1.8.0_171]
	at java.util.concurrent.ScheduledThreadPoolExecutor$ScheduledFutureTask.access$201(ScheduledThreadPoolExecutor.java:180) ~[?:1.8.0_171]
	at java.util.concurrent.ScheduledThreadPoolExecutor$ScheduledFutureTask.run(ScheduledThreadPoolExecutor.java:293) ~[?:1.8.0_171]
	at java.util.concurrent.ThreadPoolExecutor.runWorker(ThreadPoolExecutor.java:1149) ~[?:1.8.0_171]
	at java.util.concurrent.ThreadPoolExecutor$Worker.run(ThreadPoolExecutor.java:624) ~[?:1.8.0_171]
	at net.corda.node.utilities.AffinityExecutor$ServiceAffinityExecutor$1$thread$1.run(AffinityExecutor.kt:63) ~[corda-node-4.5-RC02.jar:?]
?[31m[WARN] 23:47:43,308 [Mock network] statemachine.ActionExecutorImpl. - Propagating error {fiber-id=10000014, flow-id=24470faf-9fcd-46cc-b525-903ccf39ef43, invocation_id=83d5494d-c322-4060-930c-11523e27af66, invocation_timestamp=2020-07-01T14:47:43.295Z, origin=O=SenderNode, L=Madrid, C=ES, session_id=83d5494d-c322-4060-930c-11523e27af66, session_timestamp=2020-07-01T14:47:43.295Z, thread-id=153}
?[m?[31m[WARN] 23:47:43,401 [Mock network] interceptors.DumpHistoryOnErrorInterceptor. - Flow [24470faf-9fcd-46cc-b525-903ccf39ef43] errored, dumping all transitions:

 --- Transition of flow [24470faf-9fcd-46cc-b525-903ccf39ef43] ---
  Timestamp: 2020-07-01T14:47:43.298Z
  Event: DoRemainingWork
  Actions: 
    CreateTransaction
    PersistCheckpoint(id=[24470faf-9fcd-46cc-b525-903ccf39ef43], checkpoint=Checkpoint(invocationContext=InvocationContext(origin=Peer(party=O=SenderNode, L=Madrid, C=ES), trace=Trace(invocationId=83d5494d-c322-4060-930c-11523e27af66, timestamp: 2020-07-01T14:47:43.295Z, entityType: Invocation, sessionId=83d5494d-c322-4060-930c-11523e27af66, timestamp: 2020-07-01T14:47:43.295Z, entityType: Session), actor=null, externalTrace=null, impersonatedActor=null), ourIdentity=O=RecipientNode2, L=Madrid, C=ES, sessions={}, subFlowStack=[Inlined(flowClass=class net.corda.examples.pingpong.flows.FlowParallelMessagingTests$RecipientFlow, subFlowVersion=CorDappFlow(platformVersion=7, corDappName=net.corda.examples.pingpong.flows.FlowParallelMessagingTests_1_7_94baeabf-1013-426c-a853-fe9265425153, corDappHash=9893A4D0E4286E72F36401C7108B2B343032041D5F1669E1409C82D86C6C5BEA), isEnabledTimedFlow=false)], flowState=Unstarted(flowStart=Initiated, frozenFlowLogic=7D9BB8C6C1724AC19CC1BB789BBE7DD0FBF1290E84F4C14B8B5D9A56565344ED), errorState=Clean, numberOfSuspends=0), isCheckpointUpdate=false)
    PersistDeduplicationFacts(deduplicationHandlers=[net.corda.testing.node.internal.MockNodeMessagingService$InMemoryDeduplicationHandler@6d7af60f])
    CommitTransaction
    AcknowledgeMessages(deduplicationHandlers=[net.corda.testing.node.internal.MockNodeMessagingService$InMemoryDeduplicationHandler@6d7af60f])
    SignalFlowHasStarted(flowId=[24470faf-9fcd-46cc-b525-903ccf39ef43])
    SendExisting(peerParty=O=SenderNode, L=Madrid, C=ES, message=ExistingSessionMessage(recipientSessionId=SessionId(toLong=-9130508402392496491), payload=ConfirmSessionMessage(initiatedSessionId=SessionId(toLong=-919550330557557522), initiatedFlowInfo=FlowInfo(flowVersion=1, appName=<unknown>))), deduplicationId=SenderDeduplicationId(deduplicationId=DeduplicationId(toString=N-D--9130508402392496491--8626874419002354812-0-0), senderUUID=8e2425d8-5f8b-40b1-bc3a-940bdf4d4088))
    CreateTransaction
  Continuation: Resume(result=null)
  Diff between previous and next state:
checkpoint.sessions.SessionId(toLong=-919550330557557522): 
    null
    Initiated(peerParty=O=SenderNode, L=Madrid, C=ES, peerFlowInfo=FlowInfo(flowVersion=1, appName=<unknown>), receivedMessages=[DataSessionMessage(payload=class net.corda.core.serialization.SerializedBytes)], initiatedState=Live(peerSinkSessionId=SessionId(toLong=-9130508402392496491)), errors=[], deduplicationSeed=D--9130508402392496491--8626874419002354812)
isFlowResumed: 
    false
    true
isAnyCheckpointPersisted: 
    false
    true
pendingDeduplicationHandlers: 
    [net.corda.testing.node.internal.MockNodeMessagingService$InMemoryDeduplicationHandler@6d7af60f]
    []


 --- Transition of flow [24470faf-9fcd-46cc-b525-903ccf39ef43] ---
  Timestamp: 2020-07-01T14:47:43.301Z
  Event: Suspend(ioRequest=Receive(sessions=[FlowSessionImpl(destination=O=SenderNode, L=Madrid, C=ES, sourceSessionId=SessionId(toLong=-919550330557557522))]), maySkipCheckpoint=false, fiber=3FD543D9B04AE7CF557856225501F0BD4B1B93260E4CDA94B75635DF54C50BF0, )
  Actions: 
    PersistCheckpoint(id=[24470faf-9fcd-46cc-b525-903ccf39ef43], checkpoint=Checkpoint(invocationContext=InvocationContext(origin=Peer(party=O=SenderNode, L=Madrid, C=ES), trace=Trace(invocationId=83d5494d-c322-4060-930c-11523e27af66, timestamp: 2020-07-01T14:47:43.295Z, entityType: Invocation, sessionId=83d5494d-c322-4060-930c-11523e27af66, timestamp: 2020-07-01T14:47:43.295Z, entityType: Session), actor=null, externalTrace=null, impersonatedActor=null), ourIdentity=O=RecipientNode2, L=Madrid, C=ES, sessions={SessionId(toLong=-919550330557557522)=Initiated(peerParty=O=SenderNode, L=Madrid, C=ES, peerFlowInfo=FlowInfo(flowVersion=1, appName=<unknown>), receivedMessages=[DataSessionMessage(payload=class net.corda.core.serialization.SerializedBytes)], initiatedState=Live(peerSinkSessionId=SessionId(toLong=-9130508402392496491)), errors=[], deduplicationSeed=D--9130508402392496491--8626874419002354812)}, subFlowStack=[Inlined(flowClass=class net.corda.examples.pingpong.flows.FlowParallelMessagingTests$RecipientFlow, subFlowVersion=CorDappFlow(platformVersion=7, corDappName=net.corda.examples.pingpong.flows.FlowParallelMessagingTests_1_7_94baeabf-1013-426c-a853-fe9265425153, corDappHash=9893A4D0E4286E72F36401C7108B2B343032041D5F1669E1409C82D86C6C5BEA), isEnabledTimedFlow=false)], flowState=Started(flowIORequest=Receive(sessions=[FlowSessionImpl(destination=O=SenderNode, L=Madrid, C=ES, sourceSessionId=SessionId(toLong=-919550330557557522))]), frozenFiber=3FD543D9B04AE7CF557856225501F0BD4B1B93260E4CDA94B75635DF54C50BF0), errorState=Clean, numberOfSuspends=1), isCheckpointUpdate=true)
    PersistDeduplicationFacts(deduplicationHandlers=[])
    CommitTransaction
    AcknowledgeMessages(deduplicationHandlers=[])
    ScheduleEvent(event=DoRemainingWork)
  Continuation: ProcessEvents
  Diff between previous and next state:
checkpoint.timestamp: 
    2020-07-01T14:47:43.296Z
    2020-07-01T14:47:43.300Z
checkpoint.flowState: 
    Unstarted(flowStart=Initiated, frozenFlowLogic=7D9BB8C6C1724AC19CC1BB789BBE7DD0FBF1290E84F4C14B8B5D9A56565344ED)
    Started(flowIORequest=Receive(sessions=[FlowSessionImpl(destination=O=SenderNode, L=Madrid, C=ES, sourceSessionId=SessionId(toLong=-919550330557557522))]), frozenFiber=3FD543D9B04AE7CF557856225501F0BD4B1B93260E4CDA94B75635DF54C50BF0)
checkpoint.numberOfSuspends: 
    0
    1
isFlowResumed: 
    true
    false


 --- Transition of flow [24470faf-9fcd-46cc-b525-903ccf39ef43] ---
  Timestamp: 2020-07-01T14:47:43.301Z
  Event: DoRemainingWork
  Actions: 
    CreateTransaction
  Continuation: Resume(result=class java.util.LinkedHashMap)
  Diff between previous and next state:
checkpoint.timestamp: 
    2020-07-01T14:47:43.300Z
    2020-07-01T14:47:43.301Z
checkpoint.sessions.SessionId(toLong=-919550330557557522).receivedMessages: 
    [DataSessionMessage(payload=class net.corda.core.serialization.SerializedBytes)]
    []
isFlowResumed: 
    false
    true


 --- Transition of flow [24470faf-9fcd-46cc-b525-903ccf39ef43] ---
  Timestamp: 2020-07-01T14:47:43.303Z
  Event: Error(exception=java.lang.RuntimeException: crash)
  Actions: 
    RollbackTransaction
    ScheduleEvent(event=DoRemainingWork)
  Continuation: ProcessEvents
  Diff between previous and next state:
checkpoint.timestamp: 
    2020-07-01T14:47:43.301Z
    2020-07-01T14:47:43.302Z
checkpoint.errorState: 
    Clean
    Errored(errors=[FlowError(errorId=6022563001805952918, exception=java.lang.RuntimeException: crash)], propagatedIndex=0, propagating=false)
isFlowResumed: 
    true
    false


 --- Transition of flow [24470faf-9fcd-46cc-b525-903ccf39ef43] ---
  Timestamp: 2020-07-01T14:47:43.303Z
  Event: DoRemainingWork
  Actions: 
    
  Continuation: ProcessEvents
  Diff between previous and next state:
null

 --- Transition of flow [24470faf-9fcd-46cc-b525-903ccf39ef43] ---
  Timestamp: 2020-07-01T14:47:43.303Z
  Event: StartErrorPropagation
  Actions: 
    ScheduleEvent(event=DoRemainingWork)
  Continuation: ProcessEvents
  Diff between previous and next state:
checkpoint.timestamp: 
    2020-07-01T14:47:43.302Z
    2020-07-01T14:47:43.303Z
checkpoint.errorState.propagating: 
    false
    true


 --- Transition of flow [24470faf-9fcd-46cc-b525-903ccf39ef43] ---
  Timestamp: 2020-07-01T14:47:43.399Z
  Event: DoRemainingWork
  Actions: 
    PropagateErrors(errorMessages=[ErrorSessionMessage(flowException=null, errorId=6022563001805952918)], sessions=[Initiated(peerParty=O=SenderNode, L=Madrid, C=ES, peerFlowInfo=FlowInfo(flowVersion=1, appName=<unknown>), receivedMessages=[], initiatedState=Live(peerSinkSessionId=SessionId(toLong=-9130508402392496491)), errors=[], deduplicationSeed=D--9130508402392496491--8626874419002354812)], senderUUID=8e2425d8-5f8b-40b1-bc3a-940bdf4d4088)
    CreateTransaction
    RemoveCheckpoint(id=[24470faf-9fcd-46cc-b525-903ccf39ef43])
    PersistDeduplicationFacts(deduplicationHandlers=[])
    ReleaseSoftLocks(uuid=24470faf-9fcd-46cc-b525-903ccf39ef43)
    CommitTransaction
    AcknowledgeMessages(deduplicationHandlers=[])
    RemoveSessionBindings(sessionIds=[SessionId(toLong=-919550330557557522)])
    RemoveFlow(flowId=[24470faf-9fcd-46cc-b525-903ccf39ef43], removalReason=ErrorFinish(flowErrors=[FlowError(errorId=6022563001805952918, exception=java.lang.RuntimeException: crash)]), lastState=StateMachineState(checkpoint=Checkpoint(invocationContext=InvocationContext(origin=Peer(party=O=SenderNode, L=Madrid, C=ES), trace=Trace(invocationId=83d5494d-c322-4060-930c-11523e27af66, timestamp: 2020-07-01T14:47:43.295Z, entityType: Invocation, sessionId=83d5494d-c322-4060-930c-11523e27af66, timestamp: 2020-07-01T14:47:43.295Z, entityType: Session), actor=null, externalTrace=null, impersonatedActor=null), ourIdentity=O=RecipientNode2, L=Madrid, C=ES, sessions={SessionId(toLong=-919550330557557522)=Initiated(peerParty=O=SenderNode, L=Madrid, C=ES, peerFlowInfo=FlowInfo(flowVersion=1, appName=<unknown>), receivedMessages=[], initiatedState=Live(peerSinkSessionId=SessionId(toLong=-9130508402392496491)), errors=[], deduplicationSeed=D--9130508402392496491--8626874419002354812)}, subFlowStack=[Inlined(flowClass=class net.corda.examples.pingpong.flows.FlowParallelMessagingTests$RecipientFlow, subFlowVersion=CorDappFlow(platformVersion=7, corDappName=net.corda.examples.pingpong.flows.FlowParallelMessagingTests_1_7_94baeabf-1013-426c-a853-fe9265425153, corDappHash=9893A4D0E4286E72F36401C7108B2B343032041D5F1669E1409C82D86C6C5BEA), isEnabledTimedFlow=false)], flowState=Started(flowIORequest=Receive(sessions=[FlowSessionImpl(destination=O=SenderNode, L=Madrid, C=ES, sourceSessionId=SessionId(toLong=-919550330557557522))]), frozenFiber=3FD543D9B04AE7CF557856225501F0BD4B1B93260E4CDA94B75635DF54C50BF0), errorState=Errored(errors=[FlowError(errorId=6022563001805952918, exception=java.lang.RuntimeException: crash)], propagatedIndex=1, propagating=true), numberOfSuspends=1), flowLogic=net.corda.examples.pingpong.flows.FlowParallelMessagingTests$RecipientFlow@b299ed7, pendingDeduplicationHandlers=[], isFlowResumed=false, isWaitingForFuture=false, future=null, isAnyCheckpointPersisted=true, isStartIdempotent=false, isRemoved=true, isKilled=false, senderUUID=8e2425d8-5f8b-40b1-bc3a-940bdf4d4088))
  Continuation: Abort
  Diff between previous and next state:
checkpoint.timestamp: 
    2020-07-01T14:47:43.303Z
    2020-07-01T14:47:43.308Z
checkpoint.errorState.propagatedIndex: 
    0
    1
isRemoved: 
    false
    true
 {fiber-id=10000014, flow-id=24470faf-9fcd-46cc-b525-903ccf39ef43, invocation_id=83d5494d-c322-4060-930c-11523e27af66, invocation_timestamp=2020-07-01T14:47:43.295Z, origin=O=SenderNode, L=Madrid, C=ES, session_id=83d5494d-c322-4060-930c-11523e27af66, session_timestamp=2020-07-01T14:47:43.295Z, thread-id=153}
?[m?[31m[WARN] 23:47:43,401 [Mock network] interceptors.DumpHistoryOnErrorInterceptor. - crash [errorCode=omfmh1, moreInformationAt=https://errors.corda.net/OS/4.5-RC02/omfmh1] {fiber-id=10000014, flow-id=24470faf-9fcd-46cc-b525-903ccf39ef43, invocation_id=83d5494d-c322-4060-930c-11523e27af66, invocation_timestamp=2020-07-01T14:47:43.295Z, origin=O=SenderNode, L=Madrid, C=ES, session_id=83d5494d-c322-4060-930c-11523e27af66, session_timestamp=2020-07-01T14:47:43.295Z, thread-id=153}
?[m java.lang.RuntimeException: crash
	at net.corda.examples.pingpong.flows.FlowParallelMessagingTests$RecipientFlow.call(FlowParallelMessagingTests.kt:174) ~[test/:?]
	at net.corda.examples.pingpong.flows.FlowParallelMessagingTests$RecipientFlow.call(FlowParallelMessagingTests.kt:167) ~[test/:?]
	at net.corda.node.services.statemachine.FlowStateMachineImpl.run(FlowStateMachineImpl.kt:299) ~[corda-node-4.5-RC02.jar:?]
	at net.corda.node.services.statemachine.FlowStateMachineImpl.run(FlowStateMachineImpl.kt:66) ~[corda-node-4.5-RC02.jar:?]
	at co.paralleluniverse.fibers.Fiber.run1(Fiber.java:1092) ~[quasar-core-0.7.10-jdk8.jar:0.7.10]
	at co.paralleluniverse.fibers.Fiber.exec(Fiber.java:788) ~[quasar-core-0.7.10-jdk8.jar:0.7.10]
	at co.paralleluniverse.fibers.RunnableFiberTask.doExec(RunnableFiberTask.java:100) ~[quasar-core-0.7.10-jdk8.jar:0.7.10]
	at co.paralleluniverse.fibers.RunnableFiberTask.run(RunnableFiberTask.java:91) ~[quasar-core-0.7.10-jdk8.jar:0.7.10]
	at java.util.concurrent.Executors$RunnableAdapter.call(Executors.java:511) ~[?:1.8.0_171]
	at java.util.concurrent.FutureTask.run(FutureTask.java:266) ~[?:1.8.0_171]
	at java.util.concurrent.ScheduledThreadPoolExecutor$ScheduledFutureTask.access$201(ScheduledThreadPoolExecutor.java:180) ~[?:1.8.0_171]
	at java.util.concurrent.ScheduledThreadPoolExecutor$ScheduledFutureTask.run(ScheduledThreadPoolExecutor.java:293) ~[?:1.8.0_171]
	at java.util.concurrent.ThreadPoolExecutor.runWorker(ThreadPoolExecutor.java:1149) ~[?:1.8.0_171]
	at java.util.concurrent.ThreadPoolExecutor$Worker.run(ThreadPoolExecutor.java:624) ~[?:1.8.0_171]
	at net.corda.node.utilities.AffinityExecutor$ServiceAffinityExecutor$1$thread$1.run(AffinityExecutor.kt:63) ~[corda-node-4.5-RC02.jar:?]
?[37m[INFO] 23:47:43,417 [Mock network] corda.flow. - Flow raised an error: Counter-flow errored. Sending it to flow hospital to be triaged. {actor_id=Only For Testing, actor_owning_identity=O=SenderNode, L=Madrid, C=ES, actor_store_id=TEST, fiber-id=10000012, flow-id=fbe85ed8-6985-4250-a8b5-c1020daaec64, invocation_id=bbd6db9a-32d0-415d-a8c5-bea78e45116a, invocation_timestamp=2020-07-01T14:47:43.263Z, origin=Only For Testing, session_id=bbd6db9a-32d0-415d-a8c5-bea78e45116a, session_timestamp=2020-07-01T14:47:43.263Z, thread-id=153}
?[m?[37m[INFO] 23:47:43,418 [Mock network] statemachine.StaffedFlowHospital. - Flow [fbe85ed8-6985-4250-a8b5-c1020daaec64] admitted to hospital in state StateMachineState(checkpoint=Checkpoint(invocationContext=InvocationContext(origin=RPC(actor=Actor(id=Id(value=Only For Testing), serviceId=AuthServiceId(value=TEST), owningLegalIdentity=O=SenderNode, L=Madrid, C=ES)), trace=Trace(invocationId=bbd6db9a-32d0-415d-a8c5-bea78e45116a, timestamp: 2020-07-01T14:47:43.263Z, entityType: Invocation, sessionId=bbd6db9a-32d0-415d-a8c5-bea78e45116a, timestamp: 2020-07-01T14:47:43.263Z, entityType: Session), actor=Actor(id=Id(value=Only For Testing), serviceId=AuthServiceId(value=TEST), owningLegalIdentity=O=SenderNode, L=Madrid, C=ES), externalTrace=null, impersonatedActor=null), ourIdentity=O=SenderNode, L=Madrid, C=ES, sessions={SessionId(toLong=-2662557101777846167)=Initiated(peerParty=O=RecipientNode1, L=Madrid, C=ES, peerFlowInfo=FlowInfo(flowVersion=1, appName=<unknown>), receivedMessages=[DataSessionMessage(payload=class net.corda.core.serialization.SerializedBytes)], initiatedState=Ended, errors=[], deduplicationSeed=R--2662557101777846167-6565739917519952452), SessionId(toLong=-9130508402392496491)=Initiated(peerParty=O=RecipientNode2, L=Madrid, C=ES, peerFlowInfo=FlowInfo(flowVersion=1, appName=<unknown>), receivedMessages=[], initiatedState=Live(peerSinkSessionId=SessionId(toLong=-919550330557557522)), errors=[FlowError(errorId=6022563001805952918, exception=net.corda.core.flows.UnexpectedFlowEndException: Counter-flow errored)], deduplicationSeed=R--9130508402392496491--8626874419002354812)}, subFlowStack=[Initiating(flowClass=class net.corda.examples.pingpong.flows.FlowParallelMessagingTests$SenderFlow, classToInitiateWith=class net.corda.examples.pingpong.flows.FlowParallelMessagingTests$SenderFlow, flowInfo=FlowInfo(flowVersion=1, appName=<unknown>), subFlowVersion=CorDappFlow(platformVersion=7, corDappName=net.corda.examples.pingpong.flows.FlowParallelMessagingTests_1_7_94baeabf-1013-426c-a853-fe9265425153, corDappHash=9893A4D0E4286E72F36401C7108B2B343032041D5F1669E1409C82D86C6C5BEA), isEnabledTimedFlow=false)], flowState=Started(flowIORequest=Receive(sessions=[FlowSessionImpl(destination=O=RecipientNode1, L=Madrid, C=ES, sourceSessionId=SessionId(toLong=-2662557101777846167)), FlowSessionImpl(destination=O=RecipientNode2, L=Madrid, C=ES, sourceSessionId=SessionId(toLong=-9130508402392496491))]), frozenFiber=1DD0803D6DA6143E8C438A17230EB9E18C6A8AC912CED3488024A01097D67E97), errorState=Clean, numberOfSuspends=2), flowLogic=net.corda.examples.pingpong.flows.FlowParallelMessagingTests$SenderFlow@5334b0bf, pendingDeduplicationHandlers=[net.corda.testing.node.internal.MockNodeMessagingService$InMemoryDeduplicationHandler@2a1891c8, net.corda.testing.node.internal.MockNodeMessagingService$InMemoryDeduplicationHandler@7c275c8d, net.corda.testing.node.internal.MockNodeMessagingService$InMemoryDeduplicationHandler@128beab0, net.corda.testing.node.internal.MockNodeMessagingService$InMemoryDeduplicationHandler@2fe89ac, net.corda.testing.node.internal.MockNodeMessagingService$InMemoryDeduplicationHandler@6c06ceea], isFlowResumed=true, isWaitingForFuture=false, future=null, isAnyCheckpointPersisted=true, isStartIdempotent=false, isRemoved=false, isKilled=false, senderUUID=d2710dd6-bb39-4072-80cd-05460bd4adcf) {actor_id=Only For Testing, actor_owning_identity=O=SenderNode, L=Madrid, C=ES, actor_store_id=TEST, fiber-id=10000012, flow-id=fbe85ed8-6985-4250-a8b5-c1020daaec64, invocation_id=bbd6db9a-32d0-415d-a8c5-bea78e45116a, invocation_timestamp=2020-07-01T14:47:43.263Z, origin=Only For Testing, session_id=bbd6db9a-32d0-415d-a8c5-bea78e45116a, session_timestamp=2020-07-01T14:47:43.263Z, thread-id=153}
?[m?[37m[INFO] 23:47:43,418 [Mock network] statemachine.StaffedFlowHospital. - Error 1 of 1: {actor_id=Only For Testing, actor_owning_identity=O=SenderNode, L=Madrid, C=ES, actor_store_id=TEST, fiber-id=10000012, flow-id=fbe85ed8-6985-4250-a8b5-c1020daaec64, invocation_id=bbd6db9a-32d0-415d-a8c5-bea78e45116a, invocation_timestamp=2020-07-01T14:47:43.263Z, origin=Only For Testing, session_id=bbd6db9a-32d0-415d-a8c5-bea78e45116a, session_timestamp=2020-07-01T14:47:43.263Z, thread-id=153}
?[m net.corda.core.flows.UnexpectedFlowEndException: Counter-flow errored
	at Received unexpected counter-flow exception from peer O=RecipientNode2, L=Madrid, C=ES.() ~[?:?]
	at net.corda.node.services.statemachine.FlowStateMachineImpl.fillInLocalStackTrace(FlowStateMachineImpl.kt:204) ~[corda-node-4.5-RC02.jar:?]
	at net.corda.node.services.statemachine.FlowStateMachineImpl.processEventsUntilFlowIsResumed(FlowStateMachineImpl.kt:192) ~[corda-node-4.5-RC02.jar:?]
	at net.corda.node.services.statemachine.FlowStateMachineImpl.suspend(FlowStateMachineImpl.kt:506) ~[corda-node-4.5-RC02.jar:?]
	at net.corda.core.flows.FlowLogic.receiveAllMap(FlowLogic.kt:318) ~[corda-core-4.5-RC02.jar:?]
	at net.corda.core.flows.FlowLogic.receiveAllMap$default(FlowLogic.kt:316) ~[corda-core-4.5-RC02.jar:?]
	at net.corda.core.flows.FlowLogic.receiveAll(FlowLogic.kt:341) ~[corda-core-4.5-RC02.jar:?]
	at net.corda.core.flows.FlowLogic.receiveAll$default(FlowLogic.kt:338) ~[corda-core-4.5-RC02.jar:?]
	at net.corda.examples.pingpong.flows.FlowParallelMessagingTests$SenderFlow.call(FlowParallelMessagingTests.kt:157) ~[test/:?]
	at net.corda.examples.pingpong.flows.FlowParallelMessagingTests$SenderFlow.call(FlowParallelMessagingTests.kt:148) ~[test/:?]
	at net.corda.node.services.statemachine.FlowStateMachineImpl.run(FlowStateMachineImpl.kt:299) ~[corda-node-4.5-RC02.jar:?]
	at net.corda.node.services.statemachine.FlowStateMachineImpl.run(FlowStateMachineImpl.kt:66) ~[corda-node-4.5-RC02.jar:?]
	at co.paralleluniverse.fibers.Fiber.run1(Fiber.java:1092) ~[quasar-core-0.7.10-jdk8.jar:0.7.10]
	at co.paralleluniverse.fibers.Fiber.exec(Fiber.java:788) ~[quasar-core-0.7.10-jdk8.jar:0.7.10]
	at co.paralleluniverse.fibers.RunnableFiberTask.doExec(RunnableFiberTask.java:100) ~[quasar-core-0.7.10-jdk8.jar:0.7.10]
	at co.paralleluniverse.fibers.RunnableFiberTask.run(RunnableFiberTask.java:91) ~[quasar-core-0.7.10-jdk8.jar:0.7.10]
	at java.util.concurrent.Executors$RunnableAdapter.call(Executors.java:511) ~[?:1.8.0_171]
	at java.util.concurrent.FutureTask.run(FutureTask.java:266) ~[?:1.8.0_171]
	at java.util.concurrent.ScheduledThreadPoolExecutor$ScheduledFutureTask.access$201(ScheduledThreadPoolExecutor.java:180) ~[?:1.8.0_171]
	at java.util.concurrent.ScheduledThreadPoolExecutor$ScheduledFutureTask.run(ScheduledThreadPoolExecutor.java:293) ~[?:1.8.0_171]
	at java.util.concurrent.ThreadPoolExecutor.runWorker(ThreadPoolExecutor.java:1149) ~[?:1.8.0_171]
	at java.util.concurrent.ThreadPoolExecutor$Worker.run(ThreadPoolExecutor.java:624) ~[?:1.8.0_171]
	at net.corda.node.utilities.AffinityExecutor$ServiceAffinityExecutor$1$thread$1.run(AffinityExecutor.kt:63) ~[corda-node-4.5-RC02.jar:?]
?[37m[INFO] 23:47:43,418 [Mock network] statemachine.StaffedFlowHospital. - Flow error allowed to propagate {actor_id=Only For Testing, actor_owning_identity=O=SenderNode, L=Madrid, C=ES, actor_store_id=TEST, fiber-id=10000012, flow-id=fbe85ed8-6985-4250-a8b5-c1020daaec64, invocation_id=bbd6db9a-32d0-415d-a8c5-bea78e45116a, invocation_timestamp=2020-07-01T14:47:43.263Z, origin=Only For Testing, session_id=bbd6db9a-32d0-415d-a8c5-bea78e45116a, session_timestamp=2020-07-01T14:47:43.263Z, thread-id=153}
?[m net.corda.core.flows.UnexpectedFlowEndException: Counter-flow errored
	at Received unexpected counter-flow exception from peer O=RecipientNode2, L=Madrid, C=ES.() ~[?:?]
	at net.corda.node.services.statemachine.FlowStateMachineImpl.fillInLocalStackTrace(FlowStateMachineImpl.kt:204) ~[corda-node-4.5-RC02.jar:?]
	at net.corda.node.services.statemachine.FlowStateMachineImpl.processEventsUntilFlowIsResumed(FlowStateMachineImpl.kt:192) ~[corda-node-4.5-RC02.jar:?]
	at net.corda.node.services.statemachine.FlowStateMachineImpl.suspend(FlowStateMachineImpl.kt:506) ~[corda-node-4.5-RC02.jar:?]
	at net.corda.core.flows.FlowLogic.receiveAllMap(FlowLogic.kt:318) ~[corda-core-4.5-RC02.jar:?]
	at net.corda.core.flows.FlowLogic.receiveAllMap$default(FlowLogic.kt:316) ~[corda-core-4.5-RC02.jar:?]
	at net.corda.core.flows.FlowLogic.receiveAll(FlowLogic.kt:341) ~[corda-core-4.5-RC02.jar:?]
	at net.corda.core.flows.FlowLogic.receiveAll$default(FlowLogic.kt:338) ~[corda-core-4.5-RC02.jar:?]
	at net.corda.examples.pingpong.flows.FlowParallelMessagingTests$SenderFlow.call(FlowParallelMessagingTests.kt:157) ~[test/:?]
	at net.corda.examples.pingpong.flows.FlowParallelMessagingTests$SenderFlow.call(FlowParallelMessagingTests.kt:148) ~[test/:?]
	at net.corda.node.services.statemachine.FlowStateMachineImpl.run(FlowStateMachineImpl.kt:299) ~[corda-node-4.5-RC02.jar:?]
	at net.corda.node.services.statemachine.FlowStateMachineImpl.run(FlowStateMachineImpl.kt:66) ~[corda-node-4.5-RC02.jar:?]
	at co.paralleluniverse.fibers.Fiber.run1(Fiber.java:1092) ~[quasar-core-0.7.10-jdk8.jar:0.7.10]
	at co.paralleluniverse.fibers.Fiber.exec(Fiber.java:788) ~[quasar-core-0.7.10-jdk8.jar:0.7.10]
	at co.paralleluniverse.fibers.RunnableFiberTask.doExec(RunnableFiberTask.java:100) ~[quasar-core-0.7.10-jdk8.jar:0.7.10]
	at co.paralleluniverse.fibers.RunnableFiberTask.run(RunnableFiberTask.java:91) ~[quasar-core-0.7.10-jdk8.jar:0.7.10]
	at java.util.concurrent.Executors$RunnableAdapter.call(Executors.java:511) ~[?:1.8.0_171]
	at java.util.concurrent.FutureTask.run(FutureTask.java:266) ~[?:1.8.0_171]
	at java.util.concurrent.ScheduledThreadPoolExecutor$ScheduledFutureTask.access$201(ScheduledThreadPoolExecutor.java:180) ~[?:1.8.0_171]
	at java.util.concurrent.ScheduledThreadPoolExecutor$ScheduledFutureTask.run(ScheduledThreadPoolExecutor.java:293) ~[?:1.8.0_171]
	at java.util.concurrent.ThreadPoolExecutor.runWorker(ThreadPoolExecutor.java:1149) ~[?:1.8.0_171]
	at java.util.concurrent.ThreadPoolExecutor$Worker.run(ThreadPoolExecutor.java:624) ~[?:1.8.0_171]
	at net.corda.node.utilities.AffinityExecutor$ServiceAffinityExecutor$1$thread$1.run(AffinityExecutor.kt:63) ~[corda-node-4.5-RC02.jar:?]
?[31m[WARN] 23:47:43,427 [Mock network] interceptors.DumpHistoryOnErrorInterceptor. - Flow [fbe85ed8-6985-4250-a8b5-c1020daaec64] errored, dumping all transitions:

 --- Transition of flow [fbe85ed8-6985-4250-a8b5-c1020daaec64] ---
  Timestamp: 2020-07-01T14:47:43.266Z
  Event: DoRemainingWork
  Actions: 
    CreateTransaction
    PersistCheckpoint(id=[fbe85ed8-6985-4250-a8b5-c1020daaec64], checkpoint=Checkpoint(invocationContext=InvocationContext(origin=RPC(actor=Actor(id=Id(value=Only For Testing), serviceId=AuthServiceId(value=TEST), owningLegalIdentity=O=SenderNode, L=Madrid, C=ES)), trace=Trace(invocationId=bbd6db9a-32d0-415d-a8c5-bea78e45116a, timestamp: 2020-07-01T14:47:43.263Z, entityType: Invocation, sessionId=bbd6db9a-32d0-415d-a8c5-bea78e45116a, timestamp: 2020-07-01T14:47:43.263Z, entityType: Session), actor=Actor(id=Id(value=Only For Testing), serviceId=AuthServiceId(value=TEST), owningLegalIdentity=O=SenderNode, L=Madrid, C=ES), externalTrace=null, impersonatedActor=null), ourIdentity=O=SenderNode, L=Madrid, C=ES, sessions={}, subFlowStack=[Initiating(flowClass=class net.corda.examples.pingpong.flows.FlowParallelMessagingTests$SenderFlow, classToInitiateWith=class net.corda.examples.pingpong.flows.FlowParallelMessagingTests$SenderFlow, flowInfo=FlowInfo(flowVersion=1, appName=<unknown>), subFlowVersion=CorDappFlow(platformVersion=7, corDappName=net.corda.examples.pingpong.flows.FlowParallelMessagingTests_1_7_94baeabf-1013-426c-a853-fe9265425153, corDappHash=9893A4D0E4286E72F36401C7108B2B343032041D5F1669E1409C82D86C6C5BEA), isEnabledTimedFlow=false)], flowState=Unstarted(flowStart=Explicit, frozenFlowLogic=B285CFAABAC8C283D854F047942A790A707A67FEA96F1D8D75A40E27BCC32813), errorState=Clean, numberOfSuspends=0), isCheckpointUpdate=false)
    PersistDeduplicationFacts(deduplicationHandlers=[net.corda.node.internal.FlowStarterImpl$startFlow$startFlowEvent$1@2a0334d3])
    CommitTransaction
    AcknowledgeMessages(deduplicationHandlers=[net.corda.node.internal.FlowStarterImpl$startFlow$startFlowEvent$1@2a0334d3])
    SignalFlowHasStarted(flowId=[fbe85ed8-6985-4250-a8b5-c1020daaec64])
    CreateTransaction
  Continuation: Resume(result=null)
  Diff between previous and next state:
isFlowResumed: 
    false
    true
isAnyCheckpointPersisted: 
    false
    true
pendingDeduplicationHandlers: 
    [net.corda.node.internal.FlowStarterImpl$startFlow$startFlowEvent$1@2a0334d3]
    []


 --- Transition of flow [fbe85ed8-6985-4250-a8b5-c1020daaec64] ---
  Timestamp: 2020-07-01T14:47:43.267Z
  Event: InitiateFlow(destination=O=RecipientNode1, L=Madrid, C=ES, wellKnownParty=O=RecipientNode1, L=Madrid, C=ES)
  Actions: 
    AddSessionBinding(flowId=[fbe85ed8-6985-4250-a8b5-c1020daaec64], sessionId=SessionId(toLong=-2662557101777846167))
  Continuation: Resume(result=class net.corda.node.services.statemachine.FlowSessionImpl)
  Diff between previous and next state:
checkpoint.timestamp: 
    2020-07-01T14:47:43.264Z
    2020-07-01T14:47:43.267Z
checkpoint.sessions.SessionId(toLong=-2662557101777846167): 
    null
    Uninitiated(destination=O=RecipientNode1, L=Madrid, C=ES, initiatingSubFlow=Initiating(flowClass=class net.corda.examples.pingpong.flows.FlowParallelMessagingTests$SenderFlow, classToInitiateWith=class net.corda.examples.pingpong.flows.FlowParallelMessagingTests$SenderFlow, flowInfo=FlowInfo(flowVersion=1, appName=<unknown>), subFlowVersion=CorDappFlow(platformVersion=7, corDappName=net.corda.examples.pingpong.flows.FlowParallelMessagingTests_1_7_94baeabf-1013-426c-a853-fe9265425153, corDappHash=9893A4D0E4286E72F36401C7108B2B343032041D5F1669E1409C82D86C6C5BEA), isEnabledTimedFlow=false), sourceSessionId=SessionId(toLong=-2662557101777846167), additionalEntropy=6565739917519952452)


 --- Transition of flow [fbe85ed8-6985-4250-a8b5-c1020daaec64] ---
  Timestamp: 2020-07-01T14:47:43.268Z
  Event: InitiateFlow(destination=O=RecipientNode2, L=Madrid, C=ES, wellKnownParty=O=RecipientNode2, L=Madrid, C=ES)
  Actions: 
    AddSessionBinding(flowId=[fbe85ed8-6985-4250-a8b5-c1020daaec64], sessionId=SessionId(toLong=-9130508402392496491))
  Continuation: Resume(result=class net.corda.node.services.statemachine.FlowSessionImpl)
  Diff between previous and next state:
checkpoint.timestamp: 
    2020-07-01T14:47:43.267Z
    2020-07-01T14:47:43.268Z
checkpoint.sessions.SessionId(toLong=-9130508402392496491): 
    null
    Uninitiated(destination=O=RecipientNode2, L=Madrid, C=ES, initiatingSubFlow=Initiating(flowClass=class net.corda.examples.pingpong.flows.FlowParallelMessagingTests$SenderFlow, classToInitiateWith=class net.corda.examples.pingpong.flows.FlowParallelMessagingTests$SenderFlow, flowInfo=FlowInfo(flowVersion=1, appName=<unknown>), subFlowVersion=CorDappFlow(platformVersion=7, corDappName=net.corda.examples.pingpong.flows.FlowParallelMessagingTests_1_7_94baeabf-1013-426c-a853-fe9265425153, corDappHash=9893A4D0E4286E72F36401C7108B2B343032041D5F1669E1409C82D86C6C5BEA), isEnabledTimedFlow=false), sourceSessionId=SessionId(toLong=-9130508402392496491), additionalEntropy=-8626874419002354812)


 --- Transition of flow [fbe85ed8-6985-4250-a8b5-c1020daaec64] ---
  Timestamp: 2020-07-01T14:47:43.273Z
  Event: Suspend(ioRequest=Send(sessionToMessage={FlowSessionImpl(destination=O=RecipientNode1, L=Madrid, C=ES, sourceSessionId=SessionId(toLong=-2662557101777846167))=F0F0A9F19C2071FCFE1D8437A3AF703EDB4B14A2E60D1AA0715AD393845C1FFB, FlowSessionImpl(destination=O=RecipientNode2, L=Madrid, C=ES, sourceSessionId=SessionId(toLong=-9130508402392496491))=CC33BD8B0BA9466AB00C2E01540D2078320B2830830346233C7E83486B2B738B}), maySkipCheckpoint=false, fiber=3424760795475DAE39B240CF24ECB92FEE69A1BC6B256D177AB12C04CE03CD67, )
  Actions: 
    PersistCheckpoint(id=[fbe85ed8-6985-4250-a8b5-c1020daaec64], checkpoint=Checkpoint(invocationContext=InvocationContext(origin=RPC(actor=Actor(id=Id(value=Only For Testing), serviceId=AuthServiceId(value=TEST), owningLegalIdentity=O=SenderNode, L=Madrid, C=ES)), trace=Trace(invocationId=bbd6db9a-32d0-415d-a8c5-bea78e45116a, timestamp: 2020-07-01T14:47:43.263Z, entityType: Invocation, sessionId=bbd6db9a-32d0-415d-a8c5-bea78e45116a, timestamp: 2020-07-01T14:47:43.263Z, entityType: Session), actor=Actor(id=Id(value=Only For Testing), serviceId=AuthServiceId(value=TEST), owningLegalIdentity=O=SenderNode, L=Madrid, C=ES), externalTrace=null, impersonatedActor=null), ourIdentity=O=SenderNode, L=Madrid, C=ES, sessions={SessionId(toLong=-2662557101777846167)=Uninitiated(destination=O=RecipientNode1, L=Madrid, C=ES, initiatingSubFlow=Initiating(flowClass=class net.corda.examples.pingpong.flows.FlowParallelMessagingTests$SenderFlow, classToInitiateWith=class net.corda.examples.pingpong.flows.FlowParallelMessagingTests$SenderFlow, flowInfo=FlowInfo(flowVersion=1, appName=<unknown>), subFlowVersion=CorDappFlow(platformVersion=7, corDappName=net.corda.examples.pingpong.flows.FlowParallelMessagingTests_1_7_94baeabf-1013-426c-a853-fe9265425153, corDappHash=9893A4D0E4286E72F36401C7108B2B343032041D5F1669E1409C82D86C6C5BEA), isEnabledTimedFlow=false), sourceSessionId=SessionId(toLong=-2662557101777846167), additionalEntropy=6565739917519952452), SessionId(toLong=-9130508402392496491)=Uninitiated(destination=O=RecipientNode2, L=Madrid, C=ES, initiatingSubFlow=Initiating(flowClass=class net.corda.examples.pingpong.flows.FlowParallelMessagingTests$SenderFlow, classToInitiateWith=class net.corda.examples.pingpong.flows.FlowParallelMessagingTests$SenderFlow, flowInfo=FlowInfo(flowVersion=1, appName=<unknown>), subFlowVersion=CorDappFlow(platformVersion=7, corDappName=net.corda.examples.pingpong.flows.FlowParallelMessagingTests_1_7_94baeabf-1013-426c-a853-fe9265425153, corDappHash=9893A4D0E4286E72F36401C7108B2B343032041D5F1669E1409C82D86C6C5BEA), isEnabledTimedFlow=false), sourceSessionId=SessionId(toLong=-9130508402392496491), additionalEntropy=-8626874419002354812)}, subFlowStack=[Initiating(flowClass=class net.corda.examples.pingpong.flows.FlowParallelMessagingTests$SenderFlow, classToInitiateWith=class net.corda.examples.pingpong.flows.FlowParallelMessagingTests$SenderFlow, flowInfo=FlowInfo(flowVersion=1, appName=<unknown>), subFlowVersion=CorDappFlow(platformVersion=7, corDappName=net.corda.examples.pingpong.flows.FlowParallelMessagingTests_1_7_94baeabf-1013-426c-a853-fe9265425153, corDappHash=9893A4D0E4286E72F36401C7108B2B343032041D5F1669E1409C82D86C6C5BEA), isEnabledTimedFlow=false)], flowState=Started(flowIORequest=Send(sessionToMessage={FlowSessionImpl(destination=O=RecipientNode1, L=Madrid, C=ES, sourceSessionId=SessionId(toLong=-2662557101777846167))=F0F0A9F19C2071FCFE1D8437A3AF703EDB4B14A2E60D1AA0715AD393845C1FFB, FlowSessionImpl(destination=O=RecipientNode2, L=Madrid, C=ES, sourceSessionId=SessionId(toLong=-9130508402392496491))=CC33BD8B0BA9466AB00C2E01540D2078320B2830830346233C7E83486B2B738B}), frozenFiber=3424760795475DAE39B240CF24ECB92FEE69A1BC6B256D177AB12C04CE03CD67), errorState=Clean, numberOfSuspends=1), isCheckpointUpdate=true)
    PersistDeduplicationFacts(deduplicationHandlers=[])
    CommitTransaction
    AcknowledgeMessages(deduplicationHandlers=[])
    ScheduleEvent(event=DoRemainingWork)
  Continuation: ProcessEvents
  Diff between previous and next state:
checkpoint.timestamp: 
    2020-07-01T14:47:43.268Z
    2020-07-01T14:47:43.271Z
checkpoint.flowState: 
    Unstarted(flowStart=Explicit, frozenFlowLogic=B285CFAABAC8C283D854F047942A790A707A67FEA96F1D8D75A40E27BCC32813)
    Started(flowIORequest=Send(sessionToMessage={FlowSessionImpl(destination=O=RecipientNode1, L=Madrid, C=ES, sourceSessionId=SessionId(toLong=-2662557101777846167))=F0F0A9F19C2071FCFE1D8437A3AF703EDB4B14A2E60D1AA0715AD393845C1FFB, FlowSessionImpl(destination=O=RecipientNode2, L=Madrid, C=ES, sourceSessionId=SessionId(toLong=-9130508402392496491))=CC33BD8B0BA9466AB00C2E01540D2078320B2830830346233C7E83486B2B738B}), frozenFiber=3424760795475DAE39B240CF24ECB92FEE69A1BC6B256D177AB12C04CE03CD67)
checkpoint.numberOfSuspends: 
    0
    1
isFlowResumed: 
    true
    false


 --- Transition of flow [fbe85ed8-6985-4250-a8b5-c1020daaec64] ---
  Timestamp: 2020-07-01T14:47:43.274Z
  Event: DoRemainingWork
  Actions: 
    SendMultiple(sendInitial=[SendInitial(destination=O=RecipientNode1, L=Madrid, C=ES, initialise=InitialSessionMessage(initiatorSessionId=SessionId(toLong=-2662557101777846167), initiationEntropy=6565739917519952452, initiatorFlowClassName=net.corda.examples.pingpong.flows.FlowParallelMessagingTests$SenderFlow, appName=<unknown>, firstPayload=class net.corda.core.serialization.SerializedBytes), deduplicationId=SenderDeduplicationId(deduplicationId=DeduplicationId(toString=N-R--2662557101777846167-6565739917519952452-1-0), senderUUID=d2710dd6-bb39-4072-80cd-05460bd4adcf)), SendInitial(destination=O=RecipientNode2, L=Madrid, C=ES, initialise=InitialSessionMessage(initiatorSessionId=SessionId(toLong=-9130508402392496491), initiationEntropy=-8626874419002354812, initiatorFlowClassName=net.corda.examples.pingpong.flows.FlowParallelMessagingTests$SenderFlow, appName=<unknown>, firstPayload=class net.corda.core.serialization.SerializedBytes), deduplicationId=SenderDeduplicationId(deduplicationId=DeduplicationId(toString=N-R--9130508402392496491--8626874419002354812-1-1), senderUUID=d2710dd6-bb39-4072-80cd-05460bd4adcf))], sendExisting=[])
    CreateTransaction
  Continuation: Resume(result=class kotlin.Unit)
  Diff between previous and next state:
checkpoint.timestamp: 
    2020-07-01T14:47:43.271Z
    2020-07-01T14:47:43.273Z
checkpoint.sessions.SessionId(toLong=-2662557101777846167): 
    Uninitiated(destination=O=RecipientNode1, L=Madrid, C=ES, initiatingSubFlow=Initiating(flowClass=class net.corda.examples.pingpong.flows.FlowParallelMessagingTests$SenderFlow, classToInitiateWith=class net.corda.examples.pingpong.flows.FlowParallelMessagingTests$SenderFlow, flowInfo=FlowInfo(flowVersion=1, appName=<unknown>), subFlowVersion=CorDappFlow(platformVersion=7, corDappName=net.corda.examples.pingpong.flows.FlowParallelMessagingTests_1_7_94baeabf-1013-426c-a853-fe9265425153, corDappHash=9893A4D0E4286E72F36401C7108B2B343032041D5F1669E1409C82D86C6C5BEA), isEnabledTimedFlow=false), sourceSessionId=SessionId(toLong=-2662557101777846167), additionalEntropy=6565739917519952452)
    Initiating(bufferedMessages=[], rejectionError=null, deduplicationSeed=R--2662557101777846167-6565739917519952452)
checkpoint.sessions.SessionId(toLong=-9130508402392496491): 
    Uninitiated(destination=O=RecipientNode2, L=Madrid, C=ES, initiatingSubFlow=Initiating(flowClass=class net.corda.examples.pingpong.flows.FlowParallelMessagingTests$SenderFlow, classToInitiateWith=class net.corda.examples.pingpong.flows.FlowParallelMessagingTests$SenderFlow, flowInfo=FlowInfo(flowVersion=1, appName=<unknown>), subFlowVersion=CorDappFlow(platformVersion=7, corDappName=net.corda.examples.pingpong.flows.FlowParallelMessagingTests_1_7_94baeabf-1013-426c-a853-fe9265425153, corDappHash=9893A4D0E4286E72F36401C7108B2B343032041D5F1669E1409C82D86C6C5BEA), isEnabledTimedFlow=false), sourceSessionId=SessionId(toLong=-9130508402392496491), additionalEntropy=-8626874419002354812)
    Initiating(bufferedMessages=[], rejectionError=null, deduplicationSeed=R--9130508402392496491--8626874419002354812)
isFlowResumed: 
    false
    true


 --- Transition of flow [fbe85ed8-6985-4250-a8b5-c1020daaec64] ---
  Timestamp: 2020-07-01T14:47:43.278Z
  Event: Suspend(ioRequest=Receive(sessions=[FlowSessionImpl(destination=O=RecipientNode1, L=Madrid, C=ES, sourceSessionId=SessionId(toLong=-2662557101777846167)), FlowSessionImpl(destination=O=RecipientNode2, L=Madrid, C=ES, sourceSessionId=SessionId(toLong=-9130508402392496491))]), maySkipCheckpoint=false, fiber=1DD0803D6DA6143E8C438A17230EB9E18C6A8AC912CED3488024A01097D67E97, )
  Actions: 
    PersistCheckpoint(id=[fbe85ed8-6985-4250-a8b5-c1020daaec64], checkpoint=Checkpoint(invocationContext=InvocationContext(origin=RPC(actor=Actor(id=Id(value=Only For Testing), serviceId=AuthServiceId(value=TEST), owningLegalIdentity=O=SenderNode, L=Madrid, C=ES)), trace=Trace(invocationId=bbd6db9a-32d0-415d-a8c5-bea78e45116a, timestamp: 2020-07-01T14:47:43.263Z, entityType: Invocation, sessionId=bbd6db9a-32d0-415d-a8c5-bea78e45116a, timestamp: 2020-07-01T14:47:43.263Z, entityType: Session), actor=Actor(id=Id(value=Only For Testing), serviceId=AuthServiceId(value=TEST), owningLegalIdentity=O=SenderNode, L=Madrid, C=ES), externalTrace=null, impersonatedActor=null), ourIdentity=O=SenderNode, L=Madrid, C=ES, sessions={SessionId(toLong=-2662557101777846167)=Initiating(bufferedMessages=[], rejectionError=null, deduplicationSeed=R--2662557101777846167-6565739917519952452), SessionId(toLong=-9130508402392496491)=Initiating(bufferedMessages=[], rejectionError=null, deduplicationSeed=R--9130508402392496491--8626874419002354812)}, subFlowStack=[Initiating(flowClass=class net.corda.examples.pingpong.flows.FlowParallelMessagingTests$SenderFlow, classToInitiateWith=class net.corda.examples.pingpong.flows.FlowParallelMessagingTests$SenderFlow, flowInfo=FlowInfo(flowVersion=1, appName=<unknown>), subFlowVersion=CorDappFlow(platformVersion=7, corDappName=net.corda.examples.pingpong.flows.FlowParallelMessagingTests_1_7_94baeabf-1013-426c-a853-fe9265425153, corDappHash=9893A4D0E4286E72F36401C7108B2B343032041D5F1669E1409C82D86C6C5BEA), isEnabledTimedFlow=false)], flowState=Started(flowIORequest=Receive(sessions=[FlowSessionImpl(destination=O=RecipientNode1, L=Madrid, C=ES, sourceSessionId=SessionId(toLong=-2662557101777846167)), FlowSessionImpl(destination=O=RecipientNode2, L=Madrid, C=ES, sourceSessionId=SessionId(toLong=-9130508402392496491))]), frozenFiber=1DD0803D6DA6143E8C438A17230EB9E18C6A8AC912CED3488024A01097D67E97), errorState=Clean, numberOfSuspends=2), isCheckpointUpdate=true)
    PersistDeduplicationFacts(deduplicationHandlers=[])
    CommitTransaction
    AcknowledgeMessages(deduplicationHandlers=[])
    ScheduleEvent(event=DoRemainingWork)
  Continuation: ProcessEvents
  Diff between previous and next state:
checkpoint.timestamp: 
    2020-07-01T14:47:43.273Z
    2020-07-01T14:47:43.276Z
checkpoint.flowState.flowIORequest: 
    Send(sessionToMessage={FlowSessionImpl(destination=O=RecipientNode1, L=Madrid, C=ES, sourceSessionId=SessionId(toLong=-2662557101777846167))=F0F0A9F19C2071FCFE1D8437A3AF703EDB4B14A2E60D1AA0715AD393845C1FFB, FlowSessionImpl(destination=O=RecipientNode2, L=Madrid, C=ES, sourceSessionId=SessionId(toLong=-9130508402392496491))=CC33BD8B0BA9466AB00C2E01540D2078320B2830830346233C7E83486B2B738B})
    Receive(sessions=[FlowSessionImpl(destination=O=RecipientNode1, L=Madrid, C=ES, sourceSessionId=SessionId(toLong=-2662557101777846167)), FlowSessionImpl(destination=O=RecipientNode2, L=Madrid, C=ES, sourceSessionId=SessionId(toLong=-9130508402392496491))])
checkpoint.flowState.frozenFiber.hash: 
    3424760795475DAE39B240CF24ECB92FEE69A1BC6B256D177AB12C04CE03CD67
    1DD0803D6DA6143E8C438A17230EB9E18C6A8AC912CED3488024A01097D67E97
checkpoint.numberOfSuspends: 
    1
    2
isFlowResumed: 
    true
    false


 --- Transition of flow [fbe85ed8-6985-4250-a8b5-c1020daaec64] ---
  Timestamp: 2020-07-01T14:47:43.278Z
  Event: DoRemainingWork
  Actions: 
    
  Continuation: ProcessEvents
  Diff between previous and next state:
null

 --- Transition of flow [fbe85ed8-6985-4250-a8b5-c1020daaec64] ---
  Timestamp: 2020-07-01T14:47:43.403Z
  Event: DeliverSessionMessage(sessionMessage=ExistingSessionMessage(recipientSessionId=SessionId(toLong=-2662557101777846167), payload=ConfirmSessionMessage(initiatedSessionId=SessionId(toLong=-6547577263867518658), initiatedFlowInfo=FlowInfo(flowVersion=1, appName=<unknown>))), deduplicationHandler=net.corda.testing.node.internal.MockNodeMessagingService$InMemoryDeduplicationHandler@2a1891c8, sender=O=RecipientNode1, L=Madrid, C=ES)
  Actions: 
    ScheduleEvent(event=DoRemainingWork)
  Continuation: ProcessEvents
  Diff between previous and next state:
checkpoint.timestamp: 
    2020-07-01T14:47:43.278Z
    2020-07-01T14:47:43.403Z
checkpoint.sessions.SessionId(toLong=-2662557101777846167): 
    Initiating(bufferedMessages=[], rejectionError=null, deduplicationSeed=R--2662557101777846167-6565739917519952452)
    Initiated(peerParty=O=RecipientNode1, L=Madrid, C=ES, peerFlowInfo=FlowInfo(flowVersion=1, appName=<unknown>), receivedMessages=[], initiatedState=Live(peerSinkSessionId=SessionId(toLong=-6547577263867518658)), errors=[], deduplicationSeed=R--2662557101777846167-6565739917519952452)
pendingDeduplicationHandlers: 
    []
    [net.corda.testing.node.internal.MockNodeMessagingService$InMemoryDeduplicationHandler@2a1891c8]


 --- Transition of flow [fbe85ed8-6985-4250-a8b5-c1020daaec64] ---
  Timestamp: 2020-07-01T14:47:43.403Z
  Event: DoRemainingWork
  Actions: 
    
  Continuation: ProcessEvents
  Diff between previous and next state:
null

 --- Transition of flow [fbe85ed8-6985-4250-a8b5-c1020daaec64] ---
  Timestamp: 2020-07-01T14:47:43.408Z
  Event: DeliverSessionMessage(sessionMessage=ExistingSessionMessage(recipientSessionId=SessionId(toLong=-2662557101777846167), payload=DataSessionMessage(payload=class net.corda.core.serialization.SerializedBytes)), deduplicationHandler=net.corda.testing.node.internal.MockNodeMessagingService$InMemoryDeduplicationHandler@7c275c8d, sender=O=RecipientNode1, L=Madrid, C=ES)
  Actions: 
    ScheduleEvent(event=DoRemainingWork)
  Continuation: ProcessEvents
  Diff between previous and next state:
checkpoint.timestamp: 
    2020-07-01T14:47:43.403Z
    2020-07-01T14:47:43.408Z
checkpoint.sessions.SessionId(toLong=-2662557101777846167).receivedMessages: 
    []
    [DataSessionMessage(payload=class net.corda.core.serialization.SerializedBytes)]
pendingDeduplicationHandlers: 
    [net.corda.testing.node.internal.MockNodeMessagingService$InMemoryDeduplicationHandler@2a1891c8]
    [net.corda.testing.node.internal.MockNodeMessagingService$InMemoryDeduplicationHandler@2a1891c8, net.corda.testing.node.internal.MockNodeMessagingService$InMemoryDeduplicationHandler@7c275c8d]


 --- Transition of flow [fbe85ed8-6985-4250-a8b5-c1020daaec64] ---
  Timestamp: 2020-07-01T14:47:43.408Z
  Event: DoRemainingWork
  Actions: 
    
  Continuation: ProcessEvents
  Diff between previous and next state:
null

 --- Transition of flow [fbe85ed8-6985-4250-a8b5-c1020daaec64] ---
  Timestamp: 2020-07-01T14:47:43.410Z
  Event: DeliverSessionMessage(sessionMessage=ExistingSessionMessage(recipientSessionId=SessionId(toLong=-2662557101777846167), payload=net.corda.node.services.statemachine.EndSessionMessage@503af91c), deduplicationHandler=net.corda.testing.node.internal.MockNodeMessagingService$InMemoryDeduplicationHandler@128beab0, sender=O=RecipientNode1, L=Madrid, C=ES)
  Actions: 
    ScheduleEvent(event=DoRemainingWork)
  Continuation: ProcessEvents
  Diff between previous and next state:
checkpoint.timestamp: 
    2020-07-01T14:47:43.408Z
    2020-07-01T14:47:43.410Z
checkpoint.sessions.SessionId(toLong=-2662557101777846167).initiatedState: 
    Live(peerSinkSessionId=SessionId(toLong=-6547577263867518658))
    Ended
pendingDeduplicationHandlers: 
    [net.corda.testing.node.internal.MockNodeMessagingService$InMemoryDeduplicationHandler@2a1891c8, net.corda.testing.node.internal.MockNodeMessagingService$InMemoryDeduplicationHandler@7c275c8d]
    [net.corda.testing.node.internal.MockNodeMessagingService$InMemoryDeduplicationHandler@2a1891c8, net.corda.testing.node.internal.MockNodeMessagingService$InMemoryDeduplicationHandler@7c275c8d, net.corda.testing.node.internal.MockNodeMessagingService$InMemoryDeduplicationHandler@128beab0]


 --- Transition of flow [fbe85ed8-6985-4250-a8b5-c1020daaec64] ---
  Timestamp: 2020-07-01T14:47:43.410Z
  Event: DoRemainingWork
  Actions: 
    
  Continuation: ProcessEvents
  Diff between previous and next state:
null

 --- Transition of flow [fbe85ed8-6985-4250-a8b5-c1020daaec64] ---
  Timestamp: 2020-07-01T14:47:43.413Z
  Event: DeliverSessionMessage(sessionMessage=ExistingSessionMessage(recipientSessionId=SessionId(toLong=-9130508402392496491), payload=ConfirmSessionMessage(initiatedSessionId=SessionId(toLong=-919550330557557522), initiatedFlowInfo=FlowInfo(flowVersion=1, appName=<unknown>))), deduplicationHandler=net.corda.testing.node.internal.MockNodeMessagingService$InMemoryDeduplicationHandler@2fe89ac, sender=O=RecipientNode2, L=Madrid, C=ES)
  Actions: 
    ScheduleEvent(event=DoRemainingWork)
  Continuation: ProcessEvents
  Diff between previous and next state:
checkpoint.timestamp: 
    2020-07-01T14:47:43.410Z
    2020-07-01T14:47:43.413Z
checkpoint.sessions.SessionId(toLong=-9130508402392496491): 
    Initiating(bufferedMessages=[], rejectionError=null, deduplicationSeed=R--9130508402392496491--8626874419002354812)
    Initiated(peerParty=O=RecipientNode2, L=Madrid, C=ES, peerFlowInfo=FlowInfo(flowVersion=1, appName=<unknown>), receivedMessages=[], initiatedState=Live(peerSinkSessionId=SessionId(toLong=-919550330557557522)), errors=[], deduplicationSeed=R--9130508402392496491--8626874419002354812)
pendingDeduplicationHandlers: 
    [net.corda.testing.node.internal.MockNodeMessagingService$InMemoryDeduplicationHandler@2a1891c8, net.corda.testing.node.internal.MockNodeMessagingService$InMemoryDeduplicationHandler@7c275c8d, net.corda.testing.node.internal.MockNodeMessagingService$InMemoryDeduplicationHandler@128beab0]
    [net.corda.testing.node.internal.MockNodeMessagingService$InMemoryDeduplicationHandler@2a1891c8, net.corda.testing.node.internal.MockNodeMessagingService$InMemoryDeduplicationHandler@7c275c8d, net.corda.testing.node.internal.MockNodeMessagingService$InMemoryDeduplicationHandler@128beab0, net.corda.testing.node.internal.MockNodeMessagingService$InMemoryDeduplicationHandler@2fe89ac]


 --- Transition of flow [fbe85ed8-6985-4250-a8b5-c1020daaec64] ---
  Timestamp: 2020-07-01T14:47:43.413Z
  Event: DoRemainingWork
  Actions: 
    
  Continuation: ProcessEvents
  Diff between previous and next state:
null

 --- Transition of flow [fbe85ed8-6985-4250-a8b5-c1020daaec64] ---
  Timestamp: 2020-07-01T14:47:43.416Z
  Event: DeliverSessionMessage(sessionMessage=ExistingSessionMessage(recipientSessionId=SessionId(toLong=-9130508402392496491), payload=ErrorSessionMessage(flowException=null, errorId=6022563001805952918)), deduplicationHandler=net.corda.testing.node.internal.MockNodeMessagingService$InMemoryDeduplicationHandler@6c06ceea, sender=O=RecipientNode2, L=Madrid, C=ES)
  Actions: 
    ScheduleEvent(event=DoRemainingWork)
  Continuation: ProcessEvents
  Diff between previous and next state:
checkpoint.timestamp: 
    2020-07-01T14:47:43.413Z
    2020-07-01T14:47:43.416Z
checkpoint.sessions.SessionId(toLong=-9130508402392496491).errors: 
    []
    [FlowError(errorId=6022563001805952918, exception=net.corda.core.flows.UnexpectedFlowEndException: Counter-flow errored)]
pendingDeduplicationHandlers: 
    [net.corda.testing.node.internal.MockNodeMessagingService$InMemoryDeduplicationHandler@2a1891c8, net.corda.testing.node.internal.MockNodeMessagingService$InMemoryDeduplicationHandler@7c275c8d, net.corda.testing.node.internal.MockNodeMessagingService$InMemoryDeduplicationHandler@128beab0, net.corda.testing.node.internal.MockNodeMessagingService$InMemoryDeduplicationHandler@2fe89ac]
    [net.corda.testing.node.internal.MockNodeMessagingService$InMemoryDeduplicationHandler@2a1891c8, net.corda.testing.node.internal.MockNodeMessagingService$InMemoryDeduplicationHandler@7c275c8d, net.corda.testing.node.internal.MockNodeMessagingService$InMemoryDeduplicationHandler@128beab0, net.corda.testing.node.internal.MockNodeMessagingService$InMemoryDeduplicationHandler@2fe89ac, net.corda.testing.node.internal.MockNodeMessagingService$InMemoryDeduplicationHandler@6c06ceea]


 --- Transition of flow [fbe85ed8-6985-4250-a8b5-c1020daaec64] ---
  Timestamp: 2020-07-01T14:47:43.417Z
  Event: DoRemainingWork
  Actions: 
    CreateTransaction
  Continuation: Throw(throwable=net.corda.core.flows.UnexpectedFlowEndException: Counter-flow errored)
  Diff between previous and next state:
isFlowResumed: 
    false
    true


 --- Transition of flow [fbe85ed8-6985-4250-a8b5-c1020daaec64] ---
  Timestamp: 2020-07-01T14:47:43.418Z
  Event: Error(exception=net.corda.core.flows.UnexpectedFlowEndException: Counter-flow errored)
  Actions: 
    RollbackTransaction
    ScheduleEvent(event=DoRemainingWork)
  Continuation: ProcessEvents
  Diff between previous and next state:
checkpoint.timestamp: 
    2020-07-01T14:47:43.416Z
    2020-07-01T14:47:43.417Z
checkpoint.errorState: 
    Clean
    Errored(errors=[FlowError(errorId=6022563001805952918, exception=net.corda.core.flows.UnexpectedFlowEndException: Counter-flow errored)], propagatedIndex=0, propagating=false)
isFlowResumed: 
    true
    false


 --- Transition of flow [fbe85ed8-6985-4250-a8b5-c1020daaec64] ---
  Timestamp: 2020-07-01T14:47:43.418Z
  Event: DoRemainingWork
  Actions: 
    
  Continuation: ProcessEvents
  Diff between previous and next state:
null

 --- Transition of flow [fbe85ed8-6985-4250-a8b5-c1020daaec64] ---
  Timestamp: 2020-07-01T14:47:43.419Z
  Event: StartErrorPropagation
  Actions: 
    ScheduleEvent(event=DoRemainingWork)
  Continuation: ProcessEvents
  Diff between previous and next state:
checkpoint.timestamp: 
    2020-07-01T14:47:43.417Z
    2020-07-01T14:47:43.418Z
checkpoint.errorState.propagating: 
    false
    true
 {actor_id=Only For Testing, actor_owning_identity=O=SenderNode, L=Madrid, C=ES, actor_store_id=TEST, fiber-id=10000012, flow-id=fbe85ed8-6985-4250-a8b5-c1020daaec64, invocation_id=bbd6db9a-32d0-415d-a8c5-bea78e45116a, invocation_timestamp=2020-07-01T14:47:43.263Z, origin=Only For Testing, session_id=bbd6db9a-32d0-415d-a8c5-bea78e45116a, session_timestamp=2020-07-01T14:47:43.263Z, thread-id=153}
?[m?[31m[WARN] 23:47:43,427 [Mock network] interceptors.DumpHistoryOnErrorInterceptor. - Counter-flow errored [errorCode=1w5oxwu, moreInformationAt=https://errors.corda.net/OS/4.5-RC02/1w5oxwu] {actor_id=Only For Testing, actor_owning_identity=O=SenderNode, L=Madrid, C=ES, actor_store_id=TEST, fiber-id=10000012, flow-id=fbe85ed8-6985-4250-a8b5-c1020daaec64, invocation_id=bbd6db9a-32d0-415d-a8c5-bea78e45116a, invocation_timestamp=2020-07-01T14:47:43.263Z, origin=Only For Testing, session_id=bbd6db9a-32d0-415d-a8c5-bea78e45116a, session_timestamp=2020-07-01T14:47:43.263Z, thread-id=153}
?[m net.corda.core.flows.UnexpectedFlowEndException: Counter-flow errored
	at Received unexpected counter-flow exception from peer O=RecipientNode2, L=Madrid, C=ES.() ~[?:?]
	at net.corda.node.services.statemachine.FlowStateMachineImpl.fillInLocalStackTrace(FlowStateMachineImpl.kt:204) ~[corda-node-4.5-RC02.jar:?]
	at net.corda.node.services.statemachine.FlowStateMachineImpl.processEventsUntilFlowIsResumed(FlowStateMachineImpl.kt:192) ~[corda-node-4.5-RC02.jar:?]
	at net.corda.node.services.statemachine.FlowStateMachineImpl.suspend(FlowStateMachineImpl.kt:506) ~[corda-node-4.5-RC02.jar:?]
	at net.corda.core.flows.FlowLogic.receiveAllMap(FlowLogic.kt:318) ~[corda-core-4.5-RC02.jar:?]
	at net.corda.core.flows.FlowLogic.receiveAllMap$default(FlowLogic.kt:316) ~[corda-core-4.5-RC02.jar:?]
	at net.corda.core.flows.FlowLogic.receiveAll(FlowLogic.kt:341) ~[corda-core-4.5-RC02.jar:?]
	at net.corda.core.flows.FlowLogic.receiveAll$default(FlowLogic.kt:338) ~[corda-core-4.5-RC02.jar:?]
	at net.corda.examples.pingpong.flows.FlowParallelMessagingTests$SenderFlow.call(FlowParallelMessagingTests.kt:157) ~[test/:?]
	at net.corda.examples.pingpong.flows.FlowParallelMessagingTests$SenderFlow.call(FlowParallelMessagingTests.kt:148) ~[test/:?]
	at net.corda.node.services.statemachine.FlowStateMachineImpl.run(FlowStateMachineImpl.kt:299) ~[corda-node-4.5-RC02.jar:?]
	at net.corda.node.services.statemachine.FlowStateMachineImpl.run(FlowStateMachineImpl.kt:66) ~[corda-node-4.5-RC02.jar:?]
	at co.paralleluniverse.fibers.Fiber.run1(Fiber.java:1092) ~[quasar-core-0.7.10-jdk8.jar:0.7.10]
	at co.paralleluniverse.fibers.Fiber.exec(Fiber.java:788) ~[quasar-core-0.7.10-jdk8.jar:0.7.10]
	at co.paralleluniverse.fibers.RunnableFiberTask.doExec(RunnableFiberTask.java:100) ~[quasar-core-0.7.10-jdk8.jar:0.7.10]
	at co.paralleluniverse.fibers.RunnableFiberTask.run(RunnableFiberTask.java:91) ~[quasar-core-0.7.10-jdk8.jar:0.7.10]
	at java.util.concurrent.Executors$RunnableAdapter.call(Executors.java:511) ~[?:1.8.0_171]
	at java.util.concurrent.FutureTask.run(FutureTask.java:266) ~[?:1.8.0_171]
	at java.util.concurrent.ScheduledThreadPoolExecutor$ScheduledFutureTask.access$201(ScheduledThreadPoolExecutor.java:180) ~[?:1.8.0_171]
	at java.util.concurrent.ScheduledThreadPoolExecutor$ScheduledFutureTask.run(ScheduledThreadPoolExecutor.java:293) ~[?:1.8.0_171]
	at java.util.concurrent.ThreadPoolExecutor.runWorker(ThreadPoolExecutor.java:1149) ~[?:1.8.0_171]
	at java.util.concurrent.ThreadPoolExecutor$Worker.run(ThreadPoolExecutor.java:624) ~[?:1.8.0_171]
	at net.corda.node.utilities.AffinityExecutor$ServiceAffinityExecutor$1$thread$1.run(AffinityExecutor.kt:63) ~[corda-node-4.5-RC02.jar:?]
?[31m[WARN] 23:47:43,428 [Mock network] statemachine.ActionExecutorImpl. - Propagating error {actor_id=Only For Testing, actor_owning_identity=O=SenderNode, L=Madrid, C=ES, actor_store_id=TEST, fiber-id=10000012, flow-id=fbe85ed8-6985-4250-a8b5-c1020daaec64, invocation_id=bbd6db9a-32d0-415d-a8c5-bea78e45116a, invocation_timestamp=2020-07-01T14:47:43.263Z, origin=Only For Testing, session_id=bbd6db9a-32d0-415d-a8c5-bea78e45116a, session_timestamp=2020-07-01T14:47:43.263Z, thread-id=153}
?[m?[31m[WARN] 23:47:43,437 [Mock network] interceptors.DumpHistoryOnErrorInterceptor. - Flow [fbe85ed8-6985-4250-a8b5-c1020daaec64] errored, dumping all transitions:

 --- Transition of flow [fbe85ed8-6985-4250-a8b5-c1020daaec64] ---
  Timestamp: 2020-07-01T14:47:43.266Z
  Event: DoRemainingWork
  Actions: 
    CreateTransaction
    PersistCheckpoint(id=[fbe85ed8-6985-4250-a8b5-c1020daaec64], checkpoint=Checkpoint(invocationContext=InvocationContext(origin=RPC(actor=Actor(id=Id(value=Only For Testing), serviceId=AuthServiceId(value=TEST), owningLegalIdentity=O=SenderNode, L=Madrid, C=ES)), trace=Trace(invocationId=bbd6db9a-32d0-415d-a8c5-bea78e45116a, timestamp: 2020-07-01T14:47:43.263Z, entityType: Invocation, sessionId=bbd6db9a-32d0-415d-a8c5-bea78e45116a, timestamp: 2020-07-01T14:47:43.263Z, entityType: Session), actor=Actor(id=Id(value=Only For Testing), serviceId=AuthServiceId(value=TEST), owningLegalIdentity=O=SenderNode, L=Madrid, C=ES), externalTrace=null, impersonatedActor=null), ourIdentity=O=SenderNode, L=Madrid, C=ES, sessions={}, subFlowStack=[Initiating(flowClass=class net.corda.examples.pingpong.flows.FlowParallelMessagingTests$SenderFlow, classToInitiateWith=class net.corda.examples.pingpong.flows.FlowParallelMessagingTests$SenderFlow, flowInfo=FlowInfo(flowVersion=1, appName=<unknown>), subFlowVersion=CorDappFlow(platformVersion=7, corDappName=net.corda.examples.pingpong.flows.FlowParallelMessagingTests_1_7_94baeabf-1013-426c-a853-fe9265425153, corDappHash=9893A4D0E4286E72F36401C7108B2B343032041D5F1669E1409C82D86C6C5BEA), isEnabledTimedFlow=false)], flowState=Unstarted(flowStart=Explicit, frozenFlowLogic=B285CFAABAC8C283D854F047942A790A707A67FEA96F1D8D75A40E27BCC32813), errorState=Clean, numberOfSuspends=0), isCheckpointUpdate=false)
    PersistDeduplicationFacts(deduplicationHandlers=[net.corda.node.internal.FlowStarterImpl$startFlow$startFlowEvent$1@2a0334d3])
    CommitTransaction
    AcknowledgeMessages(deduplicationHandlers=[net.corda.node.internal.FlowStarterImpl$startFlow$startFlowEvent$1@2a0334d3])
    SignalFlowHasStarted(flowId=[fbe85ed8-6985-4250-a8b5-c1020daaec64])
    CreateTransaction
  Continuation: Resume(result=null)
  Diff between previous and next state:
isFlowResumed: 
    false
    true
isAnyCheckpointPersisted: 
    false
    true
pendingDeduplicationHandlers: 
    [net.corda.node.internal.FlowStarterImpl$startFlow$startFlowEvent$1@2a0334d3]
    []


 --- Transition of flow [fbe85ed8-6985-4250-a8b5-c1020daaec64] ---
  Timestamp: 2020-07-01T14:47:43.267Z
  Event: InitiateFlow(destination=O=RecipientNode1, L=Madrid, C=ES, wellKnownParty=O=RecipientNode1, L=Madrid, C=ES)
  Actions: 
    AddSessionBinding(flowId=[fbe85ed8-6985-4250-a8b5-c1020daaec64], sessionId=SessionId(toLong=-2662557101777846167))
  Continuation: Resume(result=class net.corda.node.services.statemachine.FlowSessionImpl)
  Diff between previous and next state:
checkpoint.timestamp: 
    2020-07-01T14:47:43.264Z
    2020-07-01T14:47:43.267Z
checkpoint.sessions.SessionId(toLong=-2662557101777846167): 
    null
    Uninitiated(destination=O=RecipientNode1, L=Madrid, C=ES, initiatingSubFlow=Initiating(flowClass=class net.corda.examples.pingpong.flows.FlowParallelMessagingTests$SenderFlow, classToInitiateWith=class net.corda.examples.pingpong.flows.FlowParallelMessagingTests$SenderFlow, flowInfo=FlowInfo(flowVersion=1, appName=<unknown>), subFlowVersion=CorDappFlow(platformVersion=7, corDappName=net.corda.examples.pingpong.flows.FlowParallelMessagingTests_1_7_94baeabf-1013-426c-a853-fe9265425153, corDappHash=9893A4D0E4286E72F36401C7108B2B343032041D5F1669E1409C82D86C6C5BEA), isEnabledTimedFlow=false), sourceSessionId=SessionId(toLong=-2662557101777846167), additionalEntropy=6565739917519952452)


 --- Transition of flow [fbe85ed8-6985-4250-a8b5-c1020daaec64] ---
  Timestamp: 2020-07-01T14:47:43.268Z
  Event: InitiateFlow(destination=O=RecipientNode2, L=Madrid, C=ES, wellKnownParty=O=RecipientNode2, L=Madrid, C=ES)
  Actions: 
    AddSessionBinding(flowId=[fbe85ed8-6985-4250-a8b5-c1020daaec64], sessionId=SessionId(toLong=-9130508402392496491))
  Continuation: Resume(result=class net.corda.node.services.statemachine.FlowSessionImpl)
  Diff between previous and next state:
checkpoint.timestamp: 
    2020-07-01T14:47:43.267Z
    2020-07-01T14:47:43.268Z
checkpoint.sessions.SessionId(toLong=-9130508402392496491): 
    null
    Uninitiated(destination=O=RecipientNode2, L=Madrid, C=ES, initiatingSubFlow=Initiating(flowClass=class net.corda.examples.pingpong.flows.FlowParallelMessagingTests$SenderFlow, classToInitiateWith=class net.corda.examples.pingpong.flows.FlowParallelMessagingTests$SenderFlow, flowInfo=FlowInfo(flowVersion=1, appName=<unknown>), subFlowVersion=CorDappFlow(platformVersion=7, corDappName=net.corda.examples.pingpong.flows.FlowParallelMessagingTests_1_7_94baeabf-1013-426c-a853-fe9265425153, corDappHash=9893A4D0E4286E72F36401C7108B2B343032041D5F1669E1409C82D86C6C5BEA), isEnabledTimedFlow=false), sourceSessionId=SessionId(toLong=-9130508402392496491), additionalEntropy=-8626874419002354812)


 --- Transition of flow [fbe85ed8-6985-4250-a8b5-c1020daaec64] ---
  Timestamp: 2020-07-01T14:47:43.273Z
  Event: Suspend(ioRequest=Send(sessionToMessage={FlowSessionImpl(destination=O=RecipientNode1, L=Madrid, C=ES, sourceSessionId=SessionId(toLong=-2662557101777846167))=F0F0A9F19C2071FCFE1D8437A3AF703EDB4B14A2E60D1AA0715AD393845C1FFB, FlowSessionImpl(destination=O=RecipientNode2, L=Madrid, C=ES, sourceSessionId=SessionId(toLong=-9130508402392496491))=CC33BD8B0BA9466AB00C2E01540D2078320B2830830346233C7E83486B2B738B}), maySkipCheckpoint=false, fiber=3424760795475DAE39B240CF24ECB92FEE69A1BC6B256D177AB12C04CE03CD67, )
  Actions: 
    PersistCheckpoint(id=[fbe85ed8-6985-4250-a8b5-c1020daaec64], checkpoint=Checkpoint(invocationContext=InvocationContext(origin=RPC(actor=Actor(id=Id(value=Only For Testing), serviceId=AuthServiceId(value=TEST), owningLegalIdentity=O=SenderNode, L=Madrid, C=ES)), trace=Trace(invocationId=bbd6db9a-32d0-415d-a8c5-bea78e45116a, timestamp: 2020-07-01T14:47:43.263Z, entityType: Invocation, sessionId=bbd6db9a-32d0-415d-a8c5-bea78e45116a, timestamp: 2020-07-01T14:47:43.263Z, entityType: Session), actor=Actor(id=Id(value=Only For Testing), serviceId=AuthServiceId(value=TEST), owningLegalIdentity=O=SenderNode, L=Madrid, C=ES), externalTrace=null, impersonatedActor=null), ourIdentity=O=SenderNode, L=Madrid, C=ES, sessions={SessionId(toLong=-2662557101777846167)=Uninitiated(destination=O=RecipientNode1, L=Madrid, C=ES, initiatingSubFlow=Initiating(flowClass=class net.corda.examples.pingpong.flows.FlowParallelMessagingTests$SenderFlow, classToInitiateWith=class net.corda.examples.pingpong.flows.FlowParallelMessagingTests$SenderFlow, flowInfo=FlowInfo(flowVersion=1, appName=<unknown>), subFlowVersion=CorDappFlow(platformVersion=7, corDappName=net.corda.examples.pingpong.flows.FlowParallelMessagingTests_1_7_94baeabf-1013-426c-a853-fe9265425153, corDappHash=9893A4D0E4286E72F36401C7108B2B343032041D5F1669E1409C82D86C6C5BEA), isEnabledTimedFlow=false), sourceSessionId=SessionId(toLong=-2662557101777846167), additionalEntropy=6565739917519952452), SessionId(toLong=-9130508402392496491)=Uninitiated(destination=O=RecipientNode2, L=Madrid, C=ES, initiatingSubFlow=Initiating(flowClass=class net.corda.examples.pingpong.flows.FlowParallelMessagingTests$SenderFlow, classToInitiateWith=class net.corda.examples.pingpong.flows.FlowParallelMessagingTests$SenderFlow, flowInfo=FlowInfo(flowVersion=1, appName=<unknown>), subFlowVersion=CorDappFlow(platformVersion=7, corDappName=net.corda.examples.pingpong.flows.FlowParallelMessagingTests_1_7_94baeabf-1013-426c-a853-fe9265425153, corDappHash=9893A4D0E4286E72F36401C7108B2B343032041D5F1669E1409C82D86C6C5BEA), isEnabledTimedFlow=false), sourceSessionId=SessionId(toLong=-9130508402392496491), additionalEntropy=-8626874419002354812)}, subFlowStack=[Initiating(flowClass=class net.corda.examples.pingpong.flows.FlowParallelMessagingTests$SenderFlow, classToInitiateWith=class net.corda.examples.pingpong.flows.FlowParallelMessagingTests$SenderFlow, flowInfo=FlowInfo(flowVersion=1, appName=<unknown>), subFlowVersion=CorDappFlow(platformVersion=7, corDappName=net.corda.examples.pingpong.flows.FlowParallelMessagingTests_1_7_94baeabf-1013-426c-a853-fe9265425153, corDappHash=9893A4D0E4286E72F36401C7108B2B343032041D5F1669E1409C82D86C6C5BEA), isEnabledTimedFlow=false)], flowState=Started(flowIORequest=Send(sessionToMessage={FlowSessionImpl(destination=O=RecipientNode1, L=Madrid, C=ES, sourceSessionId=SessionId(toLong=-2662557101777846167))=F0F0A9F19C2071FCFE1D8437A3AF703EDB4B14A2E60D1AA0715AD393845C1FFB, FlowSessionImpl(destination=O=RecipientNode2, L=Madrid, C=ES, sourceSessionId=SessionId(toLong=-9130508402392496491))=CC33BD8B0BA9466AB00C2E01540D2078320B2830830346233C7E83486B2B738B}), frozenFiber=3424760795475DAE39B240CF24ECB92FEE69A1BC6B256D177AB12C04CE03CD67), errorState=Clean, numberOfSuspends=1), isCheckpointUpdate=true)
    PersistDeduplicationFacts(deduplicationHandlers=[])
    CommitTransaction
    AcknowledgeMessages(deduplicationHandlers=[])
    ScheduleEvent(event=DoRemainingWork)
  Continuation: ProcessEvents
  Diff between previous and next state:
checkpoint.timestamp: 
    2020-07-01T14:47:43.268Z
    2020-07-01T14:47:43.271Z
checkpoint.flowState: 
    Unstarted(flowStart=Explicit, frozenFlowLogic=B285CFAABAC8C283D854F047942A790A707A67FEA96F1D8D75A40E27BCC32813)
    Started(flowIORequest=Send(sessionToMessage={FlowSessionImpl(destination=O=RecipientNode1, L=Madrid, C=ES, sourceSessionId=SessionId(toLong=-2662557101777846167))=F0F0A9F19C2071FCFE1D8437A3AF703EDB4B14A2E60D1AA0715AD393845C1FFB, FlowSessionImpl(destination=O=RecipientNode2, L=Madrid, C=ES, sourceSessionId=SessionId(toLong=-9130508402392496491))=CC33BD8B0BA9466AB00C2E01540D2078320B2830830346233C7E83486B2B738B}), frozenFiber=3424760795475DAE39B240CF24ECB92FEE69A1BC6B256D177AB12C04CE03CD67)
checkpoint.numberOfSuspends: 
    0
    1
isFlowResumed: 
    true
    false


 --- Transition of flow [fbe85ed8-6985-4250-a8b5-c1020daaec64] ---
  Timestamp: 2020-07-01T14:47:43.274Z
  Event: DoRemainingWork
  Actions: 
    SendMultiple(sendInitial=[SendInitial(destination=O=RecipientNode1, L=Madrid, C=ES, initialise=InitialSessionMessage(initiatorSessionId=SessionId(toLong=-2662557101777846167), initiationEntropy=6565739917519952452, initiatorFlowClassName=net.corda.examples.pingpong.flows.FlowParallelMessagingTests$SenderFlow, appName=<unknown>, firstPayload=class net.corda.core.serialization.SerializedBytes), deduplicationId=SenderDeduplicationId(deduplicationId=DeduplicationId(toString=N-R--2662557101777846167-6565739917519952452-1-0), senderUUID=d2710dd6-bb39-4072-80cd-05460bd4adcf)), SendInitial(destination=O=RecipientNode2, L=Madrid, C=ES, initialise=InitialSessionMessage(initiatorSessionId=SessionId(toLong=-9130508402392496491), initiationEntropy=-8626874419002354812, initiatorFlowClassName=net.corda.examples.pingpong.flows.FlowParallelMessagingTests$SenderFlow, appName=<unknown>, firstPayload=class net.corda.core.serialization.SerializedBytes), deduplicationId=SenderDeduplicationId(deduplicationId=DeduplicationId(toString=N-R--9130508402392496491--8626874419002354812-1-1), senderUUID=d2710dd6-bb39-4072-80cd-05460bd4adcf))], sendExisting=[])
    CreateTransaction
  Continuation: Resume(result=class kotlin.Unit)
  Diff between previous and next state:
checkpoint.timestamp: 
    2020-07-01T14:47:43.271Z
    2020-07-01T14:47:43.273Z
checkpoint.sessions.SessionId(toLong=-2662557101777846167): 
    Uninitiated(destination=O=RecipientNode1, L=Madrid, C=ES, initiatingSubFlow=Initiating(flowClass=class net.corda.examples.pingpong.flows.FlowParallelMessagingTests$SenderFlow, classToInitiateWith=class net.corda.examples.pingpong.flows.FlowParallelMessagingTests$SenderFlow, flowInfo=FlowInfo(flowVersion=1, appName=<unknown>), subFlowVersion=CorDappFlow(platformVersion=7, corDappName=net.corda.examples.pingpong.flows.FlowParallelMessagingTests_1_7_94baeabf-1013-426c-a853-fe9265425153, corDappHash=9893A4D0E4286E72F36401C7108B2B343032041D5F1669E1409C82D86C6C5BEA), isEnabledTimedFlow=false), sourceSessionId=SessionId(toLong=-2662557101777846167), additionalEntropy=6565739917519952452)
    Initiating(bufferedMessages=[], rejectionError=null, deduplicationSeed=R--2662557101777846167-6565739917519952452)
checkpoint.sessions.SessionId(toLong=-9130508402392496491): 
    Uninitiated(destination=O=RecipientNode2, L=Madrid, C=ES, initiatingSubFlow=Initiating(flowClass=class net.corda.examples.pingpong.flows.FlowParallelMessagingTests$SenderFlow, classToInitiateWith=class net.corda.examples.pingpong.flows.FlowParallelMessagingTests$SenderFlow, flowInfo=FlowInfo(flowVersion=1, appName=<unknown>), subFlowVersion=CorDappFlow(platformVersion=7, corDappName=net.corda.examples.pingpong.flows.FlowParallelMessagingTests_1_7_94baeabf-1013-426c-a853-fe9265425153, corDappHash=9893A4D0E4286E72F36401C7108B2B343032041D5F1669E1409C82D86C6C5BEA), isEnabledTimedFlow=false), sourceSessionId=SessionId(toLong=-9130508402392496491), additionalEntropy=-8626874419002354812)
    Initiating(bufferedMessages=[], rejectionError=null, deduplicationSeed=R--9130508402392496491--8626874419002354812)
isFlowResumed: 
    false
    true


 --- Transition of flow [fbe85ed8-6985-4250-a8b5-c1020daaec64] ---
  Timestamp: 2020-07-01T14:47:43.278Z
  Event: Suspend(ioRequest=Receive(sessions=[FlowSessionImpl(destination=O=RecipientNode1, L=Madrid, C=ES, sourceSessionId=SessionId(toLong=-2662557101777846167)), FlowSessionImpl(destination=O=RecipientNode2, L=Madrid, C=ES, sourceSessionId=SessionId(toLong=-9130508402392496491))]), maySkipCheckpoint=false, fiber=1DD0803D6DA6143E8C438A17230EB9E18C6A8AC912CED3488024A01097D67E97, )
  Actions: 
    PersistCheckpoint(id=[fbe85ed8-6985-4250-a8b5-c1020daaec64], checkpoint=Checkpoint(invocationContext=InvocationContext(origin=RPC(actor=Actor(id=Id(value=Only For Testing), serviceId=AuthServiceId(value=TEST), owningLegalIdentity=O=SenderNode, L=Madrid, C=ES)), trace=Trace(invocationId=bbd6db9a-32d0-415d-a8c5-bea78e45116a, timestamp: 2020-07-01T14:47:43.263Z, entityType: Invocation, sessionId=bbd6db9a-32d0-415d-a8c5-bea78e45116a, timestamp: 2020-07-01T14:47:43.263Z, entityType: Session), actor=Actor(id=Id(value=Only For Testing), serviceId=AuthServiceId(value=TEST), owningLegalIdentity=O=SenderNode, L=Madrid, C=ES), externalTrace=null, impersonatedActor=null), ourIdentity=O=SenderNode, L=Madrid, C=ES, sessions={SessionId(toLong=-2662557101777846167)=Initiating(bufferedMessages=[], rejectionError=null, deduplicationSeed=R--2662557101777846167-6565739917519952452), SessionId(toLong=-9130508402392496491)=Initiating(bufferedMessages=[], rejectionError=null, deduplicationSeed=R--9130508402392496491--8626874419002354812)}, subFlowStack=[Initiating(flowClass=class net.corda.examples.pingpong.flows.FlowParallelMessagingTests$SenderFlow, classToInitiateWith=class net.corda.examples.pingpong.flows.FlowParallelMessagingTests$SenderFlow, flowInfo=FlowInfo(flowVersion=1, appName=<unknown>), subFlowVersion=CorDappFlow(platformVersion=7, corDappName=net.corda.examples.pingpong.flows.FlowParallelMessagingTests_1_7_94baeabf-1013-426c-a853-fe9265425153, corDappHash=9893A4D0E4286E72F36401C7108B2B343032041D5F1669E1409C82D86C6C5BEA), isEnabledTimedFlow=false)], flowState=Started(flowIORequest=Receive(sessions=[FlowSessionImpl(destination=O=RecipientNode1, L=Madrid, C=ES, sourceSessionId=SessionId(toLong=-2662557101777846167)), FlowSessionImpl(destination=O=RecipientNode2, L=Madrid, C=ES, sourceSessionId=SessionId(toLong=-9130508402392496491))]), frozenFiber=1DD0803D6DA6143E8C438A17230EB9E18C6A8AC912CED3488024A01097D67E97), errorState=Clean, numberOfSuspends=2), isCheckpointUpdate=true)
    PersistDeduplicationFacts(deduplicationHandlers=[])
    CommitTransaction
    AcknowledgeMessages(deduplicationHandlers=[])
    ScheduleEvent(event=DoRemainingWork)
  Continuation: ProcessEvents
  Diff between previous and next state:
checkpoint.timestamp: 
    2020-07-01T14:47:43.273Z
    2020-07-01T14:47:43.276Z
checkpoint.flowState.flowIORequest: 
    Send(sessionToMessage={FlowSessionImpl(destination=O=RecipientNode1, L=Madrid, C=ES, sourceSessionId=SessionId(toLong=-2662557101777846167))=F0F0A9F19C2071FCFE1D8437A3AF703EDB4B14A2E60D1AA0715AD393845C1FFB, FlowSessionImpl(destination=O=RecipientNode2, L=Madrid, C=ES, sourceSessionId=SessionId(toLong=-9130508402392496491))=CC33BD8B0BA9466AB00C2E01540D2078320B2830830346233C7E83486B2B738B})
    Receive(sessions=[FlowSessionImpl(destination=O=RecipientNode1, L=Madrid, C=ES, sourceSessionId=SessionId(toLong=-2662557101777846167)), FlowSessionImpl(destination=O=RecipientNode2, L=Madrid, C=ES, sourceSessionId=SessionId(toLong=-9130508402392496491))])
checkpoint.flowState.frozenFiber.hash: 
    3424760795475DAE39B240CF24ECB92FEE69A1BC6B256D177AB12C04CE03CD67
    1DD0803D6DA6143E8C438A17230EB9E18C6A8AC912CED3488024A01097D67E97
checkpoint.numberOfSuspends: 
    1
    2
isFlowResumed: 
    true
    false


 --- Transition of flow [fbe85ed8-6985-4250-a8b5-c1020daaec64] ---
  Timestamp: 2020-07-01T14:47:43.278Z
  Event: DoRemainingWork
  Actions: 
    
  Continuation: ProcessEvents
  Diff between previous and next state:
null

 --- Transition of flow [fbe85ed8-6985-4250-a8b5-c1020daaec64] ---
  Timestamp: 2020-07-01T14:47:43.403Z
  Event: DeliverSessionMessage(sessionMessage=ExistingSessionMessage(recipientSessionId=SessionId(toLong=-2662557101777846167), payload=ConfirmSessionMessage(initiatedSessionId=SessionId(toLong=-6547577263867518658), initiatedFlowInfo=FlowInfo(flowVersion=1, appName=<unknown>))), deduplicationHandler=net.corda.testing.node.internal.MockNodeMessagingService$InMemoryDeduplicationHandler@2a1891c8, sender=O=RecipientNode1, L=Madrid, C=ES)
  Actions: 
    ScheduleEvent(event=DoRemainingWork)
  Continuation: ProcessEvents
  Diff between previous and next state:
checkpoint.timestamp: 
    2020-07-01T14:47:43.278Z
    2020-07-01T14:47:43.403Z
checkpoint.sessions.SessionId(toLong=-2662557101777846167): 
    Initiating(bufferedMessages=[], rejectionError=null, deduplicationSeed=R--2662557101777846167-6565739917519952452)
    Initiated(peerParty=O=RecipientNode1, L=Madrid, C=ES, peerFlowInfo=FlowInfo(flowVersion=1, appName=<unknown>), receivedMessages=[], initiatedState=Live(peerSinkSessionId=SessionId(toLong=-6547577263867518658)), errors=[], deduplicationSeed=R--2662557101777846167-6565739917519952452)
pendingDeduplicationHandlers: 
    []
    [net.corda.testing.node.internal.MockNodeMessagingService$InMemoryDeduplicationHandler@2a1891c8]


 --- Transition of flow [fbe85ed8-6985-4250-a8b5-c1020daaec64] ---
  Timestamp: 2020-07-01T14:47:43.403Z
  Event: DoRemainingWork
  Actions: 
    
  Continuation: ProcessEvents
  Diff between previous and next state:
null

 --- Transition of flow [fbe85ed8-6985-4250-a8b5-c1020daaec64] ---
  Timestamp: 2020-07-01T14:47:43.408Z
  Event: DeliverSessionMessage(sessionMessage=ExistingSessionMessage(recipientSessionId=SessionId(toLong=-2662557101777846167), payload=DataSessionMessage(payload=class net.corda.core.serialization.SerializedBytes)), deduplicationHandler=net.corda.testing.node.internal.MockNodeMessagingService$InMemoryDeduplicationHandler@7c275c8d, sender=O=RecipientNode1, L=Madrid, C=ES)
  Actions: 
    ScheduleEvent(event=DoRemainingWork)
  Continuation: ProcessEvents
  Diff between previous and next state:
checkpoint.timestamp: 
    2020-07-01T14:47:43.403Z
    2020-07-01T14:47:43.408Z
checkpoint.sessions.SessionId(toLong=-2662557101777846167).receivedMessages: 
    []
    [DataSessionMessage(payload=class net.corda.core.serialization.SerializedBytes)]
pendingDeduplicationHandlers: 
    [net.corda.testing.node.internal.MockNodeMessagingService$InMemoryDeduplicationHandler@2a1891c8]
    [net.corda.testing.node.internal.MockNodeMessagingService$InMemoryDeduplicationHandler@2a1891c8, net.corda.testing.node.internal.MockNodeMessagingService$InMemoryDeduplicationHandler@7c275c8d]


 --- Transition of flow [fbe85ed8-6985-4250-a8b5-c1020daaec64] ---
  Timestamp: 2020-07-01T14:47:43.408Z
  Event: DoRemainingWork
  Actions: 
    
  Continuation: ProcessEvents
  Diff between previous and next state:
null

 --- Transition of flow [fbe85ed8-6985-4250-a8b5-c1020daaec64] ---
  Timestamp: 2020-07-01T14:47:43.410Z
  Event: DeliverSessionMessage(sessionMessage=ExistingSessionMessage(recipientSessionId=SessionId(toLong=-2662557101777846167), payload=net.corda.node.services.statemachine.EndSessionMessage@503af91c), deduplicationHandler=net.corda.testing.node.internal.MockNodeMessagingService$InMemoryDeduplicationHandler@128beab0, sender=O=RecipientNode1, L=Madrid, C=ES)
  Actions: 
    ScheduleEvent(event=DoRemainingWork)
  Continuation: ProcessEvents
  Diff between previous and next state:
checkpoint.timestamp: 
    2020-07-01T14:47:43.408Z
    2020-07-01T14:47:43.410Z
checkpoint.sessions.SessionId(toLong=-2662557101777846167).initiatedState: 
    Live(peerSinkSessionId=SessionId(toLong=-6547577263867518658))
    Ended
pendingDeduplicationHandlers: 
    [net.corda.testing.node.internal.MockNodeMessagingService$InMemoryDeduplicationHandler@2a1891c8, net.corda.testing.node.internal.MockNodeMessagingService$InMemoryDeduplicationHandler@7c275c8d]
    [net.corda.testing.node.internal.MockNodeMessagingService$InMemoryDeduplicationHandler@2a1891c8, net.corda.testing.node.internal.MockNodeMessagingService$InMemoryDeduplicationHandler@7c275c8d, net.corda.testing.node.internal.MockNodeMessagingService$InMemoryDeduplicationHandler@128beab0]


 --- Transition of flow [fbe85ed8-6985-4250-a8b5-c1020daaec64] ---
  Timestamp: 2020-07-01T14:47:43.410Z
  Event: DoRemainingWork
  Actions: 
    
  Continuation: ProcessEvents
  Diff between previous and next state:
null

 --- Transition of flow [fbe85ed8-6985-4250-a8b5-c1020daaec64] ---
  Timestamp: 2020-07-01T14:47:43.413Z
  Event: DeliverSessionMessage(sessionMessage=ExistingSessionMessage(recipientSessionId=SessionId(toLong=-9130508402392496491), payload=ConfirmSessionMessage(initiatedSessionId=SessionId(toLong=-919550330557557522), initiatedFlowInfo=FlowInfo(flowVersion=1, appName=<unknown>))), deduplicationHandler=net.corda.testing.node.internal.MockNodeMessagingService$InMemoryDeduplicationHandler@2fe89ac, sender=O=RecipientNode2, L=Madrid, C=ES)
  Actions: 
    ScheduleEvent(event=DoRemainingWork)
  Continuation: ProcessEvents
  Diff between previous and next state:
checkpoint.timestamp: 
    2020-07-01T14:47:43.410Z
    2020-07-01T14:47:43.413Z
checkpoint.sessions.SessionId(toLong=-9130508402392496491): 
    Initiating(bufferedMessages=[], rejectionError=null, deduplicationSeed=R--9130508402392496491--8626874419002354812)
    Initiated(peerParty=O=RecipientNode2, L=Madrid, C=ES, peerFlowInfo=FlowInfo(flowVersion=1, appName=<unknown>), receivedMessages=[], initiatedState=Live(peerSinkSessionId=SessionId(toLong=-919550330557557522)), errors=[], deduplicationSeed=R--9130508402392496491--8626874419002354812)
pendingDeduplicationHandlers: 
    [net.corda.testing.node.internal.MockNodeMessagingService$InMemoryDeduplicationHandler@2a1891c8, net.corda.testing.node.internal.MockNodeMessagingService$InMemoryDeduplicationHandler@7c275c8d, net.corda.testing.node.internal.MockNodeMessagingService$InMemoryDeduplicationHandler@128beab0]
    [net.corda.testing.node.internal.MockNodeMessagingService$InMemoryDeduplicationHandler@2a1891c8, net.corda.testing.node.internal.MockNodeMessagingService$InMemoryDeduplicationHandler@7c275c8d, net.corda.testing.node.internal.MockNodeMessagingService$InMemoryDeduplicationHandler@128beab0, net.corda.testing.node.internal.MockNodeMessagingService$InMemoryDeduplicationHandler@2fe89ac]


 --- Transition of flow [fbe85ed8-6985-4250-a8b5-c1020daaec64] ---
  Timestamp: 2020-07-01T14:47:43.413Z
  Event: DoRemainingWork
  Actions: 
    
  Continuation: ProcessEvents
  Diff between previous and next state:
null

 --- Transition of flow [fbe85ed8-6985-4250-a8b5-c1020daaec64] ---
  Timestamp: 2020-07-01T14:47:43.416Z
  Event: DeliverSessionMessage(sessionMessage=ExistingSessionMessage(recipientSessionId=SessionId(toLong=-9130508402392496491), payload=ErrorSessionMessage(flowException=null, errorId=6022563001805952918)), deduplicationHandler=net.corda.testing.node.internal.MockNodeMessagingService$InMemoryDeduplicationHandler@6c06ceea, sender=O=RecipientNode2, L=Madrid, C=ES)
  Actions: 
    ScheduleEvent(event=DoRemainingWork)
  Continuation: ProcessEvents
  Diff between previous and next state:
checkpoint.timestamp: 
    2020-07-01T14:47:43.413Z
    2020-07-01T14:47:43.416Z
checkpoint.sessions.SessionId(toLong=-9130508402392496491).errors: 
    []
    [FlowError(errorId=6022563001805952918, exception=net.corda.core.flows.UnexpectedFlowEndException: Counter-flow errored)]
pendingDeduplicationHandlers: 
    [net.corda.testing.node.internal.MockNodeMessagingService$InMemoryDeduplicationHandler@2a1891c8, net.corda.testing.node.internal.MockNodeMessagingService$InMemoryDeduplicationHandler@7c275c8d, net.corda.testing.node.internal.MockNodeMessagingService$InMemoryDeduplicationHandler@128beab0, net.corda.testing.node.internal.MockNodeMessagingService$InMemoryDeduplicationHandler@2fe89ac]
    [net.corda.testing.node.internal.MockNodeMessagingService$InMemoryDeduplicationHandler@2a1891c8, net.corda.testing.node.internal.MockNodeMessagingService$InMemoryDeduplicationHandler@7c275c8d, net.corda.testing.node.internal.MockNodeMessagingService$InMemoryDeduplicationHandler@128beab0, net.corda.testing.node.internal.MockNodeMessagingService$InMemoryDeduplicationHandler@2fe89ac, net.corda.testing.node.internal.MockNodeMessagingService$InMemoryDeduplicationHandler@6c06ceea]


 --- Transition of flow [fbe85ed8-6985-4250-a8b5-c1020daaec64] ---
  Timestamp: 2020-07-01T14:47:43.417Z
  Event: DoRemainingWork
  Actions: 
    CreateTransaction
  Continuation: Throw(throwable=net.corda.core.flows.UnexpectedFlowEndException: Counter-flow errored)
  Diff between previous and next state:
isFlowResumed: 
    false
    true


 --- Transition of flow [fbe85ed8-6985-4250-a8b5-c1020daaec64] ---
  Timestamp: 2020-07-01T14:47:43.418Z
  Event: Error(exception=net.corda.core.flows.UnexpectedFlowEndException: Counter-flow errored)
  Actions: 
    RollbackTransaction
    ScheduleEvent(event=DoRemainingWork)
  Continuation: ProcessEvents
  Diff between previous and next state:
checkpoint.timestamp: 
    2020-07-01T14:47:43.416Z
    2020-07-01T14:47:43.417Z
checkpoint.errorState: 
    Clean
    Errored(errors=[FlowError(errorId=6022563001805952918, exception=net.corda.core.flows.UnexpectedFlowEndException: Counter-flow errored)], propagatedIndex=0, propagating=false)
isFlowResumed: 
    true
    false


 --- Transition of flow [fbe85ed8-6985-4250-a8b5-c1020daaec64] ---
  Timestamp: 2020-07-01T14:47:43.418Z
  Event: DoRemainingWork
  Actions: 
    
  Continuation: ProcessEvents
  Diff between previous and next state:
null

 --- Transition of flow [fbe85ed8-6985-4250-a8b5-c1020daaec64] ---
  Timestamp: 2020-07-01T14:47:43.419Z
  Event: StartErrorPropagation
  Actions: 
    ScheduleEvent(event=DoRemainingWork)
  Continuation: ProcessEvents
  Diff between previous and next state:
checkpoint.timestamp: 
    2020-07-01T14:47:43.417Z
    2020-07-01T14:47:43.418Z
checkpoint.errorState.propagating: 
    false
    true


 --- Transition of flow [fbe85ed8-6985-4250-a8b5-c1020daaec64] ---
  Timestamp: 2020-07-01T14:47:43.430Z
  Event: DoRemainingWork
  Actions: 
    PropagateErrors(errorMessages=[ErrorSessionMessage(flowException=null, errorId=6022563001805952918)], sessions=[Initiated(peerParty=O=RecipientNode1, L=Madrid, C=ES, peerFlowInfo=FlowInfo(flowVersion=1, appName=<unknown>), receivedMessages=[DataSessionMessage(payload=class net.corda.core.serialization.SerializedBytes)], initiatedState=Ended, errors=[], deduplicationSeed=R--2662557101777846167-6565739917519952452)], senderUUID=d2710dd6-bb39-4072-80cd-05460bd4adcf)
    CreateTransaction
    RemoveCheckpoint(id=[fbe85ed8-6985-4250-a8b5-c1020daaec64])
    PersistDeduplicationFacts(deduplicationHandlers=[net.corda.testing.node.internal.MockNodeMessagingService$InMemoryDeduplicationHandler@2a1891c8, net.corda.testing.node.internal.MockNodeMessagingService$InMemoryDeduplicationHandler@7c275c8d, net.corda.testing.node.internal.MockNodeMessagingService$InMemoryDeduplicationHandler@128beab0, net.corda.testing.node.internal.MockNodeMessagingService$InMemoryDeduplicationHandler@2fe89ac, net.corda.testing.node.internal.MockNodeMessagingService$InMemoryDeduplicationHandler@6c06ceea])
    ReleaseSoftLocks(uuid=fbe85ed8-6985-4250-a8b5-c1020daaec64)
    CommitTransaction
    AcknowledgeMessages(deduplicationHandlers=[net.corda.testing.node.internal.MockNodeMessagingService$InMemoryDeduplicationHandler@2a1891c8, net.corda.testing.node.internal.MockNodeMessagingService$InMemoryDeduplicationHandler@7c275c8d, net.corda.testing.node.internal.MockNodeMessagingService$InMemoryDeduplicationHandler@128beab0, net.corda.testing.node.internal.MockNodeMessagingService$InMemoryDeduplicationHandler@2fe89ac, net.corda.testing.node.internal.MockNodeMessagingService$InMemoryDeduplicationHandler@6c06ceea])
    RemoveSessionBindings(sessionIds=[SessionId(toLong=-2662557101777846167), SessionId(toLong=-9130508402392496491)])
    RemoveFlow(flowId=[fbe85ed8-6985-4250-a8b5-c1020daaec64], removalReason=ErrorFinish(flowErrors=[FlowError(errorId=6022563001805952918, exception=net.corda.core.flows.UnexpectedFlowEndException: Counter-flow errored)]), lastState=StateMachineState(checkpoint=Checkpoint(invocationContext=InvocationContext(origin=RPC(actor=Actor(id=Id(value=Only For Testing), serviceId=AuthServiceId(value=TEST), owningLegalIdentity=O=SenderNode, L=Madrid, C=ES)), trace=Trace(invocationId=bbd6db9a-32d0-415d-a8c5-bea78e45116a, timestamp: 2020-07-01T14:47:43.263Z, entityType: Invocation, sessionId=bbd6db9a-32d0-415d-a8c5-bea78e45116a, timestamp: 2020-07-01T14:47:43.263Z, entityType: Session), actor=Actor(id=Id(value=Only For Testing), serviceId=AuthServiceId(value=TEST), owningLegalIdentity=O=SenderNode, L=Madrid, C=ES), externalTrace=null, impersonatedActor=null), ourIdentity=O=SenderNode, L=Madrid, C=ES, sessions={SessionId(toLong=-2662557101777846167)=Initiated(peerParty=O=RecipientNode1, L=Madrid, C=ES, peerFlowInfo=FlowInfo(flowVersion=1, appName=<unknown>), receivedMessages=[DataSessionMessage(payload=class net.corda.core.serialization.SerializedBytes)], initiatedState=Ended, errors=[], deduplicationSeed=R--2662557101777846167-6565739917519952452), SessionId(toLong=-9130508402392496491)=Initiated(peerParty=O=RecipientNode2, L=Madrid, C=ES, peerFlowInfo=FlowInfo(flowVersion=1, appName=<unknown>), receivedMessages=[], initiatedState=Live(peerSinkSessionId=SessionId(toLong=-919550330557557522)), errors=[FlowError(errorId=6022563001805952918, exception=net.corda.core.flows.UnexpectedFlowEndException: Counter-flow errored)], deduplicationSeed=R--9130508402392496491--8626874419002354812)}, subFlowStack=[Initiating(flowClass=class net.corda.examples.pingpong.flows.FlowParallelMessagingTests$SenderFlow, classToInitiateWith=class net.corda.examples.pingpong.flows.FlowParallelMessagingTests$SenderFlow, flowInfo=FlowInfo(flowVersion=1, appName=<unknown>), subFlowVersion=CorDappFlow(platformVersion=7, corDappName=net.corda.examples.pingpong.flows.FlowParallelMessagingTests_1_7_94baeabf-1013-426c-a853-fe9265425153, corDappHash=9893A4D0E4286E72F36401C7108B2B343032041D5F1669E1409C82D86C6C5BEA), isEnabledTimedFlow=false)], flowState=Started(flowIORequest=Receive(sessions=[FlowSessionImpl(destination=O=RecipientNode1, L=Madrid, C=ES, sourceSessionId=SessionId(toLong=-2662557101777846167)), FlowSessionImpl(destination=O=RecipientNode2, L=Madrid, C=ES, sourceSessionId=SessionId(toLong=-9130508402392496491))]), frozenFiber=1DD0803D6DA6143E8C438A17230EB9E18C6A8AC912CED3488024A01097D67E97), errorState=Errored(errors=[FlowError(errorId=6022563001805952918, exception=net.corda.core.flows.UnexpectedFlowEndException: Counter-flow errored)], propagatedIndex=1, propagating=true), numberOfSuspends=2), flowLogic=net.corda.examples.pingpong.flows.FlowParallelMessagingTests$SenderFlow@5334b0bf, pendingDeduplicationHandlers=[], isFlowResumed=false, isWaitingForFuture=false, future=null, isAnyCheckpointPersisted=true, isStartIdempotent=false, isRemoved=true, isKilled=false, senderUUID=d2710dd6-bb39-4072-80cd-05460bd4adcf))
  Continuation: Abort
  Diff between previous and next state:
checkpoint.timestamp: 
    2020-07-01T14:47:43.418Z
    2020-07-01T14:47:43.427Z
checkpoint.errorState.propagatedIndex: 
    0
    1
isRemoved: 
    false
    true
pendingDeduplicationHandlers: 
    [net.corda.testing.node.internal.MockNodeMessagingService$InMemoryDeduplicationHandler@2a1891c8, net.corda.testing.node.internal.MockNodeMessagingService$InMemoryDeduplicationHandler@7c275c8d, net.corda.testing.node.internal.MockNodeMessagingService$InMemoryDeduplicationHandler@128beab0, net.corda.testing.node.internal.MockNodeMessagingService$InMemoryDeduplicationHandler@2fe89ac, net.corda.testing.node.internal.MockNodeMessagingService$InMemoryDeduplicationHandler@6c06ceea]
    []
 {actor_id=Only For Testing, actor_owning_identity=O=SenderNode, L=Madrid, C=ES, actor_store_id=TEST, fiber-id=10000012, flow-id=fbe85ed8-6985-4250-a8b5-c1020daaec64, invocation_id=bbd6db9a-32d0-415d-a8c5-bea78e45116a, invocation_timestamp=2020-07-01T14:47:43.263Z, origin=Only For Testing, session_id=bbd6db9a-32d0-415d-a8c5-bea78e45116a, session_timestamp=2020-07-01T14:47:43.263Z, thread-id=153}
?[m?[31m[WARN] 23:47:43,437 [Mock network] interceptors.DumpHistoryOnErrorInterceptor. - Counter-flow errored [errorCode=1w5oxwu, moreInformationAt=https://errors.corda.net/OS/4.5-RC02/1w5oxwu] {actor_id=Only For Testing, actor_owning_identity=O=SenderNode, L=Madrid, C=ES, actor_store_id=TEST, fiber-id=10000012, flow-id=fbe85ed8-6985-4250-a8b5-c1020daaec64, invocation_id=bbd6db9a-32d0-415d-a8c5-bea78e45116a, invocation_timestamp=2020-07-01T14:47:43.263Z, origin=Only For Testing, session_id=bbd6db9a-32d0-415d-a8c5-bea78e45116a, session_timestamp=2020-07-01T14:47:43.263Z, thread-id=153}
?[m net.corda.core.flows.UnexpectedFlowEndException: Counter-flow errored
	at Received unexpected counter-flow exception from peer O=RecipientNode2, L=Madrid, C=ES.() ~[?:?]
	at net.corda.node.services.statemachine.FlowStateMachineImpl.fillInLocalStackTrace(FlowStateMachineImpl.kt:204) ~[corda-node-4.5-RC02.jar:?]
	at net.corda.node.services.statemachine.FlowStateMachineImpl.processEventsUntilFlowIsResumed(FlowStateMachineImpl.kt:192) ~[corda-node-4.5-RC02.jar:?]
	at net.corda.node.services.statemachine.FlowStateMachineImpl.suspend(FlowStateMachineImpl.kt:506) ~[corda-node-4.5-RC02.jar:?]
	at net.corda.core.flows.FlowLogic.receiveAllMap(FlowLogic.kt:318) ~[corda-core-4.5-RC02.jar:?]
	at net.corda.core.flows.FlowLogic.receiveAllMap$default(FlowLogic.kt:316) ~[corda-core-4.5-RC02.jar:?]
	at net.corda.core.flows.FlowLogic.receiveAll(FlowLogic.kt:341) ~[corda-core-4.5-RC02.jar:?]
	at net.corda.core.flows.FlowLogic.receiveAll$default(FlowLogic.kt:338) ~[corda-core-4.5-RC02.jar:?]
	at net.corda.examples.pingpong.flows.FlowParallelMessagingTests$SenderFlow.call(FlowParallelMessagingTests.kt:157) ~[test/:?]
	at net.corda.examples.pingpong.flows.FlowParallelMessagingTests$SenderFlow.call(FlowParallelMessagingTests.kt:148) ~[test/:?]
	at net.corda.node.services.statemachine.FlowStateMachineImpl.run(FlowStateMachineImpl.kt:299) ~[corda-node-4.5-RC02.jar:?]
	at net.corda.node.services.statemachine.FlowStateMachineImpl.run(FlowStateMachineImpl.kt:66) ~[corda-node-4.5-RC02.jar:?]
	at co.paralleluniverse.fibers.Fiber.run1(Fiber.java:1092) ~[quasar-core-0.7.10-jdk8.jar:0.7.10]
	at co.paralleluniverse.fibers.Fiber.exec(Fiber.java:788) ~[quasar-core-0.7.10-jdk8.jar:0.7.10]
	at co.paralleluniverse.fibers.RunnableFiberTask.doExec(RunnableFiberTask.java:100) ~[quasar-core-0.7.10-jdk8.jar:0.7.10]
	at co.paralleluniverse.fibers.RunnableFiberTask.run(RunnableFiberTask.java:91) ~[quasar-core-0.7.10-jdk8.jar:0.7.10]
	at java.util.concurrent.Executors$RunnableAdapter.call(Executors.java:511) ~[?:1.8.0_171]
	at java.util.concurrent.FutureTask.run(FutureTask.java:266) ~[?:1.8.0_171]
	at java.util.concurrent.ScheduledThreadPoolExecutor$ScheduledFutureTask.access$201(ScheduledThreadPoolExecutor.java:180) ~[?:1.8.0_171]
	at java.util.concurrent.ScheduledThreadPoolExecutor$ScheduledFutureTask.run(ScheduledThreadPoolExecutor.java:293) ~[?:1.8.0_171]
	at java.util.concurrent.ThreadPoolExecutor.runWorker(ThreadPoolExecutor.java:1149) ~[?:1.8.0_171]
	at java.util.concurrent.ThreadPoolExecutor$Worker.run(ThreadPoolExecutor.java:624) ~[?:1.8.0_171]
	at net.corda.node.utilities.AffinityExecutor$ServiceAffinityExecutor$1$thread$1.run(AffinityExecutor.kt:63) ~[corda-node-4.5-RC02.jar:?]
?[37m[INFO] 23:47:43,500 [Mock network] corda.flow. - Flow raised an error: graceful failure. Sending it to flow hospital to be triaged. {fiber-id=10000017, flow-id=1cb04767-8d1b-483d-86f1-f6e85c98822d, invocation_id=4caeaa89-32ff-44c5-bff0-cf970acedaa2, invocation_timestamp=2020-07-01T14:47:43.490Z, origin=O=SenderNode, L=Madrid, C=ES, session_id=4caeaa89-32ff-44c5-bff0-cf970acedaa2, session_timestamp=2020-07-01T14:47:43.490Z, thread-id=153}
?[m?[37m[INFO] 23:47:43,501 [Mock network] statemachine.StaffedFlowHospital. - Flow [1cb04767-8d1b-483d-86f1-f6e85c98822d] admitted to hospital in state StateMachineState(checkpoint=Checkpoint(invocationContext=InvocationContext(origin=Peer(party=O=SenderNode, L=Madrid, C=ES), trace=Trace(invocationId=4caeaa89-32ff-44c5-bff0-cf970acedaa2, timestamp: 2020-07-01T14:47:43.490Z, entityType: Invocation, sessionId=4caeaa89-32ff-44c5-bff0-cf970acedaa2, timestamp: 2020-07-01T14:47:43.490Z, entityType: Session), actor=null, externalTrace=null, impersonatedActor=null), ourIdentity=O=RecipientNode2, L=Madrid, C=ES, sessions={SessionId(toLong=-3595803383002642863)=Initiated(peerParty=O=SenderNode, L=Madrid, C=ES, peerFlowInfo=FlowInfo(flowVersion=1, appName=<unknown>), receivedMessages=[], initiatedState=Live(peerSinkSessionId=SessionId(toLong=8933554466358524717)), errors=[], deduplicationSeed=D-8933554466358524717-5106562543373904654)}, subFlowStack=[Inlined(flowClass=class net.corda.examples.pingpong.flows.FlowParallelMessagingTests$RecipientFlow, subFlowVersion=CorDappFlow(platformVersion=7, corDappName=net.corda.examples.pingpong.flows.FlowParallelMessagingTests_1_7_94baeabf-1013-426c-a853-fe9265425153, corDappHash=9893A4D0E4286E72F36401C7108B2B343032041D5F1669E1409C82D86C6C5BEA), isEnabledTimedFlow=false)], flowState=Started(flowIORequest=Receive(sessions=[FlowSessionImpl(destination=O=SenderNode, L=Madrid, C=ES, sourceSessionId=SessionId(toLong=-3595803383002642863))]), frozenFiber=41FB7CE3B098CFCD1429E8174F381D683836A28EE9471A78554D58B0CF3DC626), errorState=Clean, numberOfSuspends=1), flowLogic=net.corda.examples.pingpong.flows.FlowParallelMessagingTests$RecipientFlow@7abbc6ec, pendingDeduplicationHandlers=[], isFlowResumed=true, isWaitingForFuture=false, future=null, isAnyCheckpointPersisted=true, isStartIdempotent=false, isRemoved=false, isKilled=false, senderUUID=8e2425d8-5f8b-40b1-bc3a-940bdf4d4088) {fiber-id=10000017, flow-id=1cb04767-8d1b-483d-86f1-f6e85c98822d, invocation_id=4caeaa89-32ff-44c5-bff0-cf970acedaa2, invocation_timestamp=2020-07-01T14:47:43.490Z, origin=O=SenderNode, L=Madrid, C=ES, session_id=4caeaa89-32ff-44c5-bff0-cf970acedaa2, session_timestamp=2020-07-01T14:47:43.490Z, thread-id=153}
?[m?[37m[INFO] 23:47:43,501 [Mock network] statemachine.StaffedFlowHospital. - Error 1 of 1: {fiber-id=10000017, flow-id=1cb04767-8d1b-483d-86f1-f6e85c98822d, invocation_id=4caeaa89-32ff-44c5-bff0-cf970acedaa2, invocation_timestamp=2020-07-01T14:47:43.490Z, origin=O=SenderNode, L=Madrid, C=ES, session_id=4caeaa89-32ff-44c5-bff0-cf970acedaa2, session_timestamp=2020-07-01T14:47:43.490Z, thread-id=153}
?[m net.corda.core.flows.FlowException: graceful failure
	at net.corda.examples.pingpong.flows.FlowParallelMessagingTests$RecipientFlow.call(FlowParallelMessagingTests.kt:173) ~[test/:?]
	at net.corda.examples.pingpong.flows.FlowParallelMessagingTests$RecipientFlow.call(FlowParallelMessagingTests.kt:167) ~[test/:?]
	at net.corda.node.services.statemachine.FlowStateMachineImpl.run(FlowStateMachineImpl.kt:299) ~[corda-node-4.5-RC02.jar:?]
	at net.corda.node.services.statemachine.FlowStateMachineImpl.run(FlowStateMachineImpl.kt:66) ~[corda-node-4.5-RC02.jar:?]
	at co.paralleluniverse.fibers.Fiber.run1(Fiber.java:1092) ~[quasar-core-0.7.10-jdk8.jar:0.7.10]
	at co.paralleluniverse.fibers.Fiber.exec(Fiber.java:788) ~[quasar-core-0.7.10-jdk8.jar:0.7.10]
	at co.paralleluniverse.fibers.RunnableFiberTask.doExec(RunnableFiberTask.java:100) ~[quasar-core-0.7.10-jdk8.jar:0.7.10]
	at co.paralleluniverse.fibers.RunnableFiberTask.run(RunnableFiberTask.java:91) ~[quasar-core-0.7.10-jdk8.jar:0.7.10]
	at java.util.concurrent.Executors$RunnableAdapter.call(Executors.java:511) ~[?:1.8.0_171]
	at java.util.concurrent.FutureTask.run(FutureTask.java:266) ~[?:1.8.0_171]
	at java.util.concurrent.ScheduledThreadPoolExecutor$ScheduledFutureTask.access$201(ScheduledThreadPoolExecutor.java:180) ~[?:1.8.0_171]
	at java.util.concurrent.ScheduledThreadPoolExecutor$ScheduledFutureTask.run(ScheduledThreadPoolExecutor.java:293) ~[?:1.8.0_171]
	at java.util.concurrent.ThreadPoolExecutor.runWorker(ThreadPoolExecutor.java:1149) ~[?:1.8.0_171]
	at java.util.concurrent.ThreadPoolExecutor$Worker.run(ThreadPoolExecutor.java:624) ~[?:1.8.0_171]
	at net.corda.node.utilities.AffinityExecutor$ServiceAffinityExecutor$1$thread$1.run(AffinityExecutor.kt:63) ~[corda-node-4.5-RC02.jar:?]
?[37m[INFO] 23:47:43,501 [Mock network] statemachine.StaffedFlowHospital. - Flow error allowed to propagate {fiber-id=10000017, flow-id=1cb04767-8d1b-483d-86f1-f6e85c98822d, invocation_id=4caeaa89-32ff-44c5-bff0-cf970acedaa2, invocation_timestamp=2020-07-01T14:47:43.490Z, origin=O=SenderNode, L=Madrid, C=ES, session_id=4caeaa89-32ff-44c5-bff0-cf970acedaa2, session_timestamp=2020-07-01T14:47:43.490Z, thread-id=153}
?[m net.corda.core.flows.FlowException: graceful failure
	at net.corda.examples.pingpong.flows.FlowParallelMessagingTests$RecipientFlow.call(FlowParallelMessagingTests.kt:173) ~[test/:?]
	at net.corda.examples.pingpong.flows.FlowParallelMessagingTests$RecipientFlow.call(FlowParallelMessagingTests.kt:167) ~[test/:?]
	at net.corda.node.services.statemachine.FlowStateMachineImpl.run(FlowStateMachineImpl.kt:299) ~[corda-node-4.5-RC02.jar:?]
	at net.corda.node.services.statemachine.FlowStateMachineImpl.run(FlowStateMachineImpl.kt:66) ~[corda-node-4.5-RC02.jar:?]
	at co.paralleluniverse.fibers.Fiber.run1(Fiber.java:1092) ~[quasar-core-0.7.10-jdk8.jar:0.7.10]
	at co.paralleluniverse.fibers.Fiber.exec(Fiber.java:788) ~[quasar-core-0.7.10-jdk8.jar:0.7.10]
	at co.paralleluniverse.fibers.RunnableFiberTask.doExec(RunnableFiberTask.java:100) ~[quasar-core-0.7.10-jdk8.jar:0.7.10]
	at co.paralleluniverse.fibers.RunnableFiberTask.run(RunnableFiberTask.java:91) ~[quasar-core-0.7.10-jdk8.jar:0.7.10]
	at java.util.concurrent.Executors$RunnableAdapter.call(Executors.java:511) ~[?:1.8.0_171]
	at java.util.concurrent.FutureTask.run(FutureTask.java:266) ~[?:1.8.0_171]
	at java.util.concurrent.ScheduledThreadPoolExecutor$ScheduledFutureTask.access$201(ScheduledThreadPoolExecutor.java:180) ~[?:1.8.0_171]
	at java.util.concurrent.ScheduledThreadPoolExecutor$ScheduledFutureTask.run(ScheduledThreadPoolExecutor.java:293) ~[?:1.8.0_171]
	at java.util.concurrent.ThreadPoolExecutor.runWorker(ThreadPoolExecutor.java:1149) ~[?:1.8.0_171]
	at java.util.concurrent.ThreadPoolExecutor$Worker.run(ThreadPoolExecutor.java:624) ~[?:1.8.0_171]
	at net.corda.node.utilities.AffinityExecutor$ServiceAffinityExecutor$1$thread$1.run(AffinityExecutor.kt:63) ~[corda-node-4.5-RC02.jar:?]
?[31m[WARN] 23:47:43,503 [Mock network] interceptors.DumpHistoryOnErrorInterceptor. - Flow [1cb04767-8d1b-483d-86f1-f6e85c98822d] errored, dumping all transitions:

 --- Transition of flow [1cb04767-8d1b-483d-86f1-f6e85c98822d] ---
  Timestamp: 2020-07-01T14:47:43.494Z
  Event: DoRemainingWork
  Actions: 
    CreateTransaction
    PersistCheckpoint(id=[1cb04767-8d1b-483d-86f1-f6e85c98822d], checkpoint=Checkpoint(invocationContext=InvocationContext(origin=Peer(party=O=SenderNode, L=Madrid, C=ES), trace=Trace(invocationId=4caeaa89-32ff-44c5-bff0-cf970acedaa2, timestamp: 2020-07-01T14:47:43.490Z, entityType: Invocation, sessionId=4caeaa89-32ff-44c5-bff0-cf970acedaa2, timestamp: 2020-07-01T14:47:43.490Z, entityType: Session), actor=null, externalTrace=null, impersonatedActor=null), ourIdentity=O=RecipientNode2, L=Madrid, C=ES, sessions={}, subFlowStack=[Inlined(flowClass=class net.corda.examples.pingpong.flows.FlowParallelMessagingTests$RecipientFlow, subFlowVersion=CorDappFlow(platformVersion=7, corDappName=net.corda.examples.pingpong.flows.FlowParallelMessagingTests_1_7_94baeabf-1013-426c-a853-fe9265425153, corDappHash=9893A4D0E4286E72F36401C7108B2B343032041D5F1669E1409C82D86C6C5BEA), isEnabledTimedFlow=false)], flowState=Unstarted(flowStart=Initiated, frozenFlowLogic=B5F579EC3A52D58DDAD63B62C8665F7B32CF05415E8771136AE0645E5FC22AE3), errorState=Clean, numberOfSuspends=0), isCheckpointUpdate=false)
    PersistDeduplicationFacts(deduplicationHandlers=[net.corda.testing.node.internal.MockNodeMessagingService$InMemoryDeduplicationHandler@1f2ad0e1])
    CommitTransaction
    AcknowledgeMessages(deduplicationHandlers=[net.corda.testing.node.internal.MockNodeMessagingService$InMemoryDeduplicationHandler@1f2ad0e1])
    SignalFlowHasStarted(flowId=[1cb04767-8d1b-483d-86f1-f6e85c98822d])
    SendExisting(peerParty=O=SenderNode, L=Madrid, C=ES, message=ExistingSessionMessage(recipientSessionId=SessionId(toLong=8933554466358524717), payload=ConfirmSessionMessage(initiatedSessionId=SessionId(toLong=-3595803383002642863), initiatedFlowInfo=FlowInfo(flowVersion=1, appName=<unknown>))), deduplicationId=SenderDeduplicationId(deduplicationId=DeduplicationId(toString=N-D-8933554466358524717-5106562543373904654-0-0), senderUUID=8e2425d8-5f8b-40b1-bc3a-940bdf4d4088))
    CreateTransaction
  Continuation: Resume(result=null)
  Diff between previous and next state:
checkpoint.sessions.SessionId(toLong=-3595803383002642863): 
    null
    Initiated(peerParty=O=SenderNode, L=Madrid, C=ES, peerFlowInfo=FlowInfo(flowVersion=1, appName=<unknown>), receivedMessages=[DataSessionMessage(payload=class net.corda.core.serialization.SerializedBytes)], initiatedState=Live(peerSinkSessionId=SessionId(toLong=8933554466358524717)), errors=[], deduplicationSeed=D-8933554466358524717-5106562543373904654)
isFlowResumed: 
    false
    true
isAnyCheckpointPersisted: 
    false
    true
pendingDeduplicationHandlers: 
    [net.corda.testing.node.internal.MockNodeMessagingService$InMemoryDeduplicationHandler@1f2ad0e1]
    []


 --- Transition of flow [1cb04767-8d1b-483d-86f1-f6e85c98822d] ---
  Timestamp: 2020-07-01T14:47:43.499Z
  Event: Suspend(ioRequest=Receive(sessions=[FlowSessionImpl(destination=O=SenderNode, L=Madrid, C=ES, sourceSessionId=SessionId(toLong=-3595803383002642863))]), maySkipCheckpoint=false, fiber=41FB7CE3B098CFCD1429E8174F381D683836A28EE9471A78554D58B0CF3DC626, )
  Actions: 
    PersistCheckpoint(id=[1cb04767-8d1b-483d-86f1-f6e85c98822d], checkpoint=Checkpoint(invocationContext=InvocationContext(origin=Peer(party=O=SenderNode, L=Madrid, C=ES), trace=Trace(invocationId=4caeaa89-32ff-44c5-bff0-cf970acedaa2, timestamp: 2020-07-01T14:47:43.490Z, entityType: Invocation, sessionId=4caeaa89-32ff-44c5-bff0-cf970acedaa2, timestamp: 2020-07-01T14:47:43.490Z, entityType: Session), actor=null, externalTrace=null, impersonatedActor=null), ourIdentity=O=RecipientNode2, L=Madrid, C=ES, sessions={SessionId(toLong=-3595803383002642863)=Initiated(peerParty=O=SenderNode, L=Madrid, C=ES, peerFlowInfo=FlowInfo(flowVersion=1, appName=<unknown>), receivedMessages=[DataSessionMessage(payload=class net.corda.core.serialization.SerializedBytes)], initiatedState=Live(peerSinkSessionId=SessionId(toLong=8933554466358524717)), errors=[], deduplicationSeed=D-8933554466358524717-5106562543373904654)}, subFlowStack=[Inlined(flowClass=class net.corda.examples.pingpong.flows.FlowParallelMessagingTests$RecipientFlow, subFlowVersion=CorDappFlow(platformVersion=7, corDappName=net.corda.examples.pingpong.flows.FlowParallelMessagingTests_1_7_94baeabf-1013-426c-a853-fe9265425153, corDappHash=9893A4D0E4286E72F36401C7108B2B343032041D5F1669E1409C82D86C6C5BEA), isEnabledTimedFlow=false)], flowState=Started(flowIORequest=Receive(sessions=[FlowSessionImpl(destination=O=SenderNode, L=Madrid, C=ES, sourceSessionId=SessionId(toLong=-3595803383002642863))]), frozenFiber=41FB7CE3B098CFCD1429E8174F381D683836A28EE9471A78554D58B0CF3DC626), errorState=Clean, numberOfSuspends=1), isCheckpointUpdate=true)
    PersistDeduplicationFacts(deduplicationHandlers=[])
    CommitTransaction
    AcknowledgeMessages(deduplicationHandlers=[])
    ScheduleEvent(event=DoRemainingWork)
  Continuation: ProcessEvents
  Diff between previous and next state:
checkpoint.timestamp: 
    2020-07-01T14:47:43.491Z
    2020-07-01T14:47:43.497Z
checkpoint.flowState: 
    Unstarted(flowStart=Initiated, frozenFlowLogic=B5F579EC3A52D58DDAD63B62C8665F7B32CF05415E8771136AE0645E5FC22AE3)
    Started(flowIORequest=Receive(sessions=[FlowSessionImpl(destination=O=SenderNode, L=Madrid, C=ES, sourceSessionId=SessionId(toLong=-3595803383002642863))]), frozenFiber=41FB7CE3B098CFCD1429E8174F381D683836A28EE9471A78554D58B0CF3DC626)
checkpoint.numberOfSuspends: 
    0
    1
isFlowResumed: 
    true
    false


 --- Transition of flow [1cb04767-8d1b-483d-86f1-f6e85c98822d] ---
  Timestamp: 2020-07-01T14:47:43.499Z
  Event: DoRemainingWork
  Actions: 
    CreateTransaction
  Continuation: Resume(result=class java.util.LinkedHashMap)
  Diff between previous and next state:
checkpoint.timestamp: 
    2020-07-01T14:47:43.497Z
    2020-07-01T14:47:43.499Z
checkpoint.sessions.SessionId(toLong=-3595803383002642863).receivedMessages: 
    [DataSessionMessage(payload=class net.corda.core.serialization.SerializedBytes)]
    []
isFlowResumed: 
    false
    true


 --- Transition of flow [1cb04767-8d1b-483d-86f1-f6e85c98822d] ---
  Timestamp: 2020-07-01T14:47:43.502Z
  Event: Error(exception=net.corda.core.flows.FlowException: graceful failure)
  Actions: 
    RollbackTransaction
    ScheduleEvent(event=DoRemainingWork)
  Continuation: ProcessEvents
  Diff between previous and next state:
checkpoint.timestamp: 
    2020-07-01T14:47:43.499Z
    2020-07-01T14:47:43.500Z
checkpoint.errorState: 
    Clean
    Errored(errors=[FlowError(errorId=-3472812069152526347, exception=net.corda.core.flows.FlowException: graceful failure)], propagatedIndex=0, propagating=false)
isFlowResumed: 
    true
    false


 --- Transition of flow [1cb04767-8d1b-483d-86f1-f6e85c98822d] ---
  Timestamp: 2020-07-01T14:47:43.502Z
  Event: DoRemainingWork
  Actions: 
    
  Continuation: ProcessEvents
  Diff between previous and next state:
null

 --- Transition of flow [1cb04767-8d1b-483d-86f1-f6e85c98822d] ---
  Timestamp: 2020-07-01T14:47:43.502Z
  Event: StartErrorPropagation
  Actions: 
    ScheduleEvent(event=DoRemainingWork)
  Continuation: ProcessEvents
  Diff between previous and next state:
checkpoint.timestamp: 
    2020-07-01T14:47:43.500Z
    2020-07-01T14:47:43.502Z
checkpoint.errorState.propagating: 
    false
    true
 {fiber-id=10000017, flow-id=1cb04767-8d1b-483d-86f1-f6e85c98822d, invocation_id=4caeaa89-32ff-44c5-bff0-cf970acedaa2, invocation_timestamp=2020-07-01T14:47:43.490Z, origin=O=SenderNode, L=Madrid, C=ES, session_id=4caeaa89-32ff-44c5-bff0-cf970acedaa2, session_timestamp=2020-07-01T14:47:43.490Z, thread-id=153}
?[m?[31m[WARN] 23:47:43,503 [Mock network] interceptors.DumpHistoryOnErrorInterceptor. - graceful failure [errorCode=1w2zeq3, moreInformationAt=https://errors.corda.net/OS/4.5-RC02/1w2zeq3] {fiber-id=10000017, flow-id=1cb04767-8d1b-483d-86f1-f6e85c98822d, invocation_id=4caeaa89-32ff-44c5-bff0-cf970acedaa2, invocation_timestamp=2020-07-01T14:47:43.490Z, origin=O=SenderNode, L=Madrid, C=ES, session_id=4caeaa89-32ff-44c5-bff0-cf970acedaa2, session_timestamp=2020-07-01T14:47:43.490Z, thread-id=153}
?[m net.corda.core.flows.FlowException: graceful failure
	at net.corda.examples.pingpong.flows.FlowParallelMessagingTests$RecipientFlow.call(FlowParallelMessagingTests.kt:173) ~[test/:?]
	at net.corda.examples.pingpong.flows.FlowParallelMessagingTests$RecipientFlow.call(FlowParallelMessagingTests.kt:167) ~[test/:?]
	at net.corda.node.services.statemachine.FlowStateMachineImpl.run(FlowStateMachineImpl.kt:299) ~[corda-node-4.5-RC02.jar:?]
	at net.corda.node.services.statemachine.FlowStateMachineImpl.run(FlowStateMachineImpl.kt:66) ~[corda-node-4.5-RC02.jar:?]
	at co.paralleluniverse.fibers.Fiber.run1(Fiber.java:1092) ~[quasar-core-0.7.10-jdk8.jar:0.7.10]
	at co.paralleluniverse.fibers.Fiber.exec(Fiber.java:788) ~[quasar-core-0.7.10-jdk8.jar:0.7.10]
	at co.paralleluniverse.fibers.RunnableFiberTask.doExec(RunnableFiberTask.java:100) ~[quasar-core-0.7.10-jdk8.jar:0.7.10]
	at co.paralleluniverse.fibers.RunnableFiberTask.run(RunnableFiberTask.java:91) ~[quasar-core-0.7.10-jdk8.jar:0.7.10]
	at java.util.concurrent.Executors$RunnableAdapter.call(Executors.java:511) ~[?:1.8.0_171]
	at java.util.concurrent.FutureTask.run(FutureTask.java:266) ~[?:1.8.0_171]
	at java.util.concurrent.ScheduledThreadPoolExecutor$ScheduledFutureTask.access$201(ScheduledThreadPoolExecutor.java:180) ~[?:1.8.0_171]
	at java.util.concurrent.ScheduledThreadPoolExecutor$ScheduledFutureTask.run(ScheduledThreadPoolExecutor.java:293) ~[?:1.8.0_171]
	at java.util.concurrent.ThreadPoolExecutor.runWorker(ThreadPoolExecutor.java:1149) ~[?:1.8.0_171]
	at java.util.concurrent.ThreadPoolExecutor$Worker.run(ThreadPoolExecutor.java:624) ~[?:1.8.0_171]
	at net.corda.node.utilities.AffinityExecutor$ServiceAffinityExecutor$1$thread$1.run(AffinityExecutor.kt:63) ~[corda-node-4.5-RC02.jar:?]
?[31m[WARN] 23:47:43,504 [Mock network] statemachine.ActionExecutorImpl. - graceful failure [errorCode=1w2zeq3, moreInformationAt=https://errors.corda.net/OS/4.5-RC02/1w2zeq3] {fiber-id=10000017, flow-id=1cb04767-8d1b-483d-86f1-f6e85c98822d, invocation_id=4caeaa89-32ff-44c5-bff0-cf970acedaa2, invocation_timestamp=2020-07-01T14:47:43.490Z, origin=O=SenderNode, L=Madrid, C=ES, session_id=4caeaa89-32ff-44c5-bff0-cf970acedaa2, session_timestamp=2020-07-01T14:47:43.490Z, thread-id=153}
?[m net.corda.core.flows.FlowException: graceful failure
	at net.corda.examples.pingpong.flows.FlowParallelMessagingTests$RecipientFlow.call(FlowParallelMessagingTests.kt:173) ~[test/:?]
	at net.corda.examples.pingpong.flows.FlowParallelMessagingTests$RecipientFlow.call(FlowParallelMessagingTests.kt:167) ~[test/:?]
	at net.corda.node.services.statemachine.FlowStateMachineImpl.run(FlowStateMachineImpl.kt:299) ~[corda-node-4.5-RC02.jar:?]
	at net.corda.node.services.statemachine.FlowStateMachineImpl.run(FlowStateMachineImpl.kt:66) ~[corda-node-4.5-RC02.jar:?]
	at co.paralleluniverse.fibers.Fiber.run1(Fiber.java:1092) ~[quasar-core-0.7.10-jdk8.jar:0.7.10]
	at co.paralleluniverse.fibers.Fiber.exec(Fiber.java:788) ~[quasar-core-0.7.10-jdk8.jar:0.7.10]
	at co.paralleluniverse.fibers.RunnableFiberTask.doExec(RunnableFiberTask.java:100) ~[quasar-core-0.7.10-jdk8.jar:0.7.10]
	at co.paralleluniverse.fibers.RunnableFiberTask.run(RunnableFiberTask.java:91) ~[quasar-core-0.7.10-jdk8.jar:0.7.10]
	at java.util.concurrent.Executors$RunnableAdapter.call(Executors.java:511) ~[?:1.8.0_171]
	at java.util.concurrent.FutureTask.run(FutureTask.java:266) ~[?:1.8.0_171]
	at java.util.concurrent.ScheduledThreadPoolExecutor$ScheduledFutureTask.access$201(ScheduledThreadPoolExecutor.java:180) ~[?:1.8.0_171]
	at java.util.concurrent.ScheduledThreadPoolExecutor$ScheduledFutureTask.run(ScheduledThreadPoolExecutor.java:293) ~[?:1.8.0_171]
	at java.util.concurrent.ThreadPoolExecutor.runWorker(ThreadPoolExecutor.java:1149) ~[?:1.8.0_171]
	at java.util.concurrent.ThreadPoolExecutor$Worker.run(ThreadPoolExecutor.java:624) ~[?:1.8.0_171]
	at net.corda.node.utilities.AffinityExecutor$ServiceAffinityExecutor$1$thread$1.run(AffinityExecutor.kt:63) ~[corda-node-4.5-RC02.jar:?]
?[31m[WARN] 23:47:43,533 [Mock network] interceptors.DumpHistoryOnErrorInterceptor. - Flow [1cb04767-8d1b-483d-86f1-f6e85c98822d] errored, dumping all transitions:

 --- Transition of flow [1cb04767-8d1b-483d-86f1-f6e85c98822d] ---
  Timestamp: 2020-07-01T14:47:43.494Z
  Event: DoRemainingWork
  Actions: 
    CreateTransaction
    PersistCheckpoint(id=[1cb04767-8d1b-483d-86f1-f6e85c98822d], checkpoint=Checkpoint(invocationContext=InvocationContext(origin=Peer(party=O=SenderNode, L=Madrid, C=ES), trace=Trace(invocationId=4caeaa89-32ff-44c5-bff0-cf970acedaa2, timestamp: 2020-07-01T14:47:43.490Z, entityType: Invocation, sessionId=4caeaa89-32ff-44c5-bff0-cf970acedaa2, timestamp: 2020-07-01T14:47:43.490Z, entityType: Session), actor=null, externalTrace=null, impersonatedActor=null), ourIdentity=O=RecipientNode2, L=Madrid, C=ES, sessions={}, subFlowStack=[Inlined(flowClass=class net.corda.examples.pingpong.flows.FlowParallelMessagingTests$RecipientFlow, subFlowVersion=CorDappFlow(platformVersion=7, corDappName=net.corda.examples.pingpong.flows.FlowParallelMessagingTests_1_7_94baeabf-1013-426c-a853-fe9265425153, corDappHash=9893A4D0E4286E72F36401C7108B2B343032041D5F1669E1409C82D86C6C5BEA), isEnabledTimedFlow=false)], flowState=Unstarted(flowStart=Initiated, frozenFlowLogic=B5F579EC3A52D58DDAD63B62C8665F7B32CF05415E8771136AE0645E5FC22AE3), errorState=Clean, numberOfSuspends=0), isCheckpointUpdate=false)
    PersistDeduplicationFacts(deduplicationHandlers=[net.corda.testing.node.internal.MockNodeMessagingService$InMemoryDeduplicationHandler@1f2ad0e1])
    CommitTransaction
    AcknowledgeMessages(deduplicationHandlers=[net.corda.testing.node.internal.MockNodeMessagingService$InMemoryDeduplicationHandler@1f2ad0e1])
    SignalFlowHasStarted(flowId=[1cb04767-8d1b-483d-86f1-f6e85c98822d])
    SendExisting(peerParty=O=SenderNode, L=Madrid, C=ES, message=ExistingSessionMessage(recipientSessionId=SessionId(toLong=8933554466358524717), payload=ConfirmSessionMessage(initiatedSessionId=SessionId(toLong=-3595803383002642863), initiatedFlowInfo=FlowInfo(flowVersion=1, appName=<unknown>))), deduplicationId=SenderDeduplicationId(deduplicationId=DeduplicationId(toString=N-D-8933554466358524717-5106562543373904654-0-0), senderUUID=8e2425d8-5f8b-40b1-bc3a-940bdf4d4088))
    CreateTransaction
  Continuation: Resume(result=null)
  Diff between previous and next state:
checkpoint.sessions.SessionId(toLong=-3595803383002642863): 
    null
    Initiated(peerParty=O=SenderNode, L=Madrid, C=ES, peerFlowInfo=FlowInfo(flowVersion=1, appName=<unknown>), receivedMessages=[DataSessionMessage(payload=class net.corda.core.serialization.SerializedBytes)], initiatedState=Live(peerSinkSessionId=SessionId(toLong=8933554466358524717)), errors=[], deduplicationSeed=D-8933554466358524717-5106562543373904654)
isFlowResumed: 
    false
    true
isAnyCheckpointPersisted: 
    false
    true
pendingDeduplicationHandlers: 
    [net.corda.testing.node.internal.MockNodeMessagingService$InMemoryDeduplicationHandler@1f2ad0e1]
    []


 --- Transition of flow [1cb04767-8d1b-483d-86f1-f6e85c98822d] ---
  Timestamp: 2020-07-01T14:47:43.499Z
  Event: Suspend(ioRequest=Receive(sessions=[FlowSessionImpl(destination=O=SenderNode, L=Madrid, C=ES, sourceSessionId=SessionId(toLong=-3595803383002642863))]), maySkipCheckpoint=false, fiber=41FB7CE3B098CFCD1429E8174F381D683836A28EE9471A78554D58B0CF3DC626, )
  Actions: 
    PersistCheckpoint(id=[1cb04767-8d1b-483d-86f1-f6e85c98822d], checkpoint=Checkpoint(invocationContext=InvocationContext(origin=Peer(party=O=SenderNode, L=Madrid, C=ES), trace=Trace(invocationId=4caeaa89-32ff-44c5-bff0-cf970acedaa2, timestamp: 2020-07-01T14:47:43.490Z, entityType: Invocation, sessionId=4caeaa89-32ff-44c5-bff0-cf970acedaa2, timestamp: 2020-07-01T14:47:43.490Z, entityType: Session), actor=null, externalTrace=null, impersonatedActor=null), ourIdentity=O=RecipientNode2, L=Madrid, C=ES, sessions={SessionId(toLong=-3595803383002642863)=Initiated(peerParty=O=SenderNode, L=Madrid, C=ES, peerFlowInfo=FlowInfo(flowVersion=1, appName=<unknown>), receivedMessages=[DataSessionMessage(payload=class net.corda.core.serialization.SerializedBytes)], initiatedState=Live(peerSinkSessionId=SessionId(toLong=8933554466358524717)), errors=[], deduplicationSeed=D-8933554466358524717-5106562543373904654)}, subFlowStack=[Inlined(flowClass=class net.corda.examples.pingpong.flows.FlowParallelMessagingTests$RecipientFlow, subFlowVersion=CorDappFlow(platformVersion=7, corDappName=net.corda.examples.pingpong.flows.FlowParallelMessagingTests_1_7_94baeabf-1013-426c-a853-fe9265425153, corDappHash=9893A4D0E4286E72F36401C7108B2B343032041D5F1669E1409C82D86C6C5BEA), isEnabledTimedFlow=false)], flowState=Started(flowIORequest=Receive(sessions=[FlowSessionImpl(destination=O=SenderNode, L=Madrid, C=ES, sourceSessionId=SessionId(toLong=-3595803383002642863))]), frozenFiber=41FB7CE3B098CFCD1429E8174F381D683836A28EE9471A78554D58B0CF3DC626), errorState=Clean, numberOfSuspends=1), isCheckpointUpdate=true)
    PersistDeduplicationFacts(deduplicationHandlers=[])
    CommitTransaction
    AcknowledgeMessages(deduplicationHandlers=[])
    ScheduleEvent(event=DoRemainingWork)
  Continuation: ProcessEvents
  Diff between previous and next state:
checkpoint.timestamp: 
    2020-07-01T14:47:43.491Z
    2020-07-01T14:47:43.497Z
checkpoint.flowState: 
    Unstarted(flowStart=Initiated, frozenFlowLogic=B5F579EC3A52D58DDAD63B62C8665F7B32CF05415E8771136AE0645E5FC22AE3)
    Started(flowIORequest=Receive(sessions=[FlowSessionImpl(destination=O=SenderNode, L=Madrid, C=ES, sourceSessionId=SessionId(toLong=-3595803383002642863))]), frozenFiber=41FB7CE3B098CFCD1429E8174F381D683836A28EE9471A78554D58B0CF3DC626)
checkpoint.numberOfSuspends: 
    0
    1
isFlowResumed: 
    true
    false


 --- Transition of flow [1cb04767-8d1b-483d-86f1-f6e85c98822d] ---
  Timestamp: 2020-07-01T14:47:43.499Z
  Event: DoRemainingWork
  Actions: 
    CreateTransaction
  Continuation: Resume(result=class java.util.LinkedHashMap)
  Diff between previous and next state:
checkpoint.timestamp: 
    2020-07-01T14:47:43.497Z
    2020-07-01T14:47:43.499Z
checkpoint.sessions.SessionId(toLong=-3595803383002642863).receivedMessages: 
    [DataSessionMessage(payload=class net.corda.core.serialization.SerializedBytes)]
    []
isFlowResumed: 
    false
    true


 --- Transition of flow [1cb04767-8d1b-483d-86f1-f6e85c98822d] ---
  Timestamp: 2020-07-01T14:47:43.502Z
  Event: Error(exception=net.corda.core.flows.FlowException: graceful failure)
  Actions: 
    RollbackTransaction
    ScheduleEvent(event=DoRemainingWork)
  Continuation: ProcessEvents
  Diff between previous and next state:
checkpoint.timestamp: 
    2020-07-01T14:47:43.499Z
    2020-07-01T14:47:43.500Z
checkpoint.errorState: 
    Clean
    Errored(errors=[FlowError(errorId=-3472812069152526347, exception=net.corda.core.flows.FlowException: graceful failure)], propagatedIndex=0, propagating=false)
isFlowResumed: 
    true
    false


 --- Transition of flow [1cb04767-8d1b-483d-86f1-f6e85c98822d] ---
  Timestamp: 2020-07-01T14:47:43.502Z
  Event: DoRemainingWork
  Actions: 
    
  Continuation: ProcessEvents
  Diff between previous and next state:
null

 --- Transition of flow [1cb04767-8d1b-483d-86f1-f6e85c98822d] ---
  Timestamp: 2020-07-01T14:47:43.502Z
  Event: StartErrorPropagation
  Actions: 
    ScheduleEvent(event=DoRemainingWork)
  Continuation: ProcessEvents
  Diff between previous and next state:
checkpoint.timestamp: 
    2020-07-01T14:47:43.500Z
    2020-07-01T14:47:43.502Z
checkpoint.errorState.propagating: 
    false
    true


 --- Transition of flow [1cb04767-8d1b-483d-86f1-f6e85c98822d] ---
  Timestamp: 2020-07-01T14:47:43.532Z
  Event: DoRemainingWork
  Actions: 
    PropagateErrors(errorMessages=[ErrorSessionMessage(flowException=net.corda.core.flows.FlowException: graceful failure, errorId=-3472812069152526347)], sessions=[Initiated(peerParty=O=SenderNode, L=Madrid, C=ES, peerFlowInfo=FlowInfo(flowVersion=1, appName=<unknown>), receivedMessages=[], initiatedState=Live(peerSinkSessionId=SessionId(toLong=8933554466358524717)), errors=[], deduplicationSeed=D-8933554466358524717-5106562543373904654)], senderUUID=8e2425d8-5f8b-40b1-bc3a-940bdf4d4088)
    CreateTransaction
    RemoveCheckpoint(id=[1cb04767-8d1b-483d-86f1-f6e85c98822d])
    PersistDeduplicationFacts(deduplicationHandlers=[])
    ReleaseSoftLocks(uuid=1cb04767-8d1b-483d-86f1-f6e85c98822d)
    CommitTransaction
    AcknowledgeMessages(deduplicationHandlers=[])
    RemoveSessionBindings(sessionIds=[SessionId(toLong=-3595803383002642863)])
    RemoveFlow(flowId=[1cb04767-8d1b-483d-86f1-f6e85c98822d], removalReason=ErrorFinish(flowErrors=[FlowError(errorId=-3472812069152526347, exception=net.corda.core.flows.FlowException: graceful failure)]), lastState=StateMachineState(checkpoint=Checkpoint(invocationContext=InvocationContext(origin=Peer(party=O=SenderNode, L=Madrid, C=ES), trace=Trace(invocationId=4caeaa89-32ff-44c5-bff0-cf970acedaa2, timestamp: 2020-07-01T14:47:43.490Z, entityType: Invocation, sessionId=4caeaa89-32ff-44c5-bff0-cf970acedaa2, timestamp: 2020-07-01T14:47:43.490Z, entityType: Session), actor=null, externalTrace=null, impersonatedActor=null), ourIdentity=O=RecipientNode2, L=Madrid, C=ES, sessions={SessionId(toLong=-3595803383002642863)=Initiated(peerParty=O=SenderNode, L=Madrid, C=ES, peerFlowInfo=FlowInfo(flowVersion=1, appName=<unknown>), receivedMessages=[], initiatedState=Live(peerSinkSessionId=SessionId(toLong=8933554466358524717)), errors=[], deduplicationSeed=D-8933554466358524717-5106562543373904654)}, subFlowStack=[Inlined(flowClass=class net.corda.examples.pingpong.flows.FlowParallelMessagingTests$RecipientFlow, subFlowVersion=CorDappFlow(platformVersion=7, corDappName=net.corda.examples.pingpong.flows.FlowParallelMessagingTests_1_7_94baeabf-1013-426c-a853-fe9265425153, corDappHash=9893A4D0E4286E72F36401C7108B2B343032041D5F1669E1409C82D86C6C5BEA), isEnabledTimedFlow=false)], flowState=Started(flowIORequest=Receive(sessions=[FlowSessionImpl(destination=O=SenderNode, L=Madrid, C=ES, sourceSessionId=SessionId(toLong=-3595803383002642863))]), frozenFiber=41FB7CE3B098CFCD1429E8174F381D683836A28EE9471A78554D58B0CF3DC626), errorState=Errored(errors=[FlowError(errorId=-3472812069152526347, exception=net.corda.core.flows.FlowException: graceful failure)], propagatedIndex=1, propagating=true), numberOfSuspends=1), flowLogic=net.corda.examples.pingpong.flows.FlowParallelMessagingTests$RecipientFlow@7abbc6ec, pendingDeduplicationHandlers=[], isFlowResumed=false, isWaitingForFuture=false, future=null, isAnyCheckpointPersisted=true, isStartIdempotent=false, isRemoved=true, isKilled=false, senderUUID=8e2425d8-5f8b-40b1-bc3a-940bdf4d4088))
  Continuation: Abort
  Diff between previous and next state:
checkpoint.timestamp: 
    2020-07-01T14:47:43.502Z
    2020-07-01T14:47:43.503Z
checkpoint.errorState.propagatedIndex: 
    0
    1
isRemoved: 
    false
    true
 {fiber-id=10000017, flow-id=1cb04767-8d1b-483d-86f1-f6e85c98822d, invocation_id=4caeaa89-32ff-44c5-bff0-cf970acedaa2, invocation_timestamp=2020-07-01T14:47:43.490Z, origin=O=SenderNode, L=Madrid, C=ES, session_id=4caeaa89-32ff-44c5-bff0-cf970acedaa2, session_timestamp=2020-07-01T14:47:43.490Z, thread-id=153}
?[m?[31m[WARN] 23:47:43,533 [Mock network] interceptors.DumpHistoryOnErrorInterceptor. - graceful failure [errorCode=1w2zeq3, moreInformationAt=https://errors.corda.net/OS/4.5-RC02/1w2zeq3] {fiber-id=10000017, flow-id=1cb04767-8d1b-483d-86f1-f6e85c98822d, invocation_id=4caeaa89-32ff-44c5-bff0-cf970acedaa2, invocation_timestamp=2020-07-01T14:47:43.490Z, origin=O=SenderNode, L=Madrid, C=ES, session_id=4caeaa89-32ff-44c5-bff0-cf970acedaa2, session_timestamp=2020-07-01T14:47:43.490Z, thread-id=153}
?[m net.corda.core.flows.FlowException: graceful failure
	at net.corda.examples.pingpong.flows.FlowParallelMessagingTests$RecipientFlow.call(FlowParallelMessagingTests.kt:173) ~[test/:?]
	at net.corda.examples.pingpong.flows.FlowParallelMessagingTests$RecipientFlow.call(FlowParallelMessagingTests.kt:167) ~[test/:?]
	at net.corda.node.services.statemachine.FlowStateMachineImpl.run(FlowStateMachineImpl.kt:299) ~[corda-node-4.5-RC02.jar:?]
	at net.corda.node.services.statemachine.FlowStateMachineImpl.run(FlowStateMachineImpl.kt:66) ~[corda-node-4.5-RC02.jar:?]
	at co.paralleluniverse.fibers.Fiber.run1(Fiber.java:1092) ~[quasar-core-0.7.10-jdk8.jar:0.7.10]
	at co.paralleluniverse.fibers.Fiber.exec(Fiber.java:788) ~[quasar-core-0.7.10-jdk8.jar:0.7.10]
	at co.paralleluniverse.fibers.RunnableFiberTask.doExec(RunnableFiberTask.java:100) ~[quasar-core-0.7.10-jdk8.jar:0.7.10]
	at co.paralleluniverse.fibers.RunnableFiberTask.run(RunnableFiberTask.java:91) ~[quasar-core-0.7.10-jdk8.jar:0.7.10]
	at java.util.concurrent.Executors$RunnableAdapter.call(Executors.java:511) ~[?:1.8.0_171]
	at java.util.concurrent.FutureTask.run(FutureTask.java:266) ~[?:1.8.0_171]
	at java.util.concurrent.ScheduledThreadPoolExecutor$ScheduledFutureTask.access$201(ScheduledThreadPoolExecutor.java:180) ~[?:1.8.0_171]
	at java.util.concurrent.ScheduledThreadPoolExecutor$ScheduledFutureTask.run(ScheduledThreadPoolExecutor.java:293) ~[?:1.8.0_171]
	at java.util.concurrent.ThreadPoolExecutor.runWorker(ThreadPoolExecutor.java:1149) ~[?:1.8.0_171]
	at java.util.concurrent.ThreadPoolExecutor$Worker.run(ThreadPoolExecutor.java:624) ~[?:1.8.0_171]
	at net.corda.node.utilities.AffinityExecutor$ServiceAffinityExecutor$1$thread$1.run(AffinityExecutor.kt:63) ~[corda-node-4.5-RC02.jar:?]
?[37m[INFO] 23:47:43,594 [Mock network] corda.flow. - Flow raised an error: graceful failure. Sending it to flow hospital to be triaged. {actor_id=Only For Testing, actor_owning_identity=O=SenderNode, L=Madrid, C=ES, actor_store_id=TEST, fiber-id=10000015, flow-id=03d29d21-eba2-4821-aba1-3026bc735ceb, invocation_id=acb39b4f-dc5e-46de-a8f1-c95798a11260, invocation_timestamp=2020-07-01T14:47:43.447Z, origin=Only For Testing, session_id=acb39b4f-dc5e-46de-a8f1-c95798a11260, session_timestamp=2020-07-01T14:47:43.447Z, thread-id=153}
?[m?[37m[INFO] 23:47:43,594 [Mock network] statemachine.StaffedFlowHospital. - Flow [03d29d21-eba2-4821-aba1-3026bc735ceb] admitted to hospital in state StateMachineState(checkpoint=Checkpoint(invocationContext=InvocationContext(origin=RPC(actor=Actor(id=Id(value=Only For Testing), serviceId=AuthServiceId(value=TEST), owningLegalIdentity=O=SenderNode, L=Madrid, C=ES)), trace=Trace(invocationId=acb39b4f-dc5e-46de-a8f1-c95798a11260, timestamp: 2020-07-01T14:47:43.447Z, entityType: Invocation, sessionId=acb39b4f-dc5e-46de-a8f1-c95798a11260, timestamp: 2020-07-01T14:47:43.447Z, entityType: Session), actor=Actor(id=Id(value=Only For Testing), serviceId=AuthServiceId(value=TEST), owningLegalIdentity=O=SenderNode, L=Madrid, C=ES), externalTrace=null, impersonatedActor=null), ourIdentity=O=SenderNode, L=Madrid, C=ES, sessions={SessionId(toLong=-1297941331043386872)=Initiated(peerParty=O=RecipientNode1, L=Madrid, C=ES, peerFlowInfo=FlowInfo(flowVersion=1, appName=<unknown>), receivedMessages=[DataSessionMessage(payload=class net.corda.core.serialization.SerializedBytes)], initiatedState=Ended, errors=[], deduplicationSeed=R--1297941331043386872--3788975151157282276), SessionId(toLong=8933554466358524717)=Initiated(peerParty=O=RecipientNode2, L=Madrid, C=ES, peerFlowInfo=FlowInfo(flowVersion=1, appName=<unknown>), receivedMessages=[], initiatedState=Live(peerSinkSessionId=SessionId(toLong=-3595803383002642863)), errors=[FlowError(errorId=-3472812069152526347, exception=net.corda.core.flows.FlowException: graceful failure)], deduplicationSeed=R-8933554466358524717-5106562543373904654)}, subFlowStack=[Initiating(flowClass=class net.corda.examples.pingpong.flows.FlowParallelMessagingTests$SenderFlow, classToInitiateWith=class net.corda.examples.pingpong.flows.FlowParallelMessagingTests$SenderFlow, flowInfo=FlowInfo(flowVersion=1, appName=<unknown>), subFlowVersion=CorDappFlow(platformVersion=7, corDappName=net.corda.examples.pingpong.flows.FlowParallelMessagingTests_1_7_94baeabf-1013-426c-a853-fe9265425153, corDappHash=9893A4D0E4286E72F36401C7108B2B343032041D5F1669E1409C82D86C6C5BEA), isEnabledTimedFlow=false)], flowState=Started(flowIORequest=Receive(sessions=[FlowSessionImpl(destination=O=RecipientNode1, L=Madrid, C=ES, sourceSessionId=SessionId(toLong=-1297941331043386872)), FlowSessionImpl(destination=O=RecipientNode2, L=Madrid, C=ES, sourceSessionId=SessionId(toLong=8933554466358524717))]), frozenFiber=935FA1CB6D36BABE089BCF3EE5D604058F62503F505CD954C179CFF99EC664F5), errorState=Clean, numberOfSuspends=2), flowLogic=net.corda.examples.pingpong.flows.FlowParallelMessagingTests$SenderFlow@2aa0d8a9, pendingDeduplicationHandlers=[net.corda.testing.node.internal.MockNodeMessagingService$InMemoryDeduplicationHandler@541e6b7b, net.corda.testing.node.internal.MockNodeMessagingService$InMemoryDeduplicationHandler@12e2be5c, net.corda.testing.node.internal.MockNodeMessagingService$InMemoryDeduplicationHandler@5e0a5f81, net.corda.testing.node.internal.MockNodeMessagingService$InMemoryDeduplicationHandler@7c464950, net.corda.testing.node.internal.MockNodeMessagingService$InMemoryDeduplicationHandler@5ba4b010], isFlowResumed=true, isWaitingForFuture=false, future=null, isAnyCheckpointPersisted=true, isStartIdempotent=false, isRemoved=false, isKilled=false, senderUUID=d2710dd6-bb39-4072-80cd-05460bd4adcf) {actor_id=Only For Testing, actor_owning_identity=O=SenderNode, L=Madrid, C=ES, actor_store_id=TEST, fiber-id=10000015, flow-id=03d29d21-eba2-4821-aba1-3026bc735ceb, invocation_id=acb39b4f-dc5e-46de-a8f1-c95798a11260, invocation_timestamp=2020-07-01T14:47:43.447Z, origin=Only For Testing, session_id=acb39b4f-dc5e-46de-a8f1-c95798a11260, session_timestamp=2020-07-01T14:47:43.447Z, thread-id=153}
?[m?[37m[INFO] 23:47:43,594 [Mock network] statemachine.StaffedFlowHospital. - Error 1 of 1: {actor_id=Only For Testing, actor_owning_identity=O=SenderNode, L=Madrid, C=ES, actor_store_id=TEST, fiber-id=10000015, flow-id=03d29d21-eba2-4821-aba1-3026bc735ceb, invocation_id=acb39b4f-dc5e-46de-a8f1-c95798a11260, invocation_timestamp=2020-07-01T14:47:43.447Z, origin=Only For Testing, session_id=acb39b4f-dc5e-46de-a8f1-c95798a11260, session_timestamp=2020-07-01T14:47:43.447Z, thread-id=153}
?[m net.corda.core.flows.FlowException: graceful failure
	at Received counter-flow exception from peer O=RecipientNode2, L=Madrid, C=ES.() ~[?:?]
	at net.corda.node.services.statemachine.FlowStateMachineImpl.fillInLocalStackTrace(FlowStateMachineImpl.kt:204) ~[corda-node-4.5-RC02.jar:?]
	at net.corda.node.services.statemachine.FlowStateMachineImpl.processEventsUntilFlowIsResumed(FlowStateMachineImpl.kt:192) ~[corda-node-4.5-RC02.jar:?]
	at net.corda.node.services.statemachine.FlowStateMachineImpl.suspend(FlowStateMachineImpl.kt:506) ~[corda-node-4.5-RC02.jar:?]
	at net.corda.core.flows.FlowLogic.receiveAllMap(FlowLogic.kt:318) ~[corda-core-4.5-RC02.jar:?]
	at net.corda.core.flows.FlowLogic.receiveAllMap$default(FlowLogic.kt:316) ~[corda-core-4.5-RC02.jar:?]
	at net.corda.core.flows.FlowLogic.receiveAll(FlowLogic.kt:341) ~[corda-core-4.5-RC02.jar:?]
	at net.corda.core.flows.FlowLogic.receiveAll$default(FlowLogic.kt:338) ~[corda-core-4.5-RC02.jar:?]
	at net.corda.examples.pingpong.flows.FlowParallelMessagingTests$SenderFlow.call(FlowParallelMessagingTests.kt:157) ~[test/:?]
	at net.corda.examples.pingpong.flows.FlowParallelMessagingTests$SenderFlow.call(FlowParallelMessagingTests.kt:148) ~[test/:?]
	at net.corda.node.services.statemachine.FlowStateMachineImpl.run(FlowStateMachineImpl.kt:299) ~[corda-node-4.5-RC02.jar:?]
	at net.corda.node.services.statemachine.FlowStateMachineImpl.run(FlowStateMachineImpl.kt:66) ~[corda-node-4.5-RC02.jar:?]
	at co.paralleluniverse.fibers.Fiber.run1(Fiber.java:1092) ~[quasar-core-0.7.10-jdk8.jar:0.7.10]
	at co.paralleluniverse.fibers.Fiber.exec(Fiber.java:788) ~[quasar-core-0.7.10-jdk8.jar:0.7.10]
	at co.paralleluniverse.fibers.RunnableFiberTask.doExec(RunnableFiberTask.java:100) ~[quasar-core-0.7.10-jdk8.jar:0.7.10]
	at co.paralleluniverse.fibers.RunnableFiberTask.run(RunnableFiberTask.java:91) ~[quasar-core-0.7.10-jdk8.jar:0.7.10]
	at java.util.concurrent.Executors$RunnableAdapter.call(Executors.java:511) ~[?:1.8.0_171]
	at java.util.concurrent.FutureTask.run(FutureTask.java:266) ~[?:1.8.0_171]
	at java.util.concurrent.ScheduledThreadPoolExecutor$ScheduledFutureTask.access$201(ScheduledThreadPoolExecutor.java:180) ~[?:1.8.0_171]
	at java.util.concurrent.ScheduledThreadPoolExecutor$ScheduledFutureTask.run(ScheduledThreadPoolExecutor.java:293) ~[?:1.8.0_171]
	at java.util.concurrent.ThreadPoolExecutor.runWorker(ThreadPoolExecutor.java:1149) ~[?:1.8.0_171]
	at java.util.concurrent.ThreadPoolExecutor$Worker.run(ThreadPoolExecutor.java:624) ~[?:1.8.0_171]
	at net.corda.node.utilities.AffinityExecutor$ServiceAffinityExecutor$1$thread$1.run(AffinityExecutor.kt:63) ~[corda-node-4.5-RC02.jar:?]
?[37m[INFO] 23:47:43,594 [Mock network] statemachine.StaffedFlowHospital. - Flow error allowed to propagate {actor_id=Only For Testing, actor_owning_identity=O=SenderNode, L=Madrid, C=ES, actor_store_id=TEST, fiber-id=10000015, flow-id=03d29d21-eba2-4821-aba1-3026bc735ceb, invocation_id=acb39b4f-dc5e-46de-a8f1-c95798a11260, invocation_timestamp=2020-07-01T14:47:43.447Z, origin=Only For Testing, session_id=acb39b4f-dc5e-46de-a8f1-c95798a11260, session_timestamp=2020-07-01T14:47:43.447Z, thread-id=153}
?[m net.corda.core.flows.FlowException: graceful failure
	at Received counter-flow exception from peer O=RecipientNode2, L=Madrid, C=ES.() ~[?:?]
	at net.corda.node.services.statemachine.FlowStateMachineImpl.fillInLocalStackTrace(FlowStateMachineImpl.kt:204) ~[corda-node-4.5-RC02.jar:?]
	at net.corda.node.services.statemachine.FlowStateMachineImpl.processEventsUntilFlowIsResumed(FlowStateMachineImpl.kt:192) ~[corda-node-4.5-RC02.jar:?]
	at net.corda.node.services.statemachine.FlowStateMachineImpl.suspend(FlowStateMachineImpl.kt:506) ~[corda-node-4.5-RC02.jar:?]
	at net.corda.core.flows.FlowLogic.receiveAllMap(FlowLogic.kt:318) ~[corda-core-4.5-RC02.jar:?]
	at net.corda.core.flows.FlowLogic.receiveAllMap$default(FlowLogic.kt:316) ~[corda-core-4.5-RC02.jar:?]
	at net.corda.core.flows.FlowLogic.receiveAll(FlowLogic.kt:341) ~[corda-core-4.5-RC02.jar:?]
	at net.corda.core.flows.FlowLogic.receiveAll$default(FlowLogic.kt:338) ~[corda-core-4.5-RC02.jar:?]
	at net.corda.examples.pingpong.flows.FlowParallelMessagingTests$SenderFlow.call(FlowParallelMessagingTests.kt:157) ~[test/:?]
	at net.corda.examples.pingpong.flows.FlowParallelMessagingTests$SenderFlow.call(FlowParallelMessagingTests.kt:148) ~[test/:?]
	at net.corda.node.services.statemachine.FlowStateMachineImpl.run(FlowStateMachineImpl.kt:299) ~[corda-node-4.5-RC02.jar:?]
	at net.corda.node.services.statemachine.FlowStateMachineImpl.run(FlowStateMachineImpl.kt:66) ~[corda-node-4.5-RC02.jar:?]
	at co.paralleluniverse.fibers.Fiber.run1(Fiber.java:1092) ~[quasar-core-0.7.10-jdk8.jar:0.7.10]
	at co.paralleluniverse.fibers.Fiber.exec(Fiber.java:788) ~[quasar-core-0.7.10-jdk8.jar:0.7.10]
	at co.paralleluniverse.fibers.RunnableFiberTask.doExec(RunnableFiberTask.java:100) ~[quasar-core-0.7.10-jdk8.jar:0.7.10]
	at co.paralleluniverse.fibers.RunnableFiberTask.run(RunnableFiberTask.java:91) ~[quasar-core-0.7.10-jdk8.jar:0.7.10]
	at java.util.concurrent.Executors$RunnableAdapter.call(Executors.java:511) ~[?:1.8.0_171]
	at java.util.concurrent.FutureTask.run(FutureTask.java:266) ~[?:1.8.0_171]
	at java.util.concurrent.ScheduledThreadPoolExecutor$ScheduledFutureTask.access$201(ScheduledThreadPoolExecutor.java:180) ~[?:1.8.0_171]
	at java.util.concurrent.ScheduledThreadPoolExecutor$ScheduledFutureTask.run(ScheduledThreadPoolExecutor.java:293) ~[?:1.8.0_171]
	at java.util.concurrent.ThreadPoolExecutor.runWorker(ThreadPoolExecutor.java:1149) ~[?:1.8.0_171]
	at java.util.concurrent.ThreadPoolExecutor$Worker.run(ThreadPoolExecutor.java:624) ~[?:1.8.0_171]
	at net.corda.node.utilities.AffinityExecutor$ServiceAffinityExecutor$1$thread$1.run(AffinityExecutor.kt:63) ~[corda-node-4.5-RC02.jar:?]
?[31m[WARN] 23:47:43,599 [Mock network] interceptors.DumpHistoryOnErrorInterceptor. - Flow [03d29d21-eba2-4821-aba1-3026bc735ceb] errored, dumping all transitions:

 --- Transition of flow [03d29d21-eba2-4821-aba1-3026bc735ceb] ---
  Timestamp: 2020-07-01T14:47:43.453Z
  Event: DoRemainingWork
  Actions: 
    CreateTransaction
    PersistCheckpoint(id=[03d29d21-eba2-4821-aba1-3026bc735ceb], checkpoint=Checkpoint(invocationContext=InvocationContext(origin=RPC(actor=Actor(id=Id(value=Only For Testing), serviceId=AuthServiceId(value=TEST), owningLegalIdentity=O=SenderNode, L=Madrid, C=ES)), trace=Trace(invocationId=acb39b4f-dc5e-46de-a8f1-c95798a11260, timestamp: 2020-07-01T14:47:43.447Z, entityType: Invocation, sessionId=acb39b4f-dc5e-46de-a8f1-c95798a11260, timestamp: 2020-07-01T14:47:43.447Z, entityType: Session), actor=Actor(id=Id(value=Only For Testing), serviceId=AuthServiceId(value=TEST), owningLegalIdentity=O=SenderNode, L=Madrid, C=ES), externalTrace=null, impersonatedActor=null), ourIdentity=O=SenderNode, L=Madrid, C=ES, sessions={}, subFlowStack=[Initiating(flowClass=class net.corda.examples.pingpong.flows.FlowParallelMessagingTests$SenderFlow, classToInitiateWith=class net.corda.examples.pingpong.flows.FlowParallelMessagingTests$SenderFlow, flowInfo=FlowInfo(flowVersion=1, appName=<unknown>), subFlowVersion=CorDappFlow(platformVersion=7, corDappName=net.corda.examples.pingpong.flows.FlowParallelMessagingTests_1_7_94baeabf-1013-426c-a853-fe9265425153, corDappHash=9893A4D0E4286E72F36401C7108B2B343032041D5F1669E1409C82D86C6C5BEA), isEnabledTimedFlow=false)], flowState=Unstarted(flowStart=Explicit, frozenFlowLogic=DAD222E7D6F43C96CC24AD67587C0C70D002AC26547B060EBF7C7260D46EE177), errorState=Clean, numberOfSuspends=0), isCheckpointUpdate=false)
    PersistDeduplicationFacts(deduplicationHandlers=[net.corda.node.internal.FlowStarterImpl$startFlow$startFlowEvent$1@5cb3e566])
    CommitTransaction
    AcknowledgeMessages(deduplicationHandlers=[net.corda.node.internal.FlowStarterImpl$startFlow$startFlowEvent$1@5cb3e566])
    SignalFlowHasStarted(flowId=[03d29d21-eba2-4821-aba1-3026bc735ceb])
    CreateTransaction
  Continuation: Resume(result=null)
  Diff between previous and next state:
isFlowResumed: 
    false
    true
isAnyCheckpointPersisted: 
    false
    true
pendingDeduplicationHandlers: 
    [net.corda.node.internal.FlowStarterImpl$startFlow$startFlowEvent$1@5cb3e566]
    []


 --- Transition of flow [03d29d21-eba2-4821-aba1-3026bc735ceb] ---
  Timestamp: 2020-07-01T14:47:43.454Z
  Event: InitiateFlow(destination=O=RecipientNode1, L=Madrid, C=ES, wellKnownParty=O=RecipientNode1, L=Madrid, C=ES)
  Actions: 
    AddSessionBinding(flowId=[03d29d21-eba2-4821-aba1-3026bc735ceb], sessionId=SessionId(toLong=-1297941331043386872))
  Continuation: Resume(result=class net.corda.node.services.statemachine.FlowSessionImpl)
  Diff between previous and next state:
checkpoint.timestamp: 
    2020-07-01T14:47:43.450Z
    2020-07-01T14:47:43.454Z
checkpoint.sessions.SessionId(toLong=-1297941331043386872): 
    null
    Uninitiated(destination=O=RecipientNode1, L=Madrid, C=ES, initiatingSubFlow=Initiating(flowClass=class net.corda.examples.pingpong.flows.FlowParallelMessagingTests$SenderFlow, classToInitiateWith=class net.corda.examples.pingpong.flows.FlowParallelMessagingTests$SenderFlow, flowInfo=FlowInfo(flowVersion=1, appName=<unknown>), subFlowVersion=CorDappFlow(platformVersion=7, corDappName=net.corda.examples.pingpong.flows.FlowParallelMessagingTests_1_7_94baeabf-1013-426c-a853-fe9265425153, corDappHash=9893A4D0E4286E72F36401C7108B2B343032041D5F1669E1409C82D86C6C5BEA), isEnabledTimedFlow=false), sourceSessionId=SessionId(toLong=-1297941331043386872), additionalEntropy=-3788975151157282276)


 --- Transition of flow [03d29d21-eba2-4821-aba1-3026bc735ceb] ---
  Timestamp: 2020-07-01T14:47:43.456Z
  Event: InitiateFlow(destination=O=RecipientNode2, L=Madrid, C=ES, wellKnownParty=O=RecipientNode2, L=Madrid, C=ES)
  Actions: 
    AddSessionBinding(flowId=[03d29d21-eba2-4821-aba1-3026bc735ceb], sessionId=SessionId(toLong=8933554466358524717))
  Continuation: Resume(result=class net.corda.node.services.statemachine.FlowSessionImpl)
  Diff between previous and next state:
checkpoint.timestamp: 
    2020-07-01T14:47:43.454Z
    2020-07-01T14:47:43.456Z
checkpoint.sessions.SessionId(toLong=8933554466358524717): 
    null
    Uninitiated(destination=O=RecipientNode2, L=Madrid, C=ES, initiatingSubFlow=Initiating(flowClass=class net.corda.examples.pingpong.flows.FlowParallelMessagingTests$SenderFlow, classToInitiateWith=class net.corda.examples.pingpong.flows.FlowParallelMessagingTests$SenderFlow, flowInfo=FlowInfo(flowVersion=1, appName=<unknown>), subFlowVersion=CorDappFlow(platformVersion=7, corDappName=net.corda.examples.pingpong.flows.FlowParallelMessagingTests_1_7_94baeabf-1013-426c-a853-fe9265425153, corDappHash=9893A4D0E4286E72F36401C7108B2B343032041D5F1669E1409C82D86C6C5BEA), isEnabledTimedFlow=false), sourceSessionId=SessionId(toLong=8933554466358524717), additionalEntropy=5106562543373904654)


 --- Transition of flow [03d29d21-eba2-4821-aba1-3026bc735ceb] ---
  Timestamp: 2020-07-01T14:47:43.460Z
  Event: Suspend(ioRequest=Send(sessionToMessage={FlowSessionImpl(destination=O=RecipientNode1, L=Madrid, C=ES, sourceSessionId=SessionId(toLong=-1297941331043386872))=F0F0A9F19C2071FCFE1D8437A3AF703EDB4B14A2E60D1AA0715AD393845C1FFB, FlowSessionImpl(destination=O=RecipientNode2, L=Madrid, C=ES, sourceSessionId=SessionId(toLong=8933554466358524717))=913A3759134BF6646927433C0D3315CBC11F31B0C5B3E4B299AF30D1499AA1EB}), maySkipCheckpoint=false, fiber=B52511B3EAD4C05F6492ECFA23E84EFDF6BCF2FADF02D26FAB899FFA9266ACFD, )
  Actions: 
    PersistCheckpoint(id=[03d29d21-eba2-4821-aba1-3026bc735ceb], checkpoint=Checkpoint(invocationContext=InvocationContext(origin=RPC(actor=Actor(id=Id(value=Only For Testing), serviceId=AuthServiceId(value=TEST), owningLegalIdentity=O=SenderNode, L=Madrid, C=ES)), trace=Trace(invocationId=acb39b4f-dc5e-46de-a8f1-c95798a11260, timestamp: 2020-07-01T14:47:43.447Z, entityType: Invocation, sessionId=acb39b4f-dc5e-46de-a8f1-c95798a11260, timestamp: 2020-07-01T14:47:43.447Z, entityType: Session), actor=Actor(id=Id(value=Only For Testing), serviceId=AuthServiceId(value=TEST), owningLegalIdentity=O=SenderNode, L=Madrid, C=ES), externalTrace=null, impersonatedActor=null), ourIdentity=O=SenderNode, L=Madrid, C=ES, sessions={SessionId(toLong=-1297941331043386872)=Uninitiated(destination=O=RecipientNode1, L=Madrid, C=ES, initiatingSubFlow=Initiating(flowClass=class net.corda.examples.pingpong.flows.FlowParallelMessagingTests$SenderFlow, classToInitiateWith=class net.corda.examples.pingpong.flows.FlowParallelMessagingTests$SenderFlow, flowInfo=FlowInfo(flowVersion=1, appName=<unknown>), subFlowVersion=CorDappFlow(platformVersion=7, corDappName=net.corda.examples.pingpong.flows.FlowParallelMessagingTests_1_7_94baeabf-1013-426c-a853-fe9265425153, corDappHash=9893A4D0E4286E72F36401C7108B2B343032041D5F1669E1409C82D86C6C5BEA), isEnabledTimedFlow=false), sourceSessionId=SessionId(toLong=-1297941331043386872), additionalEntropy=-3788975151157282276), SessionId(toLong=8933554466358524717)=Uninitiated(destination=O=RecipientNode2, L=Madrid, C=ES, initiatingSubFlow=Initiating(flowClass=class net.corda.examples.pingpong.flows.FlowParallelMessagingTests$SenderFlow, classToInitiateWith=class net.corda.examples.pingpong.flows.FlowParallelMessagingTests$SenderFlow, flowInfo=FlowInfo(flowVersion=1, appName=<unknown>), subFlowVersion=CorDappFlow(platformVersion=7, corDappName=net.corda.examples.pingpong.flows.FlowParallelMessagingTests_1_7_94baeabf-1013-426c-a853-fe9265425153, corDappHash=9893A4D0E4286E72F36401C7108B2B343032041D5F1669E1409C82D86C6C5BEA), isEnabledTimedFlow=false), sourceSessionId=SessionId(toLong=8933554466358524717), additionalEntropy=5106562543373904654)}, subFlowStack=[Initiating(flowClass=class net.corda.examples.pingpong.flows.FlowParallelMessagingTests$SenderFlow, classToInitiateWith=class net.corda.examples.pingpong.flows.FlowParallelMessagingTests$SenderFlow, flowInfo=FlowInfo(flowVersion=1, appName=<unknown>), subFlowVersion=CorDappFlow(platformVersion=7, corDappName=net.corda.examples.pingpong.flows.FlowParallelMessagingTests_1_7_94baeabf-1013-426c-a853-fe9265425153, corDappHash=9893A4D0E4286E72F36401C7108B2B343032041D5F1669E1409C82D86C6C5BEA), isEnabledTimedFlow=false)], flowState=Started(flowIORequest=Send(sessionToMessage={FlowSessionImpl(destination=O=RecipientNode1, L=Madrid, C=ES, sourceSessionId=SessionId(toLong=-1297941331043386872))=F0F0A9F19C2071FCFE1D8437A3AF703EDB4B14A2E60D1AA0715AD393845C1FFB, FlowSessionImpl(destination=O=RecipientNode2, L=Madrid, C=ES, sourceSessionId=SessionId(toLong=8933554466358524717))=913A3759134BF6646927433C0D3315CBC11F31B0C5B3E4B299AF30D1499AA1EB}), frozenFiber=B52511B3EAD4C05F6492ECFA23E84EFDF6BCF2FADF02D26FAB899FFA9266ACFD), errorState=Clean, numberOfSuspends=1), isCheckpointUpdate=true)
    PersistDeduplicationFacts(deduplicationHandlers=[])
    CommitTransaction
    AcknowledgeMessages(deduplicationHandlers=[])
    ScheduleEvent(event=DoRemainingWork)
  Continuation: ProcessEvents
  Diff between previous and next state:
checkpoint.timestamp: 
    2020-07-01T14:47:43.456Z
    2020-07-01T14:47:43.458Z
checkpoint.flowState: 
    Unstarted(flowStart=Explicit, frozenFlowLogic=DAD222E7D6F43C96CC24AD67587C0C70D002AC26547B060EBF7C7260D46EE177)
    Started(flowIORequest=Send(sessionToMessage={FlowSessionImpl(destination=O=RecipientNode1, L=Madrid, C=ES, sourceSessionId=SessionId(toLong=-1297941331043386872))=F0F0A9F19C2071FCFE1D8437A3AF703EDB4B14A2E60D1AA0715AD393845C1FFB, FlowSessionImpl(destination=O=RecipientNode2, L=Madrid, C=ES, sourceSessionId=SessionId(toLong=8933554466358524717))=913A3759134BF6646927433C0D3315CBC11F31B0C5B3E4B299AF30D1499AA1EB}), frozenFiber=B52511B3EAD4C05F6492ECFA23E84EFDF6BCF2FADF02D26FAB899FFA9266ACFD)
checkpoint.numberOfSuspends: 
    0
    1
isFlowResumed: 
    true
    false


 --- Transition of flow [03d29d21-eba2-4821-aba1-3026bc735ceb] ---
  Timestamp: 2020-07-01T14:47:43.461Z
  Event: DoRemainingWork
  Actions: 
    SendMultiple(sendInitial=[SendInitial(destination=O=RecipientNode1, L=Madrid, C=ES, initialise=InitialSessionMessage(initiatorSessionId=SessionId(toLong=-1297941331043386872), initiationEntropy=-3788975151157282276, initiatorFlowClassName=net.corda.examples.pingpong.flows.FlowParallelMessagingTests$SenderFlow, appName=<unknown>, firstPayload=class net.corda.core.serialization.SerializedBytes), deduplicationId=SenderDeduplicationId(deduplicationId=DeduplicationId(toString=N-R--1297941331043386872--3788975151157282276-1-0), senderUUID=d2710dd6-bb39-4072-80cd-05460bd4adcf)), SendInitial(destination=O=RecipientNode2, L=Madrid, C=ES, initialise=InitialSessionMessage(initiatorSessionId=SessionId(toLong=8933554466358524717), initiationEntropy=5106562543373904654, initiatorFlowClassName=net.corda.examples.pingpong.flows.FlowParallelMessagingTests$SenderFlow, appName=<unknown>, firstPayload=class net.corda.core.serialization.SerializedBytes), deduplicationId=SenderDeduplicationId(deduplicationId=DeduplicationId(toString=N-R-8933554466358524717-5106562543373904654-1-1), senderUUID=d2710dd6-bb39-4072-80cd-05460bd4adcf))], sendExisting=[])
    CreateTransaction
  Continuation: Resume(result=class kotlin.Unit)
  Diff between previous and next state:
checkpoint.timestamp: 
    2020-07-01T14:47:43.458Z
    2020-07-01T14:47:43.460Z
checkpoint.sessions.SessionId(toLong=-1297941331043386872): 
    Uninitiated(destination=O=RecipientNode1, L=Madrid, C=ES, initiatingSubFlow=Initiating(flowClass=class net.corda.examples.pingpong.flows.FlowParallelMessagingTests$SenderFlow, classToInitiateWith=class net.corda.examples.pingpong.flows.FlowParallelMessagingTests$SenderFlow, flowInfo=FlowInfo(flowVersion=1, appName=<unknown>), subFlowVersion=CorDappFlow(platformVersion=7, corDappName=net.corda.examples.pingpong.flows.FlowParallelMessagingTests_1_7_94baeabf-1013-426c-a853-fe9265425153, corDappHash=9893A4D0E4286E72F36401C7108B2B343032041D5F1669E1409C82D86C6C5BEA), isEnabledTimedFlow=false), sourceSessionId=SessionId(toLong=-1297941331043386872), additionalEntropy=-3788975151157282276)
    Initiating(bufferedMessages=[], rejectionError=null, deduplicationSeed=R--1297941331043386872--3788975151157282276)
checkpoint.sessions.SessionId(toLong=8933554466358524717): 
    Uninitiated(destination=O=RecipientNode2, L=Madrid, C=ES, initiatingSubFlow=Initiating(flowClass=class net.corda.examples.pingpong.flows.FlowParallelMessagingTests$SenderFlow, classToInitiateWith=class net.corda.examples.pingpong.flows.FlowParallelMessagingTests$SenderFlow, flowInfo=FlowInfo(flowVersion=1, appName=<unknown>), subFlowVersion=CorDappFlow(platformVersion=7, corDappName=net.corda.examples.pingpong.flows.FlowParallelMessagingTests_1_7_94baeabf-1013-426c-a853-fe9265425153, corDappHash=9893A4D0E4286E72F36401C7108B2B343032041D5F1669E1409C82D86C6C5BEA), isEnabledTimedFlow=false), sourceSessionId=SessionId(toLong=8933554466358524717), additionalEntropy=5106562543373904654)
    Initiating(bufferedMessages=[], rejectionError=null, deduplicationSeed=R-8933554466358524717-5106562543373904654)
isFlowResumed: 
    false
    true


 --- Transition of flow [03d29d21-eba2-4821-aba1-3026bc735ceb] ---
  Timestamp: 2020-07-01T14:47:43.465Z
  Event: Suspend(ioRequest=Receive(sessions=[FlowSessionImpl(destination=O=RecipientNode1, L=Madrid, C=ES, sourceSessionId=SessionId(toLong=-1297941331043386872)), FlowSessionImpl(destination=O=RecipientNode2, L=Madrid, C=ES, sourceSessionId=SessionId(toLong=8933554466358524717))]), maySkipCheckpoint=false, fiber=935FA1CB6D36BABE089BCF3EE5D604058F62503F505CD954C179CFF99EC664F5, )
  Actions: 
    PersistCheckpoint(id=[03d29d21-eba2-4821-aba1-3026bc735ceb], checkpoint=Checkpoint(invocationContext=InvocationContext(origin=RPC(actor=Actor(id=Id(value=Only For Testing), serviceId=AuthServiceId(value=TEST), owningLegalIdentity=O=SenderNode, L=Madrid, C=ES)), trace=Trace(invocationId=acb39b4f-dc5e-46de-a8f1-c95798a11260, timestamp: 2020-07-01T14:47:43.447Z, entityType: Invocation, sessionId=acb39b4f-dc5e-46de-a8f1-c95798a11260, timestamp: 2020-07-01T14:47:43.447Z, entityType: Session), actor=Actor(id=Id(value=Only For Testing), serviceId=AuthServiceId(value=TEST), owningLegalIdentity=O=SenderNode, L=Madrid, C=ES), externalTrace=null, impersonatedActor=null), ourIdentity=O=SenderNode, L=Madrid, C=ES, sessions={SessionId(toLong=-1297941331043386872)=Initiating(bufferedMessages=[], rejectionError=null, deduplicationSeed=R--1297941331043386872--3788975151157282276), SessionId(toLong=8933554466358524717)=Initiating(bufferedMessages=[], rejectionError=null, deduplicationSeed=R-8933554466358524717-5106562543373904654)}, subFlowStack=[Initiating(flowClass=class net.corda.examples.pingpong.flows.FlowParallelMessagingTests$SenderFlow, classToInitiateWith=class net.corda.examples.pingpong.flows.FlowParallelMessagingTests$SenderFlow, flowInfo=FlowInfo(flowVersion=1, appName=<unknown>), subFlowVersion=CorDappFlow(platformVersion=7, corDappName=net.corda.examples.pingpong.flows.FlowParallelMessagingTests_1_7_94baeabf-1013-426c-a853-fe9265425153, corDappHash=9893A4D0E4286E72F36401C7108B2B343032041D5F1669E1409C82D86C6C5BEA), isEnabledTimedFlow=false)], flowState=Started(flowIORequest=Receive(sessions=[FlowSessionImpl(destination=O=RecipientNode1, L=Madrid, C=ES, sourceSessionId=SessionId(toLong=-1297941331043386872)), FlowSessionImpl(destination=O=RecipientNode2, L=Madrid, C=ES, sourceSessionId=SessionId(toLong=8933554466358524717))]), frozenFiber=935FA1CB6D36BABE089BCF3EE5D604058F62503F505CD954C179CFF99EC664F5), errorState=Clean, numberOfSuspends=2), isCheckpointUpdate=true)
    PersistDeduplicationFacts(deduplicationHandlers=[])
    CommitTransaction
    AcknowledgeMessages(deduplicationHandlers=[])
    ScheduleEvent(event=DoRemainingWork)
  Continuation: ProcessEvents
  Diff between previous and next state:
checkpoint.timestamp: 
    2020-07-01T14:47:43.460Z
    2020-07-01T14:47:43.463Z
checkpoint.flowState.flowIORequest: 
    Send(sessionToMessage={FlowSessionImpl(destination=O=RecipientNode1, L=Madrid, C=ES, sourceSessionId=SessionId(toLong=-1297941331043386872))=F0F0A9F19C2071FCFE1D8437A3AF703EDB4B14A2E60D1AA0715AD393845C1FFB, FlowSessionImpl(destination=O=RecipientNode2, L=Madrid, C=ES, sourceSessionId=SessionId(toLong=8933554466358524717))=913A3759134BF6646927433C0D3315CBC11F31B0C5B3E4B299AF30D1499AA1EB})
    Receive(sessions=[FlowSessionImpl(destination=O=RecipientNode1, L=Madrid, C=ES, sourceSessionId=SessionId(toLong=-1297941331043386872)), FlowSessionImpl(destination=O=RecipientNode2, L=Madrid, C=ES, sourceSessionId=SessionId(toLong=8933554466358524717))])
checkpoint.flowState.frozenFiber.hash: 
    B52511B3EAD4C05F6492ECFA23E84EFDF6BCF2FADF02D26FAB899FFA9266ACFD
    935FA1CB6D36BABE089BCF3EE5D604058F62503F505CD954C179CFF99EC664F5
checkpoint.numberOfSuspends: 
    1
    2
isFlowResumed: 
    true
    false


 --- Transition of flow [03d29d21-eba2-4821-aba1-3026bc735ceb] ---
  Timestamp: 2020-07-01T14:47:43.465Z
  Event: DoRemainingWork
  Actions: 
    
  Continuation: ProcessEvents
  Diff between previous and next state:
null

 --- Transition of flow [03d29d21-eba2-4821-aba1-3026bc735ceb] ---
  Timestamp: 2020-07-01T14:47:43.539Z
  Event: DeliverSessionMessage(sessionMessage=ExistingSessionMessage(recipientSessionId=SessionId(toLong=-1297941331043386872), payload=ConfirmSessionMessage(initiatedSessionId=SessionId(toLong=7637185557145894256), initiatedFlowInfo=FlowInfo(flowVersion=1, appName=<unknown>))), deduplicationHandler=net.corda.testing.node.internal.MockNodeMessagingService$InMemoryDeduplicationHandler@541e6b7b, sender=O=RecipientNode1, L=Madrid, C=ES)
  Actions: 
    ScheduleEvent(event=DoRemainingWork)
  Continuation: ProcessEvents
  Diff between previous and next state:
checkpoint.timestamp: 
    2020-07-01T14:47:43.465Z
    2020-07-01T14:47:43.539Z
checkpoint.sessions.SessionId(toLong=-1297941331043386872): 
    Initiating(bufferedMessages=[], rejectionError=null, deduplicationSeed=R--1297941331043386872--3788975151157282276)
    Initiated(peerParty=O=RecipientNode1, L=Madrid, C=ES, peerFlowInfo=FlowInfo(flowVersion=1, appName=<unknown>), receivedMessages=[], initiatedState=Live(peerSinkSessionId=SessionId(toLong=7637185557145894256)), errors=[], deduplicationSeed=R--1297941331043386872--3788975151157282276)
pendingDeduplicationHandlers: 
    []
    [net.corda.testing.node.internal.MockNodeMessagingService$InMemoryDeduplicationHandler@541e6b7b]


 --- Transition of flow [03d29d21-eba2-4821-aba1-3026bc735ceb] ---
  Timestamp: 2020-07-01T14:47:43.539Z
  Event: DoRemainingWork
  Actions: 
    
  Continuation: ProcessEvents
  Diff between previous and next state:
null

 --- Transition of flow [03d29d21-eba2-4821-aba1-3026bc735ceb] ---
  Timestamp: 2020-07-01T14:47:43.541Z
  Event: DeliverSessionMessage(sessionMessage=ExistingSessionMessage(recipientSessionId=SessionId(toLong=-1297941331043386872), payload=DataSessionMessage(payload=class net.corda.core.serialization.SerializedBytes)), deduplicationHandler=net.corda.testing.node.internal.MockNodeMessagingService$InMemoryDeduplicationHandler@12e2be5c, sender=O=RecipientNode1, L=Madrid, C=ES)
  Actions: 
    ScheduleEvent(event=DoRemainingWork)
  Continuation: ProcessEvents
  Diff between previous and next state:
checkpoint.timestamp: 
    2020-07-01T14:47:43.539Z
    2020-07-01T14:47:43.541Z
checkpoint.sessions.SessionId(toLong=-1297941331043386872).receivedMessages: 
    []
    [DataSessionMessage(payload=class net.corda.core.serialization.SerializedBytes)]
pendingDeduplicationHandlers: 
    [net.corda.testing.node.internal.MockNodeMessagingService$InMemoryDeduplicationHandler@541e6b7b]
    [net.corda.testing.node.internal.MockNodeMessagingService$InMemoryDeduplicationHandler@541e6b7b, net.corda.testing.node.internal.MockNodeMessagingService$InMemoryDeduplicationHandler@12e2be5c]


 --- Transition of flow [03d29d21-eba2-4821-aba1-3026bc735ceb] ---
  Timestamp: 2020-07-01T14:47:43.541Z
  Event: DoRemainingWork
  Actions: 
    
  Continuation: ProcessEvents
  Diff between previous and next state:
null

 --- Transition of flow [03d29d21-eba2-4821-aba1-3026bc735ceb] ---
  Timestamp: 2020-07-01T14:47:43.545Z
  Event: DeliverSessionMessage(sessionMessage=ExistingSessionMessage(recipientSessionId=SessionId(toLong=-1297941331043386872), payload=net.corda.node.services.statemachine.EndSessionMessage@503af91c), deduplicationHandler=net.corda.testing.node.internal.MockNodeMessagingService$InMemoryDeduplicationHandler@5e0a5f81, sender=O=RecipientNode1, L=Madrid, C=ES)
  Actions: 
    ScheduleEvent(event=DoRemainingWork)
  Continuation: ProcessEvents
  Diff between previous and next state:
checkpoint.timestamp: 
    2020-07-01T14:47:43.541Z
    2020-07-01T14:47:43.545Z
checkpoint.sessions.SessionId(toLong=-1297941331043386872).initiatedState: 
    Live(peerSinkSessionId=SessionId(toLong=7637185557145894256))
    Ended
pendingDeduplicationHandlers: 
    [net.corda.testing.node.internal.MockNodeMessagingService$InMemoryDeduplicationHandler@541e6b7b, net.corda.testing.node.internal.MockNodeMessagingService$InMemoryDeduplicationHandler@12e2be5c]
    [net.corda.testing.node.internal.MockNodeMessagingService$InMemoryDeduplicationHandler@541e6b7b, net.corda.testing.node.internal.MockNodeMessagingService$InMemoryDeduplicationHandler@12e2be5c, net.corda.testing.node.internal.MockNodeMessagingService$InMemoryDeduplicationHandler@5e0a5f81]


 --- Transition of flow [03d29d21-eba2-4821-aba1-3026bc735ceb] ---
  Timestamp: 2020-07-01T14:47:43.545Z
  Event: DoRemainingWork
  Actions: 
    
  Continuation: ProcessEvents
  Diff between previous and next state:
null

 --- Transition of flow [03d29d21-eba2-4821-aba1-3026bc735ceb] ---
  Timestamp: 2020-07-01T14:47:43.550Z
  Event: DeliverSessionMessage(sessionMessage=ExistingSessionMessage(recipientSessionId=SessionId(toLong=8933554466358524717), payload=ConfirmSessionMessage(initiatedSessionId=SessionId(toLong=-3595803383002642863), initiatedFlowInfo=FlowInfo(flowVersion=1, appName=<unknown>))), deduplicationHandler=net.corda.testing.node.internal.MockNodeMessagingService$InMemoryDeduplicationHandler@7c464950, sender=O=RecipientNode2, L=Madrid, C=ES)
  Actions: 
    ScheduleEvent(event=DoRemainingWork)
  Continuation: ProcessEvents
  Diff between previous and next state:
checkpoint.timestamp: 
    2020-07-01T14:47:43.545Z
    2020-07-01T14:47:43.550Z
checkpoint.sessions.SessionId(toLong=8933554466358524717): 
    Initiating(bufferedMessages=[], rejectionError=null, deduplicationSeed=R-8933554466358524717-5106562543373904654)
    Initiated(peerParty=O=RecipientNode2, L=Madrid, C=ES, peerFlowInfo=FlowInfo(flowVersion=1, appName=<unknown>), receivedMessages=[], initiatedState=Live(peerSinkSessionId=SessionId(toLong=-3595803383002642863)), errors=[], deduplicationSeed=R-8933554466358524717-5106562543373904654)
pendingDeduplicationHandlers: 
    [net.corda.testing.node.internal.MockNodeMessagingService$InMemoryDeduplicationHandler@541e6b7b, net.corda.testing.node.internal.MockNodeMessagingService$InMemoryDeduplicationHandler@12e2be5c, net.corda.testing.node.internal.MockNodeMessagingService$InMemoryDeduplicationHandler@5e0a5f81]
    [net.corda.testing.node.internal.MockNodeMessagingService$InMemoryDeduplicationHandler@541e6b7b, net.corda.testing.node.internal.MockNodeMessagingService$InMemoryDeduplicationHandler@12e2be5c, net.corda.testing.node.internal.MockNodeMessagingService$InMemoryDeduplicationHandler@5e0a5f81, net.corda.testing.node.internal.MockNodeMessagingService$InMemoryDeduplicationHandler@7c464950]


 --- Transition of flow [03d29d21-eba2-4821-aba1-3026bc735ceb] ---
  Timestamp: 2020-07-01T14:47:43.550Z
  Event: DoRemainingWork
  Actions: 
    
  Continuation: ProcessEvents
  Diff between previous and next state:
null

 --- Transition of flow [03d29d21-eba2-4821-aba1-3026bc735ceb] ---
  Timestamp: 2020-07-01T14:47:43.593Z
  Event: DeliverSessionMessage(sessionMessage=ExistingSessionMessage(recipientSessionId=SessionId(toLong=8933554466358524717), payload=ErrorSessionMessage(flowException=net.corda.core.flows.FlowException: graceful failure, errorId=-3472812069152526347)), deduplicationHandler=net.corda.testing.node.internal.MockNodeMessagingService$InMemoryDeduplicationHandler@5ba4b010, sender=O=RecipientNode2, L=Madrid, C=ES)
  Actions: 
    ScheduleEvent(event=DoRemainingWork)
  Continuation: ProcessEvents
  Diff between previous and next state:
checkpoint.timestamp: 
    2020-07-01T14:47:43.550Z
    2020-07-01T14:47:43.593Z
checkpoint.sessions.SessionId(toLong=8933554466358524717).errors: 
    []
    [FlowError(errorId=-3472812069152526347, exception=net.corda.core.flows.FlowException: graceful failure)]
pendingDeduplicationHandlers: 
    [net.corda.testing.node.internal.MockNodeMessagingService$InMemoryDeduplicationHandler@541e6b7b, net.corda.testing.node.internal.MockNodeMessagingService$InMemoryDeduplicationHandler@12e2be5c, net.corda.testing.node.internal.MockNodeMessagingService$InMemoryDeduplicationHandler@5e0a5f81, net.corda.testing.node.internal.MockNodeMessagingService$InMemoryDeduplicationHandler@7c464950]
    [net.corda.testing.node.internal.MockNodeMessagingService$InMemoryDeduplicationHandler@541e6b7b, net.corda.testing.node.internal.MockNodeMessagingService$InMemoryDeduplicationHandler@12e2be5c, net.corda.testing.node.internal.MockNodeMessagingService$InMemoryDeduplicationHandler@5e0a5f81, net.corda.testing.node.internal.MockNodeMessagingService$InMemoryDeduplicationHandler@7c464950, net.corda.testing.node.internal.MockNodeMessagingService$InMemoryDeduplicationHandler@5ba4b010]


 --- Transition of flow [03d29d21-eba2-4821-aba1-3026bc735ceb] ---
  Timestamp: 2020-07-01T14:47:43.593Z
  Event: DoRemainingWork
  Actions: 
    CreateTransaction
  Continuation: Throw(throwable=net.corda.core.flows.FlowException: graceful failure)
  Diff between previous and next state:
isFlowResumed: 
    false
    true


 --- Transition of flow [03d29d21-eba2-4821-aba1-3026bc735ceb] ---
  Timestamp: 2020-07-01T14:47:43.594Z
  Event: Error(exception=net.corda.core.flows.FlowException: graceful failure)
  Actions: 
    RollbackTransaction
    ScheduleEvent(event=DoRemainingWork)
  Continuation: ProcessEvents
  Diff between previous and next state:
checkpoint.timestamp: 
    2020-07-01T14:47:43.593Z
    2020-07-01T14:47:43.594Z
checkpoint.errorState: 
    Clean
    Errored(errors=[FlowError(errorId=-3472812069152526347, exception=net.corda.core.flows.FlowException: graceful failure)], propagatedIndex=0, propagating=false)
isFlowResumed: 
    true
    false


 --- Transition of flow [03d29d21-eba2-4821-aba1-3026bc735ceb] ---
  Timestamp: 2020-07-01T14:47:43.594Z
  Event: DoRemainingWork
  Actions: 
    
  Continuation: ProcessEvents
  Diff between previous and next state:
null

 --- Transition of flow [03d29d21-eba2-4821-aba1-3026bc735ceb] ---
  Timestamp: 2020-07-01T14:47:43.595Z
  Event: StartErrorPropagation
  Actions: 
    ScheduleEvent(event=DoRemainingWork)
  Continuation: ProcessEvents
  Diff between previous and next state:
checkpoint.timestamp: 
    2020-07-01T14:47:43.594Z
    2020-07-01T14:47:43.595Z
checkpoint.errorState.propagating: 
    false
    true
 {actor_id=Only For Testing, actor_owning_identity=O=SenderNode, L=Madrid, C=ES, actor_store_id=TEST, fiber-id=10000015, flow-id=03d29d21-eba2-4821-aba1-3026bc735ceb, invocation_id=acb39b4f-dc5e-46de-a8f1-c95798a11260, invocation_timestamp=2020-07-01T14:47:43.447Z, origin=Only For Testing, session_id=acb39b4f-dc5e-46de-a8f1-c95798a11260, session_timestamp=2020-07-01T14:47:43.447Z, thread-id=153}
?[m?[31m[WARN] 23:47:43,599 [Mock network] interceptors.DumpHistoryOnErrorInterceptor. - graceful failure [errorCode=1hcxidj, moreInformationAt=https://errors.corda.net/OS/4.5-RC02/1hcxidj] {actor_id=Only For Testing, actor_owning_identity=O=SenderNode, L=Madrid, C=ES, actor_store_id=TEST, fiber-id=10000015, flow-id=03d29d21-eba2-4821-aba1-3026bc735ceb, invocation_id=acb39b4f-dc5e-46de-a8f1-c95798a11260, invocation_timestamp=2020-07-01T14:47:43.447Z, origin=Only For Testing, session_id=acb39b4f-dc5e-46de-a8f1-c95798a11260, session_timestamp=2020-07-01T14:47:43.447Z, thread-id=153}
?[m net.corda.core.flows.FlowException: graceful failure
	at Received counter-flow exception from peer O=RecipientNode2, L=Madrid, C=ES.() ~[?:?]
	at net.corda.node.services.statemachine.FlowStateMachineImpl.fillInLocalStackTrace(FlowStateMachineImpl.kt:204) ~[corda-node-4.5-RC02.jar:?]
	at net.corda.node.services.statemachine.FlowStateMachineImpl.processEventsUntilFlowIsResumed(FlowStateMachineImpl.kt:192) ~[corda-node-4.5-RC02.jar:?]
	at net.corda.node.services.statemachine.FlowStateMachineImpl.suspend(FlowStateMachineImpl.kt:506) ~[corda-node-4.5-RC02.jar:?]
	at net.corda.core.flows.FlowLogic.receiveAllMap(FlowLogic.kt:318) ~[corda-core-4.5-RC02.jar:?]
	at net.corda.core.flows.FlowLogic.receiveAllMap$default(FlowLogic.kt:316) ~[corda-core-4.5-RC02.jar:?]
	at net.corda.core.flows.FlowLogic.receiveAll(FlowLogic.kt:341) ~[corda-core-4.5-RC02.jar:?]
	at net.corda.core.flows.FlowLogic.receiveAll$default(FlowLogic.kt:338) ~[corda-core-4.5-RC02.jar:?]
	at net.corda.examples.pingpong.flows.FlowParallelMessagingTests$SenderFlow.call(FlowParallelMessagingTests.kt:157) ~[test/:?]
	at net.corda.examples.pingpong.flows.FlowParallelMessagingTests$SenderFlow.call(FlowParallelMessagingTests.kt:148) ~[test/:?]
	at net.corda.node.services.statemachine.FlowStateMachineImpl.run(FlowStateMachineImpl.kt:299) ~[corda-node-4.5-RC02.jar:?]
	at net.corda.node.services.statemachine.FlowStateMachineImpl.run(FlowStateMachineImpl.kt:66) ~[corda-node-4.5-RC02.jar:?]
	at co.paralleluniverse.fibers.Fiber.run1(Fiber.java:1092) ~[quasar-core-0.7.10-jdk8.jar:0.7.10]
	at co.paralleluniverse.fibers.Fiber.exec(Fiber.java:788) ~[quasar-core-0.7.10-jdk8.jar:0.7.10]
	at co.paralleluniverse.fibers.RunnableFiberTask.doExec(RunnableFiberTask.java:100) ~[quasar-core-0.7.10-jdk8.jar:0.7.10]
	at co.paralleluniverse.fibers.RunnableFiberTask.run(RunnableFiberTask.java:91) ~[quasar-core-0.7.10-jdk8.jar:0.7.10]
	at java.util.concurrent.Executors$RunnableAdapter.call(Executors.java:511) ~[?:1.8.0_171]
	at java.util.concurrent.FutureTask.run(FutureTask.java:266) ~[?:1.8.0_171]
	at java.util.concurrent.ScheduledThreadPoolExecutor$ScheduledFutureTask.access$201(ScheduledThreadPoolExecutor.java:180) ~[?:1.8.0_171]
	at java.util.concurrent.ScheduledThreadPoolExecutor$ScheduledFutureTask.run(ScheduledThreadPoolExecutor.java:293) ~[?:1.8.0_171]
	at java.util.concurrent.ThreadPoolExecutor.runWorker(ThreadPoolExecutor.java:1149) ~[?:1.8.0_171]
	at java.util.concurrent.ThreadPoolExecutor$Worker.run(ThreadPoolExecutor.java:624) ~[?:1.8.0_171]
	at net.corda.node.utilities.AffinityExecutor$ServiceAffinityExecutor$1$thread$1.run(AffinityExecutor.kt:63) ~[corda-node-4.5-RC02.jar:?]
?[31m[WARN] 23:47:43,599 [Mock network] statemachine.ActionExecutorImpl. - Propagating error {actor_id=Only For Testing, actor_owning_identity=O=SenderNode, L=Madrid, C=ES, actor_store_id=TEST, fiber-id=10000015, flow-id=03d29d21-eba2-4821-aba1-3026bc735ceb, invocation_id=acb39b4f-dc5e-46de-a8f1-c95798a11260, invocation_timestamp=2020-07-01T14:47:43.447Z, origin=Only For Testing, session_id=acb39b4f-dc5e-46de-a8f1-c95798a11260, session_timestamp=2020-07-01T14:47:43.447Z, thread-id=153}
?[m?[31m[WARN] 23:47:43,616 [Mock network] interceptors.DumpHistoryOnErrorInterceptor. - Flow [03d29d21-eba2-4821-aba1-3026bc735ceb] errored, dumping all transitions:

 --- Transition of flow [03d29d21-eba2-4821-aba1-3026bc735ceb] ---
  Timestamp: 2020-07-01T14:47:43.453Z
  Event: DoRemainingWork
  Actions: 
    CreateTransaction
    PersistCheckpoint(id=[03d29d21-eba2-4821-aba1-3026bc735ceb], checkpoint=Checkpoint(invocationContext=InvocationContext(origin=RPC(actor=Actor(id=Id(value=Only For Testing), serviceId=AuthServiceId(value=TEST), owningLegalIdentity=O=SenderNode, L=Madrid, C=ES)), trace=Trace(invocationId=acb39b4f-dc5e-46de-a8f1-c95798a11260, timestamp: 2020-07-01T14:47:43.447Z, entityType: Invocation, sessionId=acb39b4f-dc5e-46de-a8f1-c95798a11260, timestamp: 2020-07-01T14:47:43.447Z, entityType: Session), actor=Actor(id=Id(value=Only For Testing), serviceId=AuthServiceId(value=TEST), owningLegalIdentity=O=SenderNode, L=Madrid, C=ES), externalTrace=null, impersonatedActor=null), ourIdentity=O=SenderNode, L=Madrid, C=ES, sessions={}, subFlowStack=[Initiating(flowClass=class net.corda.examples.pingpong.flows.FlowParallelMessagingTests$SenderFlow, classToInitiateWith=class net.corda.examples.pingpong.flows.FlowParallelMessagingTests$SenderFlow, flowInfo=FlowInfo(flowVersion=1, appName=<unknown>), subFlowVersion=CorDappFlow(platformVersion=7, corDappName=net.corda.examples.pingpong.flows.FlowParallelMessagingTests_1_7_94baeabf-1013-426c-a853-fe9265425153, corDappHash=9893A4D0E4286E72F36401C7108B2B343032041D5F1669E1409C82D86C6C5BEA), isEnabledTimedFlow=false)], flowState=Unstarted(flowStart=Explicit, frozenFlowLogic=DAD222E7D6F43C96CC24AD67587C0C70D002AC26547B060EBF7C7260D46EE177), errorState=Clean, numberOfSuspends=0), isCheckpointUpdate=false)
    PersistDeduplicationFacts(deduplicationHandlers=[net.corda.node.internal.FlowStarterImpl$startFlow$startFlowEvent$1@5cb3e566])
    CommitTransaction
    AcknowledgeMessages(deduplicationHandlers=[net.corda.node.internal.FlowStarterImpl$startFlow$startFlowEvent$1@5cb3e566])
    SignalFlowHasStarted(flowId=[03d29d21-eba2-4821-aba1-3026bc735ceb])
    CreateTransaction
  Continuation: Resume(result=null)
  Diff between previous and next state:
isFlowResumed: 
    false
    true
isAnyCheckpointPersisted: 
    false
    true
pendingDeduplicationHandlers: 
    [net.corda.node.internal.FlowStarterImpl$startFlow$startFlowEvent$1@5cb3e566]
    []


 --- Transition of flow [03d29d21-eba2-4821-aba1-3026bc735ceb] ---
  Timestamp: 2020-07-01T14:47:43.454Z
  Event: InitiateFlow(destination=O=RecipientNode1, L=Madrid, C=ES, wellKnownParty=O=RecipientNode1, L=Madrid, C=ES)
  Actions: 
    AddSessionBinding(flowId=[03d29d21-eba2-4821-aba1-3026bc735ceb], sessionId=SessionId(toLong=-1297941331043386872))
  Continuation: Resume(result=class net.corda.node.services.statemachine.FlowSessionImpl)
  Diff between previous and next state:
checkpoint.timestamp: 
    2020-07-01T14:47:43.450Z
    2020-07-01T14:47:43.454Z
checkpoint.sessions.SessionId(toLong=-1297941331043386872): 
    null
    Uninitiated(destination=O=RecipientNode1, L=Madrid, C=ES, initiatingSubFlow=Initiating(flowClass=class net.corda.examples.pingpong.flows.FlowParallelMessagingTests$SenderFlow, classToInitiateWith=class net.corda.examples.pingpong.flows.FlowParallelMessagingTests$SenderFlow, flowInfo=FlowInfo(flowVersion=1, appName=<unknown>), subFlowVersion=CorDappFlow(platformVersion=7, corDappName=net.corda.examples.pingpong.flows.FlowParallelMessagingTests_1_7_94baeabf-1013-426c-a853-fe9265425153, corDappHash=9893A4D0E4286E72F36401C7108B2B343032041D5F1669E1409C82D86C6C5BEA), isEnabledTimedFlow=false), sourceSessionId=SessionId(toLong=-1297941331043386872), additionalEntropy=-3788975151157282276)


 --- Transition of flow [03d29d21-eba2-4821-aba1-3026bc735ceb] ---
  Timestamp: 2020-07-01T14:47:43.456Z
  Event: InitiateFlow(destination=O=RecipientNode2, L=Madrid, C=ES, wellKnownParty=O=RecipientNode2, L=Madrid, C=ES)
  Actions: 
    AddSessionBinding(flowId=[03d29d21-eba2-4821-aba1-3026bc735ceb], sessionId=SessionId(toLong=8933554466358524717))
  Continuation: Resume(result=class net.corda.node.services.statemachine.FlowSessionImpl)
  Diff between previous and next state:
checkpoint.timestamp: 
    2020-07-01T14:47:43.454Z
    2020-07-01T14:47:43.456Z
checkpoint.sessions.SessionId(toLong=8933554466358524717): 
    null
    Uninitiated(destination=O=RecipientNode2, L=Madrid, C=ES, initiatingSubFlow=Initiating(flowClass=class net.corda.examples.pingpong.flows.FlowParallelMessagingTests$SenderFlow, classToInitiateWith=class net.corda.examples.pingpong.flows.FlowParallelMessagingTests$SenderFlow, flowInfo=FlowInfo(flowVersion=1, appName=<unknown>), subFlowVersion=CorDappFlow(platformVersion=7, corDappName=net.corda.examples.pingpong.flows.FlowParallelMessagingTests_1_7_94baeabf-1013-426c-a853-fe9265425153, corDappHash=9893A4D0E4286E72F36401C7108B2B343032041D5F1669E1409C82D86C6C5BEA), isEnabledTimedFlow=false), sourceSessionId=SessionId(toLong=8933554466358524717), additionalEntropy=5106562543373904654)


 --- Transition of flow [03d29d21-eba2-4821-aba1-3026bc735ceb] ---
  Timestamp: 2020-07-01T14:47:43.460Z
  Event: Suspend(ioRequest=Send(sessionToMessage={FlowSessionImpl(destination=O=RecipientNode1, L=Madrid, C=ES, sourceSessionId=SessionId(toLong=-1297941331043386872))=F0F0A9F19C2071FCFE1D8437A3AF703EDB4B14A2E60D1AA0715AD393845C1FFB, FlowSessionImpl(destination=O=RecipientNode2, L=Madrid, C=ES, sourceSessionId=SessionId(toLong=8933554466358524717))=913A3759134BF6646927433C0D3315CBC11F31B0C5B3E4B299AF30D1499AA1EB}), maySkipCheckpoint=false, fiber=B52511B3EAD4C05F6492ECFA23E84EFDF6BCF2FADF02D26FAB899FFA9266ACFD, )
  Actions: 
    PersistCheckpoint(id=[03d29d21-eba2-4821-aba1-3026bc735ceb], checkpoint=Checkpoint(invocationContext=InvocationContext(origin=RPC(actor=Actor(id=Id(value=Only For Testing), serviceId=AuthServiceId(value=TEST), owningLegalIdentity=O=SenderNode, L=Madrid, C=ES)), trace=Trace(invocationId=acb39b4f-dc5e-46de-a8f1-c95798a11260, timestamp: 2020-07-01T14:47:43.447Z, entityType: Invocation, sessionId=acb39b4f-dc5e-46de-a8f1-c95798a11260, timestamp: 2020-07-01T14:47:43.447Z, entityType: Session), actor=Actor(id=Id(value=Only For Testing), serviceId=AuthServiceId(value=TEST), owningLegalIdentity=O=SenderNode, L=Madrid, C=ES), externalTrace=null, impersonatedActor=null), ourIdentity=O=SenderNode, L=Madrid, C=ES, sessions={SessionId(toLong=-1297941331043386872)=Uninitiated(destination=O=RecipientNode1, L=Madrid, C=ES, initiatingSubFlow=Initiating(flowClass=class net.corda.examples.pingpong.flows.FlowParallelMessagingTests$SenderFlow, classToInitiateWith=class net.corda.examples.pingpong.flows.FlowParallelMessagingTests$SenderFlow, flowInfo=FlowInfo(flowVersion=1, appName=<unknown>), subFlowVersion=CorDappFlow(platformVersion=7, corDappName=net.corda.examples.pingpong.flows.FlowParallelMessagingTests_1_7_94baeabf-1013-426c-a853-fe9265425153, corDappHash=9893A4D0E4286E72F36401C7108B2B343032041D5F1669E1409C82D86C6C5BEA), isEnabledTimedFlow=false), sourceSessionId=SessionId(toLong=-1297941331043386872), additionalEntropy=-3788975151157282276), SessionId(toLong=8933554466358524717)=Uninitiated(destination=O=RecipientNode2, L=Madrid, C=ES, initiatingSubFlow=Initiating(flowClass=class net.corda.examples.pingpong.flows.FlowParallelMessagingTests$SenderFlow, classToInitiateWith=class net.corda.examples.pingpong.flows.FlowParallelMessagingTests$SenderFlow, flowInfo=FlowInfo(flowVersion=1, appName=<unknown>), subFlowVersion=CorDappFlow(platformVersion=7, corDappName=net.corda.examples.pingpong.flows.FlowParallelMessagingTests_1_7_94baeabf-1013-426c-a853-fe9265425153, corDappHash=9893A4D0E4286E72F36401C7108B2B343032041D5F1669E1409C82D86C6C5BEA), isEnabledTimedFlow=false), sourceSessionId=SessionId(toLong=8933554466358524717), additionalEntropy=5106562543373904654)}, subFlowStack=[Initiating(flowClass=class net.corda.examples.pingpong.flows.FlowParallelMessagingTests$SenderFlow, classToInitiateWith=class net.corda.examples.pingpong.flows.FlowParallelMessagingTests$SenderFlow, flowInfo=FlowInfo(flowVersion=1, appName=<unknown>), subFlowVersion=CorDappFlow(platformVersion=7, corDappName=net.corda.examples.pingpong.flows.FlowParallelMessagingTests_1_7_94baeabf-1013-426c-a853-fe9265425153, corDappHash=9893A4D0E4286E72F36401C7108B2B343032041D5F1669E1409C82D86C6C5BEA), isEnabledTimedFlow=false)], flowState=Started(flowIORequest=Send(sessionToMessage={FlowSessionImpl(destination=O=RecipientNode1, L=Madrid, C=ES, sourceSessionId=SessionId(toLong=-1297941331043386872))=F0F0A9F19C2071FCFE1D8437A3AF703EDB4B14A2E60D1AA0715AD393845C1FFB, FlowSessionImpl(destination=O=RecipientNode2, L=Madrid, C=ES, sourceSessionId=SessionId(toLong=8933554466358524717))=913A3759134BF6646927433C0D3315CBC11F31B0C5B3E4B299AF30D1499AA1EB}), frozenFiber=B52511B3EAD4C05F6492ECFA23E84EFDF6BCF2FADF02D26FAB899FFA9266ACFD), errorState=Clean, numberOfSuspends=1), isCheckpointUpdate=true)
    PersistDeduplicationFacts(deduplicationHandlers=[])
    CommitTransaction
    AcknowledgeMessages(deduplicationHandlers=[])
    ScheduleEvent(event=DoRemainingWork)
  Continuation: ProcessEvents
  Diff between previous and next state:
checkpoint.timestamp: 
    2020-07-01T14:47:43.456Z
    2020-07-01T14:47:43.458Z
checkpoint.flowState: 
    Unstarted(flowStart=Explicit, frozenFlowLogic=DAD222E7D6F43C96CC24AD67587C0C70D002AC26547B060EBF7C7260D46EE177)
    Started(flowIORequest=Send(sessionToMessage={FlowSessionImpl(destination=O=RecipientNode1, L=Madrid, C=ES, sourceSessionId=SessionId(toLong=-1297941331043386872))=F0F0A9F19C2071FCFE1D8437A3AF703EDB4B14A2E60D1AA0715AD393845C1FFB, FlowSessionImpl(destination=O=RecipientNode2, L=Madrid, C=ES, sourceSessionId=SessionId(toLong=8933554466358524717))=913A3759134BF6646927433C0D3315CBC11F31B0C5B3E4B299AF30D1499AA1EB}), frozenFiber=B52511B3EAD4C05F6492ECFA23E84EFDF6BCF2FADF02D26FAB899FFA9266ACFD)
checkpoint.numberOfSuspends: 
    0
    1
isFlowResumed: 
    true
    false


 --- Transition of flow [03d29d21-eba2-4821-aba1-3026bc735ceb] ---
  Timestamp: 2020-07-01T14:47:43.461Z
  Event: DoRemainingWork
  Actions: 
    SendMultiple(sendInitial=[SendInitial(destination=O=RecipientNode1, L=Madrid, C=ES, initialise=InitialSessionMessage(initiatorSessionId=SessionId(toLong=-1297941331043386872), initiationEntropy=-3788975151157282276, initiatorFlowClassName=net.corda.examples.pingpong.flows.FlowParallelMessagingTests$SenderFlow, appName=<unknown>, firstPayload=class net.corda.core.serialization.SerializedBytes), deduplicationId=SenderDeduplicationId(deduplicationId=DeduplicationId(toString=N-R--1297941331043386872--3788975151157282276-1-0), senderUUID=d2710dd6-bb39-4072-80cd-05460bd4adcf)), SendInitial(destination=O=RecipientNode2, L=Madrid, C=ES, initialise=InitialSessionMessage(initiatorSessionId=SessionId(toLong=8933554466358524717), initiationEntropy=5106562543373904654, initiatorFlowClassName=net.corda.examples.pingpong.flows.FlowParallelMessagingTests$SenderFlow, appName=<unknown>, firstPayload=class net.corda.core.serialization.SerializedBytes), deduplicationId=SenderDeduplicationId(deduplicationId=DeduplicationId(toString=N-R-8933554466358524717-5106562543373904654-1-1), senderUUID=d2710dd6-bb39-4072-80cd-05460bd4adcf))], sendExisting=[])
    CreateTransaction
  Continuation: Resume(result=class kotlin.Unit)
  Diff between previous and next state:
checkpoint.timestamp: 
    2020-07-01T14:47:43.458Z
    2020-07-01T14:47:43.460Z
checkpoint.sessions.SessionId(toLong=-1297941331043386872): 
    Uninitiated(destination=O=RecipientNode1, L=Madrid, C=ES, initiatingSubFlow=Initiating(flowClass=class net.corda.examples.pingpong.flows.FlowParallelMessagingTests$SenderFlow, classToInitiateWith=class net.corda.examples.pingpong.flows.FlowParallelMessagingTests$SenderFlow, flowInfo=FlowInfo(flowVersion=1, appName=<unknown>), subFlowVersion=CorDappFlow(platformVersion=7, corDappName=net.corda.examples.pingpong.flows.FlowParallelMessagingTests_1_7_94baeabf-1013-426c-a853-fe9265425153, corDappHash=9893A4D0E4286E72F36401C7108B2B343032041D5F1669E1409C82D86C6C5BEA), isEnabledTimedFlow=false), sourceSessionId=SessionId(toLong=-1297941331043386872), additionalEntropy=-3788975151157282276)
    Initiating(bufferedMessages=[], rejectionError=null, deduplicationSeed=R--1297941331043386872--3788975151157282276)
checkpoint.sessions.SessionId(toLong=8933554466358524717): 
    Uninitiated(destination=O=RecipientNode2, L=Madrid, C=ES, initiatingSubFlow=Initiating(flowClass=class net.corda.examples.pingpong.flows.FlowParallelMessagingTests$SenderFlow, classToInitiateWith=class net.corda.examples.pingpong.flows.FlowParallelMessagingTests$SenderFlow, flowInfo=FlowInfo(flowVersion=1, appName=<unknown>), subFlowVersion=CorDappFlow(platformVersion=7, corDappName=net.corda.examples.pingpong.flows.FlowParallelMessagingTests_1_7_94baeabf-1013-426c-a853-fe9265425153, corDappHash=9893A4D0E4286E72F36401C7108B2B343032041D5F1669E1409C82D86C6C5BEA), isEnabledTimedFlow=false), sourceSessionId=SessionId(toLong=8933554466358524717), additionalEntropy=5106562543373904654)
    Initiating(bufferedMessages=[], rejectionError=null, deduplicationSeed=R-8933554466358524717-5106562543373904654)
isFlowResumed: 
    false
    true


 --- Transition of flow [03d29d21-eba2-4821-aba1-3026bc735ceb] ---
  Timestamp: 2020-07-01T14:47:43.465Z
  Event: Suspend(ioRequest=Receive(sessions=[FlowSessionImpl(destination=O=RecipientNode1, L=Madrid, C=ES, sourceSessionId=SessionId(toLong=-1297941331043386872)), FlowSessionImpl(destination=O=RecipientNode2, L=Madrid, C=ES, sourceSessionId=SessionId(toLong=8933554466358524717))]), maySkipCheckpoint=false, fiber=935FA1CB6D36BABE089BCF3EE5D604058F62503F505CD954C179CFF99EC664F5, )
  Actions: 
    PersistCheckpoint(id=[03d29d21-eba2-4821-aba1-3026bc735ceb], checkpoint=Checkpoint(invocationContext=InvocationContext(origin=RPC(actor=Actor(id=Id(value=Only For Testing), serviceId=AuthServiceId(value=TEST), owningLegalIdentity=O=SenderNode, L=Madrid, C=ES)), trace=Trace(invocationId=acb39b4f-dc5e-46de-a8f1-c95798a11260, timestamp: 2020-07-01T14:47:43.447Z, entityType: Invocation, sessionId=acb39b4f-dc5e-46de-a8f1-c95798a11260, timestamp: 2020-07-01T14:47:43.447Z, entityType: Session), actor=Actor(id=Id(value=Only For Testing), serviceId=AuthServiceId(value=TEST), owningLegalIdentity=O=SenderNode, L=Madrid, C=ES), externalTrace=null, impersonatedActor=null), ourIdentity=O=SenderNode, L=Madrid, C=ES, sessions={SessionId(toLong=-1297941331043386872)=Initiating(bufferedMessages=[], rejectionError=null, deduplicationSeed=R--1297941331043386872--3788975151157282276), SessionId(toLong=8933554466358524717)=Initiating(bufferedMessages=[], rejectionError=null, deduplicationSeed=R-8933554466358524717-5106562543373904654)}, subFlowStack=[Initiating(flowClass=class net.corda.examples.pingpong.flows.FlowParallelMessagingTests$SenderFlow, classToInitiateWith=class net.corda.examples.pingpong.flows.FlowParallelMessagingTests$SenderFlow, flowInfo=FlowInfo(flowVersion=1, appName=<unknown>), subFlowVersion=CorDappFlow(platformVersion=7, corDappName=net.corda.examples.pingpong.flows.FlowParallelMessagingTests_1_7_94baeabf-1013-426c-a853-fe9265425153, corDappHash=9893A4D0E4286E72F36401C7108B2B343032041D5F1669E1409C82D86C6C5BEA), isEnabledTimedFlow=false)], flowState=Started(flowIORequest=Receive(sessions=[FlowSessionImpl(destination=O=RecipientNode1, L=Madrid, C=ES, sourceSessionId=SessionId(toLong=-1297941331043386872)), FlowSessionImpl(destination=O=RecipientNode2, L=Madrid, C=ES, sourceSessionId=SessionId(toLong=8933554466358524717))]), frozenFiber=935FA1CB6D36BABE089BCF3EE5D604058F62503F505CD954C179CFF99EC664F5), errorState=Clean, numberOfSuspends=2), isCheckpointUpdate=true)
    PersistDeduplicationFacts(deduplicationHandlers=[])
    CommitTransaction
    AcknowledgeMessages(deduplicationHandlers=[])
    ScheduleEvent(event=DoRemainingWork)
  Continuation: ProcessEvents
  Diff between previous and next state:
checkpoint.timestamp: 
    2020-07-01T14:47:43.460Z
    2020-07-01T14:47:43.463Z
checkpoint.flowState.flowIORequest: 
    Send(sessionToMessage={FlowSessionImpl(destination=O=RecipientNode1, L=Madrid, C=ES, sourceSessionId=SessionId(toLong=-1297941331043386872))=F0F0A9F19C2071FCFE1D8437A3AF703EDB4B14A2E60D1AA0715AD393845C1FFB, FlowSessionImpl(destination=O=RecipientNode2, L=Madrid, C=ES, sourceSessionId=SessionId(toLong=8933554466358524717))=913A3759134BF6646927433C0D3315CBC11F31B0C5B3E4B299AF30D1499AA1EB})
    Receive(sessions=[FlowSessionImpl(destination=O=RecipientNode1, L=Madrid, C=ES, sourceSessionId=SessionId(toLong=-1297941331043386872)), FlowSessionImpl(destination=O=RecipientNode2, L=Madrid, C=ES, sourceSessionId=SessionId(toLong=8933554466358524717))])
checkpoint.flowState.frozenFiber.hash: 
    B52511B3EAD4C05F6492ECFA23E84EFDF6BCF2FADF02D26FAB899FFA9266ACFD
    935FA1CB6D36BABE089BCF3EE5D604058F62503F505CD954C179CFF99EC664F5
checkpoint.numberOfSuspends: 
    1
    2
isFlowResumed: 
    true
    false


 --- Transition of flow [03d29d21-eba2-4821-aba1-3026bc735ceb] ---
  Timestamp: 2020-07-01T14:47:43.465Z
  Event: DoRemainingWork
  Actions: 
    
  Continuation: ProcessEvents
  Diff between previous and next state:
null

 --- Transition of flow [03d29d21-eba2-4821-aba1-3026bc735ceb] ---
  Timestamp: 2020-07-01T14:47:43.539Z
  Event: DeliverSessionMessage(sessionMessage=ExistingSessionMessage(recipientSessionId=SessionId(toLong=-1297941331043386872), payload=ConfirmSessionMessage(initiatedSessionId=SessionId(toLong=7637185557145894256), initiatedFlowInfo=FlowInfo(flowVersion=1, appName=<unknown>))), deduplicationHandler=net.corda.testing.node.internal.MockNodeMessagingService$InMemoryDeduplicationHandler@541e6b7b, sender=O=RecipientNode1, L=Madrid, C=ES)
  Actions: 
    ScheduleEvent(event=DoRemainingWork)
  Continuation: ProcessEvents
  Diff between previous and next state:
checkpoint.timestamp: 
    2020-07-01T14:47:43.465Z
    2020-07-01T14:47:43.539Z
checkpoint.sessions.SessionId(toLong=-1297941331043386872): 
    Initiating(bufferedMessages=[], rejectionError=null, deduplicationSeed=R--1297941331043386872--3788975151157282276)
    Initiated(peerParty=O=RecipientNode1, L=Madrid, C=ES, peerFlowInfo=FlowInfo(flowVersion=1, appName=<unknown>), receivedMessages=[], initiatedState=Live(peerSinkSessionId=SessionId(toLong=7637185557145894256)), errors=[], deduplicationSeed=R--1297941331043386872--3788975151157282276)
pendingDeduplicationHandlers: 
    []
    [net.corda.testing.node.internal.MockNodeMessagingService$InMemoryDeduplicationHandler@541e6b7b]


 --- Transition of flow [03d29d21-eba2-4821-aba1-3026bc735ceb] ---
  Timestamp: 2020-07-01T14:47:43.539Z
  Event: DoRemainingWork
  Actions: 
    
  Continuation: ProcessEvents
  Diff between previous and next state:
null

 --- Transition of flow [03d29d21-eba2-4821-aba1-3026bc735ceb] ---
  Timestamp: 2020-07-01T14:47:43.541Z
  Event: DeliverSessionMessage(sessionMessage=ExistingSessionMessage(recipientSessionId=SessionId(toLong=-1297941331043386872), payload=DataSessionMessage(payload=class net.corda.core.serialization.SerializedBytes)), deduplicationHandler=net.corda.testing.node.internal.MockNodeMessagingService$InMemoryDeduplicationHandler@12e2be5c, sender=O=RecipientNode1, L=Madrid, C=ES)
  Actions: 
    ScheduleEvent(event=DoRemainingWork)
  Continuation: ProcessEvents
  Diff between previous and next state:
checkpoint.timestamp: 
    2020-07-01T14:47:43.539Z
    2020-07-01T14:47:43.541Z
checkpoint.sessions.SessionId(toLong=-1297941331043386872).receivedMessages: 
    []
    [DataSessionMessage(payload=class net.corda.core.serialization.SerializedBytes)]
pendingDeduplicationHandlers: 
    [net.corda.testing.node.internal.MockNodeMessagingService$InMemoryDeduplicationHandler@541e6b7b]
    [net.corda.testing.node.internal.MockNodeMessagingService$InMemoryDeduplicationHandler@541e6b7b, net.corda.testing.node.internal.MockNodeMessagingService$InMemoryDeduplicationHandler@12e2be5c]


 --- Transition of flow [03d29d21-eba2-4821-aba1-3026bc735ceb] ---
  Timestamp: 2020-07-01T14:47:43.541Z
  Event: DoRemainingWork
  Actions: 
    
  Continuation: ProcessEvents
  Diff between previous and next state:
null

 --- Transition of flow [03d29d21-eba2-4821-aba1-3026bc735ceb] ---
  Timestamp: 2020-07-01T14:47:43.545Z
  Event: DeliverSessionMessage(sessionMessage=ExistingSessionMessage(recipientSessionId=SessionId(toLong=-1297941331043386872), payload=net.corda.node.services.statemachine.EndSessionMessage@503af91c), deduplicationHandler=net.corda.testing.node.internal.MockNodeMessagingService$InMemoryDeduplicationHandler@5e0a5f81, sender=O=RecipientNode1, L=Madrid, C=ES)
  Actions: 
    ScheduleEvent(event=DoRemainingWork)
  Continuation: ProcessEvents
  Diff between previous and next state:
checkpoint.timestamp: 
    2020-07-01T14:47:43.541Z
    2020-07-01T14:47:43.545Z
checkpoint.sessions.SessionId(toLong=-1297941331043386872).initiatedState: 
    Live(peerSinkSessionId=SessionId(toLong=7637185557145894256))
    Ended
pendingDeduplicationHandlers: 
    [net.corda.testing.node.internal.MockNodeMessagingService$InMemoryDeduplicationHandler@541e6b7b, net.corda.testing.node.internal.MockNodeMessagingService$InMemoryDeduplicationHandler@12e2be5c]
    [net.corda.testing.node.internal.MockNodeMessagingService$InMemoryDeduplicationHandler@541e6b7b, net.corda.testing.node.internal.MockNodeMessagingService$InMemoryDeduplicationHandler@12e2be5c, net.corda.testing.node.internal.MockNodeMessagingService$InMemoryDeduplicationHandler@5e0a5f81]


 --- Transition of flow [03d29d21-eba2-4821-aba1-3026bc735ceb] ---
  Timestamp: 2020-07-01T14:47:43.545Z
  Event: DoRemainingWork
  Actions: 
    
  Continuation: ProcessEvents
  Diff between previous and next state:
null

 --- Transition of flow [03d29d21-eba2-4821-aba1-3026bc735ceb] ---
  Timestamp: 2020-07-01T14:47:43.550Z
  Event: DeliverSessionMessage(sessionMessage=ExistingSessionMessage(recipientSessionId=SessionId(toLong=8933554466358524717), payload=ConfirmSessionMessage(initiatedSessionId=SessionId(toLong=-3595803383002642863), initiatedFlowInfo=FlowInfo(flowVersion=1, appName=<unknown>))), deduplicationHandler=net.corda.testing.node.internal.MockNodeMessagingService$InMemoryDeduplicationHandler@7c464950, sender=O=RecipientNode2, L=Madrid, C=ES)
  Actions: 
    ScheduleEvent(event=DoRemainingWork)
  Continuation: ProcessEvents
  Diff between previous and next state:
checkpoint.timestamp: 
    2020-07-01T14:47:43.545Z
    2020-07-01T14:47:43.550Z
checkpoint.sessions.SessionId(toLong=8933554466358524717): 
    Initiating(bufferedMessages=[], rejectionError=null, deduplicationSeed=R-8933554466358524717-5106562543373904654)
    Initiated(peerParty=O=RecipientNode2, L=Madrid, C=ES, peerFlowInfo=FlowInfo(flowVersion=1, appName=<unknown>), receivedMessages=[], initiatedState=Live(peerSinkSessionId=SessionId(toLong=-3595803383002642863)), errors=[], deduplicationSeed=R-8933554466358524717-5106562543373904654)
pendingDeduplicationHandlers: 
    [net.corda.testing.node.internal.MockNodeMessagingService$InMemoryDeduplicationHandler@541e6b7b, net.corda.testing.node.internal.MockNodeMessagingService$InMemoryDeduplicationHandler@12e2be5c, net.corda.testing.node.internal.MockNodeMessagingService$InMemoryDeduplicationHandler@5e0a5f81]
    [net.corda.testing.node.internal.MockNodeMessagingService$InMemoryDeduplicationHandler@541e6b7b, net.corda.testing.node.internal.MockNodeMessagingService$InMemoryDeduplicationHandler@12e2be5c, net.corda.testing.node.internal.MockNodeMessagingService$InMemoryDeduplicationHandler@5e0a5f81, net.corda.testing.node.internal.MockNodeMessagingService$InMemoryDeduplicationHandler@7c464950]


 --- Transition of flow [03d29d21-eba2-4821-aba1-3026bc735ceb] ---
  Timestamp: 2020-07-01T14:47:43.550Z
  Event: DoRemainingWork
  Actions: 
    
  Continuation: ProcessEvents
  Diff between previous and next state:
null

 --- Transition of flow [03d29d21-eba2-4821-aba1-3026bc735ceb] ---
  Timestamp: 2020-07-01T14:47:43.593Z
  Event: DeliverSessionMessage(sessionMessage=ExistingSessionMessage(recipientSessionId=SessionId(toLong=8933554466358524717), payload=ErrorSessionMessage(flowException=net.corda.core.flows.FlowException: graceful failure, errorId=-3472812069152526347)), deduplicationHandler=net.corda.testing.node.internal.MockNodeMessagingService$InMemoryDeduplicationHandler@5ba4b010, sender=O=RecipientNode2, L=Madrid, C=ES)
  Actions: 
    ScheduleEvent(event=DoRemainingWork)
  Continuation: ProcessEvents
  Diff between previous and next state:
checkpoint.timestamp: 
    2020-07-01T14:47:43.550Z
    2020-07-01T14:47:43.593Z
checkpoint.sessions.SessionId(toLong=8933554466358524717).errors: 
    []
    [FlowError(errorId=-3472812069152526347, exception=net.corda.core.flows.FlowException: graceful failure)]
pendingDeduplicationHandlers: 
    [net.corda.testing.node.internal.MockNodeMessagingService$InMemoryDeduplicationHandler@541e6b7b, net.corda.testing.node.internal.MockNodeMessagingService$InMemoryDeduplicationHandler@12e2be5c, net.corda.testing.node.internal.MockNodeMessagingService$InMemoryDeduplicationHandler@5e0a5f81, net.corda.testing.node.internal.MockNodeMessagingService$InMemoryDeduplicationHandler@7c464950]
    [net.corda.testing.node.internal.MockNodeMessagingService$InMemoryDeduplicationHandler@541e6b7b, net.corda.testing.node.internal.MockNodeMessagingService$InMemoryDeduplicationHandler@12e2be5c, net.corda.testing.node.internal.MockNodeMessagingService$InMemoryDeduplicationHandler@5e0a5f81, net.corda.testing.node.internal.MockNodeMessagingService$InMemoryDeduplicationHandler@7c464950, net.corda.testing.node.internal.MockNodeMessagingService$InMemoryDeduplicationHandler@5ba4b010]


 --- Transition of flow [03d29d21-eba2-4821-aba1-3026bc735ceb] ---
  Timestamp: 2020-07-01T14:47:43.593Z
  Event: DoRemainingWork
  Actions: 
    CreateTransaction
  Continuation: Throw(throwable=net.corda.core.flows.FlowException: graceful failure)
  Diff between previous and next state:
isFlowResumed: 
    false
    true


 --- Transition of flow [03d29d21-eba2-4821-aba1-3026bc735ceb] ---
  Timestamp: 2020-07-01T14:47:43.594Z
  Event: Error(exception=net.corda.core.flows.FlowException: graceful failure)
  Actions: 
    RollbackTransaction
    ScheduleEvent(event=DoRemainingWork)
  Continuation: ProcessEvents
  Diff between previous and next state:
checkpoint.timestamp: 
    2020-07-01T14:47:43.593Z
    2020-07-01T14:47:43.594Z
checkpoint.errorState: 
    Clean
    Errored(errors=[FlowError(errorId=-3472812069152526347, exception=net.corda.core.flows.FlowException: graceful failure)], propagatedIndex=0, propagating=false)
isFlowResumed: 
    true
    false


 --- Transition of flow [03d29d21-eba2-4821-aba1-3026bc735ceb] ---
  Timestamp: 2020-07-01T14:47:43.594Z
  Event: DoRemainingWork
  Actions: 
    
  Continuation: ProcessEvents
  Diff between previous and next state:
null

 --- Transition of flow [03d29d21-eba2-4821-aba1-3026bc735ceb] ---
  Timestamp: 2020-07-01T14:47:43.595Z
  Event: StartErrorPropagation
  Actions: 
    ScheduleEvent(event=DoRemainingWork)
  Continuation: ProcessEvents
  Diff between previous and next state:
checkpoint.timestamp: 
    2020-07-01T14:47:43.594Z
    2020-07-01T14:47:43.595Z
checkpoint.errorState.propagating: 
    false
    true


 --- Transition of flow [03d29d21-eba2-4821-aba1-3026bc735ceb] ---
  Timestamp: 2020-07-01T14:47:43.609Z
  Event: DoRemainingWork
  Actions: 
    PropagateErrors(errorMessages=[ErrorSessionMessage(flowException=null, errorId=-3472812069152526347)], sessions=[Initiated(peerParty=O=RecipientNode1, L=Madrid, C=ES, peerFlowInfo=FlowInfo(flowVersion=1, appName=<unknown>), receivedMessages=[DataSessionMessage(payload=class net.corda.core.serialization.SerializedBytes)], initiatedState=Ended, errors=[], deduplicationSeed=R--1297941331043386872--3788975151157282276)], senderUUID=d2710dd6-bb39-4072-80cd-05460bd4adcf)
    CreateTransaction
    RemoveCheckpoint(id=[03d29d21-eba2-4821-aba1-3026bc735ceb])
    PersistDeduplicationFacts(deduplicationHandlers=[net.corda.testing.node.internal.MockNodeMessagingService$InMemoryDeduplicationHandler@541e6b7b, net.corda.testing.node.internal.MockNodeMessagingService$InMemoryDeduplicationHandler@12e2be5c, net.corda.testing.node.internal.MockNodeMessagingService$InMemoryDeduplicationHandler@5e0a5f81, net.corda.testing.node.internal.MockNodeMessagingService$InMemoryDeduplicationHandler@7c464950, net.corda.testing.node.internal.MockNodeMessagingService$InMemoryDeduplicationHandler@5ba4b010])
    ReleaseSoftLocks(uuid=03d29d21-eba2-4821-aba1-3026bc735ceb)
    CommitTransaction
    AcknowledgeMessages(deduplicationHandlers=[net.corda.testing.node.internal.MockNodeMessagingService$InMemoryDeduplicationHandler@541e6b7b, net.corda.testing.node.internal.MockNodeMessagingService$InMemoryDeduplicationHandler@12e2be5c, net.corda.testing.node.internal.MockNodeMessagingService$InMemoryDeduplicationHandler@5e0a5f81, net.corda.testing.node.internal.MockNodeMessagingService$InMemoryDeduplicationHandler@7c464950, net.corda.testing.node.internal.MockNodeMessagingService$InMemoryDeduplicationHandler@5ba4b010])
    RemoveSessionBindings(sessionIds=[SessionId(toLong=-1297941331043386872), SessionId(toLong=8933554466358524717)])
    RemoveFlow(flowId=[03d29d21-eba2-4821-aba1-3026bc735ceb], removalReason=ErrorFinish(flowErrors=[FlowError(errorId=-3472812069152526347, exception=net.corda.core.flows.FlowException: graceful failure)]), lastState=StateMachineState(checkpoint=Checkpoint(invocationContext=InvocationContext(origin=RPC(actor=Actor(id=Id(value=Only For Testing), serviceId=AuthServiceId(value=TEST), owningLegalIdentity=O=SenderNode, L=Madrid, C=ES)), trace=Trace(invocationId=acb39b4f-dc5e-46de-a8f1-c95798a11260, timestamp: 2020-07-01T14:47:43.447Z, entityType: Invocation, sessionId=acb39b4f-dc5e-46de-a8f1-c95798a11260, timestamp: 2020-07-01T14:47:43.447Z, entityType: Session), actor=Actor(id=Id(value=Only For Testing), serviceId=AuthServiceId(value=TEST), owningLegalIdentity=O=SenderNode, L=Madrid, C=ES), externalTrace=null, impersonatedActor=null), ourIdentity=O=SenderNode, L=Madrid, C=ES, sessions={SessionId(toLong=-1297941331043386872)=Initiated(peerParty=O=RecipientNode1, L=Madrid, C=ES, peerFlowInfo=FlowInfo(flowVersion=1, appName=<unknown>), receivedMessages=[DataSessionMessage(payload=class net.corda.core.serialization.SerializedBytes)], initiatedState=Ended, errors=[], deduplicationSeed=R--1297941331043386872--3788975151157282276), SessionId(toLong=8933554466358524717)=Initiated(peerParty=O=RecipientNode2, L=Madrid, C=ES, peerFlowInfo=FlowInfo(flowVersion=1, appName=<unknown>), receivedMessages=[], initiatedState=Live(peerSinkSessionId=SessionId(toLong=-3595803383002642863)), errors=[FlowError(errorId=-3472812069152526347, exception=net.corda.core.flows.FlowException: graceful failure)], deduplicationSeed=R-8933554466358524717-5106562543373904654)}, subFlowStack=[Initiating(flowClass=class net.corda.examples.pingpong.flows.FlowParallelMessagingTests$SenderFlow, classToInitiateWith=class net.corda.examples.pingpong.flows.FlowParallelMessagingTests$SenderFlow, flowInfo=FlowInfo(flowVersion=1, appName=<unknown>), subFlowVersion=CorDappFlow(platformVersion=7, corDappName=net.corda.examples.pingpong.flows.FlowParallelMessagingTests_1_7_94baeabf-1013-426c-a853-fe9265425153, corDappHash=9893A4D0E4286E72F36401C7108B2B343032041D5F1669E1409C82D86C6C5BEA), isEnabledTimedFlow=false)], flowState=Started(flowIORequest=Receive(sessions=[FlowSessionImpl(destination=O=RecipientNode1, L=Madrid, C=ES, sourceSessionId=SessionId(toLong=-1297941331043386872)), FlowSessionImpl(destination=O=RecipientNode2, L=Madrid, C=ES, sourceSessionId=SessionId(toLong=8933554466358524717))]), frozenFiber=935FA1CB6D36BABE089BCF3EE5D604058F62503F505CD954C179CFF99EC664F5), errorState=Errored(errors=[FlowError(errorId=-3472812069152526347, exception=net.corda.core.flows.FlowException: graceful failure)], propagatedIndex=1, propagating=true), numberOfSuspends=2), flowLogic=net.corda.examples.pingpong.flows.FlowParallelMessagingTests$SenderFlow@2aa0d8a9, pendingDeduplicationHandlers=[], isFlowResumed=false, isWaitingForFuture=false, future=null, isAnyCheckpointPersisted=true, isStartIdempotent=false, isRemoved=true, isKilled=false, senderUUID=d2710dd6-bb39-4072-80cd-05460bd4adcf))
  Continuation: Abort
  Diff between previous and next state:
checkpoint.timestamp: 
    2020-07-01T14:47:43.595Z
    2020-07-01T14:47:43.599Z
checkpoint.errorState.propagatedIndex: 
    0
    1
isRemoved: 
    false
    true
pendingDeduplicationHandlers: 
    [net.corda.testing.node.internal.MockNodeMessagingService$InMemoryDeduplicationHandler@541e6b7b, net.corda.testing.node.internal.MockNodeMessagingService$InMemoryDeduplicationHandler@12e2be5c, net.corda.testing.node.internal.MockNodeMessagingService$InMemoryDeduplicationHandler@5e0a5f81, net.corda.testing.node.internal.MockNodeMessagingService$InMemoryDeduplicationHandler@7c464950, net.corda.testing.node.internal.MockNodeMessagingService$InMemoryDeduplicationHandler@5ba4b010]
    []
 {actor_id=Only For Testing, actor_owning_identity=O=SenderNode, L=Madrid, C=ES, actor_store_id=TEST, fiber-id=10000015, flow-id=03d29d21-eba2-4821-aba1-3026bc735ceb, invocation_id=acb39b4f-dc5e-46de-a8f1-c95798a11260, invocation_timestamp=2020-07-01T14:47:43.447Z, origin=Only For Testing, session_id=acb39b4f-dc5e-46de-a8f1-c95798a11260, session_timestamp=2020-07-01T14:47:43.447Z, thread-id=153}
?[m?[31m[WARN] 23:47:43,616 [Mock network] interceptors.DumpHistoryOnErrorInterceptor. - graceful failure [errorCode=1hcxidj, moreInformationAt=https://errors.corda.net/OS/4.5-RC02/1hcxidj] {actor_id=Only For Testing, actor_owning_identity=O=SenderNode, L=Madrid, C=ES, actor_store_id=TEST, fiber-id=10000015, flow-id=03d29d21-eba2-4821-aba1-3026bc735ceb, invocation_id=acb39b4f-dc5e-46de-a8f1-c95798a11260, invocation_timestamp=2020-07-01T14:47:43.447Z, origin=Only For Testing, session_id=acb39b4f-dc5e-46de-a8f1-c95798a11260, session_timestamp=2020-07-01T14:47:43.447Z, thread-id=153}
?[m net.corda.core.flows.FlowException: graceful failure
	at Received counter-flow exception from peer O=RecipientNode2, L=Madrid, C=ES.() ~[?:?]
	at net.corda.node.services.statemachine.FlowStateMachineImpl.fillInLocalStackTrace(FlowStateMachineImpl.kt:204) ~[corda-node-4.5-RC02.jar:?]
	at net.corda.node.services.statemachine.FlowStateMachineImpl.processEventsUntilFlowIsResumed(FlowStateMachineImpl.kt:192) ~[corda-node-4.5-RC02.jar:?]
	at net.corda.node.services.statemachine.FlowStateMachineImpl.suspend(FlowStateMachineImpl.kt:506) ~[corda-node-4.5-RC02.jar:?]
	at net.corda.core.flows.FlowLogic.receiveAllMap(FlowLogic.kt:318) ~[corda-core-4.5-RC02.jar:?]
	at net.corda.core.flows.FlowLogic.receiveAllMap$default(FlowLogic.kt:316) ~[corda-core-4.5-RC02.jar:?]
	at net.corda.core.flows.FlowLogic.receiveAll(FlowLogic.kt:341) ~[corda-core-4.5-RC02.jar:?]
	at net.corda.core.flows.FlowLogic.receiveAll$default(FlowLogic.kt:338) ~[corda-core-4.5-RC02.jar:?]
	at net.corda.examples.pingpong.flows.FlowParallelMessagingTests$SenderFlow.call(FlowParallelMessagingTests.kt:157) ~[test/:?]
	at net.corda.examples.pingpong.flows.FlowParallelMessagingTests$SenderFlow.call(FlowParallelMessagingTests.kt:148) ~[test/:?]
	at net.corda.node.services.statemachine.FlowStateMachineImpl.run(FlowStateMachineImpl.kt:299) ~[corda-node-4.5-RC02.jar:?]
	at net.corda.node.services.statemachine.FlowStateMachineImpl.run(FlowStateMachineImpl.kt:66) ~[corda-node-4.5-RC02.jar:?]
	at co.paralleluniverse.fibers.Fiber.run1(Fiber.java:1092) ~[quasar-core-0.7.10-jdk8.jar:0.7.10]
	at co.paralleluniverse.fibers.Fiber.exec(Fiber.java:788) ~[quasar-core-0.7.10-jdk8.jar:0.7.10]
	at co.paralleluniverse.fibers.RunnableFiberTask.doExec(RunnableFiberTask.java:100) ~[quasar-core-0.7.10-jdk8.jar:0.7.10]
	at co.paralleluniverse.fibers.RunnableFiberTask.run(RunnableFiberTask.java:91) ~[quasar-core-0.7.10-jdk8.jar:0.7.10]
	at java.util.concurrent.Executors$RunnableAdapter.call(Executors.java:511) ~[?:1.8.0_171]
	at java.util.concurrent.FutureTask.run(FutureTask.java:266) ~[?:1.8.0_171]
	at java.util.concurrent.ScheduledThreadPoolExecutor$ScheduledFutureTask.access$201(ScheduledThreadPoolExecutor.java:180) ~[?:1.8.0_171]
	at java.util.concurrent.ScheduledThreadPoolExecutor$ScheduledFutureTask.run(ScheduledThreadPoolExecutor.java:293) ~[?:1.8.0_171]
	at java.util.concurrent.ThreadPoolExecutor.runWorker(ThreadPoolExecutor.java:1149) ~[?:1.8.0_171]
	at java.util.concurrent.ThreadPoolExecutor$Worker.run(ThreadPoolExecutor.java:624) ~[?:1.8.0_171]
	at net.corda.node.utilities.AffinityExecutor$ServiceAffinityExecutor$1$thread$1.run(AffinityExecutor.kt:63) ~[corda-node-4.5-RC02.jar:?]
?[37m[INFO] 23:47:43,626 [Test worker] persistence.CordaPersistence. - Closing HikariDataSource (HikariPool-1)
?[m?[37m[INFO] 23:47:43,626 [Test worker] hikari.HikariDataSource. - HikariPool-1 - Shutdown initiated...
?[m?[37m[INFO] 23:47:43,661 [Test worker] hikari.HikariDataSource. - HikariPool-1 - Shutdown completed.
?[m?[37m[INFO] 23:47:43,677 [Test worker] persistence.CordaPersistence. - Closing HikariDataSource (HikariPool-2)
?[m?[37m[INFO] 23:47:43,677 [Test worker] hikari.HikariDataSource. - HikariPool-2 - Shutdown initiated...
?[m?[37m[INFO] 23:47:43,685 [Test worker] hikari.HikariDataSource. - HikariPool-2 - Shutdown completed.
?[m?[37m[INFO] 23:47:43,687 [Test worker] persistence.CordaPersistence. - Closing HikariDataSource (HikariPool-3)
?[m?[37m[INFO] 23:47:43,687 [Test worker] hikari.HikariDataSource. - HikariPool-3 - Shutdown initiated...
?[m?[37m[INFO] 23:47:43,693 [Test worker] hikari.HikariDataSource. - HikariPool-3 - Shutdown completed.
?[m?[37m[INFO] 23:47:43,696 [Test worker] persistence.CordaPersistence. - Closing HikariDataSource (HikariPool-4)
?[m?[37m[INFO] 23:47:43,698 [Test worker] hikari.HikariDataSource. - HikariPool-4 - Shutdown initiated...
?[m?[37m[INFO] 23:47:43,703 [Test worker] hikari.HikariDataSource. - HikariPool-4 - Shutdown completed.
?[m]]></system-out>
  <system-err><![CDATA[QUASAR WARNING: Assertions enabled. This may harm performance.
QUASAR WARNING: Fibers are set to verify instrumentation. This may *severely* harm performance.
]]></system-err>
</testsuite>
